[ 2018-06-11T15:16:26+08:00 ] ::1 /no.4/shop/tp/
INFO: [ app_init ] --START--
INFO: Run Behavior\BuildLiteBehavior [ RunTime:0.000000s ]
INFO: [ app_init ] --END-- [ RunTime:0.046800s ]
INFO: [ app_begin ] --START--
INFO: Run Behavior\ReadHtmlCacheBehavior [ RunTime:0.000000s ]
INFO: [ app_begin ] --END-- [ RunTime:0.000000s ]
INFO: [ view_parse ] --START--
INFO: [ template_filter ] --START--
INFO: Run Behavior\ContentReplaceBehavior [ RunTime:0.000000s ]
INFO: [ template_filter ] --END-- [ RunTime:0.000000s ]
INFO: Run Behavior\ParseTemplateBehavior [ RunTime:0.015600s ]
INFO: [ view_parse ] --END-- [ RunTime:0.015600s ]
INFO: [ view_filter ] --START--
INFO: Run Behavior\WriteHtmlCacheBehavior [ RunTime:0.000000s ]
INFO: [ view_filter ] --END-- [ RunTime:0.000000s ]
INFO: [ app_end ] --START--
INFO: Run Behavior\ShowPageTraceBehavior [ RunTime:0.000000s ]
INFO: [ app_end ] --END-- [ RunTime:0.000000s ]

[ 2018-06-11T15:16:26+08:00 ] ::1 /no.4/shop/tp/index.php/Admin/Login/check.html
INFO: [ app_init ] --START--
INFO: Run Behavior\BuildLiteBehavior [ RunTime:0.000000s ]
INFO: [ app_init ] --END-- [ RunTime:0.000000s ]
INFO: [ app_begin ] --START--
INFO: Run Behavior\ReadHtmlCacheBehavior [ RunTime:0.000000s ]
INFO: [ app_begin ] --END-- [ RunTime:0.000000s ]
INFO: [ app_end ] --START--
INFO: Run Behavior\ShowPageTraceBehavior [ RunTime:0.000000s ]
INFO: [ app_end ] --END-- [ RunTime:0.000000s ]

[ 2018-06-11T15:28:31+08:00 ] ::1 /no.4/shop/tp/
INFO: [ app_init ] --START--
INFO: Run Behavior\BuildLiteBehavior [ RunTime:0.000000s ]
INFO: [ app_init ] --END-- [ RunTime:0.002001s ]
INFO: [ app_begin ] --START--
INFO: Run Behavior\ReadHtmlCacheBehavior [ RunTime:0.001000s ]
INFO: [ app_begin ] --END-- [ RunTime:0.001000s ]
INFO: [ view_parse ] --START--
INFO: [ template_filter ] --START--
INFO: Run Behavior\ContentReplaceBehavior [ RunTime:0.001000s ]
INFO: [ template_filter ] --END-- [ RunTime:0.001000s ]
INFO: Run Behavior\ParseTemplateBehavior [ RunTime:0.017001s ]
INFO: [ view_parse ] --END-- [ RunTime:0.017001s ]
INFO: [ view_filter ] --START--
INFO: Run Behavior\WriteHtmlCacheBehavior [ RunTime:0.000000s ]
INFO: [ view_filter ] --END-- [ RunTime:0.001000s ]
INFO: [ app_end ] --START--
INFO: Run Behavior\ShowPageTraceBehavior [ RunTime:0.001000s ]
INFO: [ app_end ] --END-- [ RunTime:0.001000s ]

[ 2018-06-11T15:28:31+08:00 ] ::1 /no.4/shop/tp/index.php/Admin/Login/check.html
INFO: [ app_init ] --START--
INFO: Run Behavior\BuildLiteBehavior [ RunTime:0.001001s ]
INFO: [ app_init ] --END-- [ RunTime:0.001001s ]
INFO: [ app_begin ] --START--
INFO: Run Behavior\ReadHtmlCacheBehavior [ RunTime:0.000000s ]
INFO: [ app_begin ] --END-- [ RunTime:0.001000s ]
INFO: [ app_end ] --START--
INFO: Run Behavior\ShowPageTraceBehavior [ RunTime:0.000000s ]
INFO: [ app_end ] --END-- [ RunTime:0.001000s ]

[ 2018-06-11T15:28:38+08:00 ] ::1 /no.4/shop/tp/index.php/Admin/Login/Loging.html
INFO: [ app_init ] --START--
INFO: Run Behavior\BuildLiteBehavior [ RunTime:0.000000s ]
INFO: [ app_init ] --END-- [ RunTime:0.001000s ]
INFO: [ app_begin ] --START--
INFO: Run Behavior\ReadHtmlCacheBehavior [ RunTime:0.001000s ]
INFO: [ app_begin ] --END-- [ RunTime:0.001000s ]
INFO: [ view_parse ] --START--
INFO: [ template_filter ] --START--
INFO: Run Behavior\ContentReplaceBehavior [ RunTime:0.001000s ]
INFO: [ template_filter ] --END-- [ RunTime:0.001000s ]
INFO: Run Behavior\ParseTemplateBehavior [ RunTime:0.010000s ]
INFO: [ view_parse ] --END-- [ RunTime:0.010000s ]
INFO: [ view_filter ] --START--
INFO: Run Behavior\WriteHtmlCacheBehavior [ RunTime:0.001000s ]
INFO: [ view_filter ] --END-- [ RunTime:0.001000s ]

[ 2018-06-11T15:28:44+08:00 ] ::1 /no.4/shop/tp/index.php/Admin/Login/check.html
INFO: [ app_init ] --START--
INFO: Run Behavior\BuildLiteBehavior [ RunTime:0.000000s ]
INFO: [ app_init ] --END-- [ RunTime:0.000000s ]
INFO: [ app_begin ] --START--
INFO: Run Behavior\ReadHtmlCacheBehavior [ RunTime:0.001000s ]
INFO: [ app_begin ] --END-- [ RunTime:0.001000s ]
INFO: [ app_end ] --START--
INFO: Run Behavior\ShowPageTraceBehavior [ RunTime:0.001000s ]
INFO: [ app_end ] --END-- [ RunTime:0.001000s ]

[ 2018-06-11T15:28:49+08:00 ] ::1 /no.4/shop/tp/index.php/Admin/Login/Loging.html
INFO: [ app_init ] --START--
INFO: Run Behavior\BuildLiteBehavior [ RunTime:0.000000s ]
INFO: [ app_init ] --END-- [ RunTime:0.001000s ]
INFO: [ app_begin ] --START--
INFO: Run Behavior\ReadHtmlCacheBehavior [ RunTime:0.000000s ]
INFO: [ app_begin ] --END-- [ RunTime:0.001000s ]
SQL: SHOW COLUMNS FROM `admin` [ RunTime:0.0010s ]
SQL: SELECT * FROM `admin` WHERE ( admin_name='admin' ) LIMIT 1   [ RunTime:0.0010s ]
INFO: [ view_parse ] --START--
INFO: [ template_filter ] --START--
INFO: Run Behavior\ContentReplaceBehavior [ RunTime:0.000000s ]
INFO: [ template_filter ] --END-- [ RunTime:0.000000s ]
INFO: Run Behavior\ParseTemplateBehavior [ RunTime:0.015001s ]
INFO: [ view_parse ] --END-- [ RunTime:0.015001s ]
INFO: [ view_filter ] --START--
INFO: Run Behavior\WriteHtmlCacheBehavior [ RunTime:0.001000s ]
INFO: [ view_filter ] --END-- [ RunTime:0.001000s ]

[ 2018-06-11T15:28:52+08:00 ] ::1 /no.4/shop/tp/index.php/Admin/Login/check.html
INFO: [ app_init ] --START--
INFO: Run Behavior\BuildLiteBehavior [ RunTime:0.000000s ]
INFO: [ app_init ] --END-- [ RunTime:0.000000s ]
INFO: [ app_begin ] --START--
INFO: Run Behavior\ReadHtmlCacheBehavior [ RunTime:0.001000s ]
INFO: [ app_begin ] --END-- [ RunTime:0.001000s ]
INFO: [ app_end ] --START--
INFO: Run Behavior\ShowPageTraceBehavior [ RunTime:0.001000s ]
INFO: [ app_end ] --END-- [ RunTime:0.001000s ]

[ 2018-06-11T15:29:06+08:00 ] ::1 /no.4/shop/tp/index.php/Admin/Login/Loging.html
INFO: [ app_init ] --START--
INFO: Run Behavior\BuildLiteBehavior [ RunTime:0.000000s ]
INFO: [ app_init ] --END-- [ RunTime:0.000000s ]
INFO: [ app_begin ] --START--
INFO: Run Behavior\ReadHtmlCacheBehavior [ RunTime:0.001000s ]
INFO: [ app_begin ] --END-- [ RunTime:0.001000s ]
INFO: [ view_parse ] --START--
INFO: [ template_filter ] --START--
INFO: Run Behavior\ContentReplaceBehavior [ RunTime:0.000000s ]
INFO: [ template_filter ] --END-- [ RunTime:0.000000s ]
INFO: Run Behavior\ParseTemplateBehavior [ RunTime:0.008000s ]
INFO: [ view_parse ] --END-- [ RunTime:0.008000s ]
INFO: [ view_filter ] --START--
INFO: Run Behavior\WriteHtmlCacheBehavior [ RunTime:0.000000s ]
INFO: [ view_filter ] --END-- [ RunTime:0.001000s ]

[ 2018-06-11T15:29:09+08:00 ] ::1 /no.4/shop/tp/index.php/Admin/Login/check.html
INFO: [ app_init ] --START--
INFO: Run Behavior\BuildLiteBehavior [ RunTime:0.001000s ]
INFO: [ app_init ] --END-- [ RunTime:0.001000s ]
INFO: [ app_begin ] --START--
INFO: Run Behavior\ReadHtmlCacheBehavior [ RunTime:0.000000s ]
INFO: [ app_begin ] --END-- [ RunTime:0.000000s ]
INFO: [ app_end ] --START--
INFO: Run Behavior\ShowPageTraceBehavior [ RunTime:0.000000s ]
INFO: [ app_end ] --END-- [ RunTime:0.001000s ]

[ 2018-06-11T15:29:14+08:00 ] ::1 /no.4/shop/tp/index.php/Admin/Login/Loging.html
INFO: [ app_init ] --START--
INFO: Run Behavior\BuildLiteBehavior [ RunTime:0.000000s ]
INFO: [ app_init ] --END-- [ RunTime:0.000000s ]
INFO: [ app_begin ] --START--
INFO: Run Behavior\ReadHtmlCacheBehavior [ RunTime:0.001000s ]
INFO: [ app_begin ] --END-- [ RunTime:0.001000s ]
SQL: SHOW COLUMNS FROM `admin` [ RunTime:0.0000s ]
SQL: SELECT * FROM `admin` WHERE ( admin_name='371675626@qq.com' ) LIMIT 1   [ RunTime:0.0000s ]
INFO: [ view_parse ] --START--
INFO: [ template_filter ] --START--
INFO: Run Behavior\ContentReplaceBehavior [ RunTime:0.000000s ]
INFO: [ template_filter ] --END-- [ RunTime:0.000000s ]
INFO: Run Behavior\ParseTemplateBehavior [ RunTime:0.007000s ]
INFO: [ view_parse ] --END-- [ RunTime:0.009000s ]
INFO: [ view_filter ] --START--
INFO: Run Behavior\WriteHtmlCacheBehavior [ RunTime:0.000000s ]
INFO: [ view_filter ] --END-- [ RunTime:0.000000s ]
INFO: [ app_end ] --START--
INFO: Run Behavior\ShowPageTraceBehavior [ RunTime:0.000000s ]
INFO: [ app_end ] --END-- [ RunTime:0.001000s ]

[ 2018-06-11T15:29:15+08:00 ] ::1 /no.4/shop/tp/index.php/Admin/Index/Index.html
INFO: [ app_init ] --START--
INFO: Run Behavior\BuildLiteBehavior [ RunTime:0.000000s ]
INFO: [ app_init ] --END-- [ RunTime:0.000000s ]
INFO: [ app_begin ] --START--
INFO: Run Behavior\ReadHtmlCacheBehavior [ RunTime:0.000000s ]
INFO: [ app_begin ] --END-- [ RunTime:0.001000s ]
INFO: [ view_parse ] --START--
INFO: [ template_filter ] --START--
INFO: Run Behavior\ContentReplaceBehavior [ RunTime:0.000000s ]
INFO: [ template_filter ] --END-- [ RunTime:0.000000s ]
INFO: Run Behavior\ParseTemplateBehavior [ RunTime:0.013000s ]
INFO: [ view_parse ] --END-- [ RunTime:0.013000s ]
INFO: [ view_filter ] --START--
INFO: Run Behavior\WriteHtmlCacheBehavior [ RunTime:0.000000s ]
INFO: [ view_filter ] --END-- [ RunTime:0.000000s ]
INFO: [ app_end ] --START--
INFO: Run Behavior\ShowPageTraceBehavior [ RunTime:0.000000s ]
INFO: [ app_end ] --END-- [ RunTime:0.000000s ]

[ 2018-06-11T15:29:15+08:00 ] ::1 /no.4/shop/tp/index.php/Admin/Index/assets/js/amazeui.min.js
INFO: [ app_init ] --START--
INFO: Run Behavior\BuildLiteBehavior [ RunTime:0.000000s ]
INFO: [ app_init ] --END-- [ RunTime:0.001000s ]
INFO: [ app_begin ] --START--
INFO: Run Behavior\ReadHtmlCacheBehavior [ RunTime:0.001000s ]
INFO: [ app_begin ] --END-- [ RunTime:0.001000s ]
ERR: 非法操作:assets

[ 2018-06-11T15:29:16+08:00 ] ::1 /no.4/shop/tp/index.php/Admin/Index/assets/js/amazeui.min.js
INFO: [ app_init ] --START--
INFO: Run Behavior\BuildLiteBehavior [ RunTime:0.000000s ]
INFO: [ app_init ] --END-- [ RunTime:0.001000s ]
INFO: [ app_begin ] --START--
INFO: Run Behavior\ReadHtmlCacheBehavior [ RunTime:0.001000s ]
INFO: [ app_begin ] --END-- [ RunTime:0.001000s ]
ERR: 非法操作:assets

[ 2018-06-11T15:29:18+08:00 ] ::1 /no.4/shop/tp/index.php/Admin/Goods/goods_list.html
INFO: [ app_init ] --START--
INFO: Run Behavior\BuildLiteBehavior [ RunTime:0.000000s ]
INFO: [ app_init ] --END-- [ RunTime:0.000000s ]
INFO: [ app_begin ] --START--
INFO: Run Behavior\ReadHtmlCacheBehavior [ RunTime:0.001000s ]
INFO: [ app_begin ] --END-- [ RunTime:0.001000s ]
SQL: SHOW COLUMNS FROM `goods` [ RunTime:0.0010s ]
SQL: SELECT * FROM `goods`  [ RunTime:0.0020s ]
INFO: [ view_parse ] --START--
INFO: [ template_filter ] --START--
INFO: Run Behavior\ContentReplaceBehavior [ RunTime:0.000000s ]
INFO: [ template_filter ] --END-- [ RunTime:0.000000s ]
NOTIC: [8] Undefined index: is_is_on_sale D:\wamp64\www\no.4\shop\tp\application\Runtime\Cache\Admin\c9f40c1b5eab415204c33cbf77d93766.php 第 225 行.
NOTIC: [8] Undefined index: is_best D:\wamp64\www\no.4\shop\tp\application\Runtime\Cache\Admin\c9f40c1b5eab415204c33cbf77d93766.php 第 226 行.
NOTIC: [8] Undefined index: goods_number D:\wamp64\www\no.4\shop\tp\application\Runtime\Cache\Admin\c9f40c1b5eab415204c33cbf77d93766.php 第 229 行.
NOTIC: [8] Undefined index: is_is_on_sale D:\wamp64\www\no.4\shop\tp\application\Runtime\Cache\Admin\c9f40c1b5eab415204c33cbf77d93766.php 第 225 行.
NOTIC: [8] Undefined index: is_best D:\wamp64\www\no.4\shop\tp\application\Runtime\Cache\Admin\c9f40c1b5eab415204c33cbf77d93766.php 第 226 行.
NOTIC: [8] Undefined index: goods_number D:\wamp64\www\no.4\shop\tp\application\Runtime\Cache\Admin\c9f40c1b5eab415204c33cbf77d93766.php 第 229 行.
NOTIC: [8] Undefined index: is_is_on_sale D:\wamp64\www\no.4\shop\tp\application\Runtime\Cache\Admin\c9f40c1b5eab415204c33cbf77d93766.php 第 225 行.
NOTIC: [8] Undefined index: is_best D:\wamp64\www\no.4\shop\tp\application\Runtime\Cache\Admin\c9f40c1b5eab415204c33cbf77d93766.php 第 226 行.
NOTIC: [8] Undefined index: goods_number D:\wamp64\www\no.4\shop\tp\application\Runtime\Cache\Admin\c9f40c1b5eab415204c33cbf77d93766.php 第 229 行.
NOTIC: [8] Undefined index: is_is_on_sale D:\wamp64\www\no.4\shop\tp\application\Runtime\Cache\Admin\c9f40c1b5eab415204c33cbf77d93766.php 第 225 行.
NOTIC: [8] Undefined index: is_best D:\wamp64\www\no.4\shop\tp\application\Runtime\Cache\Admin\c9f40c1b5eab415204c33cbf77d93766.php 第 226 行.
NOTIC: [8] Undefined index: goods_number D:\wamp64\www\no.4\shop\tp\application\Runtime\Cache\Admin\c9f40c1b5eab415204c33cbf77d93766.php 第 229 行.
NOTIC: [8] Undefined index: is_is_on_sale D:\wamp64\www\no.4\shop\tp\application\Runtime\Cache\Admin\c9f40c1b5eab415204c33cbf77d93766.php 第 225 行.
NOTIC: [8] Undefined index: is_best D:\wamp64\www\no.4\shop\tp\application\Runtime\Cache\Admin\c9f40c1b5eab415204c33cbf77d93766.php 第 226 行.
NOTIC: [8] Undefined index: goods_number D:\wamp64\www\no.4\shop\tp\application\Runtime\Cache\Admin\c9f40c1b5eab415204c33cbf77d93766.php 第 229 行.
NOTIC: [8] Undefined index: is_is_on_sale D:\wamp64\www\no.4\shop\tp\application\Runtime\Cache\Admin\c9f40c1b5eab415204c33cbf77d93766.php 第 225 行.
NOTIC: [8] Undefined index: is_best D:\wamp64\www\no.4\shop\tp\application\Runtime\Cache\Admin\c9f40c1b5eab415204c33cbf77d93766.php 第 226 行.
NOTIC: [8] Undefined index: goods_number D:\wamp64\www\no.4\shop\tp\application\Runtime\Cache\Admin\c9f40c1b5eab415204c33cbf77d93766.php 第 229 行.
NOTIC: [8] Undefined index: is_is_on_sale D:\wamp64\www\no.4\shop\tp\application\Runtime\Cache\Admin\c9f40c1b5eab415204c33cbf77d93766.php 第 225 行.
NOTIC: [8] Undefined index: is_best D:\wamp64\www\no.4\shop\tp\application\Runtime\Cache\Admin\c9f40c1b5eab415204c33cbf77d93766.php 第 226 行.
NOTIC: [8] Undefined index: goods_number D:\wamp64\www\no.4\shop\tp\application\Runtime\Cache\Admin\c9f40c1b5eab415204c33cbf77d93766.php 第 229 行.
NOTIC: [8] Undefined index: is_is_on_sale D:\wamp64\www\no.4\shop\tp\application\Runtime\Cache\Admin\c9f40c1b5eab415204c33cbf77d93766.php 第 225 行.
NOTIC: [8] Undefined index: is_best D:\wamp64\www\no.4\shop\tp\application\Runtime\Cache\Admin\c9f40c1b5eab415204c33cbf77d93766.php 第 226 行.
NOTIC: [8] Undefined index: goods_number D:\wamp64\www\no.4\shop\tp\application\Runtime\Cache\Admin\c9f40c1b5eab415204c33cbf77d93766.php 第 229 行.
NOTIC: [8] Undefined index: is_is_on_sale D:\wamp64\www\no.4\shop\tp\application\Runtime\Cache\Admin\c9f40c1b5eab415204c33cbf77d93766.php 第 225 行.
NOTIC: [8] Undefined index: is_best D:\wamp64\www\no.4\shop\tp\application\Runtime\Cache\Admin\c9f40c1b5eab415204c33cbf77d93766.php 第 226 行.
NOTIC: [8] Undefined index: goods_number D:\wamp64\www\no.4\shop\tp\application\Runtime\Cache\Admin\c9f40c1b5eab415204c33cbf77d93766.php 第 229 行.
NOTIC: [8] Undefined index: is_is_on_sale D:\wamp64\www\no.4\shop\tp\application\Runtime\Cache\Admin\c9f40c1b5eab415204c33cbf77d93766.php 第 225 行.
NOTIC: [8] Undefined index: is_best D:\wamp64\www\no.4\shop\tp\application\Runtime\Cache\Admin\c9f40c1b5eab415204c33cbf77d93766.php 第 226 行.
NOTIC: [8] Undefined index: goods_number D:\wamp64\www\no.4\shop\tp\application\Runtime\Cache\Admin\c9f40c1b5eab415204c33cbf77d93766.php 第 229 行.
NOTIC: [8] Undefined index: is_is_on_sale D:\wamp64\www\no.4\shop\tp\application\Runtime\Cache\Admin\c9f40c1b5eab415204c33cbf77d93766.php 第 225 行.
NOTIC: [8] Undefined index: is_best D:\wamp64\www\no.4\shop\tp\application\Runtime\Cache\Admin\c9f40c1b5eab415204c33cbf77d93766.php 第 226 行.
NOTIC: [8] Undefined index: goods_number D:\wamp64\www\no.4\shop\tp\application\Runtime\Cache\Admin\c9f40c1b5eab415204c33cbf77d93766.php 第 229 行.
NOTIC: [8] Undefined index: is_is_on_sale D:\wamp64\www\no.4\shop\tp\application\Runtime\Cache\Admin\c9f40c1b5eab415204c33cbf77d93766.php 第 225 行.
NOTIC: [8] Undefined index: is_best D:\wamp64\www\no.4\shop\tp\application\Runtime\Cache\Admin\c9f40c1b5eab415204c33cbf77d93766.php 第 226 行.
NOTIC: [8] Undefined index: goods_number D:\wamp64\www\no.4\shop\tp\application\Runtime\Cache\Admin\c9f40c1b5eab415204c33cbf77d93766.php 第 229 行.
NOTIC: [8] Undefined index: is_is_on_sale D:\wamp64\www\no.4\shop\tp\application\Runtime\Cache\Admin\c9f40c1b5eab415204c33cbf77d93766.php 第 225 行.
NOTIC: [8] Undefined index: is_best D:\wamp64\www\no.4\shop\tp\application\Runtime\Cache\Admin\c9f40c1b5eab415204c33cbf77d93766.php 第 226 行.
NOTIC: [8] Undefined index: goods_number D:\wamp64\www\no.4\shop\tp\application\Runtime\Cache\Admin\c9f40c1b5eab415204c33cbf77d93766.php 第 229 行.
NOTIC: [8] Undefined index: is_is_on_sale D:\wamp64\www\no.4\shop\tp\application\Runtime\Cache\Admin\c9f40c1b5eab415204c33cbf77d93766.php 第 225 行.
NOTIC: [8] Undefined index: is_best D:\wamp64\www\no.4\shop\tp\application\Runtime\Cache\Admin\c9f40c1b5eab415204c33cbf77d93766.php 第 226 行.
NOTIC: [8] Undefined index: goods_number D:\wamp64\www\no.4\shop\tp\application\Runtime\Cache\Admin\c9f40c1b5eab415204c33cbf77d93766.php 第 229 行.
NOTIC: [8] Undefined index: is_is_on_sale D:\wamp64\www\no.4\shop\tp\application\Runtime\Cache\Admin\c9f40c1b5eab415204c33cbf77d93766.php 第 225 行.
NOTIC: [8] Undefined index: is_best D:\wamp64\www\no.4\shop\tp\application\Runtime\Cache\Admin\c9f40c1b5eab415204c33cbf77d93766.php 第 226 行.
NOTIC: [8] Undefined index: goods_number D:\wamp64\www\no.4\shop\tp\application\Runtime\Cache\Admin\c9f40c1b5eab415204c33cbf77d93766.php 第 229 行.
NOTIC: [8] Undefined index: is_is_on_sale D:\wamp64\www\no.4\shop\tp\application\Runtime\Cache\Admin\c9f40c1b5eab415204c33cbf77d93766.php 第 225 行.
NOTIC: [8] Undefined index: is_best D:\wamp64\www\no.4\shop\tp\application\Runtime\Cache\Admin\c9f40c1b5eab415204c33cbf77d93766.php 第 226 行.
NOTIC: [8] Undefined index: goods_number D:\wamp64\www\no.4\shop\tp\application\Runtime\Cache\Admin\c9f40c1b5eab415204c33cbf77d93766.php 第 229 行.
NOTIC: [8] Undefined index: is_is_on_sale D:\wamp64\www\no.4\shop\tp\application\Runtime\Cache\Admin\c9f40c1b5eab415204c33cbf77d93766.php 第 225 行.
NOTIC: [8] Undefined index: is_best D:\wamp64\www\no.4\shop\tp\application\Runtime\Cache\Admin\c9f40c1b5eab415204c33cbf77d93766.php 第 226 行.
NOTIC: [8] Undefined index: goods_number D:\wamp64\www\no.4\shop\tp\application\Runtime\Cache\Admin\c9f40c1b5eab415204c33cbf77d93766.php 第 229 行.
NOTIC: [8] Undefined index: is_is_on_sale D:\wamp64\www\no.4\shop\tp\application\Runtime\Cache\Admin\c9f40c1b5eab415204c33cbf77d93766.php 第 225 行.
NOTIC: [8] Undefined index: is_best D:\wamp64\www\no.4\shop\tp\application\Runtime\Cache\Admin\c9f40c1b5eab415204c33cbf77d93766.php 第 226 行.
NOTIC: [8] Undefined index: goods_number D:\wamp64\www\no.4\shop\tp\application\Runtime\Cache\Admin\c9f40c1b5eab415204c33cbf77d93766.php 第 229 行.
NOTIC: [8] Undefined index: is_is_on_sale D:\wamp64\www\no.4\shop\tp\application\Runtime\Cache\Admin\c9f40c1b5eab415204c33cbf77d93766.php 第 225 行.
NOTIC: [8] Undefined index: is_best D:\wamp64\www\no.4\shop\tp\application\Runtime\Cache\Admin\c9f40c1b5eab415204c33cbf77d93766.php 第 226 行.
NOTIC: [8] Undefined index: goods_number D:\wamp64\www\no.4\shop\tp\application\Runtime\Cache\Admin\c9f40c1b5eab415204c33cbf77d93766.php 第 229 行.
NOTIC: [8] Undefined index: is_is_on_sale D:\wamp64\www\no.4\shop\tp\application\Runtime\Cache\Admin\c9f40c1b5eab415204c33cbf77d93766.php 第 225 行.
NOTIC: [8] Undefined index: is_best D:\wamp64\www\no.4\shop\tp\application\Runtime\Cache\Admin\c9f40c1b5eab415204c33cbf77d93766.php 第 226 行.
NOTIC: [8] Undefined index: goods_number D:\wamp64\www\no.4\shop\tp\application\Runtime\Cache\Admin\c9f40c1b5eab415204c33cbf77d93766.php 第 229 行.
NOTIC: [8] Undefined index: is_is_on_sale D:\wamp64\www\no.4\shop\tp\application\Runtime\Cache\Admin\c9f40c1b5eab415204c33cbf77d93766.php 第 225 行.
NOTIC: [8] Undefined index: is_best D:\wamp64\www\no.4\shop\tp\application\Runtime\Cache\Admin\c9f40c1b5eab415204c33cbf77d93766.php 第 226 行.
NOTIC: [8] Undefined index: goods_number D:\wamp64\www\no.4\shop\tp\application\Runtime\Cache\Admin\c9f40c1b5eab415204c33cbf77d93766.php 第 229 行.
NOTIC: [8] Undefined index: is_is_on_sale D:\wamp64\www\no.4\shop\tp\application\Runtime\Cache\Admin\c9f40c1b5eab415204c33cbf77d93766.php 第 225 行.
NOTIC: [8] Undefined index: is_best D:\wamp64\www\no.4\shop\tp\application\Runtime\Cache\Admin\c9f40c1b5eab415204c33cbf77d93766.php 第 226 行.
NOTIC: [8] Undefined index: goods_number D:\wamp64\www\no.4\shop\tp\application\Runtime\Cache\Admin\c9f40c1b5eab415204c33cbf77d93766.php 第 229 行.
NOTIC: [8] Undefined index: is_is_on_sale D:\wamp64\www\no.4\shop\tp\application\Runtime\Cache\Admin\c9f40c1b5eab415204c33cbf77d93766.php 第 225 行.
NOTIC: [8] Undefined index: is_best D:\wamp64\www\no.4\shop\tp\application\Runtime\Cache\Admin\c9f40c1b5eab415204c33cbf77d93766.php 第 226 行.
NOTIC: [8] Undefined index: goods_number D:\wamp64\www\no.4\shop\tp\application\Runtime\Cache\Admin\c9f40c1b5eab415204c33cbf77d93766.php 第 229 行.
NOTIC: [8] Undefined index: is_is_on_sale D:\wamp64\www\no.4\shop\tp\application\Runtime\Cache\Admin\c9f40c1b5eab415204c33cbf77d93766.php 第 225 行.
NOTIC: [8] Undefined index: is_best D:\wamp64\www\no.4\shop\tp\application\Runtime\Cache\Admin\c9f40c1b5eab415204c33cbf77d93766.php 第 226 行.
NOTIC: [8] Undefined index: goods_number D:\wamp64\www\no.4\shop\tp\application\Runtime\Cache\Admin\c9f40c1b5eab415204c33cbf77d93766.php 第 229 行.
NOTIC: [8] Undefined index: is_is_on_sale D:\wamp64\www\no.4\shop\tp\application\Runtime\Cache\Admin\c9f40c1b5eab415204c33cbf77d93766.php 第 225 行.
NOTIC: [8] Undefined index: is_best D:\wamp64\www\no.4\shop\tp\application\Runtime\Cache\Admin\c9f40c1b5eab415204c33cbf77d93766.php 第 226 行.
NOTIC: [8] Undefined index: goods_number D:\wamp64\www\no.4\shop\tp\application\Runtime\Cache\Admin\c9f40c1b5eab415204c33cbf77d93766.php 第 229 行.
NOTIC: [8] Undefined index: is_is_on_sale D:\wamp64\www\no.4\shop\tp\application\Runtime\Cache\Admin\c9f40c1b5eab415204c33cbf77d93766.php 第 225 行.
NOTIC: [8] Undefined index: is_best D:\wamp64\www\no.4\shop\tp\application\Runtime\Cache\Admin\c9f40c1b5eab415204c33cbf77d93766.php 第 226 行.
NOTIC: [8] Undefined index: goods_number D:\wamp64\www\no.4\shop\tp\application\Runtime\Cache\Admin\c9f40c1b5eab415204c33cbf77d93766.php 第 229 行.
NOTIC: [8] Undefined index: is_is_on_sale D:\wamp64\www\no.4\shop\tp\application\Runtime\Cache\Admin\c9f40c1b5eab415204c33cbf77d93766.php 第 225 行.
NOTIC: [8] Undefined index: is_best D:\wamp64\www\no.4\shop\tp\application\Runtime\Cache\Admin\c9f40c1b5eab415204c33cbf77d93766.php 第 226 行.
NOTIC: [8] Undefined index: goods_number D:\wamp64\www\no.4\shop\tp\application\Runtime\Cache\Admin\c9f40c1b5eab415204c33cbf77d93766.php 第 229 行.
NOTIC: [8] Undefined index: is_is_on_sale D:\wamp64\www\no.4\shop\tp\application\Runtime\Cache\Admin\c9f40c1b5eab415204c33cbf77d93766.php 第 225 行.
NOTIC: [8] Undefined index: is_best D:\wamp64\www\no.4\shop\tp\application\Runtime\Cache\Admin\c9f40c1b5eab415204c33cbf77d93766.php 第 226 行.
NOTIC: [8] Undefined index: goods_number D:\wamp64\www\no.4\shop\tp\application\Runtime\Cache\Admin\c9f40c1b5eab415204c33cbf77d93766.php 第 229 行.
NOTIC: [8] Undefined index: is_is_on_sale D:\wamp64\www\no.4\shop\tp\application\Runtime\Cache\Admin\c9f40c1b5eab415204c33cbf77d93766.php 第 225 行.
NOTIC: [8] Undefined index: is_best D:\wamp64\www\no.4\shop\tp\application\Runtime\Cache\Admin\c9f40c1b5eab415204c33cbf77d93766.php 第 226 行.
NOTIC: [8] Undefined index: goods_number D:\wamp64\www\no.4\shop\tp\application\Runtime\Cache\Admin\c9f40c1b5eab415204c33cbf77d93766.php 第 229 行.
NOTIC: [8] Undefined index: is_is_on_sale D:\wamp64\www\no.4\shop\tp\application\Runtime\Cache\Admin\c9f40c1b5eab415204c33cbf77d93766.php 第 225 行.
NOTIC: [8] Undefined index: is_best D:\wamp64\www\no.4\shop\tp\application\Runtime\Cache\Admin\c9f40c1b5eab415204c33cbf77d93766.php 第 226 行.
NOTIC: [8] Undefined index: goods_number D:\wamp64\www\no.4\shop\tp\application\Runtime\Cache\Admin\c9f40c1b5eab415204c33cbf77d93766.php 第 229 行.
NOTIC: [8] Undefined index: is_is_on_sale D:\wamp64\www\no.4\shop\tp\application\Runtime\Cache\Admin\c9f40c1b5eab415204c33cbf77d93766.php 第 225 行.
NOTIC: [8] Undefined index: is_best D:\wamp64\www\no.4\shop\tp\application\Runtime\Cache\Admin\c9f40c1b5eab415204c33cbf77d93766.php 第 226 行.
NOTIC: [8] Undefined index: goods_number D:\wamp64\www\no.4\shop\tp\application\Runtime\Cache\Admin\c9f40c1b5eab415204c33cbf77d93766.php 第 229 行.
NOTIC: [8] Undefined index: is_is_on_sale D:\wamp64\www\no.4\shop\tp\application\Runtime\Cache\Admin\c9f40c1b5eab415204c33cbf77d93766.php 第 225 行.
NOTIC: [8] Undefined index: is_best D:\wamp64\www\no.4\shop\tp\application\Runtime\Cache\Admin\c9f40c1b5eab415204c33cbf77d93766.php 第 226 行.
NOTIC: [8] Undefined index: goods_number D:\wamp64\www\no.4\shop\tp\application\Runtime\Cache\Admin\c9f40c1b5eab415204c33cbf77d93766.php 第 229 行.
NOTIC: [8] Undefined index: is_is_on_sale D:\wamp64\www\no.4\shop\tp\application\Runtime\Cache\Admin\c9f40c1b5eab415204c33cbf77d93766.php 第 225 行.
NOTIC: [8] Undefined index: is_best D:\wamp64\www\no.4\shop\tp\application\Runtime\Cache\Admin\c9f40c1b5eab415204c33cbf77d93766.php 第 226 行.
NOTIC: [8] Undefined index: goods_number D:\wamp64\www\no.4\shop\tp\application\Runtime\Cache\Admin\c9f40c1b5eab415204c33cbf77d93766.php 第 229 行.
NOTIC: [8] Undefined index: is_is_on_sale D:\wamp64\www\no.4\shop\tp\application\Runtime\Cache\Admin\c9f40c1b5eab415204c33cbf77d93766.php 第 225 行.
NOTIC: [8] Undefined index: is_best D:\wamp64\www\no.4\shop\tp\application\Runtime\Cache\Admin\c9f40c1b5eab415204c33cbf77d93766.php 第 226 行.
NOTIC: [8] Undefined index: goods_number D:\wamp64\www\no.4\shop\tp\application\Runtime\Cache\Admin\c9f40c1b5eab415204c33cbf77d93766.php 第 229 行.
NOTIC: [8] Undefined index: is_is_on_sale D:\wamp64\www\no.4\shop\tp\application\Runtime\Cache\Admin\c9f40c1b5eab415204c33cbf77d93766.php 第 225 行.
NOTIC: [8] Undefined index: is_best D:\wamp64\www\no.4\shop\tp\application\Runtime\Cache\Admin\c9f40c1b5eab415204c33cbf77d93766.php 第 226 行.
NOTIC: [8] Undefined index: goods_number D:\wamp64\www\no.4\shop\tp\application\Runtime\Cache\Admin\c9f40c1b5eab415204c33cbf77d93766.php 第 229 行.
NOTIC: [8] Undefined index: is_is_on_sale D:\wamp64\www\no.4\shop\tp\application\Runtime\Cache\Admin\c9f40c1b5eab415204c33cbf77d93766.php 第 225 行.
NOTIC: [8] Undefined index: is_best D:\wamp64\www\no.4\shop\tp\application\Runtime\Cache\Admin\c9f40c1b5eab415204c33cbf77d93766.php 第 226 行.
NOTIC: [8] Undefined index: goods_number D:\wamp64\www\no.4\shop\tp\application\Runtime\Cache\Admin\c9f40c1b5eab415204c33cbf77d93766.php 第 229 行.
NOTIC: [8] Undefined index: is_is_on_sale D:\wamp64\www\no.4\shop\tp\application\Runtime\Cache\Admin\c9f40c1b5eab415204c33cbf77d93766.php 第 225 行.
NOTIC: [8] Undefined index: is_best D:\wamp64\www\no.4\shop\tp\application\Runtime\Cache\Admin\c9f40c1b5eab415204c33cbf77d93766.php 第 226 行.
NOTIC: [8] Undefined index: goods_number D:\wamp64\www\no.4\shop\tp\application\Runtime\Cache\Admin\c9f40c1b5eab415204c33cbf77d93766.php 第 229 行.
NOTIC: [8] Undefined index: is_is_on_sale D:\wamp64\www\no.4\shop\tp\application\Runtime\Cache\Admin\c9f40c1b5eab415204c33cbf77d93766.php 第 225 行.
NOTIC: [8] Undefined index: is_best D:\wamp64\www\no.4\shop\tp\application\Runtime\Cache\Admin\c9f40c1b5eab415204c33cbf77d93766.php 第 226 行.
NOTIC: [8] Undefined index: goods_number D:\wamp64\www\no.4\shop\tp\application\Runtime\Cache\Admin\c9f40c1b5eab415204c33cbf77d93766.php 第 229 行.
NOTIC: [8] Undefined index: is_is_on_sale D:\wamp64\www\no.4\shop\tp\application\Runtime\Cache\Admin\c9f40c1b5eab415204c33cbf77d93766.php 第 225 行.
NOTIC: [8] Undefined index: is_best D:\wamp64\www\no.4\shop\tp\application\Runtime\Cache\Admin\c9f40c1b5eab415204c33cbf77d93766.php 第 226 行.
NOTIC: [8] Undefined index: goods_number D:\wamp64\www\no.4\shop\tp\application\Runtime\Cache\Admin\c9f40c1b5eab415204c33cbf77d93766.php 第 229 行.
NOTIC: [8] Undefined index: is_is_on_sale D:\wamp64\www\no.4\shop\tp\application\Runtime\Cache\Admin\c9f40c1b5eab415204c33cbf77d93766.php 第 225 行.
NOTIC: [8] Undefined index: is_best D:\wamp64\www\no.4\shop\tp\application\Runtime\Cache\Admin\c9f40c1b5eab415204c33cbf77d93766.php 第 226 行.
NOTIC: [8] Undefined index: goods_number D:\wamp64\www\no.4\shop\tp\application\Runtime\Cache\Admin\c9f40c1b5eab415204c33cbf77d93766.php 第 229 行.
NOTIC: [8] Undefined index: is_is_on_sale D:\wamp64\www\no.4\shop\tp\application\Runtime\Cache\Admin\c9f40c1b5eab415204c33cbf77d93766.php 第 225 行.
NOTIC: [8] Undefined index: is_best D:\wamp64\www\no.4\shop\tp\application\Runtime\Cache\Admin\c9f40c1b5eab415204c33cbf77d93766.php 第 226 行.
NOTIC: [8] Undefined index: goods_number D:\wamp64\www\no.4\shop\tp\application\Runtime\Cache\Admin\c9f40c1b5eab415204c33cbf77d93766.php 第 229 行.
NOTIC: [8] Undefined index: is_is_on_sale D:\wamp64\www\no.4\shop\tp\application\Runtime\Cache\Admin\c9f40c1b5eab415204c33cbf77d93766.php 第 225 行.
NOTIC: [8] Undefined index: is_best D:\wamp64\www\no.4\shop\tp\application\Runtime\Cache\Admin\c9f40c1b5eab415204c33cbf77d93766.php 第 226 行.
NOTIC: [8] Undefined index: goods_number D:\wamp64\www\no.4\shop\tp\application\Runtime\Cache\Admin\c9f40c1b5eab415204c33cbf77d93766.php 第 229 行.
NOTIC: [8] Undefined index: is_is_on_sale D:\wamp64\www\no.4\shop\tp\application\Runtime\Cache\Admin\c9f40c1b5eab415204c33cbf77d93766.php 第 225 行.
NOTIC: [8] Undefined index: is_best D:\wamp64\www\no.4\shop\tp\application\Runtime\Cache\Admin\c9f40c1b5eab415204c33cbf77d93766.php 第 226 行.
NOTIC: [8] Undefined index: goods_number D:\wamp64\www\no.4\shop\tp\application\Runtime\Cache\Admin\c9f40c1b5eab415204c33cbf77d93766.php 第 229 行.
NOTIC: [8] Undefined index: is_is_on_sale D:\wamp64\www\no.4\shop\tp\application\Runtime\Cache\Admin\c9f40c1b5eab415204c33cbf77d93766.php 第 225 行.
NOTIC: [8] Undefined index: is_best D:\wamp64\www\no.4\shop\tp\application\Runtime\Cache\Admin\c9f40c1b5eab415204c33cbf77d93766.php 第 226 行.
NOTIC: [8] Undefined index: goods_number D:\wamp64\www\no.4\shop\tp\application\Runtime\Cache\Admin\c9f40c1b5eab415204c33cbf77d93766.php 第 229 行.
NOTIC: [8] Undefined index: is_is_on_sale D:\wamp64\www\no.4\shop\tp\application\Runtime\Cache\Admin\c9f40c1b5eab415204c33cbf77d93766.php 第 225 行.
NOTIC: [8] Undefined index: is_best D:\wamp64\www\no.4\shop\tp\application\Runtime\Cache\Admin\c9f40c1b5eab415204c33cbf77d93766.php 第 226 行.
NOTIC: [8] Undefined index: goods_number D:\wamp64\www\no.4\shop\tp\application\Runtime\Cache\Admin\c9f40c1b5eab415204c33cbf77d93766.php 第 229 行.
NOTIC: [8] Undefined index: is_is_on_sale D:\wamp64\www\no.4\shop\tp\application\Runtime\Cache\Admin\c9f40c1b5eab415204c33cbf77d93766.php 第 225 行.
NOTIC: [8] Undefined index: is_best D:\wamp64\www\no.4\shop\tp\application\Runtime\Cache\Admin\c9f40c1b5eab415204c33cbf77d93766.php 第 226 行.
NOTIC: [8] Undefined index: goods_number D:\wamp64\www\no.4\shop\tp\application\Runtime\Cache\Admin\c9f40c1b5eab415204c33cbf77d93766.php 第 229 行.
NOTIC: [8] Undefined index: is_is_on_sale D:\wamp64\www\no.4\shop\tp\application\Runtime\Cache\Admin\c9f40c1b5eab415204c33cbf77d93766.php 第 225 行.
NOTIC: [8] Undefined index: is_best D:\wamp64\www\no.4\shop\tp\application\Runtime\Cache\Admin\c9f40c1b5eab415204c33cbf77d93766.php 第 226 行.
NOTIC: [8] Undefined index: goods_number D:\wamp64\www\no.4\shop\tp\application\Runtime\Cache\Admin\c9f40c1b5eab415204c33cbf77d93766.php 第 229 行.
NOTIC: [8] Undefined index: is_is_on_sale D:\wamp64\www\no.4\shop\tp\application\Runtime\Cache\Admin\c9f40c1b5eab415204c33cbf77d93766.php 第 225 行.
NOTIC: [8] Undefined index: is_best D:\wamp64\www\no.4\shop\tp\application\Runtime\Cache\Admin\c9f40c1b5eab415204c33cbf77d93766.php 第 226 行.
NOTIC: [8] Undefined index: goods_number D:\wamp64\www\no.4\shop\tp\application\Runtime\Cache\Admin\c9f40c1b5eab415204c33cbf77d93766.php 第 229 行.
NOTIC: [8] Undefined index: is_is_on_sale D:\wamp64\www\no.4\shop\tp\application\Runtime\Cache\Admin\c9f40c1b5eab415204c33cbf77d93766.php 第 225 行.
NOTIC: [8] Undefined index: is_best D:\wamp64\www\no.4\shop\tp\application\Runtime\Cache\Admin\c9f40c1b5eab415204c33cbf77d93766.php 第 226 行.
NOTIC: [8] Undefined index: goods_number D:\wamp64\www\no.4\shop\tp\application\Runtime\Cache\Admin\c9f40c1b5eab415204c33cbf77d93766.php 第 229 行.
NOTIC: [8] Undefined index: is_is_on_sale D:\wamp64\www\no.4\shop\tp\application\Runtime\Cache\Admin\c9f40c1b5eab415204c33cbf77d93766.php 第 225 行.
NOTIC: [8] Undefined index: is_best D:\wamp64\www\no.4\shop\tp\application\Runtime\Cache\Admin\c9f40c1b5eab415204c33cbf77d93766.php 第 226 行.
NOTIC: [8] Undefined index: goods_number D:\wamp64\www\no.4\shop\tp\application\Runtime\Cache\Admin\c9f40c1b5eab415204c33cbf77d93766.php 第 229 行.
NOTIC: [8] Undefined index: is_is_on_sale D:\wamp64\www\no.4\shop\tp\application\Runtime\Cache\Admin\c9f40c1b5eab415204c33cbf77d93766.php 第 225 行.
NOTIC: [8] Undefined index: is_best D:\wamp64\www\no.4\shop\tp\application\Runtime\Cache\Admin\c9f40c1b5eab415204c33cbf77d93766.php 第 226 行.
NOTIC: [8] Undefined index: goods_number D:\wamp64\www\no.4\shop\tp\application\Runtime\Cache\Admin\c9f40c1b5eab415204c33cbf77d93766.php 第 229 行.
NOTIC: [8] Undefined index: is_is_on_sale D:\wamp64\www\no.4\shop\tp\application\Runtime\Cache\Admin\c9f40c1b5eab415204c33cbf77d93766.php 第 225 行.
NOTIC: [8] Undefined index: is_best D:\wamp64\www\no.4\shop\tp\application\Runtime\Cache\Admin\c9f40c1b5eab415204c33cbf77d93766.php 第 226 行.
NOTIC: [8] Undefined index: goods_number D:\wamp64\www\no.4\shop\tp\application\Runtime\Cache\Admin\c9f40c1b5eab415204c33cbf77d93766.php 第 229 行.
NOTIC: [8] Undefined index: is_is_on_sale D:\wamp64\www\no.4\shop\tp\application\Runtime\Cache\Admin\c9f40c1b5eab415204c33cbf77d93766.php 第 225 行.
NOTIC: [8] Undefined index: is_best D:\wamp64\www\no.4\shop\tp\application\Runtime\Cache\Admin\c9f40c1b5eab415204c33cbf77d93766.php 第 226 行.
NOTIC: [8] Undefined index: goods_number D:\wamp64\www\no.4\shop\tp\application\Runtime\Cache\Admin\c9f40c1b5eab415204c33cbf77d93766.php 第 229 行.
NOTIC: [8] Undefined index: is_is_on_sale D:\wamp64\www\no.4\shop\tp\application\Runtime\Cache\Admin\c9f40c1b5eab415204c33cbf77d93766.php 第 225 行.
NOTIC: [8] Undefined index: is_best D:\wamp64\www\no.4\shop\tp\application\Runtime\Cache\Admin\c9f40c1b5eab415204c33cbf77d93766.php 第 226 行.
NOTIC: [8] Undefined index: goods_number D:\wamp64\www\no.4\shop\tp\application\Runtime\Cache\Admin\c9f40c1b5eab415204c33cbf77d93766.php 第 229 行.
NOTIC: [8] Undefined index: is_is_on_sale D:\wamp64\www\no.4\shop\tp\application\Runtime\Cache\Admin\c9f40c1b5eab415204c33cbf77d93766.php 第 225 行.
NOTIC: [8] Undefined index: is_best D:\wamp64\www\no.4\shop\tp\application\Runtime\Cache\Admin\c9f40c1b5eab415204c33cbf77d93766.php 第 226 行.
NOTIC: [8] Undefined index: goods_number D:\wamp64\www\no.4\shop\tp\application\Runtime\Cache\Admin\c9f40c1b5eab415204c33cbf77d93766.php 第 229 行.
NOTIC: [8] Undefined index: is_is_on_sale D:\wamp64\www\no.4\shop\tp\application\Runtime\Cache\Admin\c9f40c1b5eab415204c33cbf77d93766.php 第 225 行.
NOTIC: [8] Undefined index: is_best D:\wamp64\www\no.4\shop\tp\application\Runtime\Cache\Admin\c9f40c1b5eab415204c33cbf77d93766.php 第 226 行.
NOTIC: [8] Undefined index: goods_number D:\wamp64\www\no.4\shop\tp\application\Runtime\Cache\Admin\c9f40c1b5eab415204c33cbf77d93766.php 第 229 行.
NOTIC: [8] Undefined index: is_is_on_sale D:\wamp64\www\no.4\shop\tp\application\Runtime\Cache\Admin\c9f40c1b5eab415204c33cbf77d93766.php 第 225 行.
NOTIC: [8] Undefined index: is_best D:\wamp64\www\no.4\shop\tp\application\Runtime\Cache\Admin\c9f40c1b5eab415204c33cbf77d93766.php 第 226 行.
NOTIC: [8] Undefined index: goods_number D:\wamp64\www\no.4\shop\tp\application\Runtime\Cache\Admin\c9f40c1b5eab415204c33cbf77d93766.php 第 229 行.
NOTIC: [8] Undefined index: is_is_on_sale D:\wamp64\www\no.4\shop\tp\application\Runtime\Cache\Admin\c9f40c1b5eab415204c33cbf77d93766.php 第 225 行.
NOTIC: [8] Undefined index: is_best D:\wamp64\www\no.4\shop\tp\application\Runtime\Cache\Admin\c9f40c1b5eab415204c33cbf77d93766.php 第 226 行.
NOTIC: [8] Undefined index: goods_number D:\wamp64\www\no.4\shop\tp\application\Runtime\Cache\Admin\c9f40c1b5eab415204c33cbf77d93766.php 第 229 行.
NOTIC: [8] Undefined index: is_is_on_sale D:\wamp64\www\no.4\shop\tp\application\Runtime\Cache\Admin\c9f40c1b5eab415204c33cbf77d93766.php 第 225 行.
NOTIC: [8] Undefined index: is_best D:\wamp64\www\no.4\shop\tp\application\Runtime\Cache\Admin\c9f40c1b5eab415204c33cbf77d93766.php 第 226 行.
NOTIC: [8] Undefined index: goods_number D:\wamp64\www\no.4\shop\tp\application\Runtime\Cache\Admin\c9f40c1b5eab415204c33cbf77d93766.php 第 229 行.
NOTIC: [8] Undefined index: is_is_on_sale D:\wamp64\www\no.4\shop\tp\application\Runtime\Cache\Admin\c9f40c1b5eab415204c33cbf77d93766.php 第 225 行.
NOTIC: [8] Undefined index: is_best D:\wamp64\www\no.4\shop\tp\application\Runtime\Cache\Admin\c9f40c1b5eab415204c33cbf77d93766.php 第 226 行.
NOTIC: [8] Undefined index: goods_number D:\wamp64\www\no.4\shop\tp\application\Runtime\Cache\Admin\c9f40c1b5eab415204c33cbf77d93766.php 第 229 行.
NOTIC: [8] Undefined index: is_is_on_sale D:\wamp64\www\no.4\shop\tp\application\Runtime\Cache\Admin\c9f40c1b5eab415204c33cbf77d93766.php 第 225 行.
NOTIC: [8] Undefined index: is_best D:\wamp64\www\no.4\shop\tp\application\Runtime\Cache\Admin\c9f40c1b5eab415204c33cbf77d93766.php 第 226 行.
NOTIC: [8] Undefined index: goods_number D:\wamp64\www\no.4\shop\tp\application\Runtime\Cache\Admin\c9f40c1b5eab415204c33cbf77d93766.php 第 229 行.
NOTIC: [8] Undefined index: is_is_on_sale D:\wamp64\www\no.4\shop\tp\application\Runtime\Cache\Admin\c9f40c1b5eab415204c33cbf77d93766.php 第 225 行.
NOTIC: [8] Undefined index: is_best D:\wamp64\www\no.4\shop\tp\application\Runtime\Cache\Admin\c9f40c1b5eab415204c33cbf77d93766.php 第 226 行.
NOTIC: [8] Undefined index: goods_number D:\wamp64\www\no.4\shop\tp\application\Runtime\Cache\Admin\c9f40c1b5eab415204c33cbf77d93766.php 第 229 行.
NOTIC: [8] Undefined index: is_is_on_sale D:\wamp64\www\no.4\shop\tp\application\Runtime\Cache\Admin\c9f40c1b5eab415204c33cbf77d93766.php 第 225 行.
NOTIC: [8] Undefined index: is_best D:\wamp64\www\no.4\shop\tp\application\Runtime\Cache\Admin\c9f40c1b5eab415204c33cbf77d93766.php 第 226 行.
NOTIC: [8] Undefined index: goods_number D:\wamp64\www\no.4\shop\tp\application\Runtime\Cache\Admin\c9f40c1b5eab415204c33cbf77d93766.php 第 229 行.
NOTIC: [8] Undefined index: is_is_on_sale D:\wamp64\www\no.4\shop\tp\application\Runtime\Cache\Admin\c9f40c1b5eab415204c33cbf77d93766.php 第 225 行.
NOTIC: [8] Undefined index: is_best D:\wamp64\www\no.4\shop\tp\application\Runtime\Cache\Admin\c9f40c1b5eab415204c33cbf77d93766.php 第 226 行.
NOTIC: [8] Undefined index: goods_number D:\wamp64\www\no.4\shop\tp\application\Runtime\Cache\Admin\c9f40c1b5eab415204c33cbf77d93766.php 第 229 行.
NOTIC: [8] Undefined index: is_is_on_sale D:\wamp64\www\no.4\shop\tp\application\Runtime\Cache\Admin\c9f40c1b5eab415204c33cbf77d93766.php 第 225 行.
NOTIC: [8] Undefined index: is_best D:\wamp64\www\no.4\shop\tp\application\Runtime\Cache\Admin\c9f40c1b5eab415204c33cbf77d93766.php 第 226 行.
NOTIC: [8] Undefined index: goods_number D:\wamp64\www\no.4\shop\tp\application\Runtime\Cache\Admin\c9f40c1b5eab415204c33cbf77d93766.php 第 229 行.
NOTIC: [8] Undefined index: is_is_on_sale D:\wamp64\www\no.4\shop\tp\application\Runtime\Cache\Admin\c9f40c1b5eab415204c33cbf77d93766.php 第 225 行.
NOTIC: [8] Undefined index: is_best D:\wamp64\www\no.4\shop\tp\application\Runtime\Cache\Admin\c9f40c1b5eab415204c33cbf77d93766.php 第 226 行.
NOTIC: [8] Undefined index: goods_number D:\wamp64\www\no.4\shop\tp\application\Runtime\Cache\Admin\c9f40c1b5eab415204c33cbf77d93766.php 第 229 行.
NOTIC: [8] Undefined index: is_is_on_sale D:\wamp64\www\no.4\shop\tp\application\Runtime\Cache\Admin\c9f40c1b5eab415204c33cbf77d93766.php 第 225 行.
NOTIC: [8] Undefined index: is_best D:\wamp64\www\no.4\shop\tp\application\Runtime\Cache\Admin\c9f40c1b5eab415204c33cbf77d93766.php 第 226 行.
NOTIC: [8] Undefined index: goods_number D:\wamp64\www\no.4\shop\tp\application\Runtime\Cache\Admin\c9f40c1b5eab415204c33cbf77d93766.php 第 229 行.
NOTIC: [8] Undefined index: is_is_on_sale D:\wamp64\www\no.4\shop\tp\application\Runtime\Cache\Admin\c9f40c1b5eab415204c33cbf77d93766.php 第 225 行.
NOTIC: [8] Undefined index: is_best D:\wamp64\www\no.4\shop\tp\application\Runtime\Cache\Admin\c9f40c1b5eab415204c33cbf77d93766.php 第 226 行.
NOTIC: [8] Undefined index: goods_number D:\wamp64\www\no.4\shop\tp\application\Runtime\Cache\Admin\c9f40c1b5eab415204c33cbf77d93766.php 第 229 行.
NOTIC: [8] Undefined index: is_is_on_sale D:\wamp64\www\no.4\shop\tp\application\Runtime\Cache\Admin\c9f40c1b5eab415204c33cbf77d93766.php 第 225 行.
NOTIC: [8] Undefined index: is_best D:\wamp64\www\no.4\shop\tp\application\Runtime\Cache\Admin\c9f40c1b5eab415204c33cbf77d93766.php 第 226 行.
NOTIC: [8] Undefined index: goods_number D:\wamp64\www\no.4\shop\tp\application\Runtime\Cache\Admin\c9f40c1b5eab415204c33cbf77d93766.php 第 229 行.
NOTIC: [8] Undefined index: is_is_on_sale D:\wamp64\www\no.4\shop\tp\application\Runtime\Cache\Admin\c9f40c1b5eab415204c33cbf77d93766.php 第 225 行.
NOTIC: [8] Undefined index: is_best D:\wamp64\www\no.4\shop\tp\application\Runtime\Cache\Admin\c9f40c1b5eab415204c33cbf77d93766.php 第 226 行.
NOTIC: [8] Undefined index: goods_number D:\wamp64\www\no.4\shop\tp\application\Runtime\Cache\Admin\c9f40c1b5eab415204c33cbf77d93766.php 第 229 行.
NOTIC: [8] Undefined index: is_is_on_sale D:\wamp64\www\no.4\shop\tp\application\Runtime\Cache\Admin\c9f40c1b5eab415204c33cbf77d93766.php 第 225 行.
NOTIC: [8] Undefined index: is_best D:\wamp64\www\no.4\shop\tp\application\Runtime\Cache\Admin\c9f40c1b5eab415204c33cbf77d93766.php 第 226 行.
NOTIC: [8] Undefined index: goods_number D:\wamp64\www\no.4\shop\tp\application\Runtime\Cache\Admin\c9f40c1b5eab415204c33cbf77d93766.php 第 229 行.
NOTIC: [8] Undefined index: is_is_on_sale D:\wamp64\www\no.4\shop\tp\application\Runtime\Cache\Admin\c9f40c1b5eab415204c33cbf77d93766.php 第 225 行.
NOTIC: [8] Undefined index: is_best D:\wamp64\www\no.4\shop\tp\application\Runtime\Cache\Admin\c9f40c1b5eab415204c33cbf77d93766.php 第 226 行.
NOTIC: [8] Undefined index: goods_number D:\wamp64\www\no.4\shop\tp\application\Runtime\Cache\Admin\c9f40c1b5eab415204c33cbf77d93766.php 第 229 行.
NOTIC: [8] Undefined index: is_is_on_sale D:\wamp64\www\no.4\shop\tp\application\Runtime\Cache\Admin\c9f40c1b5eab415204c33cbf77d93766.php 第 225 行.
NOTIC: [8] Undefined index: is_best D:\wamp64\www\no.4\shop\tp\application\Runtime\Cache\Admin\c9f40c1b5eab415204c33cbf77d93766.php 第 226 行.
NOTIC: [8] Undefined index: goods_number D:\wamp64\www\no.4\shop\tp\application\Runtime\Cache\Admin\c9f40c1b5eab415204c33cbf77d93766.php 第 229 行.
NOTIC: [8] Undefined index: is_is_on_sale D:\wamp64\www\no.4\shop\tp\application\Runtime\Cache\Admin\c9f40c1b5eab415204c33cbf77d93766.php 第 225 行.
NOTIC: [8] Undefined index: is_best D:\wamp64\www\no.4\shop\tp\application\Runtime\Cache\Admin\c9f40c1b5eab415204c33cbf77d93766.php 第 226 行.
NOTIC: [8] Undefined index: goods_number D:\wamp64\www\no.4\shop\tp\application\Runtime\Cache\Admin\c9f40c1b5eab415204c33cbf77d93766.php 第 229 行.
NOTIC: [8] Undefined index: is_is_on_sale D:\wamp64\www\no.4\shop\tp\application\Runtime\Cache\Admin\c9f40c1b5eab415204c33cbf77d93766.php 第 225 行.
NOTIC: [8] Undefined index: is_best D:\wamp64\www\no.4\shop\tp\application\Runtime\Cache\Admin\c9f40c1b5eab415204c33cbf77d93766.php 第 226 行.
NOTIC: [8] Undefined index: goods_number D:\wamp64\www\no.4\shop\tp\application\Runtime\Cache\Admin\c9f40c1b5eab415204c33cbf77d93766.php 第 229 行.
NOTIC: [8] Undefined index: is_is_on_sale D:\wamp64\www\no.4\shop\tp\application\Runtime\Cache\Admin\c9f40c1b5eab415204c33cbf77d93766.php 第 225 行.
NOTIC: [8] Undefined index: is_best D:\wamp64\www\no.4\shop\tp\application\Runtime\Cache\Admin\c9f40c1b5eab415204c33cbf77d93766.php 第 226 行.
NOTIC: [8] Undefined index: goods_number D:\wamp64\www\no.4\shop\tp\application\Runtime\Cache\Admin\c9f40c1b5eab415204c33cbf77d93766.php 第 229 行.
NOTIC: [8] Undefined index: is_is_on_sale D:\wamp64\www\no.4\shop\tp\application\Runtime\Cache\Admin\c9f40c1b5eab415204c33cbf77d93766.php 第 225 行.
NOTIC: [8] Undefined index: is_best D:\wamp64\www\no.4\shop\tp\application\Runtime\Cache\Admin\c9f40c1b5eab415204c33cbf77d93766.php 第 226 行.
NOTIC: [8] Undefined index: goods_number D:\wamp64\www\no.4\shop\tp\application\Runtime\Cache\Admin\c9f40c1b5eab415204c33cbf77d93766.php 第 229 行.
NOTIC: [8] Undefined index: is_is_on_sale D:\wamp64\www\no.4\shop\tp\application\Runtime\Cache\Admin\c9f40c1b5eab415204c33cbf77d93766.php 第 225 行.
NOTIC: [8] Undefined index: is_best D:\wamp64\www\no.4\shop\tp\application\Runtime\Cache\Admin\c9f40c1b5eab415204c33cbf77d93766.php 第 226 行.
NOTIC: [8] Undefined index: goods_number D:\wamp64\www\no.4\shop\tp\application\Runtime\Cache\Admin\c9f40c1b5eab415204c33cbf77d93766.php 第 229 行.
NOTIC: [8] Undefined index: is_is_on_sale D:\wamp64\www\no.4\shop\tp\application\Runtime\Cache\Admin\c9f40c1b5eab415204c33cbf77d93766.php 第 225 行.
NOTIC: [8] Undefined index: is_best D:\wamp64\www\no.4\shop\tp\application\Runtime\Cache\Admin\c9f40c1b5eab415204c33cbf77d93766.php 第 226 行.
NOTIC: [8] Undefined index: goods_number D:\wamp64\www\no.4\shop\tp\application\Runtime\Cache\Admin\c9f40c1b5eab415204c33cbf77d93766.php 第 229 行.
NOTIC: [8] Undefined index: is_is_on_sale D:\wamp64\www\no.4\shop\tp\application\Runtime\Cache\Admin\c9f40c1b5eab415204c33cbf77d93766.php 第 225 行.
NOTIC: [8] Undefined index: is_best D:\wamp64\www\no.4\shop\tp\application\Runtime\Cache\Admin\c9f40c1b5eab415204c33cbf77d93766.php 第 226 行.
NOTIC: [8] Undefined index: goods_number D:\wamp64\www\no.4\shop\tp\application\Runtime\Cache\Admin\c9f40c1b5eab415204c33cbf77d93766.php 第 229 行.
NOTIC: [8] Undefined index: is_is_on_sale D:\wamp64\www\no.4\shop\tp\application\Runtime\Cache\Admin\c9f40c1b5eab415204c33cbf77d93766.php 第 225 行.
NOTIC: [8] Undefined index: is_best D:\wamp64\www\no.4\shop\tp\application\Runtime\Cache\Admin\c9f40c1b5eab415204c33cbf77d93766.php 第 226 行.
NOTIC: [8] Undefined index: goods_number D:\wamp64\www\no.4\shop\tp\application\Runtime\Cache\Admin\c9f40c1b5eab415204c33cbf77d93766.php 第 229 行.
NOTIC: [8] Undefined index: is_is_on_sale D:\wamp64\www\no.4\shop\tp\application\Runtime\Cache\Admin\c9f40c1b5eab415204c33cbf77d93766.php 第 225 行.
NOTIC: [8] Undefined index: is_best D:\wamp64\www\no.4\shop\tp\application\Runtime\Cache\Admin\c9f40c1b5eab415204c33cbf77d93766.php 第 226 行.
NOTIC: [8] Undefined index: goods_number D:\wamp64\www\no.4\shop\tp\application\Runtime\Cache\Admin\c9f40c1b5eab415204c33cbf77d93766.php 第 229 行.
NOTIC: [8] Undefined index: is_is_on_sale D:\wamp64\www\no.4\shop\tp\application\Runtime\Cache\Admin\c9f40c1b5eab415204c33cbf77d93766.php 第 225 行.
NOTIC: [8] Undefined index: is_best D:\wamp64\www\no.4\shop\tp\application\Runtime\Cache\Admin\c9f40c1b5eab415204c33cbf77d93766.php 第 226 行.
NOTIC: [8] Undefined index: goods_number D:\wamp64\www\no.4\shop\tp\application\Runtime\Cache\Admin\c9f40c1b5eab415204c33cbf77d93766.php 第 229 行.
NOTIC: [8] Undefined index: is_is_on_sale D:\wamp64\www\no.4\shop\tp\application\Runtime\Cache\Admin\c9f40c1b5eab415204c33cbf77d93766.php 第 225 行.
NOTIC: [8] Undefined index: is_best D:\wamp64\www\no.4\shop\tp\application\Runtime\Cache\Admin\c9f40c1b5eab415204c33cbf77d93766.php 第 226 行.
NOTIC: [8] Undefined index: goods_number D:\wamp64\www\no.4\shop\tp\application\Runtime\Cache\Admin\c9f40c1b5eab415204c33cbf77d93766.php 第 229 行.
NOTIC: [8] Undefined index: is_is_on_sale D:\wamp64\www\no.4\shop\tp\application\Runtime\Cache\Admin\c9f40c1b5eab415204c33cbf77d93766.php 第 225 行.
NOTIC: [8] Undefined index: is_best D:\wamp64\www\no.4\shop\tp\application\Runtime\Cache\Admin\c9f40c1b5eab415204c33cbf77d93766.php 第 226 行.
NOTIC: [8] Undefined index: goods_number D:\wamp64\www\no.4\shop\tp\application\Runtime\Cache\Admin\c9f40c1b5eab415204c33cbf77d93766.php 第 229 行.
NOTIC: [8] Undefined index: is_is_on_sale D:\wamp64\www\no.4\shop\tp\application\Runtime\Cache\Admin\c9f40c1b5eab415204c33cbf77d93766.php 第 225 行.
NOTIC: [8] Undefined index: is_best D:\wamp64\www\no.4\shop\tp\application\Runtime\Cache\Admin\c9f40c1b5eab415204c33cbf77d93766.php 第 226 行.
NOTIC: [8] Undefined index: goods_number D:\wamp64\www\no.4\shop\tp\application\Runtime\Cache\Admin\c9f40c1b5eab415204c33cbf77d93766.php 第 229 行.
NOTIC: [8] Undefined index: is_is_on_sale D:\wamp64\www\no.4\shop\tp\application\Runtime\Cache\Admin\c9f40c1b5eab415204c33cbf77d93766.php 第 225 行.
NOTIC: [8] Undefined index: is_best D:\wamp64\www\no.4\shop\tp\application\Runtime\Cache\Admin\c9f40c1b5eab415204c33cbf77d93766.php 第 226 行.
NOTIC: [8] Undefined index: goods_number D:\wamp64\www\no.4\shop\tp\application\Runtime\Cache\Admin\c9f40c1b5eab415204c33cbf77d93766.php 第 229 行.
NOTIC: [8] Undefined index: is_is_on_sale D:\wamp64\www\no.4\shop\tp\application\Runtime\Cache\Admin\c9f40c1b5eab415204c33cbf77d93766.php 第 225 行.
NOTIC: [8] Undefined index: is_best D:\wamp64\www\no.4\shop\tp\application\Runtime\Cache\Admin\c9f40c1b5eab415204c33cbf77d93766.php 第 226 行.
NOTIC: [8] Undefined index: goods_number D:\wamp64\www\no.4\shop\tp\application\Runtime\Cache\Admin\c9f40c1b5eab415204c33cbf77d93766.php 第 229 行.
NOTIC: [8] Undefined index: is_is_on_sale D:\wamp64\www\no.4\shop\tp\application\Runtime\Cache\Admin\c9f40c1b5eab415204c33cbf77d93766.php 第 225 行.
NOTIC: [8] Undefined index: is_best D:\wamp64\www\no.4\shop\tp\application\Runtime\Cache\Admin\c9f40c1b5eab415204c33cbf77d93766.php 第 226 行.
NOTIC: [8] Undefined index: goods_number D:\wamp64\www\no.4\shop\tp\application\Runtime\Cache\Admin\c9f40c1b5eab415204c33cbf77d93766.php 第 229 行.
NOTIC: [8] Undefined index: is_is_on_sale D:\wamp64\www\no.4\shop\tp\application\Runtime\Cache\Admin\c9f40c1b5eab415204c33cbf77d93766.php 第 225 行.
NOTIC: [8] Undefined index: is_best D:\wamp64\www\no.4\shop\tp\application\Runtime\Cache\Admin\c9f40c1b5eab415204c33cbf77d93766.php 第 226 行.
NOTIC: [8] Undefined index: goods_number D:\wamp64\www\no.4\shop\tp\application\Runtime\Cache\Admin\c9f40c1b5eab415204c33cbf77d93766.php 第 229 行.
NOTIC: [8] Undefined index: is_is_on_sale D:\wamp64\www\no.4\shop\tp\application\Runtime\Cache\Admin\c9f40c1b5eab415204c33cbf77d93766.php 第 225 行.
NOTIC: [8] Undefined index: is_best D:\wamp64\www\no.4\shop\tp\application\Runtime\Cache\Admin\c9f40c1b5eab415204c33cbf77d93766.php 第 226 行.
NOTIC: [8] Undefined index: goods_number D:\wamp64\www\no.4\shop\tp\application\Runtime\Cache\Admin\c9f40c1b5eab415204c33cbf77d93766.php 第 229 行.
NOTIC: [8] Undefined index: is_is_on_sale D:\wamp64\www\no.4\shop\tp\application\Runtime\Cache\Admin\c9f40c1b5eab415204c33cbf77d93766.php 第 225 行.
NOTIC: [8] Undefined index: is_best D:\wamp64\www\no.4\shop\tp\application\Runtime\Cache\Admin\c9f40c1b5eab415204c33cbf77d93766.php 第 226 行.
NOTIC: [8] Undefined index: goods_number D:\wamp64\www\no.4\shop\tp\application\Runtime\Cache\Admin\c9f40c1b5eab415204c33cbf77d93766.php 第 229 行.
NOTIC: [8] Undefined index: is_is_on_sale D:\wamp64\www\no.4\shop\tp\application\Runtime\Cache\Admin\c9f40c1b5eab415204c33cbf77d93766.php 第 225 行.
NOTIC: [8] Undefined index: is_best D:\wamp64\www\no.4\shop\tp\application\Runtime\Cache\Admin\c9f40c1b5eab415204c33cbf77d93766.php 第 226 行.
NOTIC: [8] Undefined index: goods_number D:\wamp64\www\no.4\shop\tp\application\Runtime\Cache\Admin\c9f40c1b5eab415204c33cbf77d93766.php 第 229 行.
NOTIC: [8] Undefined index: is_is_on_sale D:\wamp64\www\no.4\shop\tp\application\Runtime\Cache\Admin\c9f40c1b5eab415204c33cbf77d93766.php 第 225 行.
NOTIC: [8] Undefined index: is_best D:\wamp64\www\no.4\shop\tp\application\Runtime\Cache\Admin\c9f40c1b5eab415204c33cbf77d93766.php 第 226 行.
NOTIC: [8] Undefined index: goods_number D:\wamp64\www\no.4\shop\tp\application\Runtime\Cache\Admin\c9f40c1b5eab415204c33cbf77d93766.php 第 229 行.
NOTIC: [8] Undefined index: is_is_on_sale D:\wamp64\www\no.4\shop\tp\application\Runtime\Cache\Admin\c9f40c1b5eab415204c33cbf77d93766.php 第 225 行.
NOTIC: [8] Undefined index: is_best D:\wamp64\www\no.4\shop\tp\application\Runtime\Cache\Admin\c9f40c1b5eab415204c33cbf77d93766.php 第 226 行.
NOTIC: [8] Undefined index: goods_number D:\wamp64\www\no.4\shop\tp\application\Runtime\Cache\Admin\c9f40c1b5eab415204c33cbf77d93766.php 第 229 行.
NOTIC: [8] Undefined index: is_is_on_sale D:\wamp64\www\no.4\shop\tp\application\Runtime\Cache\Admin\c9f40c1b5eab415204c33cbf77d93766.php 第 225 行.
NOTIC: [8] Undefined index: is_best D:\wamp64\www\no.4\shop\tp\application\Runtime\Cache\Admin\c9f40c1b5eab415204c33cbf77d93766.php 第 226 行.
NOTIC: [8] Undefined index: goods_number D:\wamp64\www\no.4\shop\tp\application\Runtime\Cache\Admin\c9f40c1b5eab415204c33cbf77d93766.php 第 229 行.
NOTIC: [8] Undefined index: is_is_on_sale D:\wamp64\www\no.4\shop\tp\application\Runtime\Cache\Admin\c9f40c1b5eab415204c33cbf77d93766.php 第 225 行.
NOTIC: [8] Undefined index: is_best D:\wamp64\www\no.4\shop\tp\application\Runtime\Cache\Admin\c9f40c1b5eab415204c33cbf77d93766.php 第 226 行.
NOTIC: [8] Undefined index: goods_number D:\wamp64\www\no.4\shop\tp\application\Runtime\Cache\Admin\c9f40c1b5eab415204c33cbf77d93766.php 第 229 行.
NOTIC: [8] Undefined index: is_is_on_sale D:\wamp64\www\no.4\shop\tp\application\Runtime\Cache\Admin\c9f40c1b5eab415204c33cbf77d93766.php 第 225 行.
NOTIC: [8] Undefined index: is_best D:\wamp64\www\no.4\shop\tp\application\Runtime\Cache\Admin\c9f40c1b5eab415204c33cbf77d93766.php 第 226 行.
NOTIC: [8] Undefined index: goods_number D:\wamp64\www\no.4\shop\tp\application\Runtime\Cache\Admin\c9f40c1b5eab415204c33cbf77d93766.php 第 229 行.
NOTIC: [8] Undefined index: is_is_on_sale D:\wamp64\www\no.4\shop\tp\application\Runtime\Cache\Admin\c9f40c1b5eab415204c33cbf77d93766.php 第 225 行.
NOTIC: [8] Undefined index: is_best D:\wamp64\www\no.4\shop\tp\application\Runtime\Cache\Admin\c9f40c1b5eab415204c33cbf77d93766.php 第 226 行.
NOTIC: [8] Undefined index: goods_number D:\wamp64\www\no.4\shop\tp\application\Runtime\Cache\Admin\c9f40c1b5eab415204c33cbf77d93766.php 第 229 行.
NOTIC: [8] Undefined index: is_is_on_sale D:\wamp64\www\no.4\shop\tp\application\Runtime\Cache\Admin\c9f40c1b5eab415204c33cbf77d93766.php 第 225 行.
NOTIC: [8] Undefined index: is_best D:\wamp64\www\no.4\shop\tp\application\Runtime\Cache\Admin\c9f40c1b5eab415204c33cbf77d93766.php 第 226 行.
NOTIC: [8] Undefined index: goods_number D:\wamp64\www\no.4\shop\tp\application\Runtime\Cache\Admin\c9f40c1b5eab415204c33cbf77d93766.php 第 229 行.
NOTIC: [8] Undefined index: is_is_on_sale D:\wamp64\www\no.4\shop\tp\application\Runtime\Cache\Admin\c9f40c1b5eab415204c33cbf77d93766.php 第 225 行.
NOTIC: [8] Undefined index: is_best D:\wamp64\www\no.4\shop\tp\application\Runtime\Cache\Admin\c9f40c1b5eab415204c33cbf77d93766.php 第 226 行.
NOTIC: [8] Undefined index: goods_number D:\wamp64\www\no.4\shop\tp\application\Runtime\Cache\Admin\c9f40c1b5eab415204c33cbf77d93766.php 第 229 行.
NOTIC: [8] Undefined index: is_is_on_sale D:\wamp64\www\no.4\shop\tp\application\Runtime\Cache\Admin\c9f40c1b5eab415204c33cbf77d93766.php 第 225 行.
NOTIC: [8] Undefined index: is_best D:\wamp64\www\no.4\shop\tp\application\Runtime\Cache\Admin\c9f40c1b5eab415204c33cbf77d93766.php 第 226 行.
NOTIC: [8] Undefined index: goods_number D:\wamp64\www\no.4\shop\tp\application\Runtime\Cache\Admin\c9f40c1b5eab415204c33cbf77d93766.php 第 229 行.
NOTIC: [8] Undefined index: is_is_on_sale D:\wamp64\www\no.4\shop\tp\application\Runtime\Cache\Admin\c9f40c1b5eab415204c33cbf77d93766.php 第 225 行.
NOTIC: [8] Undefined index: is_best D:\wamp64\www\no.4\shop\tp\application\Runtime\Cache\Admin\c9f40c1b5eab415204c33cbf77d93766.php 第 226 行.
NOTIC: [8] Undefined index: goods_number D:\wamp64\www\no.4\shop\tp\application\Runtime\Cache\Admin\c9f40c1b5eab415204c33cbf77d93766.php 第 229 行.
NOTIC: [8] Undefined index: is_is_on_sale D:\wamp64\www\no.4\shop\tp\application\Runtime\Cache\Admin\c9f40c1b5eab415204c33cbf77d93766.php 第 225 行.
NOTIC: [8] Undefined index: is_best D:\wamp64\www\no.4\shop\tp\application\Runtime\Cache\Admin\c9f40c1b5eab415204c33cbf77d93766.php 第 226 行.
NOTIC: [8] Undefined index: goods_number D:\wamp64\www\no.4\shop\tp\application\Runtime\Cache\Admin\c9f40c1b5eab415204c33cbf77d93766.php 第 229 行.
NOTIC: [8] Undefined index: is_is_on_sale D:\wamp64\www\no.4\shop\tp\application\Runtime\Cache\Admin\c9f40c1b5eab415204c33cbf77d93766.php 第 225 行.
NOTIC: [8] Undefined index: is_best D:\wamp64\www\no.4\shop\tp\application\Runtime\Cache\Admin\c9f40c1b5eab415204c33cbf77d93766.php 第 226 行.
NOTIC: [8] Undefined index: goods_number D:\wamp64\www\no.4\shop\tp\application\Runtime\Cache\Admin\c9f40c1b5eab415204c33cbf77d93766.php 第 229 行.
NOTIC: [8] Undefined variable: show D:\wamp64\www\no.4\shop\tp\application\Runtime\Cache\Admin\c9f40c1b5eab415204c33cbf77d93766.php 第 256 行.
INFO: Run Behavior\ParseTemplateBehavior [ RunTime:0.131008s ]
INFO: [ view_parse ] --END-- [ RunTime:0.131008s ]
INFO: [ view_filter ] --START--
INFO: Run Behavior\WriteHtmlCacheBehavior [ RunTime:0.001000s ]
INFO: [ view_filter ] --END-- [ RunTime:0.001000s ]
INFO: [ app_end ] --START--
INFO: Run Behavior\ShowPageTraceBehavior [ RunTime:0.001000s ]
INFO: [ app_end ] --END-- [ RunTime:0.001000s ]

[ 2018-06-11T15:29:19+08:00 ] ::1 /no.4/shop/tp/index.php/Admin/Goods/goods_add.html
INFO: [ app_init ] --START--
INFO: Run Behavior\BuildLiteBehavior [ RunTime:0.000000s ]
INFO: [ app_init ] --END-- [ RunTime:0.001000s ]
INFO: [ app_begin ] --START--
INFO: Run Behavior\ReadHtmlCacheBehavior [ RunTime:0.001000s ]
INFO: [ app_begin ] --END-- [ RunTime:0.001000s ]
SQL: SHOW COLUMNS FROM `category` [ RunTime:0.0010s ]
SQL: SELECT * FROM `category`  [ RunTime:0.0000s ]
SQL: SHOW COLUMNS FROM `brand` [ RunTime:0.0010s ]
SQL: SELECT * FROM `brand`  [ RunTime:0.0010s ]
SQL: SHOW COLUMNS FROM `goods_type` [ RunTime:0.0010s ]
SQL: SELECT * FROM `goods_type`  [ RunTime:0.0010s ]
INFO: [ view_parse ] --START--
INFO: [ template_filter ] --START--
INFO: Run Behavior\ContentReplaceBehavior [ RunTime:0.000000s ]
INFO: [ template_filter ] --END-- [ RunTime:0.000000s ]
INFO: Run Behavior\ParseTemplateBehavior [ RunTime:0.020002s ]
INFO: [ view_parse ] --END-- [ RunTime:0.021002s ]
INFO: [ view_filter ] --START--
INFO: Run Behavior\WriteHtmlCacheBehavior [ RunTime:0.001000s ]
INFO: [ view_filter ] --END-- [ RunTime:0.001000s ]
INFO: [ app_end ] --START--
INFO: Run Behavior\ShowPageTraceBehavior [ RunTime:0.001000s ]
INFO: [ app_end ] --END-- [ RunTime:0.001000s ]

[ 2018-06-11T15:29:20+08:00 ] ::1 /no.4/shop/tp/index.php/Admin/Brand/brand_list.html
INFO: [ app_init ] --START--
INFO: Run Behavior\BuildLiteBehavior [ RunTime:0.000000s ]
INFO: [ app_init ] --END-- [ RunTime:0.001000s ]
INFO: [ app_begin ] --START--
INFO: Run Behavior\ReadHtmlCacheBehavior [ RunTime:0.000000s ]
INFO: [ app_begin ] --END-- [ RunTime:0.001000s ]
SQL: SHOW COLUMNS FROM `brand` [ RunTime:0.0000s ]
SQL: SELECT * FROM `brand` LIMIT 0,5   [ RunTime:0.0010s ]
SQL: SELECT COUNT(*) AS tp_count FROM `brand` LIMIT 1   [ RunTime:0.0010s ]
INFO: [ view_parse ] --START--
INFO: [ template_filter ] --START--
INFO: Run Behavior\ContentReplaceBehavior [ RunTime:0.000000s ]
INFO: [ template_filter ] --END-- [ RunTime:0.001000s ]
INFO: Run Behavior\ParseTemplateBehavior [ RunTime:0.019001s ]
INFO: [ view_parse ] --END-- [ RunTime:0.020001s ]
INFO: [ view_filter ] --START--
INFO: Run Behavior\WriteHtmlCacheBehavior [ RunTime:0.000000s ]
INFO: [ view_filter ] --END-- [ RunTime:0.000000s ]
INFO: [ app_end ] --START--
INFO: Run Behavior\ShowPageTraceBehavior [ RunTime:0.001000s ]
INFO: [ app_end ] --END-- [ RunTime:0.001000s ]

[ 2018-06-11T15:29:22+08:00 ] ::1 /no.4/shop/tp/index.php/Admin/Type/type_list.html
INFO: [ app_init ] --START--
INFO: Run Behavior\BuildLiteBehavior [ RunTime:0.000000s ]
INFO: [ app_init ] --END-- [ RunTime:0.000000s ]
INFO: [ app_begin ] --START--
INFO: Run Behavior\ReadHtmlCacheBehavior [ RunTime:0.001000s ]
INFO: [ app_begin ] --END-- [ RunTime:0.001000s ]
SQL: SHOW COLUMNS FROM `goods_type` [ RunTime:0.0010s ]
SQL: SELECT * FROM `goods_type` LIMIT 0,2   [ RunTime:0.0000s ]
SQL: SHOW COLUMNS FROM `attribute` [ RunTime:0.0000s ]
SQL: SELECT COUNT(*) AS tp_count FROM attribute as a WHERE ( a.goods_type_id=3 ) LIMIT 1   [ RunTime:0.0010s ]
SQL: SELECT COUNT(*) AS tp_count FROM attribute as a WHERE ( a.goods_type_id=2 ) LIMIT 1   [ RunTime:0.0010s ]
SQL: SELECT COUNT(*) AS tp_count FROM `goods_type` LIMIT 1   [ RunTime:0.0000s ]
INFO: [ view_parse ] --START--
INFO: [ template_filter ] --START--
INFO: Run Behavior\ContentReplaceBehavior [ RunTime:0.000000s ]
INFO: [ template_filter ] --END-- [ RunTime:0.001000s ]
NOTIC: [8] Undefined index: brand_id D:\wamp64\www\no.4\shop\tp\application\Runtime\Cache\Admin\5c1b06acdcf4f369a79f67a56ea805b9.php 第 223 行.
NOTIC: [8] Undefined index: brand_id D:\wamp64\www\no.4\shop\tp\application\Runtime\Cache\Admin\5c1b06acdcf4f369a79f67a56ea805b9.php 第 224 行.
NOTIC: [8] Undefined index: brand_id D:\wamp64\www\no.4\shop\tp\application\Runtime\Cache\Admin\5c1b06acdcf4f369a79f67a56ea805b9.php 第 223 行.
NOTIC: [8] Undefined index: brand_id D:\wamp64\www\no.4\shop\tp\application\Runtime\Cache\Admin\5c1b06acdcf4f369a79f67a56ea805b9.php 第 224 行.
INFO: Run Behavior\ParseTemplateBehavior [ RunTime:0.018001s ]
INFO: [ view_parse ] --END-- [ RunTime:0.018001s ]
INFO: [ view_filter ] --START--
INFO: Run Behavior\WriteHtmlCacheBehavior [ RunTime:0.000000s ]
INFO: [ view_filter ] --END-- [ RunTime:0.000000s ]
INFO: [ app_end ] --START--
INFO: Run Behavior\ShowPageTraceBehavior [ RunTime:0.000000s ]
INFO: [ app_end ] --END-- [ RunTime:0.000000s ]

[ 2018-06-11T15:29:23+08:00 ] ::1 /no.4/shop/tp/index.php/Admin/Brand/brand_list.html
INFO: [ app_init ] --START--
INFO: Run Behavior\BuildLiteBehavior [ RunTime:0.000000s ]
INFO: [ app_init ] --END-- [ RunTime:0.001000s ]
INFO: [ app_begin ] --START--
INFO: Run Behavior\ReadHtmlCacheBehavior [ RunTime:0.000000s ]
INFO: [ app_begin ] --END-- [ RunTime:0.000000s ]
SQL: SHOW COLUMNS FROM `brand` [ RunTime:0.0010s ]
SQL: SELECT * FROM `brand` LIMIT 0,5   [ RunTime:0.0000s ]
SQL: SELECT COUNT(*) AS tp_count FROM `brand` LIMIT 1   [ RunTime:0.0010s ]
INFO: [ view_parse ] --START--
INFO: [ template_filter ] --START--
INFO: Run Behavior\ContentReplaceBehavior [ RunTime:0.000000s ]
INFO: [ template_filter ] --END-- [ RunTime:0.000000s ]
INFO: Run Behavior\ParseTemplateBehavior [ RunTime:0.016001s ]
INFO: [ view_parse ] --END-- [ RunTime:0.016001s ]
INFO: [ view_filter ] --START--
INFO: Run Behavior\WriteHtmlCacheBehavior [ RunTime:0.000000s ]
INFO: [ view_filter ] --END-- [ RunTime:0.000000s ]
INFO: [ app_end ] --START--
INFO: Run Behavior\ShowPageTraceBehavior [ RunTime:0.001000s ]
INFO: [ app_end ] --END-- [ RunTime:0.001000s ]

[ 2018-06-11T15:29:31+08:00 ] ::1 /no.4/shop/tp/index.php/Admin/Brand/brand_add
INFO: [ app_init ] --START--
INFO: Run Behavior\BuildLiteBehavior [ RunTime:0.000000s ]
INFO: [ app_init ] --END-- [ RunTime:0.000000s ]
INFO: [ app_begin ] --START--
INFO: Run Behavior\ReadHtmlCacheBehavior [ RunTime:0.000000s ]
INFO: [ app_begin ] --END-- [ RunTime:0.001000s ]
INFO: [ view_parse ] --START--
INFO: [ template_filter ] --START--
INFO: Run Behavior\ContentReplaceBehavior [ RunTime:0.000000s ]
INFO: [ template_filter ] --END-- [ RunTime:0.000000s ]
INFO: Run Behavior\ParseTemplateBehavior [ RunTime:0.010001s ]
INFO: [ view_parse ] --END-- [ RunTime:0.011001s ]
INFO: [ view_filter ] --START--
INFO: Run Behavior\WriteHtmlCacheBehavior [ RunTime:0.001000s ]
INFO: [ view_filter ] --END-- [ RunTime:0.001000s ]
INFO: [ app_end ] --START--
INFO: Run Behavior\ShowPageTraceBehavior [ RunTime:0.001000s ]
INFO: [ app_end ] --END-- [ RunTime:0.001000s ]

[ 2018-06-11T15:29:34+08:00 ] ::1 /no.4/shop/tp/index.php/Admin/Type/type_list.html
INFO: [ app_init ] --START--
INFO: Run Behavior\BuildLiteBehavior [ RunTime:0.000000s ]
INFO: [ app_init ] --END-- [ RunTime:0.001000s ]
INFO: [ app_begin ] --START--
INFO: Run Behavior\ReadHtmlCacheBehavior [ RunTime:0.001000s ]
INFO: [ app_begin ] --END-- [ RunTime:0.001000s ]
SQL: SHOW COLUMNS FROM `goods_type` [ RunTime:0.0000s ]
SQL: SELECT * FROM `goods_type` LIMIT 0,2   [ RunTime:0.0000s ]
SQL: SHOW COLUMNS FROM `attribute` [ RunTime:0.0010s ]
SQL: SELECT COUNT(*) AS tp_count FROM attribute as a WHERE ( a.goods_type_id=3 ) LIMIT 1   [ RunTime:0.0010s ]
SQL: SELECT COUNT(*) AS tp_count FROM attribute as a WHERE ( a.goods_type_id=2 ) LIMIT 1   [ RunTime:0.0000s ]
SQL: SELECT COUNT(*) AS tp_count FROM `goods_type` LIMIT 1   [ RunTime:0.0010s ]
INFO: [ view_parse ] --START--
INFO: [ template_filter ] --START--
INFO: Run Behavior\ContentReplaceBehavior [ RunTime:0.000000s ]
INFO: [ template_filter ] --END-- [ RunTime:0.000000s ]
NOTIC: [8] Undefined index: brand_id D:\wamp64\www\no.4\shop\tp\application\Runtime\Cache\Admin\5c1b06acdcf4f369a79f67a56ea805b9.php 第 223 行.
NOTIC: [8] Undefined index: brand_id D:\wamp64\www\no.4\shop\tp\application\Runtime\Cache\Admin\5c1b06acdcf4f369a79f67a56ea805b9.php 第 224 行.
NOTIC: [8] Undefined index: brand_id D:\wamp64\www\no.4\shop\tp\application\Runtime\Cache\Admin\5c1b06acdcf4f369a79f67a56ea805b9.php 第 223 行.
NOTIC: [8] Undefined index: brand_id D:\wamp64\www\no.4\shop\tp\application\Runtime\Cache\Admin\5c1b06acdcf4f369a79f67a56ea805b9.php 第 224 行.
INFO: Run Behavior\ParseTemplateBehavior [ RunTime:0.017001s ]
INFO: [ view_parse ] --END-- [ RunTime:0.018001s ]
INFO: [ view_filter ] --START--
INFO: Run Behavior\WriteHtmlCacheBehavior [ RunTime:0.001000s ]
INFO: [ view_filter ] --END-- [ RunTime:0.001000s ]
INFO: [ app_end ] --START--
INFO: Run Behavior\ShowPageTraceBehavior [ RunTime:0.001000s ]
INFO: [ app_end ] --END-- [ RunTime:0.001000s ]

[ 2018-06-11T15:29:36+08:00 ] ::1 /no.4/shop/tp/index.php/Admin/Goods/goods_add.html
INFO: [ app_init ] --START--
INFO: Run Behavior\BuildLiteBehavior [ RunTime:0.000000s ]
INFO: [ app_init ] --END-- [ RunTime:0.001000s ]
INFO: [ app_begin ] --START--
INFO: Run Behavior\ReadHtmlCacheBehavior [ RunTime:0.000000s ]
INFO: [ app_begin ] --END-- [ RunTime:0.001000s ]
SQL: SHOW COLUMNS FROM `category` [ RunTime:0.0010s ]
SQL: SELECT * FROM `category`  [ RunTime:0.0000s ]
SQL: SHOW COLUMNS FROM `brand` [ RunTime:0.0010s ]
SQL: SELECT * FROM `brand`  [ RunTime:0.0000s ]
SQL: SHOW COLUMNS FROM `goods_type` [ RunTime:0.0010s ]
SQL: SELECT * FROM `goods_type`  [ RunTime:0.0000s ]
INFO: [ view_parse ] --START--
INFO: [ template_filter ] --START--
INFO: Run Behavior\ContentReplaceBehavior [ RunTime:0.000000s ]
INFO: [ template_filter ] --END-- [ RunTime:0.000000s ]
INFO: Run Behavior\ParseTemplateBehavior [ RunTime:0.019002s ]
INFO: [ view_parse ] --END-- [ RunTime:0.019002s ]
INFO: [ view_filter ] --START--
INFO: Run Behavior\WriteHtmlCacheBehavior [ RunTime:0.001000s ]
INFO: [ view_filter ] --END-- [ RunTime:0.001000s ]
INFO: [ app_end ] --START--
INFO: Run Behavior\ShowPageTraceBehavior [ RunTime:0.002000s ]
INFO: [ app_end ] --END-- [ RunTime:0.002000s ]

[ 2018-06-11T15:29:48+08:00 ] ::1 /no.4/shop/tp/index.php/Admin/Goods/getAttr
INFO: [ app_init ] --START--
INFO: Run Behavior\BuildLiteBehavior [ RunTime:0.000000s ]
INFO: [ app_init ] --END-- [ RunTime:0.001000s ]
INFO: [ app_begin ] --START--
INFO: Run Behavior\ReadHtmlCacheBehavior [ RunTime:0.000000s ]
INFO: [ app_begin ] --END-- [ RunTime:0.000000s ]
SQL: SHOW COLUMNS FROM `attribute` [ RunTime:0.0000s ]
SQL: SELECT * FROM `attribute` WHERE ( goods_type_id = '2' )  [ RunTime:0.0000s ]

[ 2018-06-11T15:31:47+08:00 ] ::1 /no.4/shop/tp/
INFO: [ app_init ] --START--
INFO: Run Behavior\BuildLiteBehavior [ RunTime:0.000000s ]
INFO: [ app_init ] --END-- [ RunTime:0.001000s ]
INFO: [ app_begin ] --START--
INFO: Run Behavior\ReadHtmlCacheBehavior [ RunTime:0.000000s ]
INFO: [ app_begin ] --END-- [ RunTime:0.001000s ]
INFO: [ view_parse ] --START--
INFO: [ template_filter ] --START--
INFO: Run Behavior\ContentReplaceBehavior [ RunTime:0.000000s ]
INFO: [ template_filter ] --END-- [ RunTime:0.001000s ]
INFO: Run Behavior\ParseTemplateBehavior [ RunTime:0.008001s ]
INFO: [ view_parse ] --END-- [ RunTime:0.008001s ]
INFO: [ view_filter ] --START--
INFO: Run Behavior\WriteHtmlCacheBehavior [ RunTime:0.000000s ]
INFO: [ view_filter ] --END-- [ RunTime:0.000000s ]
INFO: [ app_end ] --START--
INFO: Run Behavior\ShowPageTraceBehavior [ RunTime:0.001000s ]
INFO: [ app_end ] --END-- [ RunTime:0.001000s ]

[ 2018-06-11T15:31:47+08:00 ] ::1 /no.4/shop/tp/index.php/Admin/Login/check.html
INFO: [ app_init ] --START--
INFO: Run Behavior\BuildLiteBehavior [ RunTime:0.000000s ]
INFO: [ app_init ] --END-- [ RunTime:0.001000s ]
INFO: [ app_begin ] --START--
INFO: Run Behavior\ReadHtmlCacheBehavior [ RunTime:0.000000s ]
INFO: [ app_begin ] --END-- [ RunTime:0.000000s ]
INFO: [ app_end ] --START--
INFO: Run Behavior\ShowPageTraceBehavior [ RunTime:0.001000s ]
INFO: [ app_end ] --END-- [ RunTime:0.001000s ]

