[ 2018-08-19T21:13:44+08:00 ] 127.0.0.1 /shop/tp/
INFO: [ app_init ] --START--
INFO: Run Behavior\BuildLiteBehavior [ RunTime:0.000000s ]
INFO: [ app_init ] --END-- [ RunTime:0.000000s ]
INFO: [ app_begin ] --START--
INFO: Run Behavior\ReadHtmlCacheBehavior [ RunTime:0.009001s ]
INFO: [ app_begin ] --END-- [ RunTime:0.010001s ]
INFO: [ view_parse ] --START--
INFO: [ template_filter ] --START--
INFO: Run Behavior\ContentReplaceBehavior [ RunTime:0.027001s ]
INFO: [ template_filter ] --END-- [ RunTime:0.027001s ]
INFO: Run Behavior\ParseTemplateBehavior [ RunTime:0.101005s ]
INFO: [ view_parse ] --END-- [ RunTime:0.102005s ]
INFO: [ view_filter ] --START--
INFO: Run Behavior\WriteHtmlCacheBehavior [ RunTime:0.000000s ]
INFO: [ view_filter ] --END-- [ RunTime:0.001001s ]
INFO: [ app_end ] --START--
INFO: Run Behavior\ShowPageTraceBehavior [ RunTime:0.001000s ]
INFO: [ app_end ] --END-- [ RunTime:0.001000s ]

[ 2018-08-19T21:13:44+08:00 ] 127.0.0.1 /shop/tp/index.php/Admin/Login/check.html
INFO: [ app_init ] --START--
INFO: Run Behavior\BuildLiteBehavior [ RunTime:0.000000s ]
INFO: [ app_init ] --END-- [ RunTime:0.002000s ]
INFO: [ app_begin ] --START--
INFO: Run Behavior\ReadHtmlCacheBehavior [ RunTime:0.001000s ]
INFO: [ app_begin ] --END-- [ RunTime:0.001000s ]
INFO: [ app_end ] --START--
INFO: Run Behavior\ShowPageTraceBehavior [ RunTime:0.001000s ]
INFO: [ app_end ] --END-- [ RunTime:0.001000s ]

[ 2018-08-19T21:15:13+08:00 ] 127.0.0.1 /shop/tp/
INFO: [ app_init ] --START--
INFO: Run Behavior\BuildLiteBehavior [ RunTime:0.000000s ]
INFO: [ app_init ] --END-- [ RunTime:0.001000s ]
INFO: [ app_begin ] --START--
INFO: Run Behavior\ReadHtmlCacheBehavior [ RunTime:0.001000s ]
INFO: [ app_begin ] --END-- [ RunTime:0.001000s ]
INFO: [ view_parse ] --START--
INFO: [ template_filter ] --START--
INFO: Run Behavior\ContentReplaceBehavior [ RunTime:0.000000s ]
INFO: [ template_filter ] --END-- [ RunTime:0.000000s ]
INFO: Run Behavior\ParseTemplateBehavior [ RunTime:0.010001s ]
INFO: [ view_parse ] --END-- [ RunTime:0.010001s ]
INFO: [ view_filter ] --START--
INFO: Run Behavior\WriteHtmlCacheBehavior [ RunTime:0.001000s ]
INFO: [ view_filter ] --END-- [ RunTime:0.001000s ]
INFO: [ app_end ] --START--
INFO: Run Behavior\ShowPageTraceBehavior [ RunTime:0.001000s ]
INFO: [ app_end ] --END-- [ RunTime:0.001000s ]

[ 2018-08-19T21:15:13+08:00 ] 127.0.0.1 /shop/tp/index.php/Admin/Login/check.html
INFO: [ app_init ] --START--
INFO: Run Behavior\BuildLiteBehavior [ RunTime:0.000000s ]
INFO: [ app_init ] --END-- [ RunTime:0.001000s ]
INFO: [ app_begin ] --START--
INFO: Run Behavior\ReadHtmlCacheBehavior [ RunTime:0.001000s ]
INFO: [ app_begin ] --END-- [ RunTime:0.002000s ]
INFO: [ app_end ] --START--
INFO: Run Behavior\ShowPageTraceBehavior [ RunTime:0.001000s ]
INFO: [ app_end ] --END-- [ RunTime:0.001000s ]

[ 2018-08-19T21:15:18+08:00 ] 127.0.0.1 /shop/tp/index.php/Admin/Login/check.html?function%20random()%20{%20[native%20code]%20}
INFO: [ app_init ] --START--
INFO: Run Behavior\BuildLiteBehavior [ RunTime:0.000000s ]
INFO: [ app_init ] --END-- [ RunTime:0.000000s ]
INFO: [ app_begin ] --START--
INFO: Run Behavior\ReadHtmlCacheBehavior [ RunTime:0.001000s ]
INFO: [ app_begin ] --END-- [ RunTime:0.001000s ]
INFO: [ app_end ] --START--
INFO: Run Behavior\ShowPageTraceBehavior [ RunTime:0.001000s ]
INFO: [ app_end ] --END-- [ RunTime:0.001000s ]

[ 2018-08-19T21:15:24+08:00 ] 127.0.0.1 /shop/tp/index.php/Admin/Login/Loging.html
INFO: [ app_init ] --START--
INFO: Run Behavior\BuildLiteBehavior [ RunTime:0.000000s ]
INFO: [ app_init ] --END-- [ RunTime:0.000000s ]
INFO: [ app_begin ] --START--
INFO: Run Behavior\ReadHtmlCacheBehavior [ RunTime:0.000000s ]
INFO: [ app_begin ] --END-- [ RunTime:0.000000s ]
SQL: SHOW COLUMNS FROM `admin` [ RunTime:0.0280s ]
SQL: SELECT * FROM `admin` WHERE ( admin_name='admin' ) LIMIT 1   [ RunTime:0.0000s ]
INFO: [ view_parse ] --START--
INFO: [ template_filter ] --START--
INFO: Run Behavior\ContentReplaceBehavior [ RunTime:0.000000s ]
INFO: [ template_filter ] --END-- [ RunTime:0.000000s ]
INFO: Run Behavior\ParseTemplateBehavior [ RunTime:0.027002s ]
INFO: [ view_parse ] --END-- [ RunTime:0.028002s ]
INFO: [ view_filter ] --START--
INFO: Run Behavior\WriteHtmlCacheBehavior [ RunTime:0.000000s ]
INFO: [ view_filter ] --END-- [ RunTime:0.000000s ]

[ 2018-08-19T21:16:00+08:00 ] 127.0.0.1 /shop/tp/
INFO: [ app_init ] --START--
INFO: Run Behavior\BuildLiteBehavior [ RunTime:0.000000s ]
INFO: [ app_init ] --END-- [ RunTime:0.001000s ]
INFO: [ app_begin ] --START--
INFO: Run Behavior\ReadHtmlCacheBehavior [ RunTime:0.000000s ]
INFO: [ app_begin ] --END-- [ RunTime:0.001000s ]
INFO: [ view_parse ] --START--
INFO: [ template_filter ] --START--
INFO: Run Behavior\ContentReplaceBehavior [ RunTime:0.000000s ]
INFO: [ template_filter ] --END-- [ RunTime:0.000000s ]
INFO: Run Behavior\ParseTemplateBehavior [ RunTime:0.010000s ]
INFO: [ view_parse ] --END-- [ RunTime:0.010000s ]
INFO: [ view_filter ] --START--
INFO: Run Behavior\WriteHtmlCacheBehavior [ RunTime:0.001000s ]
INFO: [ view_filter ] --END-- [ RunTime:0.001000s ]
INFO: [ app_end ] --START--
INFO: Run Behavior\ShowPageTraceBehavior [ RunTime:0.001001s ]
INFO: [ app_end ] --END-- [ RunTime:0.001001s ]

[ 2018-08-19T21:16:00+08:00 ] 127.0.0.1 /shop/tp/index.php/Admin/Login/check.html
INFO: [ app_init ] --START--
INFO: Run Behavior\BuildLiteBehavior [ RunTime:0.000000s ]
INFO: [ app_init ] --END-- [ RunTime:0.000000s ]
INFO: [ app_begin ] --START--
INFO: Run Behavior\ReadHtmlCacheBehavior [ RunTime:0.000000s ]
INFO: [ app_begin ] --END-- [ RunTime:0.002000s ]
INFO: [ app_end ] --START--
INFO: Run Behavior\ShowPageTraceBehavior [ RunTime:0.001001s ]
INFO: [ app_end ] --END-- [ RunTime:0.001001s ]

[ 2018-08-19T21:16:07+08:00 ] 127.0.0.1 /shop/tp/index.php/Admin/Login/Loging.html
INFO: [ app_init ] --START--
INFO: Run Behavior\BuildLiteBehavior [ RunTime:0.000000s ]
INFO: [ app_init ] --END-- [ RunTime:0.000000s ]
INFO: [ app_begin ] --START--
INFO: Run Behavior\ReadHtmlCacheBehavior [ RunTime:0.002001s ]
INFO: [ app_begin ] --END-- [ RunTime:0.002001s ]
SQL: SHOW COLUMNS FROM `admin` [ RunTime:0.0010s ]
SQL: SELECT * FROM `admin` WHERE ( admin_name='root' ) LIMIT 1   [ RunTime:0.0010s ]
INFO: [ view_parse ] --START--
INFO: [ template_filter ] --START--
INFO: Run Behavior\ContentReplaceBehavior [ RunTime:0.000000s ]
INFO: [ template_filter ] --END-- [ RunTime:0.000000s ]
INFO: Run Behavior\ParseTemplateBehavior [ RunTime:0.016001s ]
INFO: [ view_parse ] --END-- [ RunTime:0.016001s ]
INFO: [ view_filter ] --START--
INFO: Run Behavior\WriteHtmlCacheBehavior [ RunTime:0.001000s ]
INFO: [ view_filter ] --END-- [ RunTime:0.001000s ]
INFO: [ app_end ] --START--
INFO: Run Behavior\ShowPageTraceBehavior [ RunTime:0.001000s ]
INFO: [ app_end ] --END-- [ RunTime:0.001000s ]

[ 2018-08-19T21:16:09+08:00 ] 127.0.0.1 /shop/tp/index.php/Admin/Index/Index.html
INFO: [ app_init ] --START--
INFO: Run Behavior\BuildLiteBehavior [ RunTime:0.000000s ]
INFO: [ app_init ] --END-- [ RunTime:0.000000s ]
INFO: [ app_begin ] --START--
INFO: Run Behavior\ReadHtmlCacheBehavior [ RunTime:0.001000s ]
INFO: [ app_begin ] --END-- [ RunTime:0.002000s ]
INFO: [ view_parse ] --START--
INFO: [ template_filter ] --START--
INFO: Run Behavior\ContentReplaceBehavior [ RunTime:0.000000s ]
INFO: [ template_filter ] --END-- [ RunTime:0.000000s ]
INFO: Run Behavior\ParseTemplateBehavior [ RunTime:0.024001s ]
INFO: [ view_parse ] --END-- [ RunTime:0.025002s ]
INFO: [ view_filter ] --START--
INFO: Run Behavior\WriteHtmlCacheBehavior [ RunTime:0.001000s ]
INFO: [ view_filter ] --END-- [ RunTime:0.001000s ]
INFO: [ app_end ] --START--
INFO: Run Behavior\ShowPageTraceBehavior [ RunTime:0.002000s ]
INFO: [ app_end ] --END-- [ RunTime:0.002000s ]

[ 2018-08-19T21:16:09+08:00 ] 127.0.0.1 /shop/tp/index.php/Admin/Index/assets/js/amazeui.min.js
INFO: [ app_init ] --START--
INFO: Run Behavior\BuildLiteBehavior [ RunTime:0.000000s ]
INFO: [ app_init ] --END-- [ RunTime:0.001000s ]
INFO: [ app_begin ] --START--
INFO: Run Behavior\ReadHtmlCacheBehavior [ RunTime:0.000000s ]
INFO: [ app_begin ] --END-- [ RunTime:0.001000s ]
ERR: 非法操作:assets

[ 2018-08-19T21:16:09+08:00 ] 127.0.0.1 /shop/tp/index.php/Admin/Index/assets/js/amazeui.min.js
INFO: [ app_init ] --START--
INFO: Run Behavior\BuildLiteBehavior [ RunTime:0.000000s ]
INFO: [ app_init ] --END-- [ RunTime:0.001000s ]
INFO: [ app_begin ] --START--
INFO: Run Behavior\ReadHtmlCacheBehavior [ RunTime:0.000000s ]
INFO: [ app_begin ] --END-- [ RunTime:0.000000s ]
ERR: 非法操作:assets

[ 2018-08-19T21:16:14+08:00 ] 127.0.0.1 /shop/tp/index.php/Admin/Goods/goods_list.html
INFO: [ app_init ] --START--
INFO: Run Behavior\BuildLiteBehavior [ RunTime:0.000000s ]
INFO: [ app_init ] --END-- [ RunTime:0.000000s ]
INFO: [ app_begin ] --START--
INFO: Run Behavior\ReadHtmlCacheBehavior [ RunTime:0.000000s ]
INFO: [ app_begin ] --END-- [ RunTime:0.000000s ]
SQL: SHOW COLUMNS FROM `goods` [ RunTime:0.0020s ]
SQL: SELECT * FROM `goods`  [ RunTime:0.0000s ]
INFO: [ view_parse ] --START--
INFO: [ template_filter ] --START--
INFO: Run Behavior\ContentReplaceBehavior [ RunTime:0.000000s ]
INFO: [ template_filter ] --END-- [ RunTime:0.000000s ]
NOTIC: [8] Undefined index: cat_id F:\wamp64\www\no.4\shop\tp\application\Runtime\Cache\Admin\c9f40c1b5eab415204c33cbf77d93766.php 第 220 行.
NOTIC: [8] Undefined index: is_is_on_sale F:\wamp64\www\no.4\shop\tp\application\Runtime\Cache\Admin\c9f40c1b5eab415204c33cbf77d93766.php 第 225 行.
NOTIC: [8] Undefined index: cat_id F:\wamp64\www\no.4\shop\tp\application\Runtime\Cache\Admin\c9f40c1b5eab415204c33cbf77d93766.php 第 235 行.
NOTIC: [8] Undefined index: cat_id F:\wamp64\www\no.4\shop\tp\application\Runtime\Cache\Admin\c9f40c1b5eab415204c33cbf77d93766.php 第 236 行.
NOTIC: [8] Undefined index: cat_id F:\wamp64\www\no.4\shop\tp\application\Runtime\Cache\Admin\c9f40c1b5eab415204c33cbf77d93766.php 第 220 行.
NOTIC: [8] Undefined index: is_is_on_sale F:\wamp64\www\no.4\shop\tp\application\Runtime\Cache\Admin\c9f40c1b5eab415204c33cbf77d93766.php 第 225 行.
NOTIC: [8] Undefined index: cat_id F:\wamp64\www\no.4\shop\tp\application\Runtime\Cache\Admin\c9f40c1b5eab415204c33cbf77d93766.php 第 235 行.
NOTIC: [8] Undefined index: cat_id F:\wamp64\www\no.4\shop\tp\application\Runtime\Cache\Admin\c9f40c1b5eab415204c33cbf77d93766.php 第 236 行.
NOTIC: [8] Undefined index: cat_id F:\wamp64\www\no.4\shop\tp\application\Runtime\Cache\Admin\c9f40c1b5eab415204c33cbf77d93766.php 第 220 行.
NOTIC: [8] Undefined index: is_is_on_sale F:\wamp64\www\no.4\shop\tp\application\Runtime\Cache\Admin\c9f40c1b5eab415204c33cbf77d93766.php 第 225 行.
NOTIC: [8] Undefined index: cat_id F:\wamp64\www\no.4\shop\tp\application\Runtime\Cache\Admin\c9f40c1b5eab415204c33cbf77d93766.php 第 235 行.
NOTIC: [8] Undefined index: cat_id F:\wamp64\www\no.4\shop\tp\application\Runtime\Cache\Admin\c9f40c1b5eab415204c33cbf77d93766.php 第 236 行.
NOTIC: [8] Undefined index: cat_id F:\wamp64\www\no.4\shop\tp\application\Runtime\Cache\Admin\c9f40c1b5eab415204c33cbf77d93766.php 第 220 行.
NOTIC: [8] Undefined index: is_is_on_sale F:\wamp64\www\no.4\shop\tp\application\Runtime\Cache\Admin\c9f40c1b5eab415204c33cbf77d93766.php 第 225 行.
NOTIC: [8] Undefined index: cat_id F:\wamp64\www\no.4\shop\tp\application\Runtime\Cache\Admin\c9f40c1b5eab415204c33cbf77d93766.php 第 235 行.
NOTIC: [8] Undefined index: cat_id F:\wamp64\www\no.4\shop\tp\application\Runtime\Cache\Admin\c9f40c1b5eab415204c33cbf77d93766.php 第 236 行.
NOTIC: [8] Undefined variable: show F:\wamp64\www\no.4\shop\tp\application\Runtime\Cache\Admin\c9f40c1b5eab415204c33cbf77d93766.php 第 256 行.
INFO: Run Behavior\ParseTemplateBehavior [ RunTime:0.022001s ]
INFO: [ view_parse ] --END-- [ RunTime:0.023001s ]
INFO: [ view_filter ] --START--
INFO: Run Behavior\WriteHtmlCacheBehavior [ RunTime:0.001000s ]
INFO: [ view_filter ] --END-- [ RunTime:0.001000s ]
INFO: [ app_end ] --START--
INFO: Run Behavior\ShowPageTraceBehavior [ RunTime:0.002000s ]
INFO: [ app_end ] --END-- [ RunTime:0.003001s ]

[ 2018-08-19T21:16:31+08:00 ] 127.0.0.1 /shop/tp/index.php/Admin/Goods/goods_list.html
INFO: [ app_init ] --START--
INFO: Run Behavior\BuildLiteBehavior [ RunTime:0.000000s ]
INFO: [ app_init ] --END-- [ RunTime:0.001001s ]
INFO: [ app_begin ] --START--
INFO: Run Behavior\ReadHtmlCacheBehavior [ RunTime:0.000000s ]
INFO: [ app_begin ] --END-- [ RunTime:0.000000s ]
SQL: SHOW COLUMNS FROM `goods` [ RunTime:0.0030s ]
SQL: SELECT * FROM `goods`  [ RunTime:0.0010s ]
INFO: [ view_parse ] --START--
INFO: [ template_filter ] --START--
INFO: Run Behavior\ContentReplaceBehavior [ RunTime:0.001000s ]
INFO: [ template_filter ] --END-- [ RunTime:0.001000s ]
NOTIC: [8] Undefined index: cat_id F:\wamp64\www\no.4\shop\tp\application\Runtime\Cache\Admin\c9f40c1b5eab415204c33cbf77d93766.php 第 220 行.
NOTIC: [8] Undefined index: is_is_on_sale F:\wamp64\www\no.4\shop\tp\application\Runtime\Cache\Admin\c9f40c1b5eab415204c33cbf77d93766.php 第 225 行.
NOTIC: [8] Undefined index: cat_id F:\wamp64\www\no.4\shop\tp\application\Runtime\Cache\Admin\c9f40c1b5eab415204c33cbf77d93766.php 第 235 行.
NOTIC: [8] Undefined index: cat_id F:\wamp64\www\no.4\shop\tp\application\Runtime\Cache\Admin\c9f40c1b5eab415204c33cbf77d93766.php 第 236 行.
NOTIC: [8] Undefined index: cat_id F:\wamp64\www\no.4\shop\tp\application\Runtime\Cache\Admin\c9f40c1b5eab415204c33cbf77d93766.php 第 220 行.
NOTIC: [8] Undefined index: is_is_on_sale F:\wamp64\www\no.4\shop\tp\application\Runtime\Cache\Admin\c9f40c1b5eab415204c33cbf77d93766.php 第 225 行.
NOTIC: [8] Undefined index: cat_id F:\wamp64\www\no.4\shop\tp\application\Runtime\Cache\Admin\c9f40c1b5eab415204c33cbf77d93766.php 第 235 行.
NOTIC: [8] Undefined index: cat_id F:\wamp64\www\no.4\shop\tp\application\Runtime\Cache\Admin\c9f40c1b5eab415204c33cbf77d93766.php 第 236 行.
NOTIC: [8] Undefined index: cat_id F:\wamp64\www\no.4\shop\tp\application\Runtime\Cache\Admin\c9f40c1b5eab415204c33cbf77d93766.php 第 220 行.
NOTIC: [8] Undefined index: is_is_on_sale F:\wamp64\www\no.4\shop\tp\application\Runtime\Cache\Admin\c9f40c1b5eab415204c33cbf77d93766.php 第 225 行.
NOTIC: [8] Undefined index: cat_id F:\wamp64\www\no.4\shop\tp\application\Runtime\Cache\Admin\c9f40c1b5eab415204c33cbf77d93766.php 第 235 行.
NOTIC: [8] Undefined index: cat_id F:\wamp64\www\no.4\shop\tp\application\Runtime\Cache\Admin\c9f40c1b5eab415204c33cbf77d93766.php 第 236 行.
NOTIC: [8] Undefined index: cat_id F:\wamp64\www\no.4\shop\tp\application\Runtime\Cache\Admin\c9f40c1b5eab415204c33cbf77d93766.php 第 220 行.
NOTIC: [8] Undefined index: is_is_on_sale F:\wamp64\www\no.4\shop\tp\application\Runtime\Cache\Admin\c9f40c1b5eab415204c33cbf77d93766.php 第 225 行.
NOTIC: [8] Undefined index: cat_id F:\wamp64\www\no.4\shop\tp\application\Runtime\Cache\Admin\c9f40c1b5eab415204c33cbf77d93766.php 第 235 行.
NOTIC: [8] Undefined index: cat_id F:\wamp64\www\no.4\shop\tp\application\Runtime\Cache\Admin\c9f40c1b5eab415204c33cbf77d93766.php 第 236 行.
NOTIC: [8] Undefined variable: show F:\wamp64\www\no.4\shop\tp\application\Runtime\Cache\Admin\c9f40c1b5eab415204c33cbf77d93766.php 第 256 行.
INFO: Run Behavior\ParseTemplateBehavior [ RunTime:0.021001s ]
INFO: [ view_parse ] --END-- [ RunTime:0.021001s ]
INFO: [ view_filter ] --START--
INFO: Run Behavior\WriteHtmlCacheBehavior [ RunTime:0.000000s ]
INFO: [ view_filter ] --END-- [ RunTime:0.001000s ]
INFO: [ app_end ] --START--
INFO: Run Behavior\ShowPageTraceBehavior [ RunTime:0.001000s ]
INFO: [ app_end ] --END-- [ RunTime:0.001000s ]

[ 2018-08-19T21:21:58+08:00 ] 127.0.0.1 /shop/tp/index.php/Admin/Goods/goods_add.html
INFO: [ app_init ] --START--
INFO: Run Behavior\BuildLiteBehavior [ RunTime:0.000000s ]
INFO: [ app_init ] --END-- [ RunTime:0.001000s ]
INFO: [ app_begin ] --START--
INFO: Run Behavior\ReadHtmlCacheBehavior [ RunTime:0.001000s ]
INFO: [ app_begin ] --END-- [ RunTime:0.001000s ]
SQL: SHOW COLUMNS FROM `category` [ RunTime:0.0000s ]
SQL: SELECT * FROM `category`  [ RunTime:0.0000s ]
SQL: SHOW COLUMNS FROM `brand` [ RunTime:0.0010s ]
SQL: SELECT * FROM `brand`  [ RunTime:0.0000s ]
SQL: SHOW COLUMNS FROM `goods_type` [ RunTime:0.0230s ]
SQL: SELECT * FROM `goods_type`  [ RunTime:0.0000s ]
INFO: [ view_parse ] --START--
INFO: [ template_filter ] --START--
INFO: Run Behavior\ContentReplaceBehavior [ RunTime:0.000000s ]
INFO: [ template_filter ] --END-- [ RunTime:0.000000s ]
INFO: Run Behavior\ParseTemplateBehavior [ RunTime:0.047002s ]
INFO: [ view_parse ] --END-- [ RunTime:0.047002s ]
INFO: [ view_filter ] --START--
INFO: Run Behavior\WriteHtmlCacheBehavior [ RunTime:0.001001s ]
INFO: [ view_filter ] --END-- [ RunTime:0.001001s ]
INFO: [ app_end ] --START--
INFO: Run Behavior\ShowPageTraceBehavior [ RunTime:0.001000s ]
INFO: [ app_end ] --END-- [ RunTime:0.002000s ]

