[ 2018-07-03T21:50:23+08:00 ] 127.0.0.1 /shop/tp/
INFO: [ app_init ] --START--
INFO: Run Behavior\BuildLiteBehavior [ RunTime:0.000000s ]
INFO: [ app_init ] --END-- [ RunTime:0.002000s ]
INFO: [ app_begin ] --START--
INFO: Run Behavior\ReadHtmlCacheBehavior [ RunTime:0.003000s ]
INFO: [ app_begin ] --END-- [ RunTime:0.003000s ]
INFO: [ view_parse ] --START--
INFO: [ template_filter ] --START--
INFO: Run Behavior\ContentReplaceBehavior [ RunTime:0.000000s ]
INFO: [ template_filter ] --END-- [ RunTime:0.001000s ]
INFO: Run Behavior\ParseTemplateBehavior [ RunTime:0.036002s ]
INFO: [ view_parse ] --END-- [ RunTime:0.036002s ]
INFO: [ view_filter ] --START--
INFO: Run Behavior\WriteHtmlCacheBehavior [ RunTime:0.001000s ]
INFO: [ view_filter ] --END-- [ RunTime:0.001000s ]
INFO: [ app_end ] --START--
INFO: Run Behavior\ShowPageTraceBehavior [ RunTime:0.001000s ]
INFO: [ app_end ] --END-- [ RunTime:0.002000s ]

[ 2018-07-03T21:50:23+08:00 ] 127.0.0.1 /shop/tp/index.php/Admin/Login/check.html
INFO: [ app_init ] --START--
INFO: Run Behavior\BuildLiteBehavior [ RunTime:0.000000s ]
INFO: [ app_init ] --END-- [ RunTime:0.002000s ]
INFO: [ app_begin ] --START--
INFO: Run Behavior\ReadHtmlCacheBehavior [ RunTime:0.001000s ]
INFO: [ app_begin ] --END-- [ RunTime:0.002000s ]
INFO: [ app_end ] --START--
INFO: Run Behavior\ShowPageTraceBehavior [ RunTime:0.001000s ]
INFO: [ app_end ] --END-- [ RunTime:0.002000s ]

[ 2018-07-03T21:50:35+08:00 ] 127.0.0.1 /shop/tp/index.php/Admin/Login/check.html?function%20random()%20{%20%20%20%20[native%20code]}
INFO: [ app_init ] --START--
INFO: Run Behavior\BuildLiteBehavior [ RunTime:0.000000s ]
INFO: [ app_init ] --END-- [ RunTime:0.001000s ]
INFO: [ app_begin ] --START--
INFO: Run Behavior\ReadHtmlCacheBehavior [ RunTime:0.001001s ]
INFO: [ app_begin ] --END-- [ RunTime:0.001001s ]
INFO: [ app_end ] --START--
INFO: Run Behavior\ShowPageTraceBehavior [ RunTime:0.002000s ]
INFO: [ app_end ] --END-- [ RunTime:0.002000s ]

[ 2018-07-03T21:50:36+08:00 ] 127.0.0.1 /shop/tp/index.php/Admin/Login/check.html?function%20random()%20{%20%20%20%20[native%20code]}?function%20random()%20{%20%20%20%20[native%20code]}
INFO: [ app_init ] --START--
INFO: Run Behavior\BuildLiteBehavior [ RunTime:0.000000s ]
INFO: [ app_init ] --END-- [ RunTime:0.000000s ]
INFO: [ app_begin ] --START--
INFO: Run Behavior\ReadHtmlCacheBehavior [ RunTime:0.001000s ]
INFO: [ app_begin ] --END-- [ RunTime:0.002000s ]
INFO: [ app_end ] --START--
INFO: Run Behavior\ShowPageTraceBehavior [ RunTime:0.002001s ]
INFO: [ app_end ] --END-- [ RunTime:0.002001s ]

[ 2018-07-03T21:50:39+08:00 ] 127.0.0.1 /shop/tp/index.php/Admin/Login/Loging.html
INFO: [ app_init ] --START--
INFO: Run Behavior\BuildLiteBehavior [ RunTime:0.000000s ]
INFO: [ app_init ] --END-- [ RunTime:0.001000s ]
INFO: [ app_begin ] --START--
INFO: Run Behavior\ReadHtmlCacheBehavior [ RunTime:0.002000s ]
INFO: [ app_begin ] --END-- [ RunTime:0.002000s ]
SQL: SHOW COLUMNS FROM `admin` [ RunTime:0.0240s ]
SQL: SELECT * FROM `admin` WHERE ( admin_name='371675626@qq.com' ) LIMIT 1   [ RunTime:0.0000s ]
INFO: [ view_parse ] --START--
INFO: [ template_filter ] --START--
INFO: Run Behavior\ContentReplaceBehavior [ RunTime:0.000000s ]
INFO: [ template_filter ] --END-- [ RunTime:0.000000s ]
INFO: Run Behavior\ParseTemplateBehavior [ RunTime:0.030001s ]
INFO: [ view_parse ] --END-- [ RunTime:0.030001s ]
INFO: [ view_filter ] --START--
INFO: Run Behavior\WriteHtmlCacheBehavior [ RunTime:0.000000s ]
INFO: [ view_filter ] --END-- [ RunTime:0.001000s ]
INFO: [ app_end ] --START--
INFO: Run Behavior\ShowPageTraceBehavior [ RunTime:0.001001s ]
INFO: [ app_end ] --END-- [ RunTime:0.001001s ]

[ 2018-07-03T21:50:40+08:00 ] 127.0.0.1 /shop/tp/index.php/Admin/Index/Index.html
INFO: [ app_init ] --START--
INFO: Run Behavior\BuildLiteBehavior [ RunTime:0.000000s ]
INFO: [ app_init ] --END-- [ RunTime:0.001000s ]
INFO: [ app_begin ] --START--
INFO: Run Behavior\ReadHtmlCacheBehavior [ RunTime:0.002000s ]
INFO: [ app_begin ] --END-- [ RunTime:0.002000s ]
INFO: [ view_parse ] --START--
INFO: [ template_filter ] --START--
INFO: Run Behavior\ContentReplaceBehavior [ RunTime:0.000000s ]
INFO: [ template_filter ] --END-- [ RunTime:0.000000s ]
INFO: Run Behavior\ParseTemplateBehavior [ RunTime:0.024002s ]
INFO: [ view_parse ] --END-- [ RunTime:0.024002s ]
INFO: [ view_filter ] --START--
INFO: Run Behavior\WriteHtmlCacheBehavior [ RunTime:0.001000s ]
INFO: [ view_filter ] --END-- [ RunTime:0.001000s ]
INFO: [ app_end ] --START--
INFO: Run Behavior\ShowPageTraceBehavior [ RunTime:0.001000s ]
INFO: [ app_end ] --END-- [ RunTime:0.002000s ]

[ 2018-07-03T21:50:40+08:00 ] 127.0.0.1 /shop/tp/index.php/Admin/Index/assets/js/amazeui.min.js
INFO: [ app_init ] --START--
INFO: Run Behavior\BuildLiteBehavior [ RunTime:0.000000s ]
INFO: [ app_init ] --END-- [ RunTime:0.001000s ]
INFO: [ app_begin ] --START--
INFO: Run Behavior\ReadHtmlCacheBehavior [ RunTime:0.002000s ]
INFO: [ app_begin ] --END-- [ RunTime:0.002000s ]
ERR: 非法操作:assets

[ 2018-07-03T21:50:42+08:00 ] 127.0.0.1 /shop/tp/index.php/Admin/Goods/goods_list.html
INFO: [ app_init ] --START--
INFO: Run Behavior\BuildLiteBehavior [ RunTime:0.000000s ]
INFO: [ app_init ] --END-- [ RunTime:0.001000s ]
INFO: [ app_begin ] --START--
INFO: Run Behavior\ReadHtmlCacheBehavior [ RunTime:0.001000s ]
INFO: [ app_begin ] --END-- [ RunTime:0.001000s ]
SQL: SHOW COLUMNS FROM `goods` [ RunTime:0.0840s ]
SQL: SELECT * FROM `goods`  [ RunTime:0.0010s ]
INFO: [ view_parse ] --START--
INFO: [ template_filter ] --START--
INFO: Run Behavior\ContentReplaceBehavior [ RunTime:0.001000s ]
INFO: [ template_filter ] --END-- [ RunTime:0.001000s ]
NOTIC: [8] Undefined index: cat_id F:\wamp64\www\no.4\shop\tp\application\Runtime\Cache\Admin\c9f40c1b5eab415204c33cbf77d93766.php 第 220 行.
NOTIC: [8] Undefined index: is_is_on_sale F:\wamp64\www\no.4\shop\tp\application\Runtime\Cache\Admin\c9f40c1b5eab415204c33cbf77d93766.php 第 225 行.
NOTIC: [8] Undefined index: cat_id F:\wamp64\www\no.4\shop\tp\application\Runtime\Cache\Admin\c9f40c1b5eab415204c33cbf77d93766.php 第 235 行.
NOTIC: [8] Undefined index: cat_id F:\wamp64\www\no.4\shop\tp\application\Runtime\Cache\Admin\c9f40c1b5eab415204c33cbf77d93766.php 第 236 行.
NOTIC: [8] Undefined index: cat_id F:\wamp64\www\no.4\shop\tp\application\Runtime\Cache\Admin\c9f40c1b5eab415204c33cbf77d93766.php 第 220 行.
NOTIC: [8] Undefined index: is_is_on_sale F:\wamp64\www\no.4\shop\tp\application\Runtime\Cache\Admin\c9f40c1b5eab415204c33cbf77d93766.php 第 225 行.
NOTIC: [8] Undefined index: cat_id F:\wamp64\www\no.4\shop\tp\application\Runtime\Cache\Admin\c9f40c1b5eab415204c33cbf77d93766.php 第 235 行.
NOTIC: [8] Undefined index: cat_id F:\wamp64\www\no.4\shop\tp\application\Runtime\Cache\Admin\c9f40c1b5eab415204c33cbf77d93766.php 第 236 行.
NOTIC: [8] Undefined index: cat_id F:\wamp64\www\no.4\shop\tp\application\Runtime\Cache\Admin\c9f40c1b5eab415204c33cbf77d93766.php 第 220 行.
NOTIC: [8] Undefined index: is_is_on_sale F:\wamp64\www\no.4\shop\tp\application\Runtime\Cache\Admin\c9f40c1b5eab415204c33cbf77d93766.php 第 225 行.
NOTIC: [8] Undefined index: cat_id F:\wamp64\www\no.4\shop\tp\application\Runtime\Cache\Admin\c9f40c1b5eab415204c33cbf77d93766.php 第 235 行.
NOTIC: [8] Undefined index: cat_id F:\wamp64\www\no.4\shop\tp\application\Runtime\Cache\Admin\c9f40c1b5eab415204c33cbf77d93766.php 第 236 行.
NOTIC: [8] Undefined index: cat_id F:\wamp64\www\no.4\shop\tp\application\Runtime\Cache\Admin\c9f40c1b5eab415204c33cbf77d93766.php 第 220 行.
NOTIC: [8] Undefined index: is_is_on_sale F:\wamp64\www\no.4\shop\tp\application\Runtime\Cache\Admin\c9f40c1b5eab415204c33cbf77d93766.php 第 225 行.
NOTIC: [8] Undefined index: cat_id F:\wamp64\www\no.4\shop\tp\application\Runtime\Cache\Admin\c9f40c1b5eab415204c33cbf77d93766.php 第 235 行.
NOTIC: [8] Undefined index: cat_id F:\wamp64\www\no.4\shop\tp\application\Runtime\Cache\Admin\c9f40c1b5eab415204c33cbf77d93766.php 第 236 行.
NOTIC: [8] Undefined variable: show F:\wamp64\www\no.4\shop\tp\application\Runtime\Cache\Admin\c9f40c1b5eab415204c33cbf77d93766.php 第 256 行.
INFO: Run Behavior\ParseTemplateBehavior [ RunTime:0.039002s ]
INFO: [ view_parse ] --END-- [ RunTime:0.039002s ]
INFO: [ view_filter ] --START--
INFO: Run Behavior\WriteHtmlCacheBehavior [ RunTime:0.001000s ]
INFO: [ view_filter ] --END-- [ RunTime:0.001000s ]
INFO: [ app_end ] --START--
INFO: Run Behavior\ShowPageTraceBehavior [ RunTime:0.001000s ]
INFO: [ app_end ] --END-- [ RunTime:0.001000s ]

[ 2018-07-03T21:50:44+08:00 ] 127.0.0.1 /shop/tp/index.php/Admin/Goods/goods_add.html
INFO: [ app_init ] --START--
INFO: Run Behavior\BuildLiteBehavior [ RunTime:0.000000s ]
INFO: [ app_init ] --END-- [ RunTime:0.002000s ]
INFO: [ app_begin ] --START--
INFO: Run Behavior\ReadHtmlCacheBehavior [ RunTime:0.001000s ]
INFO: [ app_begin ] --END-- [ RunTime:0.002000s ]
SQL: SHOW COLUMNS FROM `category` [ RunTime:0.0160s ]
SQL: SELECT * FROM `category`  [ RunTime:0.0000s ]
SQL: SHOW COLUMNS FROM `brand` [ RunTime:0.0020s ]
SQL: SELECT * FROM `brand`  [ RunTime:0.0010s ]
SQL: SHOW COLUMNS FROM `goods_type` [ RunTime:0.0020s ]
SQL: SELECT * FROM `goods_type`  [ RunTime:0.0010s ]
INFO: [ view_parse ] --START--
INFO: [ template_filter ] --START--
INFO: Run Behavior\ContentReplaceBehavior [ RunTime:0.000000s ]
INFO: [ template_filter ] --END-- [ RunTime:0.000000s ]
INFO: Run Behavior\ParseTemplateBehavior [ RunTime:0.037003s ]
INFO: [ view_parse ] --END-- [ RunTime:0.037003s ]
INFO: [ view_filter ] --START--
INFO: Run Behavior\WriteHtmlCacheBehavior [ RunTime:0.001000s ]
INFO: [ view_filter ] --END-- [ RunTime:0.002000s ]
INFO: [ app_end ] --START--
INFO: Run Behavior\ShowPageTraceBehavior [ RunTime:0.001000s ]
INFO: [ app_end ] --END-- [ RunTime:0.001000s ]

[ 2018-07-03T21:50:45+08:00 ] 127.0.0.1 /shop/tp/index.php/Admin/Category/category_list.html
INFO: [ app_init ] --START--
INFO: Run Behavior\BuildLiteBehavior [ RunTime:0.000000s ]
INFO: [ app_init ] --END-- [ RunTime:0.001000s ]
INFO: [ app_begin ] --START--
INFO: Run Behavior\ReadHtmlCacheBehavior [ RunTime:0.001000s ]
INFO: [ app_begin ] --END-- [ RunTime:0.002000s ]
SQL: SHOW COLUMNS FROM `category` [ RunTime:0.0000s ]
SQL: SELECT * FROM `category`  [ RunTime:0.0010s ]
INFO: [ view_parse ] --START--
INFO: [ template_filter ] --START--
INFO: Run Behavior\ContentReplaceBehavior [ RunTime:0.001000s ]
INFO: [ template_filter ] --END-- [ RunTime:0.001000s ]
NOTIC: [8] Undefined index: cat_id F:\wamp64\www\no.4\shop\tp\application\Runtime\Cache\Admin\3860e7181d24782557f20df9ecd7ba00.php 第 218 行.
NOTIC: [8] Undefined index: cat_id F:\wamp64\www\no.4\shop\tp\application\Runtime\Cache\Admin\3860e7181d24782557f20df9ecd7ba00.php 第 219 行.
NOTIC: [8] Undefined index: cat_id F:\wamp64\www\no.4\shop\tp\application\Runtime\Cache\Admin\3860e7181d24782557f20df9ecd7ba00.php 第 231 行.
NOTIC: [8] Undefined index: cat_id F:\wamp64\www\no.4\shop\tp\application\Runtime\Cache\Admin\3860e7181d24782557f20df9ecd7ba00.php 第 232 行.
NOTIC: [8] Undefined index: cat_id F:\wamp64\www\no.4\shop\tp\application\Runtime\Cache\Admin\3860e7181d24782557f20df9ecd7ba00.php 第 218 行.
NOTIC: [8] Undefined index: cat_id F:\wamp64\www\no.4\shop\tp\application\Runtime\Cache\Admin\3860e7181d24782557f20df9ecd7ba00.php 第 219 行.
NOTIC: [8] Undefined index: cat_id F:\wamp64\www\no.4\shop\tp\application\Runtime\Cache\Admin\3860e7181d24782557f20df9ecd7ba00.php 第 231 行.
NOTIC: [8] Undefined index: cat_id F:\wamp64\www\no.4\shop\tp\application\Runtime\Cache\Admin\3860e7181d24782557f20df9ecd7ba00.php 第 232 行.
NOTIC: [8] Undefined index: cat_id F:\wamp64\www\no.4\shop\tp\application\Runtime\Cache\Admin\3860e7181d24782557f20df9ecd7ba00.php 第 218 行.
NOTIC: [8] Undefined index: cat_id F:\wamp64\www\no.4\shop\tp\application\Runtime\Cache\Admin\3860e7181d24782557f20df9ecd7ba00.php 第 219 行.
NOTIC: [8] Undefined index: cat_id F:\wamp64\www\no.4\shop\tp\application\Runtime\Cache\Admin\3860e7181d24782557f20df9ecd7ba00.php 第 231 行.
NOTIC: [8] Undefined index: cat_id F:\wamp64\www\no.4\shop\tp\application\Runtime\Cache\Admin\3860e7181d24782557f20df9ecd7ba00.php 第 232 行.
NOTIC: [8] Undefined index: cat_id F:\wamp64\www\no.4\shop\tp\application\Runtime\Cache\Admin\3860e7181d24782557f20df9ecd7ba00.php 第 218 行.
NOTIC: [8] Undefined index: cat_id F:\wamp64\www\no.4\shop\tp\application\Runtime\Cache\Admin\3860e7181d24782557f20df9ecd7ba00.php 第 219 行.
NOTIC: [8] Undefined index: cat_id F:\wamp64\www\no.4\shop\tp\application\Runtime\Cache\Admin\3860e7181d24782557f20df9ecd7ba00.php 第 231 行.
NOTIC: [8] Undefined index: cat_id F:\wamp64\www\no.4\shop\tp\application\Runtime\Cache\Admin\3860e7181d24782557f20df9ecd7ba00.php 第 232 行.
NOTIC: [8] Undefined index: cat_id F:\wamp64\www\no.4\shop\tp\application\Runtime\Cache\Admin\3860e7181d24782557f20df9ecd7ba00.php 第 218 行.
NOTIC: [8] Undefined index: cat_id F:\wamp64\www\no.4\shop\tp\application\Runtime\Cache\Admin\3860e7181d24782557f20df9ecd7ba00.php 第 219 行.
NOTIC: [8] Undefined index: cat_id F:\wamp64\www\no.4\shop\tp\application\Runtime\Cache\Admin\3860e7181d24782557f20df9ecd7ba00.php 第 231 行.
NOTIC: [8] Undefined index: cat_id F:\wamp64\www\no.4\shop\tp\application\Runtime\Cache\Admin\3860e7181d24782557f20df9ecd7ba00.php 第 232 行.
NOTIC: [8] Undefined index: cat_id F:\wamp64\www\no.4\shop\tp\application\Runtime\Cache\Admin\3860e7181d24782557f20df9ecd7ba00.php 第 218 行.
NOTIC: [8] Undefined index: cat_id F:\wamp64\www\no.4\shop\tp\application\Runtime\Cache\Admin\3860e7181d24782557f20df9ecd7ba00.php 第 219 行.
NOTIC: [8] Undefined index: cat_id F:\wamp64\www\no.4\shop\tp\application\Runtime\Cache\Admin\3860e7181d24782557f20df9ecd7ba00.php 第 231 行.
NOTIC: [8] Undefined index: cat_id F:\wamp64\www\no.4\shop\tp\application\Runtime\Cache\Admin\3860e7181d24782557f20df9ecd7ba00.php 第 232 行.
NOTIC: [8] Undefined index: cat_id F:\wamp64\www\no.4\shop\tp\application\Runtime\Cache\Admin\3860e7181d24782557f20df9ecd7ba00.php 第 218 行.
NOTIC: [8] Undefined index: cat_id F:\wamp64\www\no.4\shop\tp\application\Runtime\Cache\Admin\3860e7181d24782557f20df9ecd7ba00.php 第 219 行.
NOTIC: [8] Undefined index: cat_id F:\wamp64\www\no.4\shop\tp\application\Runtime\Cache\Admin\3860e7181d24782557f20df9ecd7ba00.php 第 231 行.
NOTIC: [8] Undefined index: cat_id F:\wamp64\www\no.4\shop\tp\application\Runtime\Cache\Admin\3860e7181d24782557f20df9ecd7ba00.php 第 232 行.
NOTIC: [8] Undefined index: cat_id F:\wamp64\www\no.4\shop\tp\application\Runtime\Cache\Admin\3860e7181d24782557f20df9ecd7ba00.php 第 218 行.
NOTIC: [8] Undefined index: cat_id F:\wamp64\www\no.4\shop\tp\application\Runtime\Cache\Admin\3860e7181d24782557f20df9ecd7ba00.php 第 219 行.
NOTIC: [8] Undefined index: cat_id F:\wamp64\www\no.4\shop\tp\application\Runtime\Cache\Admin\3860e7181d24782557f20df9ecd7ba00.php 第 231 行.
NOTIC: [8] Undefined index: cat_id F:\wamp64\www\no.4\shop\tp\application\Runtime\Cache\Admin\3860e7181d24782557f20df9ecd7ba00.php 第 232 行.
NOTIC: [8] Undefined index: cat_id F:\wamp64\www\no.4\shop\tp\application\Runtime\Cache\Admin\3860e7181d24782557f20df9ecd7ba00.php 第 218 行.
NOTIC: [8] Undefined index: cat_id F:\wamp64\www\no.4\shop\tp\application\Runtime\Cache\Admin\3860e7181d24782557f20df9ecd7ba00.php 第 219 行.
NOTIC: [8] Undefined index: cat_id F:\wamp64\www\no.4\shop\tp\application\Runtime\Cache\Admin\3860e7181d24782557f20df9ecd7ba00.php 第 231 行.
NOTIC: [8] Undefined index: cat_id F:\wamp64\www\no.4\shop\tp\application\Runtime\Cache\Admin\3860e7181d24782557f20df9ecd7ba00.php 第 232 行.
NOTIC: [8] Undefined variable: show F:\wamp64\www\no.4\shop\tp\application\Runtime\Cache\Admin\3860e7181d24782557f20df9ecd7ba00.php 第 252 行.
INFO: Run Behavior\ParseTemplateBehavior [ RunTime:0.068004s ]
INFO: [ view_parse ] --END-- [ RunTime:0.068004s ]
INFO: [ view_filter ] --START--
INFO: Run Behavior\WriteHtmlCacheBehavior [ RunTime:0.001000s ]
INFO: [ view_filter ] --END-- [ RunTime:0.001000s ]
INFO: [ app_end ] --START--
INFO: Run Behavior\ShowPageTraceBehavior [ RunTime:0.002000s ]
INFO: [ app_end ] --END-- [ RunTime:0.002000s ]

[ 2018-07-03T21:50:48+08:00 ] 127.0.0.1 /shop/tp/index.php/Admin/Brand/brand_list.html
INFO: [ app_init ] --START--
INFO: Run Behavior\BuildLiteBehavior [ RunTime:0.000000s ]
INFO: [ app_init ] --END-- [ RunTime:0.002000s ]
INFO: [ app_begin ] --START--
INFO: Run Behavior\ReadHtmlCacheBehavior [ RunTime:0.001001s ]
INFO: [ app_begin ] --END-- [ RunTime:0.001001s ]
SQL: SHOW COLUMNS FROM `brand` [ RunTime:0.0010s ]
SQL: SELECT * FROM `brand` LIMIT 0,5   [ RunTime:0.0000s ]
SQL: SELECT COUNT(*) AS tp_count FROM `brand` LIMIT 1   [ RunTime:0.0000s ]
INFO: [ view_parse ] --START--
INFO: [ template_filter ] --START--
INFO: Run Behavior\ContentReplaceBehavior [ RunTime:0.000000s ]
INFO: [ template_filter ] --END-- [ RunTime:0.000000s ]
INFO: Run Behavior\ParseTemplateBehavior [ RunTime:0.038002s ]
INFO: [ view_parse ] --END-- [ RunTime:0.038002s ]
INFO: [ view_filter ] --START--
INFO: Run Behavior\WriteHtmlCacheBehavior [ RunTime:0.001000s ]
INFO: [ view_filter ] --END-- [ RunTime:0.001000s ]
INFO: [ app_end ] --START--
INFO: Run Behavior\ShowPageTraceBehavior [ RunTime:0.002000s ]
INFO: [ app_end ] --END-- [ RunTime:0.002000s ]

