[ 2018-06-08T00:16:10+08:00 ] 127.0.0.1 /shop/tp/index.php/Home/Order/is_order.html
INFO: [ app_init ] --START--
INFO: Run Behavior\BuildLiteBehavior [ RunTime:0.000000s ]
INFO: [ app_init ] --END-- [ RunTime:0.001000s ]
INFO: [ app_begin ] --START--
INFO: Run Behavior\ReadHtmlCacheBehavior [ RunTime:0.000000s ]
INFO: [ app_begin ] --END-- [ RunTime:0.002001s ]
NOTIC: [8] Use of undefined constant CONTROILLER_NAME - assumed 'CONTROILLER_NAME' D:\wamp64\www\no.4\shop\tp\application\Home\Controller\CommonController.class.php 第 16 行.
SQL: SHOW COLUMNS FROM `cart` [ RunTime:0.0020s ]
SQL: SELECT * FROM `cart` WHERE ( user_id = '1' )  [ RunTime:0.0000s ]
NOTIC: [8] Undefined variable: count D:\wamp64\www\no.4\shop\tp\application\Home\Controller\CommonController.class.php 第 29 行.
SQL: SHOW COLUMNS FROM `region` [ RunTime:0.0020s ]
SQL: SELECT * FROM `region` WHERE ( parent_id = 0  )  [ RunTime:0.0010s ]
INFO: [ view_parse ] --START--
INFO: [ template_filter ] --START--
INFO: Run Behavior\ContentReplaceBehavior [ RunTime:0.001000s ]
INFO: [ template_filter ] --END-- [ RunTime:0.001000s ]
NOTIC: [8] Undefined variable: category D:\wamp64\www\no.4\shop\tp\application\Runtime\Cache\Home\b89911f7ee8592ca292a29be5dfef847.php 第 93 行.
INFO: Run Behavior\ParseTemplateBehavior [ RunTime:0.035002s ]
INFO: [ view_parse ] --END-- [ RunTime:0.035002s ]
INFO: [ view_filter ] --START--
INFO: Run Behavior\WriteHtmlCacheBehavior [ RunTime:0.000000s ]
INFO: [ view_filter ] --END-- [ RunTime:0.000000s ]
INFO: [ app_end ] --START--
INFO: Run Behavior\ShowPageTraceBehavior [ RunTime:0.001000s ]
INFO: [ app_end ] --END-- [ RunTime:0.001000s ]

[ 2018-06-08T00:16:14+08:00 ] 127.0.0.1 /shop/tp/index.php/Home/Order/set_order?payment=003
INFO: [ app_init ] --START--
INFO: Run Behavior\BuildLiteBehavior [ RunTime:0.000000s ]
INFO: [ app_init ] --END-- [ RunTime:0.001000s ]
INFO: [ app_begin ] --START--
INFO: Run Behavior\ReadHtmlCacheBehavior [ RunTime:0.001000s ]
INFO: [ app_begin ] --END-- [ RunTime:0.001000s ]
NOTIC: [8] Use of undefined constant CONTROILLER_NAME - assumed 'CONTROILLER_NAME' D:\wamp64\www\no.4\shop\tp\application\Home\Controller\CommonController.class.php 第 16 行.
SQL: SHOW COLUMNS FROM `cart` [ RunTime:0.0010s ]
SQL: SELECT * FROM `cart` WHERE ( user_id = '1' )  [ RunTime:0.0010s ]
NOTIC: [8] Undefined variable: count D:\wamp64\www\no.4\shop\tp\application\Home\Controller\CommonController.class.php 第 29 行.
SQL: SELECT * FROM `cart` WHERE ( user_id = '1' )  [ RunTime:0.0010s ]
INFO: [ app_end ] --START--
INFO: Run Behavior\ShowPageTraceBehavior [ RunTime:0.001000s ]
INFO: [ app_end ] --END-- [ RunTime:0.001000s ]

[ 2018-06-08T00:26:25+08:00 ] 127.0.0.1 /shop/tp/index.php/Home/Order/is_order.html
INFO: [ app_init ] --START--
INFO: Run Behavior\BuildLiteBehavior [ RunTime:0.000000s ]
INFO: [ app_init ] --END-- [ RunTime:0.009001s ]
INFO: [ app_begin ] --START--
INFO: Run Behavior\ReadHtmlCacheBehavior [ RunTime:0.002001s ]
INFO: [ app_begin ] --END-- [ RunTime:0.003001s ]
NOTIC: [8] Use of undefined constant CONTROILLER_NAME - assumed 'CONTROILLER_NAME' D:\wamp64\www\no.4\shop\tp\application\Home\Controller\CommonController.class.php 第 16 行.
SQL: SHOW COLUMNS FROM `cart` [ RunTime:0.0080s ]
SQL: SELECT * FROM `cart` WHERE ( user_id = '1' )  [ RunTime:0.0040s ]
NOTIC: [8] Undefined variable: count D:\wamp64\www\no.4\shop\tp\application\Home\Controller\CommonController.class.php 第 29 行.
SQL: SHOW COLUMNS FROM `region` [ RunTime:0.0090s ]
SQL: SELECT * FROM `region` WHERE ( parent_id = 0  )  [ RunTime:0.0060s ]
INFO: [ view_parse ] --START--
INFO: [ template_filter ] --START--
INFO: Run Behavior\ContentReplaceBehavior [ RunTime:0.001000s ]
INFO: [ template_filter ] --END-- [ RunTime:0.002000s ]
NOTIC: [8] Undefined variable: category D:\wamp64\www\no.4\shop\tp\application\Runtime\Cache\Home\b89911f7ee8592ca292a29be5dfef847.php 第 93 行.
INFO: Run Behavior\ParseTemplateBehavior [ RunTime:0.125007s ]
INFO: [ view_parse ] --END-- [ RunTime:0.127007s ]
INFO: [ view_filter ] --START--
INFO: Run Behavior\WriteHtmlCacheBehavior [ RunTime:0.001000s ]
INFO: [ view_filter ] --END-- [ RunTime:0.002000s ]
INFO: [ app_end ] --START--
INFO: Run Behavior\ShowPageTraceBehavior [ RunTime:0.002000s ]
INFO: [ app_end ] --END-- [ RunTime:0.003000s ]

[ 2018-06-08T00:26:34+08:00 ] 127.0.0.1 /shop/tp/index.php/Home/Order/set_order?payment=003
INFO: [ app_init ] --START--
INFO: Run Behavior\BuildLiteBehavior [ RunTime:0.000000s ]
INFO: [ app_init ] --END-- [ RunTime:0.002000s ]
INFO: [ app_begin ] --START--
INFO: Run Behavior\ReadHtmlCacheBehavior [ RunTime:0.002000s ]
INFO: [ app_begin ] --END-- [ RunTime:0.003000s ]
NOTIC: [8] Use of undefined constant CONTROILLER_NAME - assumed 'CONTROILLER_NAME' D:\wamp64\www\no.4\shop\tp\application\Home\Controller\CommonController.class.php 第 16 行.
SQL: SHOW COLUMNS FROM `cart` [ RunTime:0.0020s ]
SQL: SELECT * FROM `cart` WHERE ( user_id = '1' )  [ RunTime:0.0020s ]
NOTIC: [8] Undefined variable: count D:\wamp64\www\no.4\shop\tp\application\Home\Controller\CommonController.class.php 第 29 行.
SQL: SELECT * FROM `cart` WHERE ( user_id = '1' )  [ RunTime:0.0010s ]
NOTIC: [8] Undefined variable: total_price D:\wamp64\www\no.4\shop\tp\application\Home\Controller\OrderController.class.php 第 49 行.

[ 2018-06-08T00:27:17+08:00 ] 127.0.0.1 /shop/tp/index.php/Home/Order/is_order.html
INFO: [ app_init ] --START--
INFO: Run Behavior\BuildLiteBehavior [ RunTime:0.001000s ]
INFO: [ app_init ] --END-- [ RunTime:0.002000s ]
INFO: [ app_begin ] --START--
INFO: Run Behavior\ReadHtmlCacheBehavior [ RunTime:0.002000s ]
INFO: [ app_begin ] --END-- [ RunTime:0.003000s ]
NOTIC: [8] Use of undefined constant CONTROILLER_NAME - assumed 'CONTROILLER_NAME' D:\wamp64\www\no.4\shop\tp\application\Home\Controller\CommonController.class.php 第 16 行.
SQL: SHOW COLUMNS FROM `cart` [ RunTime:0.0020s ]
SQL: SELECT * FROM `cart` WHERE ( user_id = '1' )  [ RunTime:0.0040s ]
NOTIC: [8] Undefined variable: count D:\wamp64\www\no.4\shop\tp\application\Home\Controller\CommonController.class.php 第 29 行.
SQL: SHOW COLUMNS FROM `region` [ RunTime:0.0020s ]
SQL: SELECT * FROM `region` WHERE ( parent_id = 0  )  [ RunTime:0.0010s ]
INFO: [ view_parse ] --START--
INFO: [ template_filter ] --START--
INFO: Run Behavior\ContentReplaceBehavior [ RunTime:0.001000s ]
INFO: [ template_filter ] --END-- [ RunTime:0.002000s ]
NOTIC: [8] Undefined variable: category D:\wamp64\www\no.4\shop\tp\application\Runtime\Cache\Home\b89911f7ee8592ca292a29be5dfef847.php 第 93 行.
INFO: Run Behavior\ParseTemplateBehavior [ RunTime:0.092006s ]
INFO: [ view_parse ] --END-- [ RunTime:0.092006s ]
INFO: [ view_filter ] --START--
INFO: Run Behavior\WriteHtmlCacheBehavior [ RunTime:0.002000s ]
INFO: [ view_filter ] --END-- [ RunTime:0.002000s ]
INFO: [ app_end ] --START--
INFO: Run Behavior\ShowPageTraceBehavior [ RunTime:0.002000s ]
INFO: [ app_end ] --END-- [ RunTime:0.003000s ]

[ 2018-06-08T00:27:24+08:00 ] 127.0.0.1 /shop/tp/index.php/Home/Order/set_order?payment=003
INFO: [ app_init ] --START--
INFO: Run Behavior\BuildLiteBehavior [ RunTime:0.000000s ]
INFO: [ app_init ] --END-- [ RunTime:0.002000s ]
INFO: [ app_begin ] --START--
INFO: Run Behavior\ReadHtmlCacheBehavior [ RunTime:0.001000s ]
INFO: [ app_begin ] --END-- [ RunTime:0.002000s ]
NOTIC: [8] Use of undefined constant CONTROILLER_NAME - assumed 'CONTROILLER_NAME' D:\wamp64\www\no.4\shop\tp\application\Home\Controller\CommonController.class.php 第 16 行.
SQL: SHOW COLUMNS FROM `cart` [ RunTime:0.0020s ]
SQL: SELECT * FROM `cart` WHERE ( user_id = '1' )  [ RunTime:0.0010s ]
NOTIC: [8] Undefined variable: count D:\wamp64\www\no.4\shop\tp\application\Home\Controller\CommonController.class.php 第 29 行.
SQL: SELECT * FROM `cart` WHERE ( user_id = '1' )  [ RunTime:0.0010s ]
NOTIC: [8] Undefined variable: total_price D:\wamp64\www\no.4\shop\tp\application\Home\Controller\OrderController.class.php 第 49 行.
INFO: [ app_end ] --START--
INFO: Run Behavior\ShowPageTraceBehavior [ RunTime:0.002000s ]
INFO: [ app_end ] --END-- [ RunTime:0.003000s ]

[ 2018-06-08T00:27:59+08:00 ] 127.0.0.1 /shop/tp/index.php/Home/Order/is_order.html
INFO: [ app_init ] --START--
INFO: Run Behavior\BuildLiteBehavior [ RunTime:0.000000s ]
INFO: [ app_init ] --END-- [ RunTime:0.002000s ]
INFO: [ app_begin ] --START--
INFO: Run Behavior\ReadHtmlCacheBehavior [ RunTime:0.002000s ]
INFO: [ app_begin ] --END-- [ RunTime:0.002000s ]
NOTIC: [8] Use of undefined constant CONTROILLER_NAME - assumed 'CONTROILLER_NAME' D:\wamp64\www\no.4\shop\tp\application\Home\Controller\CommonController.class.php 第 16 行.
SQL: SHOW COLUMNS FROM `cart` [ RunTime:0.0030s ]
SQL: SELECT * FROM `cart` WHERE ( user_id = '1' )  [ RunTime:0.0060s ]
NOTIC: [8] Undefined variable: count D:\wamp64\www\no.4\shop\tp\application\Home\Controller\CommonController.class.php 第 29 行.
SQL: SHOW COLUMNS FROM `region` [ RunTime:0.0020s ]
SQL: SELECT * FROM `region` WHERE ( parent_id = 0  )  [ RunTime:0.0020s ]
INFO: [ view_parse ] --START--
INFO: [ template_filter ] --START--
INFO: Run Behavior\ContentReplaceBehavior [ RunTime:0.001000s ]
INFO: [ template_filter ] --END-- [ RunTime:0.003000s ]
NOTIC: [8] Undefined variable: category D:\wamp64\www\no.4\shop\tp\application\Runtime\Cache\Home\b89911f7ee8592ca292a29be5dfef847.php 第 93 行.
INFO: Run Behavior\ParseTemplateBehavior [ RunTime:0.077005s ]
INFO: [ view_parse ] --END-- [ RunTime:0.077005s ]
INFO: [ view_filter ] --START--
INFO: Run Behavior\WriteHtmlCacheBehavior [ RunTime:0.001000s ]
INFO: [ view_filter ] --END-- [ RunTime:0.002000s ]
INFO: [ app_end ] --START--
INFO: Run Behavior\ShowPageTraceBehavior [ RunTime:0.002000s ]
INFO: [ app_end ] --END-- [ RunTime:0.002000s ]

[ 2018-06-08T00:28:05+08:00 ] 127.0.0.1 /shop/tp/index.php/Home/Order/set_order?payment=003
INFO: [ app_init ] --START--
INFO: Run Behavior\BuildLiteBehavior [ RunTime:0.000000s ]
INFO: [ app_init ] --END-- [ RunTime:0.001000s ]
INFO: [ app_begin ] --START--
INFO: Run Behavior\ReadHtmlCacheBehavior [ RunTime:0.001000s ]
INFO: [ app_begin ] --END-- [ RunTime:0.001000s ]
NOTIC: [8] Use of undefined constant CONTROILLER_NAME - assumed 'CONTROILLER_NAME' D:\wamp64\www\no.4\shop\tp\application\Home\Controller\CommonController.class.php 第 16 行.
SQL: SHOW COLUMNS FROM `cart` [ RunTime:0.0010s ]
SQL: SELECT * FROM `cart` WHERE ( user_id = '1' )  [ RunTime:0.0010s ]
NOTIC: [8] Undefined variable: count D:\wamp64\www\no.4\shop\tp\application\Home\Controller\CommonController.class.php 第 29 行.
SQL: SELECT * FROM `cart` WHERE ( user_id = '1' )  [ RunTime:0.0010s ]
NOTIC: [8] Undefined variable: total_price D:\wamp64\www\no.4\shop\tp\application\Home\Controller\OrderController.class.php 第 49 行.

[ 2018-06-08T00:30:02+08:00 ] 127.0.0.1 /shop/tp/index.php/Home/Order/is_order.html
INFO: [ app_init ] --START--
INFO: Run Behavior\BuildLiteBehavior [ RunTime:0.000000s ]
INFO: [ app_init ] --END-- [ RunTime:0.002000s ]
INFO: [ app_begin ] --START--
INFO: Run Behavior\ReadHtmlCacheBehavior [ RunTime:0.002001s ]
INFO: [ app_begin ] --END-- [ RunTime:0.002001s ]
NOTIC: [8] Use of undefined constant CONTROILLER_NAME - assumed 'CONTROILLER_NAME' D:\wamp64\www\no.4\shop\tp\application\Home\Controller\CommonController.class.php 第 16 行.
SQL: SHOW COLUMNS FROM `cart` [ RunTime:0.0030s ]
SQL: SELECT * FROM `cart` WHERE ( user_id = '1' )  [ RunTime:0.0020s ]
NOTIC: [8] Undefined variable: count D:\wamp64\www\no.4\shop\tp\application\Home\Controller\CommonController.class.php 第 29 行.
SQL: SHOW COLUMNS FROM `region` [ RunTime:0.0020s ]
SQL: SELECT * FROM `region` WHERE ( parent_id = 0  )  [ RunTime:0.0010s ]
INFO: [ view_parse ] --START--
INFO: [ template_filter ] --START--
INFO: Run Behavior\ContentReplaceBehavior [ RunTime:0.001000s ]
INFO: [ template_filter ] --END-- [ RunTime:0.002000s ]
NOTIC: [8] Undefined variable: category D:\wamp64\www\no.4\shop\tp\application\Runtime\Cache\Home\b89911f7ee8592ca292a29be5dfef847.php 第 93 行.
INFO: Run Behavior\ParseTemplateBehavior [ RunTime:0.072004s ]
INFO: [ view_parse ] --END-- [ RunTime:0.074004s ]
INFO: [ view_filter ] --START--
INFO: Run Behavior\WriteHtmlCacheBehavior [ RunTime:0.002000s ]
INFO: [ view_filter ] --END-- [ RunTime:0.002000s ]
INFO: [ app_end ] --START--
INFO: Run Behavior\ShowPageTraceBehavior [ RunTime:0.002001s ]
INFO: [ app_end ] --END-- [ RunTime:0.002001s ]

[ 2018-06-08T00:30:08+08:00 ] 127.0.0.1 /shop/tp/index.php/Home/Order/set_order?payment=003
INFO: [ app_init ] --START--
INFO: Run Behavior\BuildLiteBehavior [ RunTime:0.000000s ]
INFO: [ app_init ] --END-- [ RunTime:0.001000s ]
INFO: [ app_begin ] --START--
INFO: Run Behavior\ReadHtmlCacheBehavior [ RunTime:0.001000s ]
INFO: [ app_begin ] --END-- [ RunTime:0.001000s ]
NOTIC: [8] Use of undefined constant CONTROILLER_NAME - assumed 'CONTROILLER_NAME' D:\wamp64\www\no.4\shop\tp\application\Home\Controller\CommonController.class.php 第 16 行.
SQL: SHOW COLUMNS FROM `cart` [ RunTime:0.0010s ]
SQL: SELECT * FROM `cart` WHERE ( user_id = '1' )  [ RunTime:0.0010s ]
NOTIC: [8] Undefined variable: count D:\wamp64\www\no.4\shop\tp\application\Home\Controller\CommonController.class.php 第 29 行.
SQL: SELECT * FROM `cart` WHERE ( user_id = '1' )  [ RunTime:0.0010s ]
NOTIC: [8] Undefined variable: total_price D:\wamp64\www\no.4\shop\tp\application\Home\Controller\OrderController.class.php 第 49 行.
SQL: SHOW COLUMNS FROM `order_info` [ RunTime:0.0020s ]

[ 2018-06-08T00:31:24+08:00 ] 127.0.0.1 /shop/tp/index.php/Home/Order/is_order.html
INFO: [ app_init ] --START--
INFO: Run Behavior\BuildLiteBehavior [ RunTime:0.000000s ]
INFO: [ app_init ] --END-- [ RunTime:0.001000s ]
INFO: [ app_begin ] --START--
INFO: Run Behavior\ReadHtmlCacheBehavior [ RunTime:0.000000s ]
INFO: [ app_begin ] --END-- [ RunTime:0.002000s ]
NOTIC: [8] Use of undefined constant CONTROILLER_NAME - assumed 'CONTROILLER_NAME' D:\wamp64\www\no.4\shop\tp\application\Home\Controller\CommonController.class.php 第 16 行.
SQL: SHOW COLUMNS FROM `cart` [ RunTime:0.0020s ]
SQL: SELECT * FROM `cart` WHERE ( user_id = '1' )  [ RunTime:0.0010s ]
NOTIC: [8] Undefined variable: count D:\wamp64\www\no.4\shop\tp\application\Home\Controller\CommonController.class.php 第 29 行.
SQL: SHOW COLUMNS FROM `region` [ RunTime:0.0010s ]
SQL: SELECT * FROM `region` WHERE ( parent_id = 0  )  [ RunTime:0.0010s ]
INFO: [ view_parse ] --START--
INFO: [ template_filter ] --START--
INFO: Run Behavior\ContentReplaceBehavior [ RunTime:0.001000s ]
INFO: [ template_filter ] --END-- [ RunTime:0.001000s ]
NOTIC: [8] Undefined variable: category D:\wamp64\www\no.4\shop\tp\application\Runtime\Cache\Home\b89911f7ee8592ca292a29be5dfef847.php 第 93 行.
INFO: Run Behavior\ParseTemplateBehavior [ RunTime:0.038003s ]
INFO: [ view_parse ] --END-- [ RunTime:0.038003s ]
INFO: [ view_filter ] --START--
INFO: Run Behavior\WriteHtmlCacheBehavior [ RunTime:0.001000s ]
INFO: [ view_filter ] --END-- [ RunTime:0.001000s ]
INFO: [ app_end ] --START--
INFO: Run Behavior\ShowPageTraceBehavior [ RunTime:0.000000s ]
INFO: [ app_end ] --END-- [ RunTime:0.002000s ]

[ 2018-06-08T00:31:27+08:00 ] 127.0.0.1 /shop/tp/index.php/Home/Order/set_order?payment=003
INFO: [ app_init ] --START--
INFO: Run Behavior\BuildLiteBehavior [ RunTime:0.000000s ]
INFO: [ app_init ] --END-- [ RunTime:0.001000s ]
INFO: [ app_begin ] --START--
INFO: Run Behavior\ReadHtmlCacheBehavior [ RunTime:0.001000s ]
INFO: [ app_begin ] --END-- [ RunTime:0.001000s ]
NOTIC: [8] Use of undefined constant CONTROILLER_NAME - assumed 'CONTROILLER_NAME' D:\wamp64\www\no.4\shop\tp\application\Home\Controller\CommonController.class.php 第 16 行.
SQL: SHOW COLUMNS FROM `cart` [ RunTime:0.0020s ]
SQL: SELECT * FROM `cart` WHERE ( user_id = '1' )  [ RunTime:0.0000s ]
NOTIC: [8] Undefined variable: count D:\wamp64\www\no.4\shop\tp\application\Home\Controller\CommonController.class.php 第 29 行.
SQL: SELECT * FROM `cart` WHERE ( user_id = '1' )  [ RunTime:0.0010s ]
NOTIC: [8] Undefined variable: total_price D:\wamp64\www\no.4\shop\tp\application\Home\Controller\OrderController.class.php 第 49 行.
SQL: SHOW COLUMNS FROM `order_info` [ RunTime:0.0010s ]

[ 2018-06-08T00:31:54+08:00 ] 127.0.0.1 /shop/tp/index.php/Home/Order/is_order.html
INFO: [ app_init ] --START--
INFO: Run Behavior\BuildLiteBehavior [ RunTime:0.000000s ]
INFO: [ app_init ] --END-- [ RunTime:0.002000s ]
INFO: [ app_begin ] --START--
INFO: Run Behavior\ReadHtmlCacheBehavior [ RunTime:0.002000s ]
INFO: [ app_begin ] --END-- [ RunTime:0.003000s ]
NOTIC: [8] Use of undefined constant CONTROILLER_NAME - assumed 'CONTROILLER_NAME' D:\wamp64\www\no.4\shop\tp\application\Home\Controller\CommonController.class.php 第 16 行.
SQL: SHOW COLUMNS FROM `cart` [ RunTime:0.0020s ]
SQL: SELECT * FROM `cart` WHERE ( user_id = '1' )  [ RunTime:0.0040s ]
NOTIC: [8] Undefined variable: count D:\wamp64\www\no.4\shop\tp\application\Home\Controller\CommonController.class.php 第 29 行.
SQL: SHOW COLUMNS FROM `region` [ RunTime:0.0030s ]
SQL: SELECT * FROM `region` WHERE ( parent_id = 0  )  [ RunTime:0.0010s ]
INFO: [ view_parse ] --START--
INFO: [ template_filter ] --START--
INFO: Run Behavior\ContentReplaceBehavior [ RunTime:0.001000s ]
INFO: [ template_filter ] --END-- [ RunTime:0.002001s ]
NOTIC: [8] Undefined variable: category D:\wamp64\www\no.4\shop\tp\application\Runtime\Cache\Home\b89911f7ee8592ca292a29be5dfef847.php 第 93 行.
INFO: Run Behavior\ParseTemplateBehavior [ RunTime:0.077004s ]
INFO: [ view_parse ] --END-- [ RunTime:0.078004s ]
INFO: [ view_filter ] --START--
INFO: Run Behavior\WriteHtmlCacheBehavior [ RunTime:0.010001s ]
INFO: [ view_filter ] --END-- [ RunTime:0.010001s ]
INFO: [ app_end ] --START--
INFO: Run Behavior\ShowPageTraceBehavior [ RunTime:0.002000s ]
INFO: [ app_end ] --END-- [ RunTime:0.003000s ]

[ 2018-06-08T00:32:00+08:00 ] 127.0.0.1 /shop/tp/index.php/Home/Order/set_order?payment=003
INFO: [ app_init ] --START--
INFO: Run Behavior\BuildLiteBehavior [ RunTime:0.000000s ]
INFO: [ app_init ] --END-- [ RunTime:0.003000s ]
INFO: [ app_begin ] --START--
INFO: Run Behavior\ReadHtmlCacheBehavior [ RunTime:0.001000s ]
INFO: [ app_begin ] --END-- [ RunTime:0.003000s ]
NOTIC: [8] Use of undefined constant CONTROILLER_NAME - assumed 'CONTROILLER_NAME' D:\wamp64\www\no.4\shop\tp\application\Home\Controller\CommonController.class.php 第 16 行.
SQL: SHOW COLUMNS FROM `cart` [ RunTime:0.0020s ]
SQL: SELECT * FROM `cart` WHERE ( user_id = '1' )  [ RunTime:0.0070s ]
NOTIC: [8] Undefined variable: count D:\wamp64\www\no.4\shop\tp\application\Home\Controller\CommonController.class.php 第 29 行.
SQL: SELECT * FROM `cart` WHERE ( user_id = '1' )  [ RunTime:0.0010s ]
NOTIC: [8] Undefined variable: total_price D:\wamp64\www\no.4\shop\tp\application\Home\Controller\OrderController.class.php 第 49 行.

[ 2018-06-08T00:33:11+08:00 ] 127.0.0.1 /shop/tp/index.php/Home/Order/is_order.html
INFO: [ app_init ] --START--
INFO: Run Behavior\BuildLiteBehavior [ RunTime:0.000000s ]
INFO: [ app_init ] --END-- [ RunTime:0.002000s ]
INFO: [ app_begin ] --START--
INFO: Run Behavior\ReadHtmlCacheBehavior [ RunTime:0.002000s ]
INFO: [ app_begin ] --END-- [ RunTime:0.002000s ]
NOTIC: [8] Use of undefined constant CONTROILLER_NAME - assumed 'CONTROILLER_NAME' D:\wamp64\www\no.4\shop\tp\application\Home\Controller\CommonController.class.php 第 16 行.
SQL: SHOW COLUMNS FROM `cart` [ RunTime:0.0040s ]
SQL: SELECT * FROM `cart` WHERE ( user_id = '1' )  [ RunTime:0.0020s ]
NOTIC: [8] Undefined variable: count D:\wamp64\www\no.4\shop\tp\application\Home\Controller\CommonController.class.php 第 29 行.
SQL: SHOW COLUMNS FROM `region` [ RunTime:0.0110s ]
SQL: SELECT * FROM `region` WHERE ( parent_id = 0  )  [ RunTime:0.0020s ]
INFO: [ view_parse ] --START--
INFO: [ template_filter ] --START--
INFO: Run Behavior\ContentReplaceBehavior [ RunTime:0.002000s ]
INFO: [ template_filter ] --END-- [ RunTime:0.002000s ]
NOTIC: [8] Undefined variable: category D:\wamp64\www\no.4\shop\tp\application\Runtime\Cache\Home\b89911f7ee8592ca292a29be5dfef847.php 第 93 行.
INFO: Run Behavior\ParseTemplateBehavior [ RunTime:0.080005s ]
INFO: [ view_parse ] --END-- [ RunTime:0.081005s ]
INFO: [ view_filter ] --START--
INFO: Run Behavior\WriteHtmlCacheBehavior [ RunTime:0.002000s ]
INFO: [ view_filter ] --END-- [ RunTime:0.005000s ]
INFO: [ app_end ] --START--
INFO: Run Behavior\ShowPageTraceBehavior [ RunTime:0.002001s ]
INFO: [ app_end ] --END-- [ RunTime:0.004001s ]

[ 2018-06-08T00:33:15+08:00 ] 127.0.0.1 /shop/tp/index.php/Home/Order/is_order.html
INFO: [ app_init ] --START--
INFO: Run Behavior\BuildLiteBehavior [ RunTime:0.000000s ]
INFO: [ app_init ] --END-- [ RunTime:0.002000s ]
INFO: [ app_begin ] --START--
INFO: Run Behavior\ReadHtmlCacheBehavior [ RunTime:0.001000s ]
INFO: [ app_begin ] --END-- [ RunTime:0.002001s ]
NOTIC: [8] Use of undefined constant CONTROILLER_NAME - assumed 'CONTROILLER_NAME' D:\wamp64\www\no.4\shop\tp\application\Home\Controller\CommonController.class.php 第 16 行.
SQL: SHOW COLUMNS FROM `cart` [ RunTime:0.0040s ]
SQL: SELECT * FROM `cart` WHERE ( user_id = '1' )  [ RunTime:0.0010s ]
NOTIC: [8] Undefined variable: count D:\wamp64\www\no.4\shop\tp\application\Home\Controller\CommonController.class.php 第 29 行.
SQL: SHOW COLUMNS FROM `region` [ RunTime:0.0030s ]
SQL: SELECT * FROM `region` WHERE ( parent_id = 0  )  [ RunTime:0.0010s ]
INFO: [ view_parse ] --START--
INFO: [ template_filter ] --START--
INFO: Run Behavior\ContentReplaceBehavior [ RunTime:0.001000s ]
INFO: [ template_filter ] --END-- [ RunTime:0.002000s ]
NOTIC: [8] Undefined variable: category D:\wamp64\www\no.4\shop\tp\application\Runtime\Cache\Home\b89911f7ee8592ca292a29be5dfef847.php 第 93 行.
INFO: Run Behavior\ParseTemplateBehavior [ RunTime:0.076004s ]
INFO: [ view_parse ] --END-- [ RunTime:0.077004s ]
INFO: [ view_filter ] --START--
INFO: Run Behavior\WriteHtmlCacheBehavior [ RunTime:0.002001s ]
INFO: [ view_filter ] --END-- [ RunTime:0.002001s ]
INFO: [ app_end ] --START--
INFO: Run Behavior\ShowPageTraceBehavior [ RunTime:0.002000s ]
INFO: [ app_end ] --END-- [ RunTime:0.003000s ]

[ 2018-06-08T00:33:19+08:00 ] 127.0.0.1 /shop/tp/index.php/Home/Order/set_order?payment=003
INFO: [ app_init ] --START--
INFO: Run Behavior\BuildLiteBehavior [ RunTime:0.000000s ]
INFO: [ app_init ] --END-- [ RunTime:0.002000s ]
INFO: [ app_begin ] --START--
INFO: Run Behavior\ReadHtmlCacheBehavior [ RunTime:0.003000s ]
INFO: [ app_begin ] --END-- [ RunTime:0.003000s ]
NOTIC: [8] Use of undefined constant CONTROILLER_NAME - assumed 'CONTROILLER_NAME' D:\wamp64\www\no.4\shop\tp\application\Home\Controller\CommonController.class.php 第 16 行.
SQL: SHOW COLUMNS FROM `cart` [ RunTime:0.0060s ]
SQL: SELECT * FROM `cart` WHERE ( user_id = '1' )  [ RunTime:0.0020s ]
NOTIC: [8] Undefined variable: count D:\wamp64\www\no.4\shop\tp\application\Home\Controller\CommonController.class.php 第 29 行.
SQL: SELECT * FROM `cart` WHERE ( user_id = '1' )  [ RunTime:0.0020s ]
NOTIC: [8] Undefined variable: total_price D:\wamp64\www\no.4\shop\tp\application\Home\Controller\OrderController.class.php 第 49 行.
SQL: SHOW COLUMNS FROM `order_info` [ RunTime:0.0040s ]

[ 2018-06-08T00:33:41+08:00 ] 127.0.0.1 /shop/tp/index.php/Home/Order/is_order.html
INFO: [ app_init ] --START--
INFO: Run Behavior\BuildLiteBehavior [ RunTime:0.000000s ]
INFO: [ app_init ] --END-- [ RunTime:0.001000s ]
INFO: [ app_begin ] --START--
INFO: Run Behavior\ReadHtmlCacheBehavior [ RunTime:0.002000s ]
INFO: [ app_begin ] --END-- [ RunTime:0.002000s ]
NOTIC: [8] Use of undefined constant CONTROILLER_NAME - assumed 'CONTROILLER_NAME' D:\wamp64\www\no.4\shop\tp\application\Home\Controller\CommonController.class.php 第 16 行.
SQL: SHOW COLUMNS FROM `cart` [ RunTime:0.0100s ]
SQL: SELECT * FROM `cart` WHERE ( user_id = '1' )  [ RunTime:0.0030s ]
NOTIC: [8] Undefined variable: count D:\wamp64\www\no.4\shop\tp\application\Home\Controller\CommonController.class.php 第 29 行.
SQL: SHOW COLUMNS FROM `region` [ RunTime:0.0040s ]
SQL: SELECT * FROM `region` WHERE ( parent_id = 0  )  [ RunTime:0.0020s ]
INFO: [ view_parse ] --START--
INFO: [ template_filter ] --START--
INFO: Run Behavior\ContentReplaceBehavior [ RunTime:0.001000s ]
INFO: [ template_filter ] --END-- [ RunTime:0.002000s ]
NOTIC: [8] Undefined variable: category D:\wamp64\www\no.4\shop\tp\application\Runtime\Cache\Home\b89911f7ee8592ca292a29be5dfef847.php 第 93 行.
INFO: Run Behavior\ParseTemplateBehavior [ RunTime:0.084005s ]
INFO: [ view_parse ] --END-- [ RunTime:0.087005s ]
INFO: [ view_filter ] --START--
INFO: Run Behavior\WriteHtmlCacheBehavior [ RunTime:0.003001s ]
INFO: [ view_filter ] --END-- [ RunTime:0.004001s ]
INFO: [ app_end ] --START--
INFO: Run Behavior\ShowPageTraceBehavior [ RunTime:0.003000s ]
INFO: [ app_end ] --END-- [ RunTime:0.004000s ]

[ 2018-06-08T00:33:47+08:00 ] 127.0.0.1 /shop/tp/index.php/Home/Order/set_order?payment=003
INFO: [ app_init ] --START--
INFO: Run Behavior\BuildLiteBehavior [ RunTime:0.000000s ]
INFO: [ app_init ] --END-- [ RunTime:0.001000s ]
INFO: [ app_begin ] --START--
INFO: Run Behavior\ReadHtmlCacheBehavior [ RunTime:0.001001s ]
INFO: [ app_begin ] --END-- [ RunTime:0.001001s ]
NOTIC: [8] Use of undefined constant CONTROILLER_NAME - assumed 'CONTROILLER_NAME' D:\wamp64\www\no.4\shop\tp\application\Home\Controller\CommonController.class.php 第 16 行.
SQL: SHOW COLUMNS FROM `cart` [ RunTime:0.0010s ]
SQL: SELECT * FROM `cart` WHERE ( user_id = '1' )  [ RunTime:0.0010s ]
NOTIC: [8] Undefined variable: count D:\wamp64\www\no.4\shop\tp\application\Home\Controller\CommonController.class.php 第 29 行.
SQL: SELECT * FROM `cart` WHERE ( user_id = '1' )  [ RunTime:0.0000s ]
NOTIC: [8] Undefined variable: total_price D:\wamp64\www\no.4\shop\tp\application\Home\Controller\OrderController.class.php 第 49 行.
SQL: SHOW COLUMNS FROM `order_info` [ RunTime:0.0010s ]
SQL: INSERT INTO `order_info` (`order_sn`,`user_id`,`order_status`,`shipping_status`,`pay_status`,`message`,`pay_id`,`pay_name`,`goods_amount`,`money_paid`,`order_amount`,`add_time`,`pay_time`) VALUES ('20180608878221','1','0','0','0','嗯','003','支付宝','18997','0','18997','1528389227','1528389227') [ RunTime:0.0440s ]
INFO: [ app_end ] --START--
INFO: Run Behavior\ShowPageTraceBehavior [ RunTime:0.001000s ]
INFO: [ app_end ] --END-- [ RunTime:0.001000s ]

[ 2018-06-08T08:48:06+08:00 ] 127.0.0.1 /shop/tp/Home/
INFO: [ app_init ] --START--
INFO: Run Behavior\BuildLiteBehavior [ RunTime:0.000000s ]
INFO: [ app_init ] --END-- [ RunTime:0.000000s ]
INFO: [ app_begin ] --START--
INFO: Run Behavior\ReadHtmlCacheBehavior [ RunTime:0.000000s ]
INFO: [ app_begin ] --END-- [ RunTime:0.000000s ]
NOTIC: [8] Use of undefined constant CONTROILLER_NAME - assumed 'CONTROILLER_NAME' D:\wamp64\www\no.4\shop\tp\application\Home\Controller\CommonController.class.php 第 16 行.
SQL: SHOW COLUMNS FROM `category` [ RunTime:0.0312s ]
SQL: SELECT * FROM `category` WHERE ( is_show = 1 and is_nav = 1 )  [ RunTime:0.0000s ]
SQL: SELECT * FROM `category` INNER JOIN goods on category.cate_id = goods.cate_id   [ RunTime:0.0156s ]
INFO: [ view_parse ] --START--
INFO: [ template_filter ] --START--
INFO: Run Behavior\ContentReplaceBehavior [ RunTime:0.000000s ]
INFO: [ template_filter ] --END-- [ RunTime:0.000000s ]
NOTIC: [8] Undefined index: user D:\wamp64\www\no.4\shop\tp\application\Runtime\Cache\Home\857cb80a7adc4d7e94f6a53f7fcbfd38.php 第 220 行.
NOTIC: [8] Undefined index: user D:\wamp64\www\no.4\shop\tp\application\Runtime\Cache\Home\857cb80a7adc4d7e94f6a53f7fcbfd38.php 第 787 行.
NOTIC: [8] Undefined index: user D:\wamp64\www\no.4\shop\tp\application\Runtime\Cache\Home\857cb80a7adc4d7e94f6a53f7fcbfd38.php 第 800 行.
INFO: Run Behavior\ParseTemplateBehavior [ RunTime:0.062401s ]
INFO: [ view_parse ] --END-- [ RunTime:0.062401s ]
INFO: [ view_filter ] --START--
INFO: Run Behavior\WriteHtmlCacheBehavior [ RunTime:0.015600s ]
INFO: [ view_filter ] --END-- [ RunTime:0.015600s ]
INFO: [ app_end ] --START--
INFO: Run Behavior\ShowPageTraceBehavior [ RunTime:0.000000s ]
INFO: [ app_end ] --END-- [ RunTime:0.000000s ]

[ 2018-06-08T08:48:07+08:00 ] 127.0.0.1 /shop/tp/Home/basic/js/quick_links.js
INFO: [ app_init ] --START--
INFO: Run Behavior\BuildLiteBehavior [ RunTime:0.000000s ]
INFO: [ app_init ] --END-- [ RunTime:0.000000s ]
INFO: [ app_begin ] --START--
INFO: Run Behavior\ReadHtmlCacheBehavior [ RunTime:0.000000s ]
INFO: [ app_begin ] --END-- [ RunTime:0.000000s ]
ERR: 无法加载控制器:Basic

[ 2018-06-08T08:48:11+08:00 ] 127.0.0.1 /shop/tp/index.php/Home/Goods/goods_info/goods_id/1.html
INFO: [ app_init ] --START--
INFO: Run Behavior\BuildLiteBehavior [ RunTime:0.000000s ]
INFO: [ app_init ] --END-- [ RunTime:0.000000s ]
INFO: [ app_begin ] --START--
INFO: Run Behavior\ReadHtmlCacheBehavior [ RunTime:0.000000s ]
INFO: [ app_begin ] --END-- [ RunTime:0.000000s ]
NOTIC: [8] Use of undefined constant CONTROILLER_NAME - assumed 'CONTROILLER_NAME' D:\wamp64\www\no.4\shop\tp\application\Home\Controller\CommonController.class.php 第 16 行.
SQL: SHOW COLUMNS FROM `goods` [ RunTime:0.0000s ]
SQL: SELECT * FROM `goods` WHERE ( goods_id = '1' ) LIMIT 1   [ RunTime:0.0000s ]
SQL: SHOW COLUMNS FROM `goods_attr` [ RunTime:0.0156s ]
SQL: SELECT * FROM `goods_attr` INNER JOIN attribute on goods_attr.attr_id=attribute.attr_id  WHERE ( goods_attr.goods_id ='1' )  [ RunTime:0.0156s ]
SQL: SHOW COLUMNS FROM `goods_gallery` [ RunTime:0.0156s ]
SQL: SELECT * FROM `goods_gallery` WHERE ( goods_id = '1' )  [ RunTime:0.0000s ]
INFO: [ view_parse ] --START--
INFO: [ template_filter ] --START--
INFO: Run Behavior\ContentReplaceBehavior [ RunTime:0.000000s ]
INFO: [ template_filter ] --END-- [ RunTime:0.000000s ]
NOTIC: [8] Undefined variable: category D:\wamp64\www\no.4\shop\tp\application\Runtime\Cache\Home\375ed1816059603326d80e06b71bb1ed.php 第 93 行.
NOTIC: [8] Undefined index: user D:\wamp64\www\no.4\shop\tp\application\Runtime\Cache\Home\375ed1816059603326d80e06b71bb1ed.php 第 1285 行.
NOTIC: [8] Undefined index: user D:\wamp64\www\no.4\shop\tp\application\Runtime\Cache\Home\375ed1816059603326d80e06b71bb1ed.php 第 1298 行.
INFO: Run Behavior\ParseTemplateBehavior [ RunTime:0.046800s ]
INFO: [ view_parse ] --END-- [ RunTime:0.046800s ]
INFO: [ view_filter ] --START--
INFO: Run Behavior\WriteHtmlCacheBehavior [ RunTime:0.000000s ]
INFO: [ view_filter ] --END-- [ RunTime:0.000000s ]
INFO: [ app_end ] --START--
INFO: Run Behavior\ShowPageTraceBehavior [ RunTime:0.000000s ]
INFO: [ app_end ] --END-- [ RunTime:0.000000s ]

[ 2018-06-08T08:48:19+08:00 ] 127.0.0.1 /shop/tp/index.php/Home/Goods/get_sku
INFO: [ app_init ] --START--
INFO: Run Behavior\BuildLiteBehavior [ RunTime:0.000000s ]
INFO: [ app_init ] --END-- [ RunTime:0.000000s ]
INFO: [ app_begin ] --START--
INFO: Run Behavior\ReadHtmlCacheBehavior [ RunTime:0.000000s ]
INFO: [ app_begin ] --END-- [ RunTime:0.000000s ]
NOTIC: [8] Use of undefined constant CONTROILLER_NAME - assumed 'CONTROILLER_NAME' D:\wamp64\www\no.4\shop\tp\application\Home\Controller\CommonController.class.php 第 16 行.
SQL: SHOW COLUMNS FROM `products` [ RunTime:0.0156s ]
SQL: SELECT * FROM `products` WHERE ( attr_list ='1,5' ) LIMIT 1   [ RunTime:0.0000s ]

[ 2018-06-08T08:48:21+08:00 ] 127.0.0.1 /shop/tp/index.php/Home/Cart/add_cart.html
INFO: [ app_init ] --START--
INFO: Run Behavior\BuildLiteBehavior [ RunTime:0.000000s ]
INFO: [ app_init ] --END-- [ RunTime:0.000000s ]
INFO: [ app_begin ] --START--
INFO: Run Behavior\ReadHtmlCacheBehavior [ RunTime:0.000000s ]
INFO: [ app_begin ] --END-- [ RunTime:0.000000s ]
NOTIC: [8] Use of undefined constant CONTROILLER_NAME - assumed 'CONTROILLER_NAME' D:\wamp64\www\no.4\shop\tp\application\Home\Controller\CommonController.class.php 第 16 行.
SQL: SHOW COLUMNS FROM `goods` [ RunTime:0.0000s ]
SQL: SELECT * FROM `goods` WHERE ( goods_id='1' ) LIMIT 1   [ RunTime:0.0000s ]
SQL: SHOW COLUMNS FROM `products` [ RunTime:0.0000s ]
SQL: SELECT * FROM `products` WHERE ( attr_list='1,5' ) LIMIT 1   [ RunTime:0.0000s ]
NOTIC: [8] Undefined variable: count D:\wamp64\www\no.4\shop\tp\application\Home\Controller\CartController.class.php 第 94 行.

[ 2018-06-08T08:48:59+08:00 ] 127.0.0.1 /shop/tp/index.php/Home/Goods/goods_info/goods_id/1.html
INFO: [ app_init ] --START--
INFO: Run Behavior\BuildLiteBehavior [ RunTime:0.000000s ]
INFO: [ app_init ] --END-- [ RunTime:0.000000s ]
INFO: [ app_begin ] --START--
INFO: Run Behavior\ReadHtmlCacheBehavior [ RunTime:0.000000s ]
INFO: [ app_begin ] --END-- [ RunTime:0.000000s ]
NOTIC: [8] Use of undefined constant CONTROILLER_NAME - assumed 'CONTROILLER_NAME' D:\wamp64\www\no.4\shop\tp\application\Home\Controller\CommonController.class.php 第 16 行.
SQL: SHOW COLUMNS FROM `goods` [ RunTime:0.0000s ]
SQL: SELECT * FROM `goods` WHERE ( goods_id = '1' ) LIMIT 1   [ RunTime:0.0000s ]
SQL: SHOW COLUMNS FROM `goods_attr` [ RunTime:0.0000s ]
SQL: SELECT * FROM `goods_attr` INNER JOIN attribute on goods_attr.attr_id=attribute.attr_id  WHERE ( goods_attr.goods_id ='1' )  [ RunTime:0.0000s ]
SQL: SHOW COLUMNS FROM `goods_gallery` [ RunTime:0.0000s ]
SQL: SELECT * FROM `goods_gallery` WHERE ( goods_id = '1' )  [ RunTime:0.0000s ]
INFO: [ view_parse ] --START--
INFO: [ template_filter ] --START--
INFO: Run Behavior\ContentReplaceBehavior [ RunTime:0.000000s ]
INFO: [ template_filter ] --END-- [ RunTime:0.000000s ]
NOTIC: [8] Undefined variable: category D:\wamp64\www\no.4\shop\tp\application\Runtime\Cache\Home\375ed1816059603326d80e06b71bb1ed.php 第 93 行.
NOTIC: [8] Undefined index: user D:\wamp64\www\no.4\shop\tp\application\Runtime\Cache\Home\375ed1816059603326d80e06b71bb1ed.php 第 1285 行.
NOTIC: [8] Undefined index: user D:\wamp64\www\no.4\shop\tp\application\Runtime\Cache\Home\375ed1816059603326d80e06b71bb1ed.php 第 1298 行.
INFO: Run Behavior\ParseTemplateBehavior [ RunTime:0.046800s ]
INFO: [ view_parse ] --END-- [ RunTime:0.046800s ]
INFO: [ view_filter ] --START--
INFO: Run Behavior\WriteHtmlCacheBehavior [ RunTime:0.000000s ]
INFO: [ view_filter ] --END-- [ RunTime:0.000000s ]
INFO: [ app_end ] --START--
INFO: Run Behavior\ShowPageTraceBehavior [ RunTime:0.000000s ]
INFO: [ app_end ] --END-- [ RunTime:0.000000s ]

[ 2018-06-08T08:50:25+08:00 ] 127.0.0.1 /shop/tp/index.php/Home/Goods/goods_info/goods_id/1.html
INFO: [ app_init ] --START--
INFO: Run Behavior\BuildLiteBehavior [ RunTime:0.000000s ]
INFO: [ app_init ] --END-- [ RunTime:0.000000s ]
INFO: [ app_begin ] --START--
INFO: Run Behavior\ReadHtmlCacheBehavior [ RunTime:0.000000s ]
INFO: [ app_begin ] --END-- [ RunTime:0.000000s ]
NOTIC: [8] Use of undefined constant CONTROILLER_NAME - assumed 'CONTROILLER_NAME' D:\wamp64\www\no.4\shop\tp\application\Home\Controller\CommonController.class.php 第 16 行.
SQL: SHOW COLUMNS FROM `goods` [ RunTime:0.0156s ]
SQL: SELECT * FROM `goods` WHERE ( goods_id = '1' ) LIMIT 1   [ RunTime:0.0000s ]
SQL: SHOW COLUMNS FROM `goods_attr` [ RunTime:0.0000s ]
SQL: SELECT * FROM `goods_attr` INNER JOIN attribute on goods_attr.attr_id=attribute.attr_id  WHERE ( goods_attr.goods_id ='1' )  [ RunTime:0.0000s ]
SQL: SHOW COLUMNS FROM `goods_gallery` [ RunTime:0.0000s ]
SQL: SELECT * FROM `goods_gallery` WHERE ( goods_id = '1' )  [ RunTime:0.0000s ]
INFO: [ view_parse ] --START--
INFO: [ template_filter ] --START--
INFO: Run Behavior\ContentReplaceBehavior [ RunTime:0.000000s ]
INFO: [ template_filter ] --END-- [ RunTime:0.000000s ]
NOTIC: [8] Undefined variable: category D:\wamp64\www\no.4\shop\tp\application\Runtime\Cache\Home\375ed1816059603326d80e06b71bb1ed.php 第 93 行.
NOTIC: [8] Undefined index: user D:\wamp64\www\no.4\shop\tp\application\Runtime\Cache\Home\375ed1816059603326d80e06b71bb1ed.php 第 1285 行.
NOTIC: [8] Undefined index: user D:\wamp64\www\no.4\shop\tp\application\Runtime\Cache\Home\375ed1816059603326d80e06b71bb1ed.php 第 1298 行.
INFO: Run Behavior\ParseTemplateBehavior [ RunTime:0.062400s ]
INFO: [ view_parse ] --END-- [ RunTime:0.062400s ]
INFO: [ view_filter ] --START--
INFO: Run Behavior\WriteHtmlCacheBehavior [ RunTime:0.000000s ]
INFO: [ view_filter ] --END-- [ RunTime:0.000000s ]
INFO: [ app_end ] --START--
INFO: Run Behavior\ShowPageTraceBehavior [ RunTime:0.000000s ]
INFO: [ app_end ] --END-- [ RunTime:0.000000s ]

[ 2018-06-08T08:50:31+08:00 ] 127.0.0.1 /shop/tp/index.php/Home/Goods/get_sku
INFO: [ app_init ] --START--
INFO: Run Behavior\BuildLiteBehavior [ RunTime:0.000000s ]
INFO: [ app_init ] --END-- [ RunTime:0.000000s ]
INFO: [ app_begin ] --START--
INFO: Run Behavior\ReadHtmlCacheBehavior [ RunTime:0.000000s ]
INFO: [ app_begin ] --END-- [ RunTime:0.000000s ]
NOTIC: [8] Use of undefined constant CONTROILLER_NAME - assumed 'CONTROILLER_NAME' D:\wamp64\www\no.4\shop\tp\application\Home\Controller\CommonController.class.php 第 16 行.
SQL: SHOW COLUMNS FROM `products` [ RunTime:0.0000s ]
SQL: SELECT * FROM `products` WHERE ( attr_list ='1,5' ) LIMIT 1   [ RunTime:0.0000s ]

[ 2018-06-08T08:50:32+08:00 ] 127.0.0.1 /shop/tp/index.php/Home/Cart/add_cart.html
INFO: [ app_init ] --START--
INFO: Run Behavior\BuildLiteBehavior [ RunTime:0.000000s ]
INFO: [ app_init ] --END-- [ RunTime:0.000000s ]
INFO: [ app_begin ] --START--
INFO: Run Behavior\ReadHtmlCacheBehavior [ RunTime:0.000000s ]
INFO: [ app_begin ] --END-- [ RunTime:0.000000s ]
NOTIC: [8] Use of undefined constant CONTROILLER_NAME - assumed 'CONTROILLER_NAME' D:\wamp64\www\no.4\shop\tp\application\Home\Controller\CommonController.class.php 第 16 行.
NOTIC: [8] Undefined variable: count D:\wamp64\www\no.4\shop\tp\application\Home\Controller\CartController.class.php 第 94 行.

[ 2018-06-08T08:52:21+08:00 ] 127.0.0.1 /shop/tp/index.php/Home/Goods/goods_info/goods_id/1.html
INFO: [ app_init ] --START--
INFO: Run Behavior\BuildLiteBehavior [ RunTime:0.000000s ]
INFO: [ app_init ] --END-- [ RunTime:0.000000s ]
INFO: [ app_begin ] --START--
INFO: Run Behavior\ReadHtmlCacheBehavior [ RunTime:0.000000s ]
INFO: [ app_begin ] --END-- [ RunTime:0.000000s ]
NOTIC: [8] Use of undefined constant CONTROILLER_NAME - assumed 'CONTROILLER_NAME' D:\wamp64\www\no.4\shop\tp\application\Home\Controller\CommonController.class.php 第 16 行.
SQL: SHOW COLUMNS FROM `goods` [ RunTime:0.0000s ]
SQL: SELECT * FROM `goods` WHERE ( goods_id = '1' ) LIMIT 1   [ RunTime:0.0000s ]
SQL: SHOW COLUMNS FROM `goods_attr` [ RunTime:0.0000s ]
SQL: SELECT * FROM `goods_attr` INNER JOIN attribute on goods_attr.attr_id=attribute.attr_id  WHERE ( goods_attr.goods_id ='1' )  [ RunTime:0.0156s ]
SQL: SHOW COLUMNS FROM `goods_gallery` [ RunTime:0.0000s ]
SQL: SELECT * FROM `goods_gallery` WHERE ( goods_id = '1' )  [ RunTime:0.0000s ]
INFO: [ view_parse ] --START--
INFO: [ template_filter ] --START--
INFO: Run Behavior\ContentReplaceBehavior [ RunTime:0.000000s ]
INFO: [ template_filter ] --END-- [ RunTime:0.000000s ]
NOTIC: [8] Undefined variable: category D:\wamp64\www\no.4\shop\tp\application\Runtime\Cache\Home\375ed1816059603326d80e06b71bb1ed.php 第 93 行.
NOTIC: [8] Undefined index: user D:\wamp64\www\no.4\shop\tp\application\Runtime\Cache\Home\375ed1816059603326d80e06b71bb1ed.php 第 1285 行.
NOTIC: [8] Undefined index: user D:\wamp64\www\no.4\shop\tp\application\Runtime\Cache\Home\375ed1816059603326d80e06b71bb1ed.php 第 1298 行.
INFO: Run Behavior\ParseTemplateBehavior [ RunTime:0.046800s ]
INFO: [ view_parse ] --END-- [ RunTime:0.046800s ]
INFO: [ view_filter ] --START--
INFO: Run Behavior\WriteHtmlCacheBehavior [ RunTime:0.000000s ]
INFO: [ view_filter ] --END-- [ RunTime:0.000000s ]
INFO: [ app_end ] --START--
INFO: Run Behavior\ShowPageTraceBehavior [ RunTime:0.000000s ]
INFO: [ app_end ] --END-- [ RunTime:0.000000s ]

[ 2018-06-08T08:52:24+08:00 ] 127.0.0.1 /shop/tp/index.php/Home/Goods/get_sku
INFO: [ app_init ] --START--
INFO: Run Behavior\BuildLiteBehavior [ RunTime:0.000000s ]
INFO: [ app_init ] --END-- [ RunTime:0.001000s ]
INFO: [ app_begin ] --START--
INFO: Run Behavior\ReadHtmlCacheBehavior [ RunTime:0.001000s ]
INFO: [ app_begin ] --END-- [ RunTime:0.001000s ]
NOTIC: [8] Use of undefined constant CONTROILLER_NAME - assumed 'CONTROILLER_NAME' D:\wamp64\www\no.4\shop\tp\application\Home\Controller\CommonController.class.php 第 16 行.
SQL: SHOW COLUMNS FROM `products` [ RunTime:0.0020s ]
SQL: SELECT * FROM `products` WHERE ( attr_list ='1,5' ) LIMIT 1   [ RunTime:0.0000s ]

[ 2018-06-08T08:52:25+08:00 ] 127.0.0.1 /shop/tp/index.php/Home/Goods/get_sku
INFO: [ app_init ] --START--
INFO: Run Behavior\BuildLiteBehavior [ RunTime:0.000000s ]
INFO: [ app_init ] --END-- [ RunTime:0.001000s ]
INFO: [ app_begin ] --START--
INFO: Run Behavior\ReadHtmlCacheBehavior [ RunTime:0.001000s ]
INFO: [ app_begin ] --END-- [ RunTime:0.001000s ]
NOTIC: [8] Use of undefined constant CONTROILLER_NAME - assumed 'CONTROILLER_NAME' D:\wamp64\www\no.4\shop\tp\application\Home\Controller\CommonController.class.php 第 16 行.
SQL: SHOW COLUMNS FROM `products` [ RunTime:0.0020s ]
SQL: SELECT * FROM `products` WHERE ( attr_list ='1,5' ) LIMIT 1   [ RunTime:0.0010s ]

[ 2018-06-08T08:52:26+08:00 ] 127.0.0.1 /shop/tp/index.php/Home/Cart/add_cart.html
INFO: [ app_init ] --START--
INFO: Run Behavior\BuildLiteBehavior [ RunTime:0.000000s ]
INFO: [ app_init ] --END-- [ RunTime:0.001000s ]
INFO: [ app_begin ] --START--
INFO: Run Behavior\ReadHtmlCacheBehavior [ RunTime:0.001000s ]
INFO: [ app_begin ] --END-- [ RunTime:0.001000s ]
NOTIC: [8] Use of undefined constant CONTROILLER_NAME - assumed 'CONTROILLER_NAME' D:\wamp64\www\no.4\shop\tp\application\Home\Controller\CommonController.class.php 第 16 行.
NOTIC: [8] Undefined variable: count D:\wamp64\www\no.4\shop\tp\application\Home\Controller\CartController.class.php 第 94 行.

[ 2018-06-08T08:52:27+08:00 ] 127.0.0.1 /shop/tp/index.php/Home/Cart/add_cart.html
INFO: [ app_init ] --START--
INFO: Run Behavior\BuildLiteBehavior [ RunTime:0.000000s ]
INFO: [ app_init ] --END-- [ RunTime:0.000000s ]
INFO: [ app_begin ] --START--
INFO: Run Behavior\ReadHtmlCacheBehavior [ RunTime:0.000000s ]
INFO: [ app_begin ] --END-- [ RunTime:0.000000s ]
NOTIC: [8] Use of undefined constant CONTROILLER_NAME - assumed 'CONTROILLER_NAME' D:\wamp64\www\no.4\shop\tp\application\Home\Controller\CommonController.class.php 第 16 行.
NOTIC: [8] Undefined variable: count D:\wamp64\www\no.4\shop\tp\application\Home\Controller\CartController.class.php 第 94 行.

[ 2018-06-08T08:52:27+08:00 ] 127.0.0.1 /shop/tp/index.php/Home/Cart/add_cart.html
INFO: [ app_init ] --START--
INFO: Run Behavior\BuildLiteBehavior [ RunTime:0.000000s ]
INFO: [ app_init ] --END-- [ RunTime:0.000000s ]
INFO: [ app_begin ] --START--
INFO: Run Behavior\ReadHtmlCacheBehavior [ RunTime:0.000000s ]
INFO: [ app_begin ] --END-- [ RunTime:0.000000s ]
NOTIC: [8] Use of undefined constant CONTROILLER_NAME - assumed 'CONTROILLER_NAME' D:\wamp64\www\no.4\shop\tp\application\Home\Controller\CommonController.class.php 第 16 行.
NOTIC: [8] Undefined variable: count D:\wamp64\www\no.4\shop\tp\application\Home\Controller\CartController.class.php 第 94 行.

[ 2018-06-08T08:52:30+08:00 ] 127.0.0.1 /shop/tp/index.php/Home/Cart/add_cart.html
INFO: [ app_init ] --START--
INFO: Run Behavior\BuildLiteBehavior [ RunTime:0.000000s ]
INFO: [ app_init ] --END-- [ RunTime:0.000000s ]
INFO: [ app_begin ] --START--
INFO: Run Behavior\ReadHtmlCacheBehavior [ RunTime:0.000000s ]
INFO: [ app_begin ] --END-- [ RunTime:0.000000s ]
NOTIC: [8] Use of undefined constant CONTROILLER_NAME - assumed 'CONTROILLER_NAME' D:\wamp64\www\no.4\shop\tp\application\Home\Controller\CommonController.class.php 第 16 行.
NOTIC: [8] Undefined variable: count D:\wamp64\www\no.4\shop\tp\application\Home\Controller\CartController.class.php 第 94 行.

[ 2018-06-08T08:52:31+08:00 ] 127.0.0.1 /shop/tp/index.php/Home/Cart/add_cart.html
INFO: [ app_init ] --START--
INFO: Run Behavior\BuildLiteBehavior [ RunTime:0.000000s ]
INFO: [ app_init ] --END-- [ RunTime:0.000000s ]
INFO: [ app_begin ] --START--
INFO: Run Behavior\ReadHtmlCacheBehavior [ RunTime:0.000000s ]
INFO: [ app_begin ] --END-- [ RunTime:0.000000s ]
NOTIC: [8] Use of undefined constant CONTROILLER_NAME - assumed 'CONTROILLER_NAME' D:\wamp64\www\no.4\shop\tp\application\Home\Controller\CommonController.class.php 第 16 行.
NOTIC: [8] Undefined variable: count D:\wamp64\www\no.4\shop\tp\application\Home\Controller\CartController.class.php 第 94 行.

