[ 2018-06-29T08:55:46+08:00 ] ::1 /no.4/shop/tp/Home/
INFO: [ app_init ] --START--
INFO: Run Behavior\BuildLiteBehavior [ RunTime:0.000000s ]
INFO: [ app_init ] --END-- [ RunTime:0.001000s ]
INFO: [ app_begin ] --START--
INFO: Run Behavior\ReadHtmlCacheBehavior [ RunTime:0.001001s ]
INFO: [ app_begin ] --END-- [ RunTime:0.001001s ]
NOTIC: [8] Use of undefined constant CONTROILLER_NAME - assumed 'CONTROILLER_NAME' F:\wamp64\www\no.4\shop\tp\application\Home\Controller\CommonController.class.php 第 16 行.
SQL: SHOW COLUMNS FROM `category` [ RunTime:0.0190s ]
SQL: SELECT * FROM `category` WHERE ( is_show = 1 and is_nav = 1 )  [ RunTime:0.0010s ]
SQL: SELECT * FROM `category` INNER JOIN goods on category.cate_id = goods.cate_id   [ RunTime:0.0310s ]
INFO: [ view_parse ] --START--
INFO: [ template_filter ] --START--
INFO: Run Behavior\ContentReplaceBehavior [ RunTime:0.001000s ]
INFO: [ template_filter ] --END-- [ RunTime:0.001000s ]
NOTIC: [8] Undefined index: user F:\wamp64\www\no.4\shop\tp\application\Runtime\Cache\Home\857cb80a7adc4d7e94f6a53f7fcbfd38.php 第 220 行.
NOTIC: [8] Undefined index: user F:\wamp64\www\no.4\shop\tp\application\Runtime\Cache\Home\857cb80a7adc4d7e94f6a53f7fcbfd38.php 第 787 行.
NOTIC: [8] Undefined index: user F:\wamp64\www\no.4\shop\tp\application\Runtime\Cache\Home\857cb80a7adc4d7e94f6a53f7fcbfd38.php 第 800 行.
INFO: Run Behavior\ParseTemplateBehavior [ RunTime:0.047003s ]
INFO: [ view_parse ] --END-- [ RunTime:0.047003s ]
INFO: [ view_filter ] --START--
INFO: Run Behavior\WriteHtmlCacheBehavior [ RunTime:0.000000s ]
INFO: [ view_filter ] --END-- [ RunTime:0.000000s ]
INFO: [ app_end ] --START--
INFO: Run Behavior\ShowPageTraceBehavior [ RunTime:0.000000s ]
INFO: [ app_end ] --END-- [ RunTime:0.000000s ]

[ 2018-06-29T08:55:46+08:00 ] ::1 /no.4/shop/tp/Home/basic/js/quick_links.js
INFO: [ app_init ] --START--
INFO: Run Behavior\BuildLiteBehavior [ RunTime:0.000000s ]
INFO: [ app_init ] --END-- [ RunTime:0.001000s ]
INFO: [ app_begin ] --START--
INFO: Run Behavior\ReadHtmlCacheBehavior [ RunTime:0.002000s ]
INFO: [ app_begin ] --END-- [ RunTime:0.004001s ]
ERR: 无法加载控制器:Basic

[ 2018-06-29T08:55:53+08:00 ] ::1 /no.4/shop/tp/index.php/Home/Goods/goods_info/goods_id/1.html
INFO: [ app_init ] --START--
INFO: Run Behavior\BuildLiteBehavior [ RunTime:0.000000s ]
INFO: [ app_init ] --END-- [ RunTime:0.000000s ]
INFO: [ app_begin ] --START--
INFO: Run Behavior\ReadHtmlCacheBehavior [ RunTime:0.001000s ]
INFO: [ app_begin ] --END-- [ RunTime:0.001000s ]
NOTIC: [8] Use of undefined constant CONTROILLER_NAME - assumed 'CONTROILLER_NAME' F:\wamp64\www\no.4\shop\tp\application\Home\Controller\CommonController.class.php 第 16 行.
SQL: SHOW COLUMNS FROM `goods` [ RunTime:0.0020s ]
SQL: SELECT * FROM `goods` WHERE ( goods_id = '1' ) LIMIT 1   [ RunTime:0.0000s ]
SQL: SHOW COLUMNS FROM `goods_attr` [ RunTime:0.0240s ]
SQL: SELECT * FROM `goods_attr` INNER JOIN attribute on goods_attr.attr_id=attribute.attr_id  WHERE ( goods_attr.goods_id ='1' )  [ RunTime:0.0170s ]
SQL: SHOW COLUMNS FROM `goods_gallery` [ RunTime:0.0100s ]
SQL: SELECT * FROM `goods_gallery` WHERE ( goods_id = '1' )  [ RunTime:0.0000s ]
INFO: [ view_parse ] --START--
INFO: [ template_filter ] --START--
INFO: Run Behavior\ContentReplaceBehavior [ RunTime:0.001000s ]
INFO: [ template_filter ] --END-- [ RunTime:0.001000s ]
NOTIC: [8] Undefined variable: category F:\wamp64\www\no.4\shop\tp\application\Runtime\Cache\Home\375ed1816059603326d80e06b71bb1ed.php 第 93 行.
NOTIC: [8] Undefined index: user F:\wamp64\www\no.4\shop\tp\application\Runtime\Cache\Home\375ed1816059603326d80e06b71bb1ed.php 第 1285 行.
NOTIC: [8] Undefined index: user F:\wamp64\www\no.4\shop\tp\application\Runtime\Cache\Home\375ed1816059603326d80e06b71bb1ed.php 第 1298 行.
INFO: Run Behavior\ParseTemplateBehavior [ RunTime:0.046003s ]
INFO: [ view_parse ] --END-- [ RunTime:0.046003s ]
INFO: [ view_filter ] --START--
INFO: Run Behavior\WriteHtmlCacheBehavior [ RunTime:0.000000s ]
INFO: [ view_filter ] --END-- [ RunTime:0.001000s ]
INFO: [ app_end ] --START--
INFO: Run Behavior\ShowPageTraceBehavior [ RunTime:0.001000s ]
INFO: [ app_end ] --END-- [ RunTime:0.001000s ]

[ 2018-06-29T08:56:00+08:00 ] ::1 /no.4/shop/tp/index.php/Home/Goods/get_sku
INFO: [ app_init ] --START--
INFO: Run Behavior\BuildLiteBehavior [ RunTime:0.000000s ]
INFO: [ app_init ] --END-- [ RunTime:0.001000s ]
INFO: [ app_begin ] --START--
INFO: Run Behavior\ReadHtmlCacheBehavior [ RunTime:0.001000s ]
INFO: [ app_begin ] --END-- [ RunTime:0.001000s ]
NOTIC: [8] Use of undefined constant CONTROILLER_NAME - assumed 'CONTROILLER_NAME' F:\wamp64\www\no.4\shop\tp\application\Home\Controller\CommonController.class.php 第 16 行.
SQL: SHOW COLUMNS FROM `products` [ RunTime:0.0740s ]
SQL: SELECT * FROM `products` WHERE ( attr_list ='1,4' ) LIMIT 1   [ RunTime:0.0010s ]

[ 2018-06-29T08:56:01+08:00 ] ::1 /no.4/shop/tp/index.php/Home/Cart/add_cart.html
INFO: [ app_init ] --START--
INFO: Run Behavior\BuildLiteBehavior [ RunTime:0.000000s ]
INFO: [ app_init ] --END-- [ RunTime:0.000000s ]
INFO: [ app_begin ] --START--
INFO: Run Behavior\ReadHtmlCacheBehavior [ RunTime:0.001000s ]
INFO: [ app_begin ] --END-- [ RunTime:0.001000s ]
NOTIC: [8] Use of undefined constant CONTROILLER_NAME - assumed 'CONTROILLER_NAME' F:\wamp64\www\no.4\shop\tp\application\Home\Controller\CommonController.class.php 第 16 行.
SQL: SHOW COLUMNS FROM `goods` [ RunTime:0.0030s ]
SQL: SELECT * FROM `goods` WHERE ( goods_id='1' ) LIMIT 1   [ RunTime:0.0000s ]
SQL: SHOW COLUMNS FROM `products` [ RunTime:0.0010s ]
SQL: SELECT * FROM `products` WHERE ( attr_list='1,4' ) LIMIT 1   [ RunTime:0.0000s ]
NOTIC: [8] Undefined variable: count F:\wamp64\www\no.4\shop\tp\application\Home\Controller\CartController.class.php 第 95 行.

[ 2018-06-29T08:56:03+08:00 ] ::1 /no.4/shop/tp/index.php/Home/Cart/add_cart.html
INFO: [ app_init ] --START--
INFO: Run Behavior\BuildLiteBehavior [ RunTime:0.000000s ]
INFO: [ app_init ] --END-- [ RunTime:0.001000s ]
INFO: [ app_begin ] --START--
INFO: Run Behavior\ReadHtmlCacheBehavior [ RunTime:0.001000s ]
INFO: [ app_begin ] --END-- [ RunTime:0.001000s ]
NOTIC: [8] Use of undefined constant CONTROILLER_NAME - assumed 'CONTROILLER_NAME' F:\wamp64\www\no.4\shop\tp\application\Home\Controller\CommonController.class.php 第 16 行.
NOTIC: [8] Undefined variable: count F:\wamp64\www\no.4\shop\tp\application\Home\Controller\CartController.class.php 第 95 行.

[ 2018-06-29T08:56:04+08:00 ] ::1 /no.4/shop/tp/index.php/Home/Cart/cart_list.html
INFO: [ app_init ] --START--
INFO: Run Behavior\BuildLiteBehavior [ RunTime:0.000000s ]
INFO: [ app_init ] --END-- [ RunTime:0.000000s ]
INFO: [ app_begin ] --START--
INFO: Run Behavior\ReadHtmlCacheBehavior [ RunTime:0.000000s ]
INFO: [ app_begin ] --END-- [ RunTime:0.001000s ]
NOTIC: [8] Use of undefined constant CONTROILLER_NAME - assumed 'CONTROILLER_NAME' F:\wamp64\www\no.4\shop\tp\application\Home\Controller\CommonController.class.php 第 16 行.
INFO: [ view_parse ] --START--
INFO: [ template_filter ] --START--
INFO: Run Behavior\ContentReplaceBehavior [ RunTime:0.000000s ]
INFO: [ template_filter ] --END-- [ RunTime:0.001000s ]
INFO: Run Behavior\ParseTemplateBehavior [ RunTime:0.009000s ]
INFO: [ view_parse ] --END-- [ RunTime:0.009000s ]
INFO: [ view_filter ] --START--
INFO: Run Behavior\WriteHtmlCacheBehavior [ RunTime:0.001000s ]
INFO: [ view_filter ] --END-- [ RunTime:0.001000s ]
SQL: SHOW COLUMNS FROM `cart` [ RunTime:0.0460s ]
SQL: SELECT * FROM `cart` WHERE ( user_id = '' )  [ RunTime:0.0010s ]
NOTIC: [8] Undefined variable: t_price F:\wamp64\www\no.4\shop\tp\application\Home\Controller\CartController.class.php 第 145 行.
NOTIC: [8] Undefined variable: t_num F:\wamp64\www\no.4\shop\tp\application\Home\Controller\CartController.class.php 第 146 行.
INFO: [ view_parse ] --START--
INFO: [ template_filter ] --START--
INFO: Run Behavior\ContentReplaceBehavior [ RunTime:0.001000s ]
INFO: [ template_filter ] --END-- [ RunTime:-0.076004s ]
NOTIC: [8] Undefined variable: category F:\wamp64\www\no.4\shop\tp\application\Runtime\Cache\Home\7d74ac59af393c8a989eeee296a22068.php 第 93 行.
NOTIC: [8] Undefined index: user F:\wamp64\www\no.4\shop\tp\application\Runtime\Cache\Home\7d74ac59af393c8a989eeee296a22068.php 第 316 行.
NOTIC: [8] Undefined index: user F:\wamp64\www\no.4\shop\tp\application\Runtime\Cache\Home\7d74ac59af393c8a989eeee296a22068.php 第 329 行.
INFO: Run Behavior\ParseTemplateBehavior [ RunTime:0.024002s ]
INFO: [ view_parse ] --END-- [ RunTime:-0.057003s ]
INFO: [ view_filter ] --START--
INFO: Run Behavior\WriteHtmlCacheBehavior [ RunTime:0.000000s ]
INFO: [ view_filter ] --END-- [ RunTime:-0.080005s ]
INFO: [ app_end ] --START--
INFO: Run Behavior\ShowPageTraceBehavior [ RunTime:0.001000s ]
INFO: [ app_end ] --END-- [ RunTime:0.001000s ]

[ 2018-06-29T08:56:05+08:00 ] ::1 /no.4/shop/tp/index.php/Home/Login/index.html
INFO: [ app_init ] --START--
INFO: Run Behavior\BuildLiteBehavior [ RunTime:0.000000s ]
INFO: [ app_init ] --END-- [ RunTime:0.000000s ]
INFO: [ app_begin ] --START--
INFO: Run Behavior\ReadHtmlCacheBehavior [ RunTime:0.000000s ]
INFO: [ app_begin ] --END-- [ RunTime:0.001000s ]
INFO: [ view_parse ] --START--
INFO: [ template_filter ] --START--
INFO: Run Behavior\ContentReplaceBehavior [ RunTime:0.000000s ]
INFO: [ template_filter ] --END-- [ RunTime:0.000000s ]
INFO: Run Behavior\ParseTemplateBehavior [ RunTime:0.009000s ]
INFO: [ view_parse ] --END-- [ RunTime:0.010000s ]
INFO: [ view_filter ] --START--
INFO: Run Behavior\WriteHtmlCacheBehavior [ RunTime:0.000000s ]
INFO: [ view_filter ] --END-- [ RunTime:0.001000s ]
INFO: [ app_end ] --START--
INFO: Run Behavior\ShowPageTraceBehavior [ RunTime:0.001000s ]
INFO: [ app_end ] --END-- [ RunTime:0.001000s ]

[ 2018-06-29T08:56:11+08:00 ] ::1 /no.4/shop/tp/index.php/Home/Login/login
INFO: [ app_init ] --START--
INFO: Run Behavior\BuildLiteBehavior [ RunTime:0.000000s ]
INFO: [ app_init ] --END-- [ RunTime:0.001000s ]
INFO: [ app_begin ] --START--
INFO: Run Behavior\ReadHtmlCacheBehavior [ RunTime:0.000000s ]
INFO: [ app_begin ] --END-- [ RunTime:0.001000s ]
SQL: SHOW COLUMNS FROM `user` [ RunTime:0.0280s ]
SQL: SELECT * FROM `user` WHERE ( email = '371675626@qq.com' ) LIMIT 1   [ RunTime:0.0010s ]
NOTIC: [8] Undefined variable: v F:\wamp64\www\no.4\shop\tp\application\Home\Controller\LoginController.class.php 第 205 行.
NOTIC: [8] Undefined variable: v F:\wamp64\www\no.4\shop\tp\application\Home\Controller\LoginController.class.php 第 205 行.
SQL: SHOW COLUMNS FROM `cart` [ RunTime:0.0010s ]
SQL: SELECT * FROM `cart` WHERE ( user_id ='1' and goods_id ='' and product_id = '' ) LIMIT 1   [ RunTime:0.0000s ]
SQL: INSERT INTO `cart` (`user_id`,`goods_id`,`product_sn`,`product_id`,`goods_name`,`goods_price`,`market_price`,`buy_number`,`goods_attr_id`,`goods_img`,`session_id`) VALUES ('1','1','a100002','1','iPhone X','4299','4999','2','1,4','./uploads/goods_thumb/74b48a2bedd4ada2399dfe34c8aae090.jpg','a43grdbfmm129miva9co2g5km0') [ RunTime:0.0010s ]
INFO: [ view_parse ] --START--
INFO: [ template_filter ] --START--
INFO: Run Behavior\ContentReplaceBehavior [ RunTime:0.000000s ]
INFO: [ template_filter ] --END-- [ RunTime:0.000000s ]
INFO: Run Behavior\ParseTemplateBehavior [ RunTime:0.007000s ]
INFO: [ view_parse ] --END-- [ RunTime:0.007000s ]
INFO: [ view_filter ] --START--
INFO: Run Behavior\WriteHtmlCacheBehavior [ RunTime:0.002000s ]
INFO: [ view_filter ] --END-- [ RunTime:0.002000s ]
INFO: [ app_end ] --START--
INFO: Run Behavior\ShowPageTraceBehavior [ RunTime:0.001000s ]
INFO: [ app_end ] --END-- [ RunTime:0.001000s ]

[ 2018-06-29T08:56:12+08:00 ] ::1 /no.4/shop/tp/index.php/Home/Index/index.html
INFO: [ app_init ] --START--
INFO: Run Behavior\BuildLiteBehavior [ RunTime:0.000000s ]
INFO: [ app_init ] --END-- [ RunTime:0.001000s ]
INFO: [ app_begin ] --START--
INFO: Run Behavior\ReadHtmlCacheBehavior [ RunTime:0.000000s ]
INFO: [ app_begin ] --END-- [ RunTime:0.001000s ]
NOTIC: [8] Use of undefined constant CONTROILLER_NAME - assumed 'CONTROILLER_NAME' F:\wamp64\www\no.4\shop\tp\application\Home\Controller\CommonController.class.php 第 16 行.
SQL: SHOW COLUMNS FROM `cart` [ RunTime:0.0010s ]
SQL: SELECT * FROM `cart` WHERE ( user_id = '1' )  [ RunTime:0.0000s ]
NOTIC: [8] Undefined variable: count F:\wamp64\www\no.4\shop\tp\application\Home\Controller\CommonController.class.php 第 29 行.
SQL: SHOW COLUMNS FROM `category` [ RunTime:0.0000s ]
SQL: SELECT * FROM `category` WHERE ( is_show = 1 and is_nav = 1 )  [ RunTime:0.0000s ]
SQL: SELECT * FROM `category` INNER JOIN goods on category.cate_id = goods.cate_id   [ RunTime:0.0020s ]
INFO: [ view_parse ] --START--
INFO: [ template_filter ] --START--
INFO: Run Behavior\ContentReplaceBehavior [ RunTime:0.000000s ]
INFO: [ template_filter ] --END-- [ RunTime:0.000000s ]
INFO: Run Behavior\ParseTemplateBehavior [ RunTime:0.028001s ]
INFO: [ view_parse ] --END-- [ RunTime:0.029001s ]
INFO: [ view_filter ] --START--
INFO: Run Behavior\WriteHtmlCacheBehavior [ RunTime:0.001000s ]
INFO: [ view_filter ] --END-- [ RunTime:0.001000s ]
INFO: [ app_end ] --START--
INFO: Run Behavior\ShowPageTraceBehavior [ RunTime:0.001000s ]
INFO: [ app_end ] --END-- [ RunTime:0.002000s ]

[ 2018-06-29T08:56:12+08:00 ] ::1 /no.4/shop/tp/index.php/Home/Index/basic/js/quick_links.js
INFO: [ app_init ] --START--
INFO: Run Behavior\BuildLiteBehavior [ RunTime:0.000000s ]
INFO: [ app_init ] --END-- [ RunTime:0.001000s ]
INFO: [ app_begin ] --START--
INFO: Run Behavior\ReadHtmlCacheBehavior [ RunTime:0.001000s ]
INFO: [ app_begin ] --END-- [ RunTime:0.001000s ]
NOTIC: [8] Use of undefined constant CONTROILLER_NAME - assumed 'CONTROILLER_NAME' F:\wamp64\www\no.4\shop\tp\application\Home\Controller\CommonController.class.php 第 16 行.
SQL: SHOW COLUMNS FROM `cart` [ RunTime:0.0010s ]
SQL: SELECT * FROM `cart` WHERE ( user_id = '1' )  [ RunTime:0.0010s ]
NOTIC: [8] Undefined variable: count F:\wamp64\www\no.4\shop\tp\application\Home\Controller\CommonController.class.php 第 29 行.
ERR: 非法操作:basic

[ 2018-06-29T08:56:14+08:00 ] ::1 /no.4/shop/tp/index.php/Home/Cart/cart_list/user_id/1.html
INFO: [ app_init ] --START--
INFO: Run Behavior\BuildLiteBehavior [ RunTime:0.000000s ]
INFO: [ app_init ] --END-- [ RunTime:0.001000s ]
INFO: [ app_begin ] --START--
INFO: Run Behavior\ReadHtmlCacheBehavior [ RunTime:0.000000s ]
INFO: [ app_begin ] --END-- [ RunTime:0.001000s ]
NOTIC: [8] Use of undefined constant CONTROILLER_NAME - assumed 'CONTROILLER_NAME' F:\wamp64\www\no.4\shop\tp\application\Home\Controller\CommonController.class.php 第 16 行.
SQL: SHOW COLUMNS FROM `cart` [ RunTime:0.0010s ]
SQL: SELECT * FROM `cart` WHERE ( user_id = '1' )  [ RunTime:0.0000s ]
NOTIC: [8] Undefined variable: count F:\wamp64\www\no.4\shop\tp\application\Home\Controller\CommonController.class.php 第 29 行.
SQL: SELECT * FROM `cart` WHERE ( user_id = '1' )  [ RunTime:0.0000s ]
NOTIC: [8] Undefined variable: t_price F:\wamp64\www\no.4\shop\tp\application\Home\Controller\CartController.class.php 第 128 行.
NOTIC: [8] Undefined variable: t_num F:\wamp64\www\no.4\shop\tp\application\Home\Controller\CartController.class.php 第 130 行.
SQL: SHOW COLUMNS FROM `goods_attr` [ RunTime:0.0000s ]
SQL: SELECT `attr_value` FROM `goods_attr` WHERE ( goods_attr_id ='1' ) LIMIT 1   [ RunTime:0.0000s ]
SQL: SHOW COLUMNS FROM `attribute` [ RunTime:0.0010s ]
SQL: SELECT `attr_id` FROM `goods_attr` WHERE ( goods_attr_id = '1' ) LIMIT 1   [ RunTime:0.0010s ]
SQL: SELECT `attr_name` FROM `attribute` WHERE ( attr_id=13 ) LIMIT 1   [ RunTime:0.0000s ]
SQL: SELECT `attr_value` FROM `goods_attr` WHERE ( goods_attr_id ='4' ) LIMIT 1   [ RunTime:0.0000s ]
SQL: SELECT `attr_id` FROM `goods_attr` WHERE ( goods_attr_id = '4' ) LIMIT 1   [ RunTime:0.0010s ]
SQL: SELECT `attr_name` FROM `attribute` WHERE ( attr_id=14 ) LIMIT 1   [ RunTime:0.0000s ]
SQL: SELECT `attr_value` FROM `goods_attr` WHERE ( goods_attr_id ='2' ) LIMIT 1   [ RunTime:0.0000s ]
SQL: SELECT `attr_id` FROM `goods_attr` WHERE ( goods_attr_id = '2' ) LIMIT 1   [ RunTime:0.0000s ]
SQL: SELECT `attr_name` FROM `attribute` WHERE ( attr_id=13 ) LIMIT 1   [ RunTime:0.0000s ]
SQL: SELECT `attr_value` FROM `goods_attr` WHERE ( goods_attr_id ='5' ) LIMIT 1   [ RunTime:0.0010s ]
SQL: SELECT `attr_id` FROM `goods_attr` WHERE ( goods_attr_id = '5' ) LIMIT 1   [ RunTime:0.0000s ]
SQL: SELECT `attr_name` FROM `attribute` WHERE ( attr_id=14 ) LIMIT 1   [ RunTime:0.0000s ]
SQL: SELECT `attr_value` FROM `goods_attr` WHERE ( goods_attr_id ='1' ) LIMIT 1   [ RunTime:0.0000s ]
SQL: SELECT `attr_id` FROM `goods_attr` WHERE ( goods_attr_id = '1' ) LIMIT 1   [ RunTime:0.0010s ]
SQL: SELECT `attr_name` FROM `attribute` WHERE ( attr_id=13 ) LIMIT 1   [ RunTime:0.0000s ]
SQL: SELECT `attr_value` FROM `goods_attr` WHERE ( goods_attr_id ='4' ) LIMIT 1   [ RunTime:0.0000s ]
SQL: SELECT `attr_id` FROM `goods_attr` WHERE ( goods_attr_id = '4' ) LIMIT 1   [ RunTime:0.0010s ]
SQL: SELECT `attr_name` FROM `attribute` WHERE ( attr_id=14 ) LIMIT 1   [ RunTime:0.0000s ]
INFO: [ view_parse ] --START--
INFO: [ template_filter ] --START--
INFO: Run Behavior\ContentReplaceBehavior [ RunTime:0.000000s ]
INFO: [ template_filter ] --END-- [ RunTime:0.000000s ]
NOTIC: [8] Undefined variable: category F:\wamp64\www\no.4\shop\tp\application\Runtime\Cache\Home\7d74ac59af393c8a989eeee296a22068.php 第 93 行.
INFO: Run Behavior\ParseTemplateBehavior [ RunTime:0.019001s ]
INFO: [ view_parse ] --END-- [ RunTime:0.019001s ]
INFO: [ view_filter ] --START--
INFO: Run Behavior\WriteHtmlCacheBehavior [ RunTime:0.000000s ]
INFO: [ view_filter ] --END-- [ RunTime:0.000000s ]
INFO: [ app_end ] --START--
INFO: Run Behavior\ShowPageTraceBehavior [ RunTime:0.001000s ]
INFO: [ app_end ] --END-- [ RunTime:0.001000s ]

[ 2018-06-29T08:56:17+08:00 ] ::1 /no.4/shop/tp/index.php/Home/Order/is_order.html
INFO: [ app_init ] --START--
INFO: Run Behavior\BuildLiteBehavior [ RunTime:0.000000s ]
INFO: [ app_init ] --END-- [ RunTime:0.000000s ]
INFO: [ app_begin ] --START--
INFO: Run Behavior\ReadHtmlCacheBehavior [ RunTime:0.000000s ]
INFO: [ app_begin ] --END-- [ RunTime:0.000000s ]
NOTIC: [8] Use of undefined constant CONTROILLER_NAME - assumed 'CONTROILLER_NAME' F:\wamp64\www\no.4\shop\tp\application\Home\Controller\CommonController.class.php 第 16 行.
SQL: SHOW COLUMNS FROM `cart` [ RunTime:0.0020s ]
SQL: SELECT * FROM `cart` WHERE ( user_id = '1' )  [ RunTime:0.0010s ]
NOTIC: [8] Undefined variable: count F:\wamp64\www\no.4\shop\tp\application\Home\Controller\CommonController.class.php 第 29 行.
SQL: SHOW COLUMNS FROM `region` [ RunTime:0.0330s ]
SQL: SELECT * FROM `region` WHERE ( parent_id = 0  )  [ RunTime:0.0010s ]
INFO: [ view_parse ] --START--
INFO: [ template_filter ] --START--
INFO: Run Behavior\ContentReplaceBehavior [ RunTime:0.001000s ]
INFO: [ template_filter ] --END-- [ RunTime:0.001000s ]
NOTIC: [8] Undefined variable: category F:\wamp64\www\no.4\shop\tp\application\Runtime\Cache\Home\b89911f7ee8592ca292a29be5dfef847.php 第 93 行.
INFO: Run Behavior\ParseTemplateBehavior [ RunTime:0.020001s ]
INFO: [ view_parse ] --END-- [ RunTime:0.020001s ]
INFO: [ view_filter ] --START--
INFO: Run Behavior\WriteHtmlCacheBehavior [ RunTime:0.001000s ]
INFO: [ view_filter ] --END-- [ RunTime:0.001000s ]
INFO: [ app_end ] --START--
INFO: Run Behavior\ShowPageTraceBehavior [ RunTime:0.001001s ]
INFO: [ app_end ] --END-- [ RunTime:0.001001s ]

[ 2018-06-29T08:56:21+08:00 ] ::1 /no.4/shop/tp/index.php/Home/Order/set_order?payment=003
INFO: [ app_init ] --START--
INFO: Run Behavior\BuildLiteBehavior [ RunTime:0.001000s ]
INFO: [ app_init ] --END-- [ RunTime:0.001000s ]
INFO: [ app_begin ] --START--
INFO: Run Behavior\ReadHtmlCacheBehavior [ RunTime:0.001000s ]
INFO: [ app_begin ] --END-- [ RunTime:0.001000s ]
NOTIC: [8] Use of undefined constant CONTROILLER_NAME - assumed 'CONTROILLER_NAME' F:\wamp64\www\no.4\shop\tp\application\Home\Controller\CommonController.class.php 第 16 行.
SQL: SHOW COLUMNS FROM `cart` [ RunTime:0.0010s ]
SQL: SELECT * FROM `cart` WHERE ( user_id = '1' )  [ RunTime:0.0000s ]
NOTIC: [8] Undefined variable: count F:\wamp64\www\no.4\shop\tp\application\Home\Controller\CommonController.class.php 第 29 行.
SQL: SELECT * FROM `cart` WHERE ( user_id = '1' )  [ RunTime:0.0000s ]
NOTIC: [8] Undefined variable: total_price F:\wamp64\www\no.4\shop\tp\application\Home\Controller\OrderController.class.php 第 49 行.
SQL: SHOW COLUMNS FROM `order_info` [ RunTime:0.0420s ]
SQL: INSERT INTO `order_info` (`order_sn`,`user_id`,`order_status`,`shipping_status`,`pay_status`,`message`,`pay_id`,`pay_name`,`goods_amount`,`money_paid`,`order_amount`,`add_time`,`pay_time`) VALUES ('20180629552771','1','0','0','0','嗯','003','支付宝','17496','0','17496','1530233780','1530233780') [ RunTime:0.0010s ]
INFO: [ app_end ] --START--
INFO: Run Behavior\ShowPageTraceBehavior [ RunTime:0.000000s ]
INFO: [ app_end ] --END-- [ RunTime:0.000000s ]

[ 2018-06-29T08:56:50+08:00 ] ::1 /no.4/shop/tp/index.php/Home/Order/set_order?payment=003
INFO: [ app_init ] --START--
INFO: Run Behavior\BuildLiteBehavior [ RunTime:0.000000s ]
INFO: [ app_init ] --END-- [ RunTime:0.001000s ]
INFO: [ app_begin ] --START--
INFO: Run Behavior\ReadHtmlCacheBehavior [ RunTime:0.000000s ]
INFO: [ app_begin ] --END-- [ RunTime:0.000000s ]
NOTIC: [8] Use of undefined constant CONTROILLER_NAME - assumed 'CONTROILLER_NAME' F:\wamp64\www\no.4\shop\tp\application\Home\Controller\CommonController.class.php 第 16 行.
SQL: SHOW COLUMNS FROM `cart` [ RunTime:0.0010s ]
SQL: SELECT * FROM `cart` WHERE ( user_id = '1' )  [ RunTime:0.0000s ]
NOTIC: [8] Undefined variable: count F:\wamp64\www\no.4\shop\tp\application\Home\Controller\CommonController.class.php 第 29 行.
SQL: SELECT * FROM `cart` WHERE ( user_id = '1' )  [ RunTime:0.0000s ]
NOTIC: [8] Undefined variable: total_price F:\wamp64\www\no.4\shop\tp\application\Home\Controller\OrderController.class.php 第 49 行.
SQL: SHOW COLUMNS FROM `order_info` [ RunTime:0.0010s ]
SQL: INSERT INTO `order_info` (`order_sn`,`user_id`,`order_status`,`shipping_status`,`pay_status`,`message`,`pay_id`,`pay_name`,`goods_amount`,`money_paid`,`order_amount`,`add_time`,`pay_time`) VALUES ('20180629653371','1','0','0','0','嗯','003','支付宝','17496','0','17496','1530233810','1530233810') [ RunTime:0.0010s ]
INFO: [ app_end ] --START--
INFO: Run Behavior\ShowPageTraceBehavior [ RunTime:0.001000s ]
INFO: [ app_end ] --END-- [ RunTime:0.001000s ]

[ 2018-06-29T08:57:25+08:00 ] ::1 /no.4/shop/tp/index.php/Home/Order/set_order?payment=003
INFO: [ app_init ] --START--
INFO: Run Behavior\BuildLiteBehavior [ RunTime:0.000000s ]
INFO: [ app_init ] --END-- [ RunTime:0.001000s ]
INFO: [ app_begin ] --START--
INFO: Run Behavior\ReadHtmlCacheBehavior [ RunTime:0.001000s ]
INFO: [ app_begin ] --END-- [ RunTime:0.001000s ]
NOTIC: [8] Use of undefined constant CONTROILLER_NAME - assumed 'CONTROILLER_NAME' F:\wamp64\www\no.4\shop\tp\application\Home\Controller\CommonController.class.php 第 16 行.
SQL: SHOW COLUMNS FROM `cart` [ RunTime:0.0010s ]
SQL: SELECT * FROM `cart` WHERE ( user_id = '1' )  [ RunTime:0.0000s ]
NOTIC: [8] Undefined variable: count F:\wamp64\www\no.4\shop\tp\application\Home\Controller\CommonController.class.php 第 29 行.
SQL: SELECT * FROM `cart` WHERE ( user_id = '1' )  [ RunTime:0.0000s ]
NOTIC: [8] Undefined variable: total_price F:\wamp64\www\no.4\shop\tp\application\Home\Controller\OrderController.class.php 第 49 行.
SQL: SHOW COLUMNS FROM `order_info` [ RunTime:0.0010s ]
SQL: INSERT INTO `order_info` (`order_sn`,`user_id`,`order_status`,`shipping_status`,`pay_status`,`message`,`pay_id`,`pay_name`,`goods_amount`,`money_paid`,`order_amount`,`add_time`,`pay_time`) VALUES ('20180629632291','1','0','0','0','嗯','003','支付宝','17496','0','17496','1530233845','1530233845') [ RunTime:0.0010s ]
INFO: [ app_end ] --START--
INFO: Run Behavior\ShowPageTraceBehavior [ RunTime:0.001000s ]
INFO: [ app_end ] --END-- [ RunTime:0.001000s ]

[ 2018-06-29T08:58:21+08:00 ] ::1 /no.4/shop/tp/index.php/Home/Order/set_order?payment=003
INFO: [ app_init ] --START--
INFO: Run Behavior\BuildLiteBehavior [ RunTime:0.000000s ]
INFO: [ app_init ] --END-- [ RunTime:0.001000s ]
INFO: [ app_begin ] --START--
INFO: Run Behavior\ReadHtmlCacheBehavior [ RunTime:0.000000s ]
INFO: [ app_begin ] --END-- [ RunTime:0.001000s ]
NOTIC: [8] Use of undefined constant CONTROILLER_NAME - assumed 'CONTROILLER_NAME' F:\wamp64\www\no.4\shop\tp\application\Home\Controller\CommonController.class.php 第 16 行.
SQL: SHOW COLUMNS FROM `cart` [ RunTime:0.0020s ]
SQL: SELECT * FROM `cart` WHERE ( user_id = '1' )  [ RunTime:0.0000s ]
NOTIC: [8] Undefined variable: count F:\wamp64\www\no.4\shop\tp\application\Home\Controller\CommonController.class.php 第 29 行.
SQL: SELECT * FROM `cart` WHERE ( user_id = '1' )  [ RunTime:0.0010s ]
NOTIC: [8] Undefined variable: total_price F:\wamp64\www\no.4\shop\tp\application\Home\Controller\OrderController.class.php 第 49 行.
SQL: SHOW COLUMNS FROM `order_info` [ RunTime:0.0010s ]
SQL: INSERT INTO `order_info` (`order_sn`,`user_id`,`order_status`,`shipping_status`,`pay_status`,`message`,`pay_id`,`pay_name`,`goods_amount`,`money_paid`,`order_amount`,`add_time`,`pay_time`) VALUES ('20180629610111','1','0','0','0','嗯','003','支付宝','17496','0','17496','1530233901','1530233901') [ RunTime:0.0000s ]
INFO: [ app_end ] --START--
INFO: Run Behavior\ShowPageTraceBehavior [ RunTime:0.001000s ]
INFO: [ app_end ] --END-- [ RunTime:0.001000s ]

[ 2018-06-29T08:59:05+08:00 ] ::1 /no.4/shop/tp/index.php/Home/Order/set_order?payment=003
INFO: [ app_init ] --START--
INFO: Run Behavior\BuildLiteBehavior [ RunTime:0.000000s ]
INFO: [ app_init ] --END-- [ RunTime:0.001000s ]
INFO: [ app_begin ] --START--
INFO: Run Behavior\ReadHtmlCacheBehavior [ RunTime:0.000000s ]
INFO: [ app_begin ] --END-- [ RunTime:0.000000s ]
NOTIC: [8] Use of undefined constant CONTROILLER_NAME - assumed 'CONTROILLER_NAME' F:\wamp64\www\no.4\shop\tp\application\Home\Controller\CommonController.class.php 第 16 行.
SQL: SHOW COLUMNS FROM `cart` [ RunTime:0.0010s ]
SQL: SELECT * FROM `cart` WHERE ( user_id = '1' )  [ RunTime:0.0010s ]
NOTIC: [8] Undefined variable: count F:\wamp64\www\no.4\shop\tp\application\Home\Controller\CommonController.class.php 第 29 行.
SQL: SELECT * FROM `cart` WHERE ( user_id = '1' )  [ RunTime:0.0000s ]
NOTIC: [8] Undefined variable: total_price F:\wamp64\www\no.4\shop\tp\application\Home\Controller\OrderController.class.php 第 49 行.
SQL: SHOW COLUMNS FROM `order_info` [ RunTime:0.0010s ]
SQL: INSERT INTO `order_info` (`order_sn`,`user_id`,`order_status`,`shipping_status`,`pay_status`,`message`,`pay_id`,`pay_name`,`goods_amount`,`money_paid`,`order_amount`,`add_time`,`pay_time`) VALUES ('20180629201601','1','0','0','0','嗯','003','支付宝','17496','0','17496','1530233945','1530233945') [ RunTime:0.0010s ]
INFO: [ app_end ] --START--
INFO: Run Behavior\ShowPageTraceBehavior [ RunTime:0.000000s ]
INFO: [ app_end ] --END-- [ RunTime:0.000000s ]

[ 2018-06-29T08:59:09+08:00 ] ::1 /no.4/shop/tp/index.php/Home/Order/set_order?payment=003
INFO: [ app_init ] --START--
INFO: Run Behavior\BuildLiteBehavior [ RunTime:0.000000s ]
INFO: [ app_init ] --END-- [ RunTime:0.000000s ]
INFO: [ app_begin ] --START--
INFO: Run Behavior\ReadHtmlCacheBehavior [ RunTime:0.001000s ]
INFO: [ app_begin ] --END-- [ RunTime:0.001000s ]
NOTIC: [8] Use of undefined constant CONTROILLER_NAME - assumed 'CONTROILLER_NAME' F:\wamp64\www\no.4\shop\tp\application\Home\Controller\CommonController.class.php 第 16 行.
SQL: SHOW COLUMNS FROM `cart` [ RunTime:0.0010s ]
SQL: SELECT * FROM `cart` WHERE ( user_id = '1' )  [ RunTime:0.0010s ]
NOTIC: [8] Undefined variable: count F:\wamp64\www\no.4\shop\tp\application\Home\Controller\CommonController.class.php 第 29 行.
SQL: SELECT * FROM `cart` WHERE ( user_id = '1' )  [ RunTime:0.0010s ]
NOTIC: [8] Undefined variable: total_price F:\wamp64\www\no.4\shop\tp\application\Home\Controller\OrderController.class.php 第 49 行.
SQL: SHOW COLUMNS FROM `order_info` [ RunTime:0.0010s ]
SQL: INSERT INTO `order_info` (`order_sn`,`user_id`,`order_status`,`shipping_status`,`pay_status`,`message`,`pay_id`,`pay_name`,`goods_amount`,`money_paid`,`order_amount`,`add_time`,`pay_time`) VALUES ('20180629487941','1','0','0','0','嗯','003','支付宝','17496','0','17496','1530233949','1530233949') [ RunTime:0.0010s ]
INFO: [ app_end ] --START--
INFO: Run Behavior\ShowPageTraceBehavior [ RunTime:0.001000s ]
INFO: [ app_end ] --END-- [ RunTime:0.001000s ]

[ 2018-06-29T08:59:14+08:00 ] ::1 /no.4/shop/tp/index.php/Home/Order/set_order?payment=003
INFO: [ app_init ] --START--
INFO: Run Behavior\BuildLiteBehavior [ RunTime:0.000000s ]
INFO: [ app_init ] --END-- [ RunTime:0.001000s ]
INFO: [ app_begin ] --START--
INFO: Run Behavior\ReadHtmlCacheBehavior [ RunTime:0.001000s ]
INFO: [ app_begin ] --END-- [ RunTime:0.001000s ]
NOTIC: [8] Use of undefined constant CONTROILLER_NAME - assumed 'CONTROILLER_NAME' F:\wamp64\www\no.4\shop\tp\application\Home\Controller\CommonController.class.php 第 16 行.
SQL: SHOW COLUMNS FROM `cart` [ RunTime:0.0010s ]
SQL: SELECT * FROM `cart` WHERE ( user_id = '1' )  [ RunTime:0.0010s ]
NOTIC: [8] Undefined variable: count F:\wamp64\www\no.4\shop\tp\application\Home\Controller\CommonController.class.php 第 29 行.
SQL: SELECT * FROM `cart` WHERE ( user_id = '1' )  [ RunTime:0.0010s ]
NOTIC: [8] Undefined variable: total_price F:\wamp64\www\no.4\shop\tp\application\Home\Controller\OrderController.class.php 第 49 行.
SQL: SHOW COLUMNS FROM `order_info` [ RunTime:0.0010s ]
SQL: INSERT INTO `order_info` (`order_sn`,`user_id`,`order_status`,`shipping_status`,`pay_status`,`message`,`pay_id`,`pay_name`,`goods_amount`,`money_paid`,`order_amount`,`add_time`,`pay_time`) VALUES ('20180629708631','1','0','0','0','嗯','003','支付宝','17496','0','17496','1530233954','1530233954') [ RunTime:0.0000s ]
INFO: [ app_end ] --START--
INFO: Run Behavior\ShowPageTraceBehavior [ RunTime:0.000000s ]
INFO: [ app_end ] --END-- [ RunTime:0.000000s ]

[ 2018-06-29T09:03:17+08:00 ] ::1 /no.4/shop/tp/index.php/Home/Order/set_order?payment=003
INFO: [ app_init ] --START--
INFO: Run Behavior\BuildLiteBehavior [ RunTime:0.000000s ]
INFO: [ app_init ] --END-- [ RunTime:0.001000s ]
INFO: [ app_begin ] --START--
INFO: Run Behavior\ReadHtmlCacheBehavior [ RunTime:0.001000s ]
INFO: [ app_begin ] --END-- [ RunTime:0.001000s ]
NOTIC: [8] Use of undefined constant CONTROILLER_NAME - assumed 'CONTROILLER_NAME' F:\wamp64\www\no.4\shop\tp\application\Home\Controller\CommonController.class.php 第 16 行.
SQL: SHOW COLUMNS FROM `cart` [ RunTime:0.0010s ]
SQL: SELECT * FROM `cart` WHERE ( user_id = '1' )  [ RunTime:0.0000s ]
NOTIC: [8] Undefined variable: count F:\wamp64\www\no.4\shop\tp\application\Home\Controller\CommonController.class.php 第 29 行.
SQL: SELECT * FROM `cart` WHERE ( user_id = '1' )  [ RunTime:0.0000s ]
NOTIC: [8] Undefined variable: total_price F:\wamp64\www\no.4\shop\tp\application\Home\Controller\OrderController.class.php 第 49 行.
SQL: SHOW COLUMNS FROM `order_info` [ RunTime:0.0010s ]
SQL: INSERT INTO `order_info` (`order_sn`,`user_id`,`order_status`,`shipping_status`,`pay_status`,`message`,`pay_id`,`pay_name`,`goods_amount`,`money_paid`,`order_amount`,`add_time`,`pay_time`) VALUES ('20180629026411','1','0','0','0','嗯','003','支付宝','17496','0','17496','1530234197','1530234197') [ RunTime:0.0010s ]

[ 2018-06-29T09:03:19+08:00 ] ::1 /no.4/shop/tp/index.php/Home/Order/is_order.html
INFO: [ app_init ] --START--
INFO: Run Behavior\BuildLiteBehavior [ RunTime:0.000000s ]
INFO: [ app_init ] --END-- [ RunTime:0.000000s ]
INFO: [ app_begin ] --START--
INFO: Run Behavior\ReadHtmlCacheBehavior [ RunTime:0.000000s ]
INFO: [ app_begin ] --END-- [ RunTime:0.000000s ]
NOTIC: [8] Use of undefined constant CONTROILLER_NAME - assumed 'CONTROILLER_NAME' F:\wamp64\www\no.4\shop\tp\application\Home\Controller\CommonController.class.php 第 16 行.
SQL: SHOW COLUMNS FROM `cart` [ RunTime:0.0010s ]
SQL: SELECT * FROM `cart` WHERE ( user_id = '1' )  [ RunTime:0.0010s ]
NOTIC: [8] Undefined variable: count F:\wamp64\www\no.4\shop\tp\application\Home\Controller\CommonController.class.php 第 29 行.
SQL: SHOW COLUMNS FROM `region` [ RunTime:0.0010s ]
SQL: SELECT * FROM `region` WHERE ( parent_id = 0  )  [ RunTime:0.0010s ]
INFO: [ view_parse ] --START--
INFO: [ template_filter ] --START--
INFO: Run Behavior\ContentReplaceBehavior [ RunTime:0.000000s ]
INFO: [ template_filter ] --END-- [ RunTime:0.000000s ]
NOTIC: [8] Undefined variable: category F:\wamp64\www\no.4\shop\tp\application\Runtime\Cache\Home\b89911f7ee8592ca292a29be5dfef847.php 第 93 行.
INFO: Run Behavior\ParseTemplateBehavior [ RunTime:0.026001s ]
INFO: [ view_parse ] --END-- [ RunTime:0.026001s ]
INFO: [ view_filter ] --START--
INFO: Run Behavior\WriteHtmlCacheBehavior [ RunTime:0.001000s ]
INFO: [ view_filter ] --END-- [ RunTime:0.001000s ]
INFO: [ app_end ] --START--
INFO: Run Behavior\ShowPageTraceBehavior [ RunTime:0.001000s ]
INFO: [ app_end ] --END-- [ RunTime:0.001000s ]

[ 2018-06-29T09:03:21+08:00 ] ::1 /no.4/shop/tp/index.php/Home/Order/set_order
INFO: [ app_init ] --START--
INFO: Run Behavior\BuildLiteBehavior [ RunTime:0.000000s ]
INFO: [ app_init ] --END-- [ RunTime:0.001000s ]
INFO: [ app_begin ] --START--
INFO: Run Behavior\ReadHtmlCacheBehavior [ RunTime:0.000000s ]
INFO: [ app_begin ] --END-- [ RunTime:0.001000s ]
NOTIC: [8] Use of undefined constant CONTROILLER_NAME - assumed 'CONTROILLER_NAME' F:\wamp64\www\no.4\shop\tp\application\Home\Controller\CommonController.class.php 第 16 行.
SQL: SHOW COLUMNS FROM `cart` [ RunTime:0.0010s ]
SQL: SELECT * FROM `cart` WHERE ( user_id = '1' )  [ RunTime:0.0010s ]
NOTIC: [8] Undefined variable: count F:\wamp64\www\no.4\shop\tp\application\Home\Controller\CommonController.class.php 第 29 行.
SQL: SELECT * FROM `cart` WHERE ( user_id = '1' )  [ RunTime:0.0000s ]
NOTIC: [8] Undefined variable: total_price F:\wamp64\www\no.4\shop\tp\application\Home\Controller\OrderController.class.php 第 49 行.
NOTIC: [8] Undefined variable: pay_name F:\wamp64\www\no.4\shop\tp\application\Home\Controller\OrderController.class.php 第 63 行.
SQL: SHOW COLUMNS FROM `order_info` [ RunTime:0.0010s ]
SQL: INSERT INTO `order_info` (`order_sn`,`user_id`,`order_status`,`shipping_status`,`pay_status`,`message`,`pay_id`,`pay_name`,`goods_amount`,`money_paid`,`order_amount`,`add_time`,`pay_time`) VALUES ('20180629679581','1','0','0','0','嗯','',NULL,'17496','0','17496','1530234201','1530234201') [ RunTime:0.0010s ]

[ 2018-06-29T09:03:25+08:00 ] ::1 /no.4/shop/tp/index.php/Home/Order/set_order?payment=003
INFO: [ app_init ] --START--
INFO: Run Behavior\BuildLiteBehavior [ RunTime:0.000000s ]
INFO: [ app_init ] --END-- [ RunTime:0.000000s ]
INFO: [ app_begin ] --START--
INFO: Run Behavior\ReadHtmlCacheBehavior [ RunTime:0.000000s ]
INFO: [ app_begin ] --END-- [ RunTime:0.000000s ]
NOTIC: [8] Use of undefined constant CONTROILLER_NAME - assumed 'CONTROILLER_NAME' F:\wamp64\www\no.4\shop\tp\application\Home\Controller\CommonController.class.php 第 16 行.
SQL: SHOW COLUMNS FROM `cart` [ RunTime:0.0010s ]
SQL: SELECT * FROM `cart` WHERE ( user_id = '1' )  [ RunTime:0.0000s ]
NOTIC: [8] Undefined variable: count F:\wamp64\www\no.4\shop\tp\application\Home\Controller\CommonController.class.php 第 29 行.
SQL: SELECT * FROM `cart` WHERE ( user_id = '1' )  [ RunTime:0.0000s ]
NOTIC: [8] Undefined variable: total_price F:\wamp64\www\no.4\shop\tp\application\Home\Controller\OrderController.class.php 第 49 行.
SQL: SHOW COLUMNS FROM `order_info` [ RunTime:0.0010s ]
SQL: INSERT INTO `order_info` (`order_sn`,`user_id`,`order_status`,`shipping_status`,`pay_status`,`message`,`pay_id`,`pay_name`,`goods_amount`,`money_paid`,`order_amount`,`add_time`,`pay_time`) VALUES ('20180629558641','1','0','0','0','嗯','003','支付宝','17496','0','17496','1530234205','1530234205') [ RunTime:0.0010s ]

[ 2018-06-29T09:05:22+08:00 ] ::1 /no.4/shop/tp/index.php/Home/Order/is_order.html
INFO: [ app_init ] --START--
INFO: Run Behavior\BuildLiteBehavior [ RunTime:0.000000s ]
INFO: [ app_init ] --END-- [ RunTime:0.000000s ]
INFO: [ app_begin ] --START--
INFO: Run Behavior\ReadHtmlCacheBehavior [ RunTime:0.000000s ]
INFO: [ app_begin ] --END-- [ RunTime:0.001000s ]
NOTIC: [8] Use of undefined constant CONTROILLER_NAME - assumed 'CONTROILLER_NAME' F:\wamp64\www\no.4\shop\tp\application\Home\Controller\CommonController.class.php 第 16 行.
SQL: SHOW COLUMNS FROM `cart` [ RunTime:0.0010s ]
SQL: SELECT * FROM `cart` WHERE ( user_id = '1' )  [ RunTime:0.0000s ]
NOTIC: [8] Undefined variable: count F:\wamp64\www\no.4\shop\tp\application\Home\Controller\CommonController.class.php 第 29 行.
SQL: SHOW COLUMNS FROM `region` [ RunTime:0.0000s ]
SQL: SELECT * FROM `region` WHERE ( parent_id = 0  )  [ RunTime:0.0010s ]
INFO: [ view_parse ] --START--
INFO: [ template_filter ] --START--
INFO: Run Behavior\ContentReplaceBehavior [ RunTime:0.001000s ]
INFO: [ template_filter ] --END-- [ RunTime:0.001000s ]
NOTIC: [8] Undefined variable: category F:\wamp64\www\no.4\shop\tp\application\Runtime\Cache\Home\b89911f7ee8592ca292a29be5dfef847.php 第 93 行.
INFO: Run Behavior\ParseTemplateBehavior [ RunTime:0.034002s ]
INFO: [ view_parse ] --END-- [ RunTime:0.034002s ]
INFO: [ view_filter ] --START--
INFO: Run Behavior\WriteHtmlCacheBehavior [ RunTime:0.000000s ]
INFO: [ view_filter ] --END-- [ RunTime:0.001000s ]
INFO: [ app_end ] --START--
INFO: Run Behavior\ShowPageTraceBehavior [ RunTime:0.001000s ]
INFO: [ app_end ] --END-- [ RunTime:0.001000s ]

[ 2018-06-29T09:05:24+08:00 ] ::1 /no.4/shop/tp/index.php/Home/Order/set_order
INFO: [ app_init ] --START--
INFO: Run Behavior\BuildLiteBehavior [ RunTime:0.000000s ]
INFO: [ app_init ] --END-- [ RunTime:0.000000s ]
INFO: [ app_begin ] --START--
INFO: Run Behavior\ReadHtmlCacheBehavior [ RunTime:0.000000s ]
INFO: [ app_begin ] --END-- [ RunTime:0.000000s ]
NOTIC: [8] Use of undefined constant CONTROILLER_NAME - assumed 'CONTROILLER_NAME' F:\wamp64\www\no.4\shop\tp\application\Home\Controller\CommonController.class.php 第 16 行.
SQL: SHOW COLUMNS FROM `cart` [ RunTime:0.0010s ]
SQL: SELECT * FROM `cart` WHERE ( user_id = '1' )  [ RunTime:0.0010s ]
NOTIC: [8] Undefined variable: count F:\wamp64\www\no.4\shop\tp\application\Home\Controller\CommonController.class.php 第 29 行.
SQL: SELECT * FROM `cart` WHERE ( user_id = '1' )  [ RunTime:0.0010s ]
NOTIC: [8] Undefined variable: total_price F:\wamp64\www\no.4\shop\tp\application\Home\Controller\OrderController.class.php 第 49 行.
NOTIC: [8] Undefined variable: pay_name F:\wamp64\www\no.4\shop\tp\application\Home\Controller\OrderController.class.php 第 63 行.
SQL: SHOW COLUMNS FROM `order_info` [ RunTime:0.0010s ]
SQL: INSERT INTO `order_info` (`order_sn`,`user_id`,`order_status`,`shipping_status`,`pay_status`,`message`,`pay_id`,`pay_name`,`goods_amount`,`money_paid`,`order_amount`,`add_time`,`pay_time`) VALUES ('20180629380491','1','0','0','0','嗯','',NULL,'17496','0','17496','1530234324','1530234324') [ RunTime:0.0010s ]

[ 2018-06-29T09:05:24+08:00 ] ::1 /no.4/shop/tp/index.php/Home/Order/getpayment.html
INFO: [ app_init ] --START--
INFO: Run Behavior\BuildLiteBehavior [ RunTime:0.000000s ]
INFO: [ app_init ] --END-- [ RunTime:0.001000s ]
INFO: [ app_begin ] --START--
INFO: Run Behavior\ReadHtmlCacheBehavior [ RunTime:0.000000s ]
INFO: [ app_begin ] --END-- [ RunTime:0.001000s ]
NOTIC: [8] Use of undefined constant CONTROILLER_NAME - assumed 'CONTROILLER_NAME' F:\wamp64\www\no.4\shop\tp\application\Home\Controller\CommonController.class.php 第 16 行.
SQL: SHOW COLUMNS FROM `cart` [ RunTime:0.0010s ]
SQL: SELECT * FROM `cart` WHERE ( user_id = '1' )  [ RunTime:0.0010s ]
NOTIC: [8] Undefined variable: count F:\wamp64\www\no.4\shop\tp\application\Home\Controller\CommonController.class.php 第 29 行.
SQL: SHOW COLUMNS FROM `order_info` [ RunTime:0.0010s ]
SQL: SELECT * FROM `order_info` WHERE ( user_id = '1' ) ORDER BY add_time asc LIMIT 1   [ RunTime:0.0010s ]

[ 2018-06-29T09:06:45+08:00 ] ::1 /no.4/shop/tp/index.php/Home/Order/set_order
INFO: [ app_init ] --START--
INFO: Run Behavior\BuildLiteBehavior [ RunTime:0.000000s ]
INFO: [ app_init ] --END-- [ RunTime:0.000000s ]
INFO: [ app_begin ] --START--
INFO: Run Behavior\ReadHtmlCacheBehavior [ RunTime:0.000000s ]
INFO: [ app_begin ] --END-- [ RunTime:0.000000s ]
NOTIC: [8] Use of undefined constant CONTROILLER_NAME - assumed 'CONTROILLER_NAME' F:\wamp64\www\no.4\shop\tp\application\Home\Controller\CommonController.class.php 第 16 行.
SQL: SHOW COLUMNS FROM `cart` [ RunTime:0.0010s ]
SQL: SELECT * FROM `cart` WHERE ( user_id = '1' )  [ RunTime:0.0010s ]
NOTIC: [8] Undefined variable: count F:\wamp64\www\no.4\shop\tp\application\Home\Controller\CommonController.class.php 第 29 行.
SQL: SELECT * FROM `cart` WHERE ( user_id = '1' )  [ RunTime:0.0000s ]
NOTIC: [8] Undefined variable: total_price F:\wamp64\www\no.4\shop\tp\application\Home\Controller\OrderController.class.php 第 49 行.
NOTIC: [8] Undefined variable: pay_name F:\wamp64\www\no.4\shop\tp\application\Home\Controller\OrderController.class.php 第 63 行.
SQL: SHOW COLUMNS FROM `order_info` [ RunTime:0.0010s ]
SQL: INSERT INTO `order_info` (`order_sn`,`user_id`,`order_status`,`shipping_status`,`pay_status`,`message`,`pay_id`,`pay_name`,`goods_amount`,`money_paid`,`order_amount`,`add_time`,`pay_time`) VALUES ('20180629989951','1','0','0','0','嗯','',NULL,'17496','0','17496','1530234405','1530234405') [ RunTime:0.0000s ]

[ 2018-06-29T09:06:45+08:00 ] ::1 /no.4/shop/tp/index.php/Home/Order/getpayment.html
INFO: [ app_init ] --START--
INFO: Run Behavior\BuildLiteBehavior [ RunTime:0.000000s ]
INFO: [ app_init ] --END-- [ RunTime:0.000000s ]
INFO: [ app_begin ] --START--
INFO: Run Behavior\ReadHtmlCacheBehavior [ RunTime:0.000000s ]
INFO: [ app_begin ] --END-- [ RunTime:0.000000s ]
NOTIC: [8] Use of undefined constant CONTROILLER_NAME - assumed 'CONTROILLER_NAME' F:\wamp64\www\no.4\shop\tp\application\Home\Controller\CommonController.class.php 第 16 行.
SQL: SHOW COLUMNS FROM `cart` [ RunTime:0.0010s ]
SQL: SELECT * FROM `cart` WHERE ( user_id = '1' )  [ RunTime:0.0000s ]
NOTIC: [8] Undefined variable: count F:\wamp64\www\no.4\shop\tp\application\Home\Controller\CommonController.class.php 第 29 行.
SQL: SHOW COLUMNS FROM `order_info` [ RunTime:0.0010s ]
SQL: SELECT * FROM `order_info` WHERE ( user_id = '1' ) ORDER BY add_time asc LIMIT 1   [ RunTime:0.0000s ]

[ 2018-06-29T09:07:28+08:00 ] ::1 /no.4/shop/tp/index.php/Home/Order/getpayment.html
INFO: [ app_init ] --START--
INFO: Run Behavior\BuildLiteBehavior [ RunTime:0.000000s ]
INFO: [ app_init ] --END-- [ RunTime:0.001000s ]
INFO: [ app_begin ] --START--
INFO: Run Behavior\ReadHtmlCacheBehavior [ RunTime:0.001000s ]
INFO: [ app_begin ] --END-- [ RunTime:0.001000s ]
NOTIC: [8] Use of undefined constant CONTROILLER_NAME - assumed 'CONTROILLER_NAME' F:\wamp64\www\no.4\shop\tp\application\Home\Controller\CommonController.class.php 第 16 行.
SQL: SHOW COLUMNS FROM `cart` [ RunTime:0.0010s ]
SQL: SELECT * FROM `cart` WHERE ( user_id = '1' )  [ RunTime:0.0000s ]
NOTIC: [8] Undefined variable: count F:\wamp64\www\no.4\shop\tp\application\Home\Controller\CommonController.class.php 第 29 行.
ERR: 非法操作:getpayment

[ 2018-06-29T09:07:42+08:00 ] ::1 /no.4/shop/tp/index.php/Home/Order/getpayment.html
INFO: [ app_init ] --START--
INFO: Run Behavior\BuildLiteBehavior [ RunTime:0.000000s ]
INFO: [ app_init ] --END-- [ RunTime:0.001000s ]
INFO: [ app_begin ] --START--
INFO: Run Behavior\ReadHtmlCacheBehavior [ RunTime:0.001001s ]
INFO: [ app_begin ] --END-- [ RunTime:0.001001s ]
NOTIC: [8] Use of undefined constant CONTROILLER_NAME - assumed 'CONTROILLER_NAME' F:\wamp64\www\no.4\shop\tp\application\Home\Controller\CommonController.class.php 第 16 行.
SQL: SHOW COLUMNS FROM `cart` [ RunTime:0.0010s ]
SQL: SELECT * FROM `cart` WHERE ( user_id = '1' )  [ RunTime:0.0000s ]
NOTIC: [8] Undefined variable: count F:\wamp64\www\no.4\shop\tp\application\Home\Controller\CommonController.class.php 第 29 行.
ERR: 非法操作:getpayment

[ 2018-06-29T09:07:51+08:00 ] ::1 /no.4/shop/tp/index.php/Home/Order/getpayment.html
INFO: [ app_init ] --START--
INFO: Run Behavior\BuildLiteBehavior [ RunTime:0.000000s ]
INFO: [ app_init ] --END-- [ RunTime:0.001000s ]
INFO: [ app_begin ] --START--
INFO: Run Behavior\ReadHtmlCacheBehavior [ RunTime:0.001000s ]
INFO: [ app_begin ] --END-- [ RunTime:0.001000s ]
NOTIC: [8] Use of undefined constant CONTROILLER_NAME - assumed 'CONTROILLER_NAME' F:\wamp64\www\no.4\shop\tp\application\Home\Controller\CommonController.class.php 第 16 行.
SQL: SHOW COLUMNS FROM `cart` [ RunTime:0.0010s ]
SQL: SELECT * FROM `cart` WHERE ( user_id = '1' )  [ RunTime:0.0000s ]
NOTIC: [8] Undefined variable: count F:\wamp64\www\no.4\shop\tp\application\Home\Controller\CommonController.class.php 第 29 行.
ERR: 非法操作:getpayment

[ 2018-06-29T09:08:08+08:00 ] ::1 /no.4/shop/tp/index.php/Home/Order/set_order?payment=003
INFO: [ app_init ] --START--
INFO: Run Behavior\BuildLiteBehavior [ RunTime:0.000000s ]
INFO: [ app_init ] --END-- [ RunTime:0.001000s ]
INFO: [ app_begin ] --START--
INFO: Run Behavior\ReadHtmlCacheBehavior [ RunTime:0.000000s ]
INFO: [ app_begin ] --END-- [ RunTime:0.000000s ]
NOTIC: [8] Use of undefined constant CONTROILLER_NAME - assumed 'CONTROILLER_NAME' F:\wamp64\www\no.4\shop\tp\application\Home\Controller\CommonController.class.php 第 16 行.
SQL: SHOW COLUMNS FROM `cart` [ RunTime:0.0010s ]
SQL: SELECT * FROM `cart` WHERE ( user_id = '1' )  [ RunTime:0.0010s ]
NOTIC: [8] Undefined variable: count F:\wamp64\www\no.4\shop\tp\application\Home\Controller\CommonController.class.php 第 29 行.
SQL: SELECT * FROM `cart` WHERE ( user_id = '1' )  [ RunTime:0.0000s ]
NOTIC: [8] Undefined variable: total_price F:\wamp64\www\no.4\shop\tp\application\Home\Controller\OrderController.class.php 第 49 行.
SQL: SHOW COLUMNS FROM `order_info` [ RunTime:0.0010s ]
SQL: INSERT INTO `order_info` (`order_sn`,`user_id`,`order_status`,`shipping_status`,`pay_status`,`message`,`pay_id`,`pay_name`,`goods_amount`,`money_paid`,`order_amount`,`add_time`,`pay_time`) VALUES ('20180629676801','1','0','0','0','嗯','003','支付宝','17496','0','17496','1530234488','1530234488') [ RunTime:0.0000s ]

[ 2018-06-29T09:08:08+08:00 ] ::1 /no.4/shop/tp/index.php/Home/Order/getpayment.html
INFO: [ app_init ] --START--
INFO: Run Behavior\BuildLiteBehavior [ RunTime:0.000000s ]
INFO: [ app_init ] --END-- [ RunTime:0.001000s ]
INFO: [ app_begin ] --START--
INFO: Run Behavior\ReadHtmlCacheBehavior [ RunTime:0.001000s ]
INFO: [ app_begin ] --END-- [ RunTime:0.001000s ]
NOTIC: [8] Use of undefined constant CONTROILLER_NAME - assumed 'CONTROILLER_NAME' F:\wamp64\www\no.4\shop\tp\application\Home\Controller\CommonController.class.php 第 16 行.
SQL: SHOW COLUMNS FROM `cart` [ RunTime:0.0000s ]
SQL: SELECT * FROM `cart` WHERE ( user_id = '1' )  [ RunTime:0.0010s ]
NOTIC: [8] Undefined variable: count F:\wamp64\www\no.4\shop\tp\application\Home\Controller\CommonController.class.php 第 29 行.
ERR: 非法操作:getpayment

[ 2018-06-29T09:22:39+08:00 ] ::1 /no.4/shop/tp/index.php/Home/Order/set_order?payment=003
INFO: [ app_init ] --START--
INFO: Run Behavior\BuildLiteBehavior [ RunTime:0.000000s ]
INFO: [ app_init ] --END-- [ RunTime:0.001000s ]
INFO: [ app_begin ] --START--
INFO: Run Behavior\ReadHtmlCacheBehavior [ RunTime:0.000000s ]
INFO: [ app_begin ] --END-- [ RunTime:0.000000s ]
NOTIC: [8] Use of undefined constant CONTROILLER_NAME - assumed 'CONTROILLER_NAME' F:\wamp64\www\no.4\shop\tp\application\Home\Controller\CommonController.class.php 第 16 行.
SQL: SHOW COLUMNS FROM `cart` [ RunTime:0.0010s ]
SQL: SELECT * FROM `cart` WHERE ( user_id = '1' )  [ RunTime:0.0010s ]
NOTIC: [8] Undefined variable: count F:\wamp64\www\no.4\shop\tp\application\Home\Controller\CommonController.class.php 第 29 行.
SQL: SELECT * FROM `cart` WHERE ( user_id = '1' )  [ RunTime:0.0010s ]
NOTIC: [8] Undefined variable: total_price F:\wamp64\www\no.4\shop\tp\application\Home\Controller\OrderController.class.php 第 49 行.
SQL: SHOW COLUMNS FROM `order_info` [ RunTime:0.0010s ]
SQL: INSERT INTO `order_info` (`order_sn`,`user_id`,`order_status`,`shipping_status`,`pay_status`,`message`,`pay_id`,`pay_name`,`goods_amount`,`money_paid`,`order_amount`,`add_time`,`pay_time`) VALUES ('20180629158811','1','0','0','0','嗯','003','支付宝','17496','0','17496','1530235359','1530235359') [ RunTime:0.0010s ]

[ 2018-06-29T09:22:39+08:00 ] ::1 /no.4/shop/tp/index.php/Home/Order/getpayment.html
INFO: [ app_init ] --START--
INFO: Run Behavior\BuildLiteBehavior [ RunTime:0.000000s ]
INFO: [ app_init ] --END-- [ RunTime:0.001000s ]
INFO: [ app_begin ] --START--
INFO: Run Behavior\ReadHtmlCacheBehavior [ RunTime:0.001000s ]
INFO: [ app_begin ] --END-- [ RunTime:0.001000s ]
NOTIC: [8] Use of undefined constant CONTROILLER_NAME - assumed 'CONTROILLER_NAME' F:\wamp64\www\no.4\shop\tp\application\Home\Controller\CommonController.class.php 第 16 行.
SQL: SHOW COLUMNS FROM `cart` [ RunTime:0.0010s ]
SQL: SELECT * FROM `cart` WHERE ( user_id = '1' )  [ RunTime:0.0000s ]
NOTIC: [8] Undefined variable: count F:\wamp64\www\no.4\shop\tp\application\Home\Controller\CommonController.class.php 第 29 行.
SQL: SHOW COLUMNS FROM `order_info` [ RunTime:0.0010s ]
SQL: SELECT * FROM `order_info` WHERE ( user_id = '1' ) ORDER BY add_time asc LIMIT 1   [ RunTime:0.0000s ]

[ 2018-06-29T10:49:04+08:00 ] ::1 /no.4/shop/tp/Home/
INFO: [ app_init ] --START--
INFO: Run Behavior\BuildLiteBehavior [ RunTime:0.000000s ]
INFO: [ app_init ] --END-- [ RunTime:0.001000s ]
INFO: [ app_begin ] --START--
INFO: Run Behavior\ReadHtmlCacheBehavior [ RunTime:0.001000s ]
INFO: [ app_begin ] --END-- [ RunTime:0.001000s ]
NOTIC: [8] Use of undefined constant CONTROILLER_NAME - assumed 'CONTROILLER_NAME' F:\wamp64\www\no.4\shop\tp\application\Home\Controller\CommonController.class.php 第 16 行.
SQL: SHOW COLUMNS FROM `cart` [ RunTime:0.0010s ]
SQL: SELECT * FROM `cart` WHERE ( user_id = '1' )  [ RunTime:0.0000s ]
NOTIC: [8] Undefined variable: count F:\wamp64\www\no.4\shop\tp\application\Home\Controller\CommonController.class.php 第 44 行.
SQL: SHOW COLUMNS FROM `category` [ RunTime:0.0000s ]
SQL: SELECT * FROM `category` WHERE ( is_show = 1 and is_nav = 1 )  [ RunTime:0.0000s ]
SQL: SELECT * FROM `category` INNER JOIN goods on category.cate_id = goods.cate_id   [ RunTime:0.0020s ]
INFO: [ view_parse ] --START--
INFO: [ template_filter ] --START--
INFO: Run Behavior\ContentReplaceBehavior [ RunTime:0.000000s ]
INFO: [ template_filter ] --END-- [ RunTime:0.001000s ]
INFO: Run Behavior\ParseTemplateBehavior [ RunTime:0.031002s ]
INFO: [ view_parse ] --END-- [ RunTime:0.031002s ]
INFO: [ view_filter ] --START--
INFO: Run Behavior\WriteHtmlCacheBehavior [ RunTime:0.001000s ]
INFO: [ view_filter ] --END-- [ RunTime:0.001000s ]
INFO: [ app_end ] --START--
INFO: Run Behavior\ShowPageTraceBehavior [ RunTime:0.001000s ]
INFO: [ app_end ] --END-- [ RunTime:0.001000s ]

[ 2018-06-29T10:49:04+08:00 ] ::1 /no.4/shop/tp/Home/basic/js/quick_links.js
INFO: [ app_init ] --START--
INFO: Run Behavior\BuildLiteBehavior [ RunTime:0.000000s ]
INFO: [ app_init ] --END-- [ RunTime:0.001000s ]
INFO: [ app_begin ] --START--
INFO: Run Behavior\ReadHtmlCacheBehavior [ RunTime:0.001000s ]
INFO: [ app_begin ] --END-- [ RunTime:0.001000s ]
ERR: 无法加载控制器:Basic

[ 2018-06-29T10:49:06+08:00 ] ::1 /no.4/shop/tp/index.php/Home/Login/login_out.html
INFO: [ app_init ] --START--
INFO: Run Behavior\BuildLiteBehavior [ RunTime:0.000000s ]
INFO: [ app_init ] --END-- [ RunTime:0.000000s ]
INFO: [ app_begin ] --START--
INFO: Run Behavior\ReadHtmlCacheBehavior [ RunTime:0.001000s ]
INFO: [ app_begin ] --END-- [ RunTime:0.002000s ]
INFO: [ view_parse ] --START--
INFO: [ template_filter ] --START--
INFO: Run Behavior\ContentReplaceBehavior [ RunTime:0.000000s ]
INFO: [ template_filter ] --END-- [ RunTime:0.000000s ]
INFO: Run Behavior\ParseTemplateBehavior [ RunTime:0.007000s ]
INFO: [ view_parse ] --END-- [ RunTime:0.008000s ]
INFO: [ view_filter ] --START--
INFO: Run Behavior\WriteHtmlCacheBehavior [ RunTime:0.001000s ]
INFO: [ view_filter ] --END-- [ RunTime:0.001000s ]
INFO: [ app_end ] --START--
INFO: Run Behavior\ShowPageTraceBehavior [ RunTime:0.001000s ]
INFO: [ app_end ] --END-- [ RunTime:0.001000s ]

[ 2018-06-29T10:49:08+08:00 ] ::1 /no.4/shop/tp/index.php/Home/Login/login_do?auth=qq
INFO: [ app_init ] --START--
INFO: Run Behavior\BuildLiteBehavior [ RunTime:0.000000s ]
INFO: [ app_init ] --END-- [ RunTime:0.001000s ]
INFO: [ app_begin ] --START--
INFO: Run Behavior\ReadHtmlCacheBehavior [ RunTime:0.001000s ]
INFO: [ app_begin ] --END-- [ RunTime:0.002000s ]

[ 2018-06-29T11:16:55+08:00 ] 127.0.0.1 /shop/tp/Home
INFO: [ app_init ] --START--
INFO: Run Behavior\BuildLiteBehavior [ RunTime:0.000000s ]
INFO: [ app_init ] --END-- [ RunTime:0.001001s ]
INFO: [ app_begin ] --START--
INFO: Run Behavior\ReadHtmlCacheBehavior [ RunTime:0.000000s ]
INFO: [ app_begin ] --END-- [ RunTime:0.000000s ]
NOTIC: [8] Use of undefined constant CONTROILLER_NAME - assumed 'CONTROILLER_NAME' F:\wamp64\www\no.4\shop\tp\application\Home\Controller\CommonController.class.php 第 16 行.
SQL: SHOW COLUMNS FROM `category` [ RunTime:0.0000s ]
SQL: SELECT * FROM `category` WHERE ( is_show = 1 and is_nav = 1 )  [ RunTime:0.0000s ]
SQL: SELECT * FROM `category` INNER JOIN goods on category.cate_id = goods.cate_id   [ RunTime:0.0000s ]
INFO: [ view_parse ] --START--
INFO: [ template_filter ] --START--
INFO: Run Behavior\ContentReplaceBehavior [ RunTime:0.000000s ]
INFO: [ template_filter ] --END-- [ RunTime:0.000000s ]
NOTIC: [8] Undefined index: user F:\wamp64\www\no.4\shop\tp\application\Runtime\Cache\Home\857cb80a7adc4d7e94f6a53f7fcbfd38.php 第 220 行.
NOTIC: [8] Undefined index: user F:\wamp64\www\no.4\shop\tp\application\Runtime\Cache\Home\857cb80a7adc4d7e94f6a53f7fcbfd38.php 第 787 行.
NOTIC: [8] Undefined index: user F:\wamp64\www\no.4\shop\tp\application\Runtime\Cache\Home\857cb80a7adc4d7e94f6a53f7fcbfd38.php 第 800 行.
INFO: Run Behavior\ParseTemplateBehavior [ RunTime:0.031001s ]
INFO: [ view_parse ] --END-- [ RunTime:0.031001s ]
INFO: [ view_filter ] --START--
INFO: Run Behavior\WriteHtmlCacheBehavior [ RunTime:0.000000s ]
INFO: [ view_filter ] --END-- [ RunTime:0.001000s ]
INFO: [ app_end ] --START--
INFO: Run Behavior\ShowPageTraceBehavior [ RunTime:0.001000s ]
INFO: [ app_end ] --END-- [ RunTime:0.001000s ]

[ 2018-06-29T11:16:57+08:00 ] 127.0.0.1 /shop/tp/index.php/Home/Login/index.html
INFO: [ app_init ] --START--
INFO: Run Behavior\BuildLiteBehavior [ RunTime:0.000000s ]
INFO: [ app_init ] --END-- [ RunTime:0.000000s ]
INFO: [ app_begin ] --START--
INFO: Run Behavior\ReadHtmlCacheBehavior [ RunTime:0.001000s ]
INFO: [ app_begin ] --END-- [ RunTime:0.001000s ]
INFO: [ view_parse ] --START--
INFO: [ template_filter ] --START--
INFO: Run Behavior\ContentReplaceBehavior [ RunTime:0.000000s ]
INFO: [ template_filter ] --END-- [ RunTime:0.001000s ]
INFO: Run Behavior\ParseTemplateBehavior [ RunTime:0.010000s ]
INFO: [ view_parse ] --END-- [ RunTime:0.010000s ]
INFO: [ view_filter ] --START--
INFO: Run Behavior\WriteHtmlCacheBehavior [ RunTime:0.001000s ]
INFO: [ view_filter ] --END-- [ RunTime:0.001000s ]
INFO: [ app_end ] --START--
INFO: Run Behavior\ShowPageTraceBehavior [ RunTime:0.001000s ]
INFO: [ app_end ] --END-- [ RunTime:0.001000s ]

[ 2018-06-29T11:16:58+08:00 ] 127.0.0.1 /shop/tp/index.php/Home/Login/login_do?auth=qq
INFO: [ app_init ] --START--
INFO: Run Behavior\BuildLiteBehavior [ RunTime:0.000000s ]
INFO: [ app_init ] --END-- [ RunTime:0.001000s ]
INFO: [ app_begin ] --START--
INFO: Run Behavior\ReadHtmlCacheBehavior [ RunTime:0.001000s ]
INFO: [ app_begin ] --END-- [ RunTime:0.001000s ]

[ 2018-06-29T11:17:29+08:00 ] 127.0.0.1 /shop/tp/index.php/Home/Login/callback?code=9FB88C6FEF1D7ADB48D15B141DD9C26B&state=b7ada1dfb246b1c0fb5f036281a4de51
INFO: [ app_init ] --START--
INFO: Run Behavior\BuildLiteBehavior [ RunTime:0.000000s ]
INFO: [ app_init ] --END-- [ RunTime:0.001000s ]
INFO: [ app_begin ] --START--
INFO: Run Behavior\ReadHtmlCacheBehavior [ RunTime:0.000000s ]
INFO: [ app_begin ] --END-- [ RunTime:0.000000s ]
SQL: SHOW COLUMNS FROM `user` [ RunTime:0.0010s ]
SQL: SELECT `openid` FROM `user` WHERE ( openid = 'F528675D915DE62E0F4353722F833288' ) LIMIT 1   [ RunTime:0.0010s ]
SQL: SELECT * FROM `user` WHERE ( openid = 'F528675D915DE62E0F4353722F833288' ) LIMIT 1   [ RunTime:0.0010s ]
INFO: [ view_parse ] --START--
INFO: [ template_filter ] --START--
INFO: Run Behavior\ContentReplaceBehavior [ RunTime:0.000000s ]
INFO: [ template_filter ] --END-- [ RunTime:0.000000s ]
INFO: Run Behavior\ParseTemplateBehavior [ RunTime:0.009001s ]
INFO: [ view_parse ] --END-- [ RunTime:0.009001s ]
INFO: [ view_filter ] --START--
INFO: Run Behavior\WriteHtmlCacheBehavior [ RunTime:0.000000s ]
INFO: [ view_filter ] --END-- [ RunTime:0.001000s ]
INFO: [ app_end ] --START--
INFO: Run Behavior\ShowPageTraceBehavior [ RunTime:0.001000s ]
INFO: [ app_end ] --END-- [ RunTime:0.001000s ]

[ 2018-06-29T11:17:30+08:00 ] 127.0.0.1 /shop/tp/index.php/Home/Index/index.html
INFO: [ app_init ] --START--
INFO: Run Behavior\BuildLiteBehavior [ RunTime:0.000000s ]
INFO: [ app_init ] --END-- [ RunTime:0.001001s ]
INFO: [ app_begin ] --START--
INFO: Run Behavior\ReadHtmlCacheBehavior [ RunTime:0.000000s ]
INFO: [ app_begin ] --END-- [ RunTime:0.000000s ]
NOTIC: [8] Use of undefined constant CONTROILLER_NAME - assumed 'CONTROILLER_NAME' F:\wamp64\www\no.4\shop\tp\application\Home\Controller\CommonController.class.php 第 16 行.
SQL: SHOW COLUMNS FROM `cart` [ RunTime:0.0010s ]
SQL: SELECT * FROM `cart` WHERE ( user_id = '2' )  [ RunTime:0.0000s ]
NOTIC: [8] Undefined variable: count F:\wamp64\www\no.4\shop\tp\application\Home\Controller\CommonController.class.php 第 44 行.
SQL: SHOW COLUMNS FROM `category` [ RunTime:0.0010s ]
SQL: SELECT * FROM `category` WHERE ( is_show = 1 and is_nav = 1 )  [ RunTime:0.0010s ]
SQL: SELECT * FROM `category` INNER JOIN goods on category.cate_id = goods.cate_id   [ RunTime:0.0030s ]
INFO: [ view_parse ] --START--
INFO: [ template_filter ] --START--
INFO: Run Behavior\ContentReplaceBehavior [ RunTime:0.000000s ]
INFO: [ template_filter ] --END-- [ RunTime:0.001000s ]
INFO: Run Behavior\ParseTemplateBehavior [ RunTime:0.029002s ]
INFO: [ view_parse ] --END-- [ RunTime:0.029002s ]
INFO: [ view_filter ] --START--
INFO: Run Behavior\WriteHtmlCacheBehavior [ RunTime:0.000000s ]
INFO: [ view_filter ] --END-- [ RunTime:0.000000s ]
INFO: [ app_end ] --START--
INFO: Run Behavior\ShowPageTraceBehavior [ RunTime:0.001000s ]
INFO: [ app_end ] --END-- [ RunTime:0.003000s ]

[ 2018-06-29T11:17:30+08:00 ] 127.0.0.1 /shop/tp/index.php/Home/Index/basic/js/quick_links.js
INFO: [ app_init ] --START--
INFO: Run Behavior\BuildLiteBehavior [ RunTime:0.000000s ]
INFO: [ app_init ] --END-- [ RunTime:0.002000s ]
INFO: [ app_begin ] --START--
INFO: Run Behavior\ReadHtmlCacheBehavior [ RunTime:0.002000s ]
INFO: [ app_begin ] --END-- [ RunTime:0.002000s ]
NOTIC: [8] Use of undefined constant CONTROILLER_NAME - assumed 'CONTROILLER_NAME' F:\wamp64\www\no.4\shop\tp\application\Home\Controller\CommonController.class.php 第 16 行.
SQL: SHOW COLUMNS FROM `cart` [ RunTime:0.0010s ]
SQL: SELECT * FROM `cart` WHERE ( user_id = '2' )  [ RunTime:0.0000s ]
NOTIC: [8] Undefined variable: count F:\wamp64\www\no.4\shop\tp\application\Home\Controller\CommonController.class.php 第 44 行.
ERR: 非法操作:basic

[ 2018-06-29T11:17:35+08:00 ] 127.0.0.1 /shop/tp/index.php/Home/Login/login_out.html
INFO: [ app_init ] --START--
INFO: Run Behavior\BuildLiteBehavior [ RunTime:0.000000s ]
INFO: [ app_init ] --END-- [ RunTime:0.001001s ]
INFO: [ app_begin ] --START--
INFO: Run Behavior\ReadHtmlCacheBehavior [ RunTime:0.000000s ]
INFO: [ app_begin ] --END-- [ RunTime:0.001000s ]
INFO: [ view_parse ] --START--
INFO: [ template_filter ] --START--
INFO: Run Behavior\ContentReplaceBehavior [ RunTime:0.000000s ]
INFO: [ template_filter ] --END-- [ RunTime:0.001000s ]
INFO: Run Behavior\ParseTemplateBehavior [ RunTime:0.016001s ]
INFO: [ view_parse ] --END-- [ RunTime:0.016001s ]
INFO: [ view_filter ] --START--
INFO: Run Behavior\WriteHtmlCacheBehavior [ RunTime:0.001000s ]
INFO: [ view_filter ] --END-- [ RunTime:0.001000s ]
INFO: [ app_end ] --START--
INFO: Run Behavior\ShowPageTraceBehavior [ RunTime:0.002000s ]
INFO: [ app_end ] --END-- [ RunTime:0.002000s ]

[ 2018-06-29T16:17:54+08:00 ] 127.0.0.1 /shop/tp/Home
INFO: [ app_init ] --START--
INFO: Run Behavior\BuildLiteBehavior [ RunTime:0.001001s ]
INFO: [ app_init ] --END-- [ RunTime:0.001001s ]
INFO: [ app_begin ] --START--
INFO: Run Behavior\ReadHtmlCacheBehavior [ RunTime:0.001000s ]
INFO: [ app_begin ] --END-- [ RunTime:0.001000s ]
NOTIC: [8] Use of undefined constant CONTROILLER_NAME - assumed 'CONTROILLER_NAME' F:\wamp64\www\no.4\shop\tp\application\Home\Controller\CommonController.class.php 第 16 行.
SQL: SHOW COLUMNS FROM `category` [ RunTime:0.0010s ]
SQL: SELECT * FROM `category` WHERE ( is_show = 1 and is_nav = 1 )  [ RunTime:0.0000s ]
SQL: SELECT * FROM `category` INNER JOIN goods on category.cate_id = goods.cate_id   [ RunTime:0.0030s ]
INFO: [ view_parse ] --START--
INFO: [ template_filter ] --START--
INFO: Run Behavior\ContentReplaceBehavior [ RunTime:0.001000s ]
INFO: [ template_filter ] --END-- [ RunTime:0.001000s ]
NOTIC: [8] Undefined index: user F:\wamp64\www\no.4\shop\tp\application\Runtime\Cache\Home\857cb80a7adc4d7e94f6a53f7fcbfd38.php 第 220 行.
NOTIC: [8] Undefined index: user F:\wamp64\www\no.4\shop\tp\application\Runtime\Cache\Home\857cb80a7adc4d7e94f6a53f7fcbfd38.php 第 787 行.
NOTIC: [8] Undefined index: user F:\wamp64\www\no.4\shop\tp\application\Runtime\Cache\Home\857cb80a7adc4d7e94f6a53f7fcbfd38.php 第 800 行.
INFO: Run Behavior\ParseTemplateBehavior [ RunTime:0.032002s ]
INFO: [ view_parse ] --END-- [ RunTime:0.032002s ]
INFO: [ view_filter ] --START--
INFO: Run Behavior\WriteHtmlCacheBehavior [ RunTime:0.001000s ]
INFO: [ view_filter ] --END-- [ RunTime:0.001000s ]
INFO: [ app_end ] --START--
INFO: Run Behavior\ShowPageTraceBehavior [ RunTime:0.001000s ]
INFO: [ app_end ] --END-- [ RunTime:0.003001s ]

[ 2018-06-29T16:18:07+08:00 ] 127.0.0.1 /shop/tp/index.php/Home/Goods/goods_info/goods_id/1.html
INFO: [ app_init ] --START--
INFO: Run Behavior\BuildLiteBehavior [ RunTime:0.000000s ]
INFO: [ app_init ] --END-- [ RunTime:0.000000s ]
INFO: [ app_begin ] --START--
INFO: Run Behavior\ReadHtmlCacheBehavior [ RunTime:0.000000s ]
INFO: [ app_begin ] --END-- [ RunTime:0.001000s ]
NOTIC: [8] Use of undefined constant CONTROILLER_NAME - assumed 'CONTROILLER_NAME' F:\wamp64\www\no.4\shop\tp\application\Home\Controller\CommonController.class.php 第 16 行.
SQL: SHOW COLUMNS FROM `goods` [ RunTime:0.0020s ]
SQL: SELECT * FROM `goods` WHERE ( goods_id = '1' ) LIMIT 1   [ RunTime:0.0010s ]
SQL: SHOW COLUMNS FROM `goods_attr` [ RunTime:0.0010s ]
SQL: SELECT * FROM `goods_attr` INNER JOIN attribute on goods_attr.attr_id=attribute.attr_id  WHERE ( goods_attr.goods_id ='1' )  [ RunTime:0.0010s ]
SQL: SHOW COLUMNS FROM `goods_gallery` [ RunTime:0.0010s ]
SQL: SELECT * FROM `goods_gallery` WHERE ( goods_id = '1' )  [ RunTime:0.0010s ]
INFO: [ view_parse ] --START--
INFO: [ template_filter ] --START--
INFO: Run Behavior\ContentReplaceBehavior [ RunTime:0.001000s ]
INFO: [ template_filter ] --END-- [ RunTime:0.001000s ]
NOTIC: [8] Undefined variable: category F:\wamp64\www\no.4\shop\tp\application\Runtime\Cache\Home\375ed1816059603326d80e06b71bb1ed.php 第 93 行.
NOTIC: [8] Undefined index: user F:\wamp64\www\no.4\shop\tp\application\Runtime\Cache\Home\375ed1816059603326d80e06b71bb1ed.php 第 1285 行.
NOTIC: [8] Undefined index: user F:\wamp64\www\no.4\shop\tp\application\Runtime\Cache\Home\375ed1816059603326d80e06b71bb1ed.php 第 1298 行.
INFO: Run Behavior\ParseTemplateBehavior [ RunTime:0.033002s ]
INFO: [ view_parse ] --END-- [ RunTime:0.033002s ]
INFO: [ view_filter ] --START--
INFO: Run Behavior\WriteHtmlCacheBehavior [ RunTime:0.001000s ]
INFO: [ view_filter ] --END-- [ RunTime:0.001000s ]
INFO: [ app_end ] --START--
INFO: Run Behavior\ShowPageTraceBehavior [ RunTime:0.001000s ]
INFO: [ app_end ] --END-- [ RunTime:0.001000s ]

[ 2018-06-29T16:18:16+08:00 ] 127.0.0.1 /shop/tp/index.php/Home/Goods/get_sku
INFO: [ app_init ] --START--
INFO: Run Behavior\BuildLiteBehavior [ RunTime:0.000000s ]
INFO: [ app_init ] --END-- [ RunTime:0.000000s ]
INFO: [ app_begin ] --START--
INFO: Run Behavior\ReadHtmlCacheBehavior [ RunTime:0.001000s ]
INFO: [ app_begin ] --END-- [ RunTime:0.001000s ]
NOTIC: [8] Use of undefined constant CONTROILLER_NAME - assumed 'CONTROILLER_NAME' F:\wamp64\www\no.4\shop\tp\application\Home\Controller\CommonController.class.php 第 16 行.
SQL: SHOW COLUMNS FROM `products` [ RunTime:0.0010s ]
SQL: SELECT * FROM `products` WHERE ( attr_list ='1,4' ) LIMIT 1   [ RunTime:0.0000s ]

[ 2018-06-29T16:18:18+08:00 ] 127.0.0.1 /shop/tp/index.php/Home/Goods/get_sku
INFO: [ app_init ] --START--
INFO: Run Behavior\BuildLiteBehavior [ RunTime:0.000000s ]
INFO: [ app_init ] --END-- [ RunTime:0.001000s ]
INFO: [ app_begin ] --START--
INFO: Run Behavior\ReadHtmlCacheBehavior [ RunTime:0.000000s ]
INFO: [ app_begin ] --END-- [ RunTime:0.001000s ]
NOTIC: [8] Use of undefined constant CONTROILLER_NAME - assumed 'CONTROILLER_NAME' F:\wamp64\www\no.4\shop\tp\application\Home\Controller\CommonController.class.php 第 16 行.
SQL: SHOW COLUMNS FROM `products` [ RunTime:0.0010s ]
SQL: SELECT * FROM `products` WHERE ( attr_list ='2,4' ) LIMIT 1   [ RunTime:0.0010s ]

[ 2018-06-29T16:18:18+08:00 ] 127.0.0.1 /shop/tp/index.php/Home/Goods/get_sku
INFO: [ app_init ] --START--
INFO: Run Behavior\BuildLiteBehavior [ RunTime:0.000000s ]
INFO: [ app_init ] --END-- [ RunTime:0.001000s ]
INFO: [ app_begin ] --START--
INFO: Run Behavior\ReadHtmlCacheBehavior [ RunTime:0.000000s ]
INFO: [ app_begin ] --END-- [ RunTime:0.000000s ]
NOTIC: [8] Use of undefined constant CONTROILLER_NAME - assumed 'CONTROILLER_NAME' F:\wamp64\www\no.4\shop\tp\application\Home\Controller\CommonController.class.php 第 16 行.
SQL: SHOW COLUMNS FROM `products` [ RunTime:0.0000s ]
SQL: SELECT * FROM `products` WHERE ( attr_list ='2,5' ) LIMIT 1   [ RunTime:0.0000s ]

[ 2018-06-29T16:18:20+08:00 ] 127.0.0.1 /shop/tp/index.php/Home/Goods/get_sku
INFO: [ app_init ] --START--
INFO: Run Behavior\BuildLiteBehavior [ RunTime:0.000000s ]
INFO: [ app_init ] --END-- [ RunTime:0.001000s ]
INFO: [ app_begin ] --START--
INFO: Run Behavior\ReadHtmlCacheBehavior [ RunTime:0.001000s ]
INFO: [ app_begin ] --END-- [ RunTime:0.001000s ]
NOTIC: [8] Use of undefined constant CONTROILLER_NAME - assumed 'CONTROILLER_NAME' F:\wamp64\www\no.4\shop\tp\application\Home\Controller\CommonController.class.php 第 16 行.
SQL: SHOW COLUMNS FROM `products` [ RunTime:0.0010s ]
SQL: SELECT * FROM `products` WHERE ( attr_list ='1,5' ) LIMIT 1   [ RunTime:0.0010s ]

[ 2018-06-29T16:18:21+08:00 ] 127.0.0.1 /shop/tp/index.php/Home/Goods/get_sku
INFO: [ app_init ] --START--
INFO: Run Behavior\BuildLiteBehavior [ RunTime:0.000000s ]
INFO: [ app_init ] --END-- [ RunTime:0.000000s ]
INFO: [ app_begin ] --START--
INFO: Run Behavior\ReadHtmlCacheBehavior [ RunTime:0.001000s ]
INFO: [ app_begin ] --END-- [ RunTime:0.001000s ]
NOTIC: [8] Use of undefined constant CONTROILLER_NAME - assumed 'CONTROILLER_NAME' F:\wamp64\www\no.4\shop\tp\application\Home\Controller\CommonController.class.php 第 16 行.
SQL: SHOW COLUMNS FROM `products` [ RunTime:0.0000s ]
SQL: SELECT * FROM `products` WHERE ( attr_list ='1,4' ) LIMIT 1   [ RunTime:0.0000s ]

[ 2018-06-29T16:18:22+08:00 ] 127.0.0.1 /shop/tp/index.php/Home/Goods/get_sku
INFO: [ app_init ] --START--
INFO: Run Behavior\BuildLiteBehavior [ RunTime:0.000000s ]
INFO: [ app_init ] --END-- [ RunTime:0.001000s ]
INFO: [ app_begin ] --START--
INFO: Run Behavior\ReadHtmlCacheBehavior [ RunTime:0.001000s ]
INFO: [ app_begin ] --END-- [ RunTime:0.001000s ]
NOTIC: [8] Use of undefined constant CONTROILLER_NAME - assumed 'CONTROILLER_NAME' F:\wamp64\www\no.4\shop\tp\application\Home\Controller\CommonController.class.php 第 16 行.
SQL: SHOW COLUMNS FROM `products` [ RunTime:0.0010s ]
SQL: SELECT * FROM `products` WHERE ( attr_list ='1,4' ) LIMIT 1   [ RunTime:0.0010s ]

[ 2018-06-29T16:18:25+08:00 ] 127.0.0.1 /shop/tp/index.php/Home/Cart/add_cart.html
INFO: [ app_init ] --START--
INFO: Run Behavior\BuildLiteBehavior [ RunTime:0.000000s ]
INFO: [ app_init ] --END-- [ RunTime:0.000000s ]
INFO: [ app_begin ] --START--
INFO: Run Behavior\ReadHtmlCacheBehavior [ RunTime:0.001000s ]
INFO: [ app_begin ] --END-- [ RunTime:0.001000s ]
NOTIC: [8] Use of undefined constant CONTROILLER_NAME - assumed 'CONTROILLER_NAME' F:\wamp64\www\no.4\shop\tp\application\Home\Controller\CommonController.class.php 第 16 行.
SQL: SHOW COLUMNS FROM `goods` [ RunTime:0.0020s ]
SQL: SELECT * FROM `goods` WHERE ( goods_id='1' ) LIMIT 1   [ RunTime:0.0000s ]
SQL: SHOW COLUMNS FROM `products` [ RunTime:0.0010s ]
SQL: SELECT * FROM `products` WHERE ( attr_list='1,4' ) LIMIT 1   [ RunTime:0.0000s ]
NOTIC: [8] Undefined variable: count F:\wamp64\www\no.4\shop\tp\application\Home\Controller\CartController.class.php 第 95 行.

[ 2018-06-29T16:18:29+08:00 ] 127.0.0.1 /shop/tp/index.php/Home/Cart/add_cart.html
INFO: [ app_init ] --START--
INFO: Run Behavior\BuildLiteBehavior [ RunTime:0.000000s ]
INFO: [ app_init ] --END-- [ RunTime:0.001001s ]
INFO: [ app_begin ] --START--
INFO: Run Behavior\ReadHtmlCacheBehavior [ RunTime:0.001000s ]
INFO: [ app_begin ] --END-- [ RunTime:0.001000s ]
NOTIC: [8] Use of undefined constant CONTROILLER_NAME - assumed 'CONTROILLER_NAME' F:\wamp64\www\no.4\shop\tp\application\Home\Controller\CommonController.class.php 第 16 行.
NOTIC: [8] Undefined variable: count F:\wamp64\www\no.4\shop\tp\application\Home\Controller\CartController.class.php 第 95 行.

[ 2018-06-29T16:18:30+08:00 ] 127.0.0.1 /shop/tp/index.php/Home/Cart/add_cart.html
INFO: [ app_init ] --START--
INFO: Run Behavior\BuildLiteBehavior [ RunTime:0.001000s ]
INFO: [ app_init ] --END-- [ RunTime:0.001000s ]
INFO: [ app_begin ] --START--
INFO: Run Behavior\ReadHtmlCacheBehavior [ RunTime:0.001000s ]
INFO: [ app_begin ] --END-- [ RunTime:0.001000s ]
NOTIC: [8] Use of undefined constant CONTROILLER_NAME - assumed 'CONTROILLER_NAME' F:\wamp64\www\no.4\shop\tp\application\Home\Controller\CommonController.class.php 第 16 行.
NOTIC: [8] Undefined variable: count F:\wamp64\www\no.4\shop\tp\application\Home\Controller\CartController.class.php 第 95 行.

[ 2018-06-29T16:18:30+08:00 ] 127.0.0.1 /shop/tp/index.php/Home/Cart/add_cart.html
INFO: [ app_init ] --START--
INFO: Run Behavior\BuildLiteBehavior [ RunTime:0.000000s ]
INFO: [ app_init ] --END-- [ RunTime:0.000000s ]
INFO: [ app_begin ] --START--
INFO: Run Behavior\ReadHtmlCacheBehavior [ RunTime:0.001000s ]
INFO: [ app_begin ] --END-- [ RunTime:0.001000s ]
NOTIC: [8] Use of undefined constant CONTROILLER_NAME - assumed 'CONTROILLER_NAME' F:\wamp64\www\no.4\shop\tp\application\Home\Controller\CommonController.class.php 第 16 行.
NOTIC: [8] Undefined variable: count F:\wamp64\www\no.4\shop\tp\application\Home\Controller\CartController.class.php 第 95 行.

[ 2018-06-29T16:18:30+08:00 ] 127.0.0.1 /shop/tp/index.php/Home/Cart/add_cart.html
INFO: [ app_init ] --START--
INFO: Run Behavior\BuildLiteBehavior [ RunTime:0.000000s ]
INFO: [ app_init ] --END-- [ RunTime:0.001000s ]
INFO: [ app_begin ] --START--
INFO: Run Behavior\ReadHtmlCacheBehavior [ RunTime:0.000000s ]
INFO: [ app_begin ] --END-- [ RunTime:0.000000s ]
NOTIC: [8] Use of undefined constant CONTROILLER_NAME - assumed 'CONTROILLER_NAME' F:\wamp64\www\no.4\shop\tp\application\Home\Controller\CommonController.class.php 第 16 行.
NOTIC: [8] Undefined variable: count F:\wamp64\www\no.4\shop\tp\application\Home\Controller\CartController.class.php 第 95 行.

[ 2018-06-29T16:18:31+08:00 ] 127.0.0.1 /shop/tp/index.php/Home/Cart/add_cart.html
INFO: [ app_init ] --START--
INFO: Run Behavior\BuildLiteBehavior [ RunTime:0.000000s ]
INFO: [ app_init ] --END-- [ RunTime:0.000000s ]
INFO: [ app_begin ] --START--
INFO: Run Behavior\ReadHtmlCacheBehavior [ RunTime:0.001000s ]
INFO: [ app_begin ] --END-- [ RunTime:0.001000s ]
NOTIC: [8] Use of undefined constant CONTROILLER_NAME - assumed 'CONTROILLER_NAME' F:\wamp64\www\no.4\shop\tp\application\Home\Controller\CommonController.class.php 第 16 行.
NOTIC: [8] Undefined variable: count F:\wamp64\www\no.4\shop\tp\application\Home\Controller\CartController.class.php 第 95 行.

[ 2018-06-29T16:18:37+08:00 ] 127.0.0.1 /shop/tp/index.php/Home/Cart/cart_list.html
INFO: [ app_init ] --START--
INFO: Run Behavior\BuildLiteBehavior [ RunTime:0.000000s ]
INFO: [ app_init ] --END-- [ RunTime:0.000000s ]
INFO: [ app_begin ] --START--
INFO: Run Behavior\ReadHtmlCacheBehavior [ RunTime:0.000000s ]
INFO: [ app_begin ] --END-- [ RunTime:0.001000s ]
NOTIC: [8] Use of undefined constant CONTROILLER_NAME - assumed 'CONTROILLER_NAME' F:\wamp64\www\no.4\shop\tp\application\Home\Controller\CommonController.class.php 第 16 行.
INFO: [ view_parse ] --START--
INFO: [ template_filter ] --START--
INFO: Run Behavior\ContentReplaceBehavior [ RunTime:0.000000s ]
INFO: [ template_filter ] --END-- [ RunTime:0.000000s ]
INFO: Run Behavior\ParseTemplateBehavior [ RunTime:0.009001s ]
INFO: [ view_parse ] --END-- [ RunTime:0.009001s ]
INFO: [ view_filter ] --START--
INFO: Run Behavior\WriteHtmlCacheBehavior [ RunTime:0.001000s ]
INFO: [ view_filter ] --END-- [ RunTime:0.001000s ]
SQL: SHOW COLUMNS FROM `cart` [ RunTime:0.0020s ]
SQL: SELECT * FROM `cart` WHERE ( user_id = '' )  [ RunTime:0.0000s ]
NOTIC: [8] Undefined variable: t_price F:\wamp64\www\no.4\shop\tp\application\Home\Controller\CartController.class.php 第 145 行.
NOTIC: [8] Undefined variable: t_num F:\wamp64\www\no.4\shop\tp\application\Home\Controller\CartController.class.php 第 146 行.
INFO: [ view_parse ] --START--
INFO: [ template_filter ] --START--
INFO: Run Behavior\ContentReplaceBehavior [ RunTime:0.000000s ]
INFO: [ template_filter ] --END-- [ RunTime:-0.026002s ]
NOTIC: [8] Undefined variable: category F:\wamp64\www\no.4\shop\tp\application\Runtime\Cache\Home\7d74ac59af393c8a989eeee296a22068.php 第 93 行.
NOTIC: [8] Undefined index: user F:\wamp64\www\no.4\shop\tp\application\Runtime\Cache\Home\7d74ac59af393c8a989eeee296a22068.php 第 316 行.
NOTIC: [8] Undefined index: user F:\wamp64\www\no.4\shop\tp\application\Runtime\Cache\Home\7d74ac59af393c8a989eeee296a22068.php 第 329 行.
INFO: Run Behavior\ParseTemplateBehavior [ RunTime:0.018001s ]
INFO: [ view_parse ] --END-- [ RunTime:-0.012000s ]
INFO: [ view_filter ] --START--
INFO: Run Behavior\WriteHtmlCacheBehavior [ RunTime:0.000000s ]
INFO: [ view_filter ] --END-- [ RunTime:-0.029001s ]
INFO: [ app_end ] --START--
INFO: Run Behavior\ShowPageTraceBehavior [ RunTime:0.001000s ]
INFO: [ app_end ] --END-- [ RunTime:0.001000s ]

[ 2018-06-29T16:18:38+08:00 ] 127.0.0.1 /shop/tp/index.php/Home/Login/index.html
INFO: [ app_init ] --START--
INFO: Run Behavior\BuildLiteBehavior [ RunTime:0.000000s ]
INFO: [ app_init ] --END-- [ RunTime:0.001000s ]
INFO: [ app_begin ] --START--
INFO: Run Behavior\ReadHtmlCacheBehavior [ RunTime:0.001000s ]
INFO: [ app_begin ] --END-- [ RunTime:0.001000s ]
INFO: [ view_parse ] --START--
INFO: [ template_filter ] --START--
INFO: Run Behavior\ContentReplaceBehavior [ RunTime:0.000000s ]
INFO: [ template_filter ] --END-- [ RunTime:0.001000s ]
INFO: Run Behavior\ParseTemplateBehavior [ RunTime:0.010000s ]
INFO: [ view_parse ] --END-- [ RunTime:0.010000s ]
INFO: [ view_filter ] --START--
INFO: Run Behavior\WriteHtmlCacheBehavior [ RunTime:0.001000s ]
INFO: [ view_filter ] --END-- [ RunTime:0.001000s ]
INFO: [ app_end ] --START--
INFO: Run Behavior\ShowPageTraceBehavior [ RunTime:0.001000s ]
INFO: [ app_end ] --END-- [ RunTime:0.001000s ]

[ 2018-06-29T16:18:45+08:00 ] 127.0.0.1 /shop/tp/index.php/Home/Login/login_do?auth=qq
INFO: [ app_init ] --START--
INFO: Run Behavior\BuildLiteBehavior [ RunTime:0.000000s ]
INFO: [ app_init ] --END-- [ RunTime:0.001000s ]
INFO: [ app_begin ] --START--
INFO: Run Behavior\ReadHtmlCacheBehavior [ RunTime:0.001000s ]
INFO: [ app_begin ] --END-- [ RunTime:0.001000s ]

[ 2018-06-29T16:19:18+08:00 ] 127.0.0.1 /shop/tp/index.php/Home/Login/callback?code=5E430232DB8EE329D30ADA55DB700FF7&state=1caf06017452ee7933b22eebc9f410f1
INFO: [ app_init ] --START--
INFO: Run Behavior\BuildLiteBehavior [ RunTime:0.000000s ]
INFO: [ app_init ] --END-- [ RunTime:0.000000s ]
INFO: [ app_begin ] --START--
INFO: Run Behavior\ReadHtmlCacheBehavior [ RunTime:0.001000s ]
INFO: [ app_begin ] --END-- [ RunTime:0.001000s ]
SQL: SHOW COLUMNS FROM `user` [ RunTime:0.0010s ]
SQL: SELECT `openid` FROM `user` WHERE ( openid = 'F528675D915DE62E0F4353722F833288' ) LIMIT 1   [ RunTime:0.0010s ]
SQL: SELECT * FROM `user` WHERE ( openid = 'F528675D915DE62E0F4353722F833288' ) LIMIT 1   [ RunTime:0.0010s ]
NOTIC: [8] Undefined variable: v F:\wamp64\www\no.4\shop\tp\application\Home\Controller\LoginController.class.php 第 205 行.
NOTIC: [8] Undefined variable: v F:\wamp64\www\no.4\shop\tp\application\Home\Controller\LoginController.class.php 第 205 行.
SQL: SHOW COLUMNS FROM `cart` [ RunTime:0.0010s ]
SQL: SELECT * FROM `cart` WHERE ( user_id ='2' and goods_id ='' and product_id = '' ) LIMIT 1   [ RunTime:0.0000s ]
SQL: INSERT INTO `cart` (`user_id`,`goods_id`,`product_sn`,`product_id`,`goods_name`,`goods_price`,`market_price`,`buy_number`,`goods_attr_id`,`goods_img`,`session_id`) VALUES ('2','1','a100002','1','iPhone X','4299','4999','6','1,4','./uploads/goods_thumb/74b48a2bedd4ada2399dfe34c8aae090.jpg','2gf14g0tsoo58dctl8ichl0bv6') [ RunTime:0.0000s ]
INFO: [ view_parse ] --START--
INFO: [ template_filter ] --START--
INFO: Run Behavior\ContentReplaceBehavior [ RunTime:0.000000s ]
INFO: [ template_filter ] --END-- [ RunTime:0.000000s ]
INFO: Run Behavior\ParseTemplateBehavior [ RunTime:0.010000s ]
INFO: [ view_parse ] --END-- [ RunTime:0.010000s ]
INFO: [ view_filter ] --START--
INFO: Run Behavior\WriteHtmlCacheBehavior [ RunTime:0.001000s ]
INFO: [ view_filter ] --END-- [ RunTime:0.001000s ]
INFO: [ app_end ] --START--
INFO: Run Behavior\ShowPageTraceBehavior [ RunTime:0.001001s ]
INFO: [ app_end ] --END-- [ RunTime:0.001001s ]

[ 2018-06-29T16:19:19+08:00 ] 127.0.0.1 /shop/tp/index.php/Home/Index/index.html
INFO: [ app_init ] --START--
INFO: Run Behavior\BuildLiteBehavior [ RunTime:0.000000s ]
INFO: [ app_init ] --END-- [ RunTime:0.000000s ]
INFO: [ app_begin ] --START--
INFO: Run Behavior\ReadHtmlCacheBehavior [ RunTime:0.001000s ]
INFO: [ app_begin ] --END-- [ RunTime:0.001000s ]
NOTIC: [8] Use of undefined constant CONTROILLER_NAME - assumed 'CONTROILLER_NAME' F:\wamp64\www\no.4\shop\tp\application\Home\Controller\CommonController.class.php 第 16 行.
SQL: SHOW COLUMNS FROM `cart` [ RunTime:0.0010s ]
SQL: SELECT * FROM `cart` WHERE ( user_id = '2' )  [ RunTime:0.0000s ]
NOTIC: [8] Undefined variable: count F:\wamp64\www\no.4\shop\tp\application\Home\Controller\CommonController.class.php 第 29 行.
SQL: SHOW COLUMNS FROM `category` [ RunTime:0.0000s ]
SQL: SELECT * FROM `category` WHERE ( is_show = 1 and is_nav = 1 )  [ RunTime:0.0000s ]
SQL: SELECT * FROM `category` INNER JOIN goods on category.cate_id = goods.cate_id   [ RunTime:0.0010s ]
INFO: [ view_parse ] --START--
INFO: [ template_filter ] --START--
INFO: Run Behavior\ContentReplaceBehavior [ RunTime:0.000000s ]
INFO: [ template_filter ] --END-- [ RunTime:0.000000s ]
INFO: Run Behavior\ParseTemplateBehavior [ RunTime:0.031002s ]
INFO: [ view_parse ] --END-- [ RunTime:0.032002s ]
INFO: [ view_filter ] --START--
INFO: Run Behavior\WriteHtmlCacheBehavior [ RunTime:0.000000s ]
INFO: [ view_filter ] --END-- [ RunTime:0.000000s ]
INFO: [ app_end ] --START--
INFO: Run Behavior\ShowPageTraceBehavior [ RunTime:0.001000s ]
INFO: [ app_end ] --END-- [ RunTime:0.001000s ]

[ 2018-06-29T16:19:19+08:00 ] 127.0.0.1 /shop/tp/index.php/Home/Index/basic/js/quick_links.js
INFO: [ app_init ] --START--
INFO: Run Behavior\BuildLiteBehavior [ RunTime:0.000000s ]
INFO: [ app_init ] --END-- [ RunTime:0.001000s ]
INFO: [ app_begin ] --START--
INFO: Run Behavior\ReadHtmlCacheBehavior [ RunTime:0.002000s ]
INFO: [ app_begin ] --END-- [ RunTime:0.002000s ]
NOTIC: [8] Use of undefined constant CONTROILLER_NAME - assumed 'CONTROILLER_NAME' F:\wamp64\www\no.4\shop\tp\application\Home\Controller\CommonController.class.php 第 16 行.
SQL: SHOW COLUMNS FROM `cart` [ RunTime:0.0010s ]
SQL: SELECT * FROM `cart` WHERE ( user_id = '2' )  [ RunTime:0.0000s ]
NOTIC: [8] Undefined variable: count F:\wamp64\www\no.4\shop\tp\application\Home\Controller\CommonController.class.php 第 29 行.
ERR: 非法操作:basic

[ 2018-06-29T16:19:44+08:00 ] 127.0.0.1 /shop/tp/index.php/Home/Goods/goods_info/goods_id/1.html
INFO: [ app_init ] --START--
INFO: Run Behavior\BuildLiteBehavior [ RunTime:0.000000s ]
INFO: [ app_init ] --END-- [ RunTime:0.000000s ]
INFO: [ app_begin ] --START--
INFO: Run Behavior\ReadHtmlCacheBehavior [ RunTime:0.001000s ]
INFO: [ app_begin ] --END-- [ RunTime:0.001000s ]
NOTIC: [8] Use of undefined constant CONTROILLER_NAME - assumed 'CONTROILLER_NAME' F:\wamp64\www\no.4\shop\tp\application\Home\Controller\CommonController.class.php 第 16 行.
SQL: SHOW COLUMNS FROM `cart` [ RunTime:0.0000s ]
SQL: SELECT * FROM `cart` WHERE ( user_id = '2' )  [ RunTime:0.0000s ]
NOTIC: [8] Undefined variable: count F:\wamp64\www\no.4\shop\tp\application\Home\Controller\CommonController.class.php 第 29 行.
SQL: SHOW COLUMNS FROM `goods` [ RunTime:0.0020s ]
SQL: SELECT * FROM `goods` WHERE ( goods_id = '1' ) LIMIT 1   [ RunTime:0.0000s ]
SQL: SHOW COLUMNS FROM `goods_attr` [ RunTime:0.0010s ]
SQL: SELECT * FROM `goods_attr` INNER JOIN attribute on goods_attr.attr_id=attribute.attr_id  WHERE ( goods_attr.goods_id ='1' )  [ RunTime:0.0000s ]
SQL: SHOW COLUMNS FROM `goods_gallery` [ RunTime:0.0000s ]
SQL: SELECT * FROM `goods_gallery` WHERE ( goods_id = '1' )  [ RunTime:0.0000s ]
INFO: [ view_parse ] --START--
INFO: [ template_filter ] --START--
INFO: Run Behavior\ContentReplaceBehavior [ RunTime:0.000000s ]
INFO: [ template_filter ] --END-- [ RunTime:0.001000s ]
NOTIC: [8] Undefined variable: category F:\wamp64\www\no.4\shop\tp\application\Runtime\Cache\Home\375ed1816059603326d80e06b71bb1ed.php 第 93 行.
INFO: Run Behavior\ParseTemplateBehavior [ RunTime:0.031001s ]
INFO: [ view_parse ] --END-- [ RunTime:0.031001s ]
INFO: [ view_filter ] --START--
INFO: Run Behavior\WriteHtmlCacheBehavior [ RunTime:0.001000s ]
INFO: [ view_filter ] --END-- [ RunTime:0.001000s ]
INFO: [ app_end ] --START--
INFO: Run Behavior\ShowPageTraceBehavior [ RunTime:0.001000s ]
INFO: [ app_end ] --END-- [ RunTime:0.002000s ]

[ 2018-06-29T16:19:48+08:00 ] 127.0.0.1 /shop/tp/index.php/Home/Goods/get_sku
INFO: [ app_init ] --START--
INFO: Run Behavior\BuildLiteBehavior [ RunTime:0.000000s ]
INFO: [ app_init ] --END-- [ RunTime:0.001000s ]
INFO: [ app_begin ] --START--
INFO: Run Behavior\ReadHtmlCacheBehavior [ RunTime:0.001000s ]
INFO: [ app_begin ] --END-- [ RunTime:0.001000s ]
NOTIC: [8] Use of undefined constant CONTROILLER_NAME - assumed 'CONTROILLER_NAME' F:\wamp64\www\no.4\shop\tp\application\Home\Controller\CommonController.class.php 第 16 行.
SQL: SHOW COLUMNS FROM `cart` [ RunTime:0.0010s ]
SQL: SELECT * FROM `cart` WHERE ( user_id = '2' )  [ RunTime:0.0000s ]
NOTIC: [8] Undefined variable: count F:\wamp64\www\no.4\shop\tp\application\Home\Controller\CommonController.class.php 第 29 行.
SQL: SHOW COLUMNS FROM `products` [ RunTime:0.0010s ]
SQL: SELECT * FROM `products` WHERE ( attr_list ='1,4' ) LIMIT 1   [ RunTime:0.0000s ]

[ 2018-06-29T16:19:49+08:00 ] 127.0.0.1 /shop/tp/index.php/Home/Cart/add_cart.html
INFO: [ app_init ] --START--
INFO: Run Behavior\BuildLiteBehavior [ RunTime:0.000000s ]
INFO: [ app_init ] --END-- [ RunTime:0.000000s ]
INFO: [ app_begin ] --START--
INFO: Run Behavior\ReadHtmlCacheBehavior [ RunTime:0.001000s ]
INFO: [ app_begin ] --END-- [ RunTime:0.001000s ]
NOTIC: [8] Use of undefined constant CONTROILLER_NAME - assumed 'CONTROILLER_NAME' F:\wamp64\www\no.4\shop\tp\application\Home\Controller\CommonController.class.php 第 16 行.
SQL: SHOW COLUMNS FROM `cart` [ RunTime:0.0010s ]
SQL: SELECT * FROM `cart` WHERE ( user_id = '2' )  [ RunTime:0.0010s ]
NOTIC: [8] Undefined variable: count F:\wamp64\www\no.4\shop\tp\application\Home\Controller\CommonController.class.php 第 29 行.
SQL: SHOW COLUMNS FROM `goods` [ RunTime:0.0020s ]
SQL: SELECT * FROM `goods` WHERE ( goods_id='1' ) LIMIT 1   [ RunTime:0.0010s ]
SQL: SHOW COLUMNS FROM `products` [ RunTime:0.0010s ]
SQL: SELECT * FROM `products` WHERE ( attr_list='1,4' ) LIMIT 1   [ RunTime:0.0010s ]
SQL: SELECT * FROM `cart` WHERE ( user_id ='2' and goods_id ='1' and product_id='1' ) LIMIT 1   [ RunTime:0.0000s ]
SQL: UPDATE `cart` SET `buy_number`='7' WHERE ( user_id ='2' and goods_id ='1' and product_id='1' ) [ RunTime:0.0000s ]
SQL: SELECT * FROM `cart` WHERE ( user_id = '2' )  [ RunTime:0.0000s ]
NOTIC: [8] Undefined variable: count F:\wamp64\www\no.4\shop\tp\application\Home\Controller\CartController.class.php 第 50 行.

[ 2018-06-29T16:19:54+08:00 ] 127.0.0.1 /shop/tp/index.php/Home/Cart/cart_list/user_id/2.html
INFO: [ app_init ] --START--
INFO: Run Behavior\BuildLiteBehavior [ RunTime:0.000000s ]
INFO: [ app_init ] --END-- [ RunTime:0.001000s ]
INFO: [ app_begin ] --START--
INFO: Run Behavior\ReadHtmlCacheBehavior [ RunTime:0.001000s ]
INFO: [ app_begin ] --END-- [ RunTime:0.001000s ]
NOTIC: [8] Use of undefined constant CONTROILLER_NAME - assumed 'CONTROILLER_NAME' F:\wamp64\www\no.4\shop\tp\application\Home\Controller\CommonController.class.php 第 16 行.
SQL: SHOW COLUMNS FROM `cart` [ RunTime:0.0010s ]
SQL: SELECT * FROM `cart` WHERE ( user_id = '2' )  [ RunTime:0.0010s ]
NOTIC: [8] Undefined variable: count F:\wamp64\www\no.4\shop\tp\application\Home\Controller\CommonController.class.php 第 29 行.
SQL: SELECT * FROM `cart` WHERE ( user_id = '2' )  [ RunTime:0.0010s ]
NOTIC: [8] Undefined variable: t_price F:\wamp64\www\no.4\shop\tp\application\Home\Controller\CartController.class.php 第 128 行.
NOTIC: [8] Undefined variable: t_num F:\wamp64\www\no.4\shop\tp\application\Home\Controller\CartController.class.php 第 130 行.
SQL: SHOW COLUMNS FROM `goods_attr` [ RunTime:0.0010s ]
SQL: SELECT `attr_value` FROM `goods_attr` WHERE ( goods_attr_id ='1' ) LIMIT 1   [ RunTime:0.0010s ]
SQL: SHOW COLUMNS FROM `attribute` [ RunTime:0.0010s ]
SQL: SELECT `attr_id` FROM `goods_attr` WHERE ( goods_attr_id = '1' ) LIMIT 1   [ RunTime:0.0000s ]
SQL: SELECT `attr_name` FROM `attribute` WHERE ( attr_id=13 ) LIMIT 1   [ RunTime:0.0000s ]
SQL: SELECT `attr_value` FROM `goods_attr` WHERE ( goods_attr_id ='4' ) LIMIT 1   [ RunTime:0.0010s ]
SQL: SELECT `attr_id` FROM `goods_attr` WHERE ( goods_attr_id = '4' ) LIMIT 1   [ RunTime:0.0000s ]
SQL: SELECT `attr_name` FROM `attribute` WHERE ( attr_id=14 ) LIMIT 1   [ RunTime:0.0000s ]
INFO: [ view_parse ] --START--
INFO: [ template_filter ] --START--
INFO: Run Behavior\ContentReplaceBehavior [ RunTime:0.000000s ]
INFO: [ template_filter ] --END-- [ RunTime:0.000000s ]
NOTIC: [8] Undefined variable: category F:\wamp64\www\no.4\shop\tp\application\Runtime\Cache\Home\7d74ac59af393c8a989eeee296a22068.php 第 93 行.
INFO: Run Behavior\ParseTemplateBehavior [ RunTime:0.021002s ]
INFO: [ view_parse ] --END-- [ RunTime:0.021002s ]
INFO: [ view_filter ] --START--
INFO: Run Behavior\WriteHtmlCacheBehavior [ RunTime:0.000000s ]
INFO: [ view_filter ] --END-- [ RunTime:0.001000s ]
INFO: [ app_end ] --START--
INFO: Run Behavior\ShowPageTraceBehavior [ RunTime:0.001000s ]
INFO: [ app_end ] --END-- [ RunTime:0.002000s ]

[ 2018-06-29T16:20:05+08:00 ] 127.0.0.1 /shop/tp/index.php/Home/Order/is_order.html
INFO: [ app_init ] --START--
INFO: Run Behavior\BuildLiteBehavior [ RunTime:0.000000s ]
INFO: [ app_init ] --END-- [ RunTime:0.000000s ]
INFO: [ app_begin ] --START--
INFO: Run Behavior\ReadHtmlCacheBehavior [ RunTime:0.001000s ]
INFO: [ app_begin ] --END-- [ RunTime:0.002000s ]
NOTIC: [8] Use of undefined constant CONTROILLER_NAME - assumed 'CONTROILLER_NAME' F:\wamp64\www\no.4\shop\tp\application\Home\Controller\CommonController.class.php 第 16 行.
SQL: SHOW COLUMNS FROM `cart` [ RunTime:0.0010s ]
SQL: SELECT * FROM `cart` WHERE ( user_id = '2' )  [ RunTime:0.0000s ]
NOTIC: [8] Undefined variable: count F:\wamp64\www\no.4\shop\tp\application\Home\Controller\CommonController.class.php 第 29 行.
SQL: SHOW COLUMNS FROM `region` [ RunTime:0.0010s ]
SQL: SELECT * FROM `region` WHERE ( parent_id = 0  )  [ RunTime:0.0000s ]
INFO: [ view_parse ] --START--
INFO: [ template_filter ] --START--
INFO: Run Behavior\ContentReplaceBehavior [ RunTime:0.000000s ]
INFO: [ template_filter ] --END-- [ RunTime:0.000000s ]
NOTIC: [8] Undefined variable: category F:\wamp64\www\no.4\shop\tp\application\Runtime\Cache\Home\b89911f7ee8592ca292a29be5dfef847.php 第 93 行.
INFO: Run Behavior\ParseTemplateBehavior [ RunTime:0.021001s ]
INFO: [ view_parse ] --END-- [ RunTime:0.021001s ]
INFO: [ view_filter ] --START--
INFO: Run Behavior\WriteHtmlCacheBehavior [ RunTime:0.000000s ]
INFO: [ view_filter ] --END-- [ RunTime:0.000000s ]
INFO: [ app_end ] --START--
INFO: Run Behavior\ShowPageTraceBehavior [ RunTime:0.001000s ]
INFO: [ app_end ] --END-- [ RunTime:0.001000s ]

[ 2018-06-29T16:20:13+08:00 ] 127.0.0.1 /shop/tp/index.php/Home/Order/get_region
INFO: [ app_init ] --START--
INFO: Run Behavior\BuildLiteBehavior [ RunTime:0.000000s ]
INFO: [ app_init ] --END-- [ RunTime:0.001000s ]
INFO: [ app_begin ] --START--
INFO: Run Behavior\ReadHtmlCacheBehavior [ RunTime:0.001000s ]
INFO: [ app_begin ] --END-- [ RunTime:0.002000s ]
NOTIC: [8] Use of undefined constant CONTROILLER_NAME - assumed 'CONTROILLER_NAME' F:\wamp64\www\no.4\shop\tp\application\Home\Controller\CommonController.class.php 第 16 行.
SQL: SHOW COLUMNS FROM `cart` [ RunTime:0.0010s ]
SQL: SELECT * FROM `cart` WHERE ( user_id = '2' )  [ RunTime:0.0000s ]
NOTIC: [8] Undefined variable: count F:\wamp64\www\no.4\shop\tp\application\Home\Controller\CommonController.class.php 第 29 行.
SQL: SHOW COLUMNS FROM `region` [ RunTime:0.0010s ]
SQL: SELECT * FROM `region` WHERE ( parent_id = '1'  )  [ RunTime:0.0010s ]

[ 2018-06-29T16:20:14+08:00 ] 127.0.0.1 /shop/tp/index.php/Home/Order/get_region
INFO: [ app_init ] --START--
INFO: Run Behavior\BuildLiteBehavior [ RunTime:0.000000s ]
INFO: [ app_init ] --END-- [ RunTime:0.001000s ]
INFO: [ app_begin ] --START--
INFO: Run Behavior\ReadHtmlCacheBehavior [ RunTime:0.001000s ]
INFO: [ app_begin ] --END-- [ RunTime:0.001000s ]
NOTIC: [8] Use of undefined constant CONTROILLER_NAME - assumed 'CONTROILLER_NAME' F:\wamp64\www\no.4\shop\tp\application\Home\Controller\CommonController.class.php 第 16 行.
SQL: SHOW COLUMNS FROM `cart` [ RunTime:0.0010s ]
SQL: SELECT * FROM `cart` WHERE ( user_id = '2' )  [ RunTime:0.0000s ]
NOTIC: [8] Undefined variable: count F:\wamp64\www\no.4\shop\tp\application\Home\Controller\CommonController.class.php 第 29 行.
SQL: SHOW COLUMNS FROM `region` [ RunTime:0.0000s ]
SQL: SELECT * FROM `region` WHERE ( parent_id = '5'  )  [ RunTime:0.0000s ]

[ 2018-06-29T16:20:15+08:00 ] 127.0.0.1 /shop/tp/index.php/Home/Order/get_region
INFO: [ app_init ] --START--
INFO: Run Behavior\BuildLiteBehavior [ RunTime:0.000000s ]
INFO: [ app_init ] --END-- [ RunTime:0.001000s ]
INFO: [ app_begin ] --START--
INFO: Run Behavior\ReadHtmlCacheBehavior [ RunTime:0.001000s ]
INFO: [ app_begin ] --END-- [ RunTime:0.001000s ]
NOTIC: [8] Use of undefined constant CONTROILLER_NAME - assumed 'CONTROILLER_NAME' F:\wamp64\www\no.4\shop\tp\application\Home\Controller\CommonController.class.php 第 16 行.
SQL: SHOW COLUMNS FROM `cart` [ RunTime:0.0010s ]
SQL: SELECT * FROM `cart` WHERE ( user_id = '2' )  [ RunTime:0.0000s ]
NOTIC: [8] Undefined variable: count F:\wamp64\www\no.4\shop\tp\application\Home\Controller\CommonController.class.php 第 29 行.
SQL: SHOW COLUMNS FROM `region` [ RunTime:0.0000s ]
SQL: SELECT * FROM `region` WHERE ( parent_id = '54'  )  [ RunTime:0.0000s ]

[ 2018-06-29T16:21:24+08:00 ] 127.0.0.1 /shop/tp/index.php/Home/Index/index.html
INFO: [ app_init ] --START--
INFO: Run Behavior\BuildLiteBehavior [ RunTime:0.000000s ]
INFO: [ app_init ] --END-- [ RunTime:0.001000s ]
INFO: [ app_begin ] --START--
INFO: Run Behavior\ReadHtmlCacheBehavior [ RunTime:0.001000s ]
INFO: [ app_begin ] --END-- [ RunTime:0.001000s ]
NOTIC: [8] Use of undefined constant CONTROILLER_NAME - assumed 'CONTROILLER_NAME' F:\wamp64\www\no.4\shop\tp\application\Home\Controller\CommonController.class.php 第 16 行.
SQL: SHOW COLUMNS FROM `cart` [ RunTime:0.0010s ]
SQL: SELECT * FROM `cart` WHERE ( user_id = '2' )  [ RunTime:0.0000s ]
NOTIC: [8] Undefined variable: count F:\wamp64\www\no.4\shop\tp\application\Home\Controller\CommonController.class.php 第 29 行.
SQL: SHOW COLUMNS FROM `category` [ RunTime:0.0000s ]
SQL: SELECT * FROM `category` WHERE ( is_show = 1 and is_nav = 1 )  [ RunTime:0.0000s ]
SQL: SELECT * FROM `category` INNER JOIN goods on category.cate_id = goods.cate_id   [ RunTime:0.0020s ]
INFO: [ view_parse ] --START--
INFO: [ template_filter ] --START--
INFO: Run Behavior\ContentReplaceBehavior [ RunTime:0.001000s ]
INFO: [ template_filter ] --END-- [ RunTime:0.001000s ]
INFO: Run Behavior\ParseTemplateBehavior [ RunTime:0.030002s ]
INFO: [ view_parse ] --END-- [ RunTime:0.030002s ]
INFO: [ view_filter ] --START--
INFO: Run Behavior\WriteHtmlCacheBehavior [ RunTime:0.001000s ]
INFO: [ view_filter ] --END-- [ RunTime:0.001000s ]
INFO: [ app_end ] --START--
INFO: Run Behavior\ShowPageTraceBehavior [ RunTime:0.001000s ]
INFO: [ app_end ] --END-- [ RunTime:0.004000s ]

[ 2018-06-29T16:21:25+08:00 ] 127.0.0.1 /shop/tp/index.php/Home/Index/basic/js/quick_links.js
INFO: [ app_init ] --START--
INFO: Run Behavior\BuildLiteBehavior [ RunTime:0.000000s ]
INFO: [ app_init ] --END-- [ RunTime:0.001000s ]
INFO: [ app_begin ] --START--
INFO: Run Behavior\ReadHtmlCacheBehavior [ RunTime:0.002000s ]
INFO: [ app_begin ] --END-- [ RunTime:0.002000s ]
NOTIC: [8] Use of undefined constant CONTROILLER_NAME - assumed 'CONTROILLER_NAME' F:\wamp64\www\no.4\shop\tp\application\Home\Controller\CommonController.class.php 第 16 行.
SQL: SHOW COLUMNS FROM `cart` [ RunTime:0.0010s ]
SQL: SELECT * FROM `cart` WHERE ( user_id = '2' )  [ RunTime:0.0010s ]
NOTIC: [8] Undefined variable: count F:\wamp64\www\no.4\shop\tp\application\Home\Controller\CommonController.class.php 第 29 行.
ERR: 非法操作:basic

[ 2018-06-29T16:21:36+08:00 ] 127.0.0.1 /shop/tp/index.php/Home/Goods/goods_info/goods_id/1.html
INFO: [ app_init ] --START--
INFO: Run Behavior\BuildLiteBehavior [ RunTime:0.000000s ]
INFO: [ app_init ] --END-- [ RunTime:0.001000s ]
INFO: [ app_begin ] --START--
INFO: Run Behavior\ReadHtmlCacheBehavior [ RunTime:0.001000s ]
INFO: [ app_begin ] --END-- [ RunTime:0.001000s ]
NOTIC: [8] Use of undefined constant CONTROILLER_NAME - assumed 'CONTROILLER_NAME' F:\wamp64\www\no.4\shop\tp\application\Home\Controller\CommonController.class.php 第 16 行.
SQL: SHOW COLUMNS FROM `cart` [ RunTime:0.0010s ]
SQL: SELECT * FROM `cart` WHERE ( user_id = '2' )  [ RunTime:0.0000s ]
NOTIC: [8] Undefined variable: count F:\wamp64\www\no.4\shop\tp\application\Home\Controller\CommonController.class.php 第 29 行.
SQL: SHOW COLUMNS FROM `goods` [ RunTime:0.0020s ]
SQL: SELECT * FROM `goods` WHERE ( goods_id = '1' ) LIMIT 1   [ RunTime:0.0000s ]
SQL: SHOW COLUMNS FROM `goods_attr` [ RunTime:0.0000s ]
SQL: SELECT * FROM `goods_attr` INNER JOIN attribute on goods_attr.attr_id=attribute.attr_id  WHERE ( goods_attr.goods_id ='1' )  [ RunTime:0.0000s ]
SQL: SHOW COLUMNS FROM `goods_gallery` [ RunTime:0.0010s ]
SQL: SELECT * FROM `goods_gallery` WHERE ( goods_id = '1' )  [ RunTime:0.0000s ]
INFO: [ view_parse ] --START--
INFO: [ template_filter ] --START--
INFO: Run Behavior\ContentReplaceBehavior [ RunTime:0.001000s ]
INFO: [ template_filter ] --END-- [ RunTime:0.001000s ]
NOTIC: [8] Undefined variable: category F:\wamp64\www\no.4\shop\tp\application\Runtime\Cache\Home\375ed1816059603326d80e06b71bb1ed.php 第 93 行.
INFO: Run Behavior\ParseTemplateBehavior [ RunTime:0.033002s ]
INFO: [ view_parse ] --END-- [ RunTime:0.033002s ]
INFO: [ view_filter ] --START--
INFO: Run Behavior\WriteHtmlCacheBehavior [ RunTime:0.001000s ]
INFO: [ view_filter ] --END-- [ RunTime:0.001000s ]
INFO: [ app_end ] --START--
INFO: Run Behavior\ShowPageTraceBehavior [ RunTime:0.001000s ]
INFO: [ app_end ] --END-- [ RunTime:0.001000s ]

