[ 2018-06-09T00:12:20+08:00 ] 127.0.0.1 /shop/tp/Home/
INFO: [ app_init ] --START--
INFO: Run Behavior\BuildLiteBehavior [ RunTime:0.000000s ]
INFO: [ app_init ] --END-- [ RunTime:0.000000s ]
INFO: [ app_begin ] --START--
INFO: Run Behavior\ReadHtmlCacheBehavior [ RunTime:0.000000s ]
INFO: [ app_begin ] --END-- [ RunTime:0.000000s ]
NOTIC: [8] Use of undefined constant CONTROILLER_NAME - assumed 'CONTROILLER_NAME' D:\wamp64\www\no.4\shop\tp\application\Home\Controller\CommonController.class.php 第 16 行.
SQL: SHOW COLUMNS FROM `category` [ RunTime:0.1092s ]
SQL: SELECT * FROM `category` WHERE ( is_show = 1 and is_nav = 1 )  [ RunTime:0.0468s ]
SQL: SELECT * FROM `category` INNER JOIN goods on category.cate_id = goods.cate_id   [ RunTime:0.0312s ]
INFO: [ view_parse ] --START--
INFO: [ template_filter ] --START--
INFO: Run Behavior\ContentReplaceBehavior [ RunTime:0.000000s ]
INFO: [ template_filter ] --END-- [ RunTime:0.000000s ]
NOTIC: [8] Undefined index: user D:\wamp64\www\no.4\shop\tp\application\Runtime\Cache\Home\857cb80a7adc4d7e94f6a53f7fcbfd38.php 第 220 行.
NOTIC: [8] Undefined index: user D:\wamp64\www\no.4\shop\tp\application\Runtime\Cache\Home\857cb80a7adc4d7e94f6a53f7fcbfd38.php 第 787 行.
NOTIC: [8] Undefined index: user D:\wamp64\www\no.4\shop\tp\application\Runtime\Cache\Home\857cb80a7adc4d7e94f6a53f7fcbfd38.php 第 800 行.
INFO: Run Behavior\ParseTemplateBehavior [ RunTime:0.093600s ]
INFO: [ view_parse ] --END-- [ RunTime:0.093600s ]
INFO: [ view_filter ] --START--
INFO: Run Behavior\WriteHtmlCacheBehavior [ RunTime:0.000000s ]
INFO: [ view_filter ] --END-- [ RunTime:0.000000s ]
INFO: [ app_end ] --START--
INFO: Run Behavior\ShowPageTraceBehavior [ RunTime:0.000000s ]
INFO: [ app_end ] --END-- [ RunTime:0.000000s ]

[ 2018-06-09T00:12:22+08:00 ] 127.0.0.1 /shop/tp/Home/basic/js/quick_links.js
INFO: [ app_init ] --START--
INFO: Run Behavior\BuildLiteBehavior [ RunTime:0.000000s ]
INFO: [ app_init ] --END-- [ RunTime:0.000000s ]
INFO: [ app_begin ] --START--
INFO: Run Behavior\ReadHtmlCacheBehavior [ RunTime:0.000000s ]
INFO: [ app_begin ] --END-- [ RunTime:0.000000s ]
ERR: 无法加载控制器:Basic

[ 2018-06-09T00:12:27+08:00 ] 127.0.0.1 /shop/tp/index.php/Home/Login/index.html
INFO: [ app_init ] --START--
INFO: Run Behavior\BuildLiteBehavior [ RunTime:0.000000s ]
INFO: [ app_init ] --END-- [ RunTime:0.000000s ]
INFO: [ app_begin ] --START--
INFO: Run Behavior\ReadHtmlCacheBehavior [ RunTime:0.000000s ]
INFO: [ app_begin ] --END-- [ RunTime:0.000000s ]
INFO: [ view_parse ] --START--
INFO: [ template_filter ] --START--
INFO: Run Behavior\ContentReplaceBehavior [ RunTime:0.000000s ]
INFO: [ template_filter ] --END-- [ RunTime:0.000000s ]
INFO: Run Behavior\ParseTemplateBehavior [ RunTime:0.015600s ]
INFO: [ view_parse ] --END-- [ RunTime:0.015600s ]
INFO: [ view_filter ] --START--
INFO: Run Behavior\WriteHtmlCacheBehavior [ RunTime:0.000000s ]
INFO: [ view_filter ] --END-- [ RunTime:0.000000s ]
INFO: [ app_end ] --START--
INFO: Run Behavior\ShowPageTraceBehavior [ RunTime:0.000000s ]
INFO: [ app_end ] --END-- [ RunTime:0.000000s ]

[ 2018-06-09T00:12:39+08:00 ] 127.0.0.1 /shop/tp/index.php/Home/Login/login
INFO: [ app_init ] --START--
INFO: Run Behavior\BuildLiteBehavior [ RunTime:0.000000s ]
INFO: [ app_init ] --END-- [ RunTime:0.015600s ]
INFO: [ app_begin ] --START--
INFO: Run Behavior\ReadHtmlCacheBehavior [ RunTime:0.000000s ]
INFO: [ app_begin ] --END-- [ RunTime:0.000000s ]
SQL: SHOW COLUMNS FROM `user` [ RunTime:0.1248s ]
SQL: SELECT * FROM `user` WHERE ( email = '371675626@qq.com' ) LIMIT 1   [ RunTime:0.0156s ]
INFO: [ view_parse ] --START--
INFO: [ template_filter ] --START--
INFO: Run Behavior\ContentReplaceBehavior [ RunTime:0.000000s ]
INFO: [ template_filter ] --END-- [ RunTime:0.000000s ]
INFO: Run Behavior\ParseTemplateBehavior [ RunTime:0.124800s ]
INFO: [ view_parse ] --END-- [ RunTime:0.124800s ]
INFO: [ view_filter ] --START--
INFO: Run Behavior\WriteHtmlCacheBehavior [ RunTime:0.000000s ]
INFO: [ view_filter ] --END-- [ RunTime:0.000000s ]
INFO: [ app_end ] --START--
INFO: Run Behavior\ShowPageTraceBehavior [ RunTime:0.000000s ]
INFO: [ app_end ] --END-- [ RunTime:0.000000s ]

[ 2018-06-09T00:12:41+08:00 ] 127.0.0.1 /shop/tp/index.php/Home/Index/index.html
INFO: [ app_init ] --START--
INFO: Run Behavior\BuildLiteBehavior [ RunTime:0.000000s ]
INFO: [ app_init ] --END-- [ RunTime:0.000000s ]
INFO: [ app_begin ] --START--
INFO: Run Behavior\ReadHtmlCacheBehavior [ RunTime:0.000000s ]
INFO: [ app_begin ] --END-- [ RunTime:0.000000s ]
NOTIC: [8] Use of undefined constant CONTROILLER_NAME - assumed 'CONTROILLER_NAME' D:\wamp64\www\no.4\shop\tp\application\Home\Controller\CommonController.class.php 第 16 行.
SQL: SHOW COLUMNS FROM `cart` [ RunTime:0.0468s ]
SQL: SELECT * FROM `cart` WHERE ( user_id = '1' )  [ RunTime:0.0312s ]
NOTIC: [8] Undefined variable: count D:\wamp64\www\no.4\shop\tp\application\Home\Controller\CommonController.class.php 第 29 行.
SQL: SHOW COLUMNS FROM `category` [ RunTime:0.0000s ]
SQL: SELECT * FROM `category` WHERE ( is_show = 1 and is_nav = 1 )  [ RunTime:0.0000s ]
SQL: SELECT * FROM `category` INNER JOIN goods on category.cate_id = goods.cate_id   [ RunTime:0.0000s ]
INFO: [ view_parse ] --START--
INFO: [ template_filter ] --START--
INFO: Run Behavior\ContentReplaceBehavior [ RunTime:0.000000s ]
INFO: [ template_filter ] --END-- [ RunTime:0.000000s ]
INFO: Run Behavior\ParseTemplateBehavior [ RunTime:0.046800s ]
INFO: [ view_parse ] --END-- [ RunTime:0.046800s ]
INFO: [ view_filter ] --START--
INFO: Run Behavior\WriteHtmlCacheBehavior [ RunTime:0.000000s ]
INFO: [ view_filter ] --END-- [ RunTime:0.000000s ]
INFO: [ app_end ] --START--
INFO: Run Behavior\ShowPageTraceBehavior [ RunTime:0.000000s ]
INFO: [ app_end ] --END-- [ RunTime:0.000000s ]

[ 2018-06-09T00:12:41+08:00 ] 127.0.0.1 /shop/tp/index.php/Home/Index/basic/js/quick_links.js
INFO: [ app_init ] --START--
INFO: Run Behavior\BuildLiteBehavior [ RunTime:0.000000s ]
INFO: [ app_init ] --END-- [ RunTime:0.000000s ]
INFO: [ app_begin ] --START--
INFO: Run Behavior\ReadHtmlCacheBehavior [ RunTime:0.000000s ]
INFO: [ app_begin ] --END-- [ RunTime:0.000000s ]
NOTIC: [8] Use of undefined constant CONTROILLER_NAME - assumed 'CONTROILLER_NAME' D:\wamp64\www\no.4\shop\tp\application\Home\Controller\CommonController.class.php 第 16 行.
SQL: SHOW COLUMNS FROM `cart` [ RunTime:0.0000s ]
SQL: SELECT * FROM `cart` WHERE ( user_id = '1' )  [ RunTime:0.0000s ]
NOTIC: [8] Undefined variable: count D:\wamp64\www\no.4\shop\tp\application\Home\Controller\CommonController.class.php 第 29 行.
ERR: 非法操作:basic

[ 2018-06-09T00:12:44+08:00 ] 127.0.0.1 /shop/tp/index.php/Home/Cart/cart_list/user_id/1.html
INFO: [ app_init ] --START--
INFO: Run Behavior\BuildLiteBehavior [ RunTime:0.000000s ]
INFO: [ app_init ] --END-- [ RunTime:0.000000s ]
INFO: [ app_begin ] --START--
INFO: Run Behavior\ReadHtmlCacheBehavior [ RunTime:0.000000s ]
INFO: [ app_begin ] --END-- [ RunTime:0.000000s ]
NOTIC: [8] Use of undefined constant CONTROILLER_NAME - assumed 'CONTROILLER_NAME' D:\wamp64\www\no.4\shop\tp\application\Home\Controller\CommonController.class.php 第 16 行.
SQL: SHOW COLUMNS FROM `cart` [ RunTime:0.0000s ]
SQL: SELECT * FROM `cart` WHERE ( user_id = '1' )  [ RunTime:0.0000s ]
NOTIC: [8] Undefined variable: count D:\wamp64\www\no.4\shop\tp\application\Home\Controller\CommonController.class.php 第 29 行.
SQL: SELECT * FROM `cart` WHERE ( user_id = '1' )  [ RunTime:0.0000s ]
NOTIC: [8] Undefined variable: t_price D:\wamp64\www\no.4\shop\tp\application\Home\Controller\CartController.class.php 第 127 行.
NOTIC: [8] Undefined variable: t_num D:\wamp64\www\no.4\shop\tp\application\Home\Controller\CartController.class.php 第 129 行.
SQL: SHOW COLUMNS FROM `goods_attr` [ RunTime:0.0468s ]
SQL: SELECT `attr_value` FROM `goods_attr` WHERE ( goods_attr_id ='1' ) LIMIT 1   [ RunTime:0.0000s ]
SQL: SHOW COLUMNS FROM `attribute` [ RunTime:0.0624s ]
SQL: SELECT `attr_id` FROM `goods_attr` WHERE ( goods_attr_id = '1' ) LIMIT 1   [ RunTime:0.0000s ]
SQL: SELECT `attr_name` FROM `attribute` WHERE ( attr_id=13 ) LIMIT 1   [ RunTime:0.0000s ]
SQL: SELECT `attr_value` FROM `goods_attr` WHERE ( goods_attr_id ='5' ) LIMIT 1   [ RunTime:0.0000s ]
SQL: SELECT `attr_id` FROM `goods_attr` WHERE ( goods_attr_id = '5' ) LIMIT 1   [ RunTime:0.0000s ]
SQL: SELECT `attr_name` FROM `attribute` WHERE ( attr_id=14 ) LIMIT 1   [ RunTime:0.0000s ]
SQL: SELECT `attr_value` FROM `goods_attr` WHERE ( goods_attr_id ='1' ) LIMIT 1   [ RunTime:0.0000s ]
SQL: SELECT `attr_id` FROM `goods_attr` WHERE ( goods_attr_id = '1' ) LIMIT 1   [ RunTime:0.0000s ]
SQL: SELECT `attr_name` FROM `attribute` WHERE ( attr_id=13 ) LIMIT 1   [ RunTime:0.0000s ]
SQL: SELECT `attr_value` FROM `goods_attr` WHERE ( goods_attr_id ='6' ) LIMIT 1   [ RunTime:0.0000s ]
SQL: SELECT `attr_id` FROM `goods_attr` WHERE ( goods_attr_id = '6' ) LIMIT 1   [ RunTime:0.0000s ]
SQL: SELECT `attr_name` FROM `attribute` WHERE ( attr_id=14 ) LIMIT 1   [ RunTime:0.0156s ]
INFO: [ view_parse ] --START--
INFO: [ template_filter ] --START--
INFO: Run Behavior\ContentReplaceBehavior [ RunTime:0.000000s ]
INFO: [ template_filter ] --END-- [ RunTime:0.000000s ]
NOTIC: [8] Undefined variable: category D:\wamp64\www\no.4\shop\tp\application\Runtime\Cache\Home\7d74ac59af393c8a989eeee296a22068.php 第 93 行.
INFO: Run Behavior\ParseTemplateBehavior [ RunTime:0.046800s ]
INFO: [ view_parse ] --END-- [ RunTime:0.046800s ]
INFO: [ view_filter ] --START--
INFO: Run Behavior\WriteHtmlCacheBehavior [ RunTime:0.000000s ]
INFO: [ view_filter ] --END-- [ RunTime:0.000000s ]
INFO: [ app_end ] --START--
INFO: Run Behavior\ShowPageTraceBehavior [ RunTime:0.000000s ]
INFO: [ app_end ] --END-- [ RunTime:0.000000s ]

[ 2018-06-09T00:12:47+08:00 ] 127.0.0.1 /shop/tp/index.php/Home/Order/is_order.html
INFO: [ app_init ] --START--
INFO: Run Behavior\BuildLiteBehavior [ RunTime:0.000000s ]
INFO: [ app_init ] --END-- [ RunTime:0.000000s ]
INFO: [ app_begin ] --START--
INFO: Run Behavior\ReadHtmlCacheBehavior [ RunTime:0.000000s ]
INFO: [ app_begin ] --END-- [ RunTime:0.000000s ]
NOTIC: [8] Use of undefined constant CONTROILLER_NAME - assumed 'CONTROILLER_NAME' D:\wamp64\www\no.4\shop\tp\application\Home\Controller\CommonController.class.php 第 16 行.
SQL: SHOW COLUMNS FROM `cart` [ RunTime:0.0156s ]
SQL: SELECT * FROM `cart` WHERE ( user_id = '1' )  [ RunTime:0.0000s ]
NOTIC: [8] Undefined variable: count D:\wamp64\www\no.4\shop\tp\application\Home\Controller\CommonController.class.php 第 29 行.

[ 2018-06-09T00:12:58+08:00 ] 127.0.0.1 /shop/tp/index.php/Home/Order/is_order.html
INFO: [ app_init ] --START--
INFO: Run Behavior\BuildLiteBehavior [ RunTime:0.000000s ]
INFO: [ app_init ] --END-- [ RunTime:0.000000s ]
INFO: [ app_begin ] --START--
INFO: Run Behavior\ReadHtmlCacheBehavior [ RunTime:0.000000s ]
INFO: [ app_begin ] --END-- [ RunTime:0.000000s ]
NOTIC: [8] Use of undefined constant CONTROILLER_NAME - assumed 'CONTROILLER_NAME' D:\wamp64\www\no.4\shop\tp\application\Home\Controller\CommonController.class.php 第 16 行.
SQL: SHOW COLUMNS FROM `cart` [ RunTime:0.0000s ]
SQL: SELECT * FROM `cart` WHERE ( user_id = '1' )  [ RunTime:0.0000s ]
NOTIC: [8] Undefined variable: count D:\wamp64\www\no.4\shop\tp\application\Home\Controller\CommonController.class.php 第 29 行.
SQL: SHOW COLUMNS FROM `region` [ RunTime:0.0624s ]
SQL: SELECT * FROM `region` WHERE ( parent_id = 0  )  [ RunTime:0.0780s ]
INFO: [ view_parse ] --START--
INFO: [ template_filter ] --START--
INFO: Run Behavior\ContentReplaceBehavior [ RunTime:0.000000s ]
INFO: [ template_filter ] --END-- [ RunTime:0.000000s ]
NOTIC: [8] Undefined variable: category D:\wamp64\www\no.4\shop\tp\application\Runtime\Cache\Home\b89911f7ee8592ca292a29be5dfef847.php 第 93 行.
INFO: Run Behavior\ParseTemplateBehavior [ RunTime:0.031200s ]
INFO: [ view_parse ] --END-- [ RunTime:0.031200s ]
INFO: [ view_filter ] --START--
INFO: Run Behavior\WriteHtmlCacheBehavior [ RunTime:0.000000s ]
INFO: [ view_filter ] --END-- [ RunTime:0.000000s ]
INFO: [ app_end ] --START--
INFO: Run Behavior\ShowPageTraceBehavior [ RunTime:0.000000s ]
INFO: [ app_end ] --END-- [ RunTime:0.000000s ]

[ 2018-06-09T00:13:08+08:00 ] 127.0.0.1 /shop/tp/index.php/Home/Order/get_region
INFO: [ app_init ] --START--
INFO: Run Behavior\BuildLiteBehavior [ RunTime:0.000000s ]
INFO: [ app_init ] --END-- [ RunTime:0.000000s ]
INFO: [ app_begin ] --START--
INFO: Run Behavior\ReadHtmlCacheBehavior [ RunTime:0.015600s ]
INFO: [ app_begin ] --END-- [ RunTime:0.015600s ]
NOTIC: [8] Use of undefined constant CONTROILLER_NAME - assumed 'CONTROILLER_NAME' D:\wamp64\www\no.4\shop\tp\application\Home\Controller\CommonController.class.php 第 16 行.
SQL: SHOW COLUMNS FROM `cart` [ RunTime:0.0156s ]
SQL: SELECT * FROM `cart` WHERE ( user_id = '1' )  [ RunTime:0.0000s ]
NOTIC: [8] Undefined variable: count D:\wamp64\www\no.4\shop\tp\application\Home\Controller\CommonController.class.php 第 29 行.
SQL: SHOW COLUMNS FROM `region` [ RunTime:0.0000s ]
SQL: SELECT * FROM `region` WHERE ( parent_id = '1'  )  [ RunTime:0.0000s ]

[ 2018-06-09T00:13:13+08:00 ] 127.0.0.1 /shop/tp/index.php/Home/Order/is_order.html
INFO: [ app_init ] --START--
INFO: Run Behavior\BuildLiteBehavior [ RunTime:0.000000s ]
INFO: [ app_init ] --END-- [ RunTime:0.000000s ]
INFO: [ app_begin ] --START--
INFO: Run Behavior\ReadHtmlCacheBehavior [ RunTime:0.000000s ]
INFO: [ app_begin ] --END-- [ RunTime:0.000000s ]
NOTIC: [8] Use of undefined constant CONTROILLER_NAME - assumed 'CONTROILLER_NAME' D:\wamp64\www\no.4\shop\tp\application\Home\Controller\CommonController.class.php 第 16 行.
SQL: SHOW COLUMNS FROM `cart` [ RunTime:0.0000s ]
SQL: SELECT * FROM `cart` WHERE ( user_id = '1' )  [ RunTime:0.0156s ]
NOTIC: [8] Undefined variable: count D:\wamp64\www\no.4\shop\tp\application\Home\Controller\CommonController.class.php 第 29 行.
SQL: SHOW COLUMNS FROM `region` [ RunTime:0.0000s ]
SQL: SELECT * FROM `region` WHERE ( parent_id = 0  )  [ RunTime:0.0000s ]
INFO: [ view_parse ] --START--
INFO: [ template_filter ] --START--
INFO: Run Behavior\ContentReplaceBehavior [ RunTime:0.000000s ]
INFO: [ template_filter ] --END-- [ RunTime:0.000000s ]
NOTIC: [8] Undefined variable: category D:\wamp64\www\no.4\shop\tp\application\Runtime\Cache\Home\b89911f7ee8592ca292a29be5dfef847.php 第 93 行.
INFO: Run Behavior\ParseTemplateBehavior [ RunTime:0.031200s ]
INFO: [ view_parse ] --END-- [ RunTime:0.031200s ]
INFO: [ view_filter ] --START--
INFO: Run Behavior\WriteHtmlCacheBehavior [ RunTime:0.000000s ]
INFO: [ view_filter ] --END-- [ RunTime:0.000000s ]
INFO: [ app_end ] --START--
INFO: Run Behavior\ShowPageTraceBehavior [ RunTime:0.000000s ]
INFO: [ app_end ] --END-- [ RunTime:0.000000s ]

[ 2018-06-09T00:13:22+08:00 ] 127.0.0.1 /shop/tp/index.php/Home/Order/get_region
INFO: [ app_init ] --START--
INFO: Run Behavior\BuildLiteBehavior [ RunTime:0.000000s ]
INFO: [ app_init ] --END-- [ RunTime:0.000000s ]
INFO: [ app_begin ] --START--
INFO: Run Behavior\ReadHtmlCacheBehavior [ RunTime:0.000000s ]
INFO: [ app_begin ] --END-- [ RunTime:0.000000s ]
NOTIC: [8] Use of undefined constant CONTROILLER_NAME - assumed 'CONTROILLER_NAME' D:\wamp64\www\no.4\shop\tp\application\Home\Controller\CommonController.class.php 第 16 行.
SQL: SHOW COLUMNS FROM `cart` [ RunTime:0.0000s ]
SQL: SELECT * FROM `cart` WHERE ( user_id = '1' )  [ RunTime:0.0000s ]
NOTIC: [8] Undefined variable: count D:\wamp64\www\no.4\shop\tp\application\Home\Controller\CommonController.class.php 第 29 行.
SQL: SHOW COLUMNS FROM `region` [ RunTime:0.0000s ]
SQL: SELECT * FROM `region` WHERE ( parent_id = '1'  )  [ RunTime:0.0000s ]

[ 2018-06-09T00:13:34+08:00 ] 127.0.0.1 /shop/tp/index.php/Home/Order/is_order.html
INFO: [ app_init ] --START--
INFO: Run Behavior\BuildLiteBehavior [ RunTime:0.000000s ]
INFO: [ app_init ] --END-- [ RunTime:0.000000s ]
INFO: [ app_begin ] --START--
INFO: Run Behavior\ReadHtmlCacheBehavior [ RunTime:0.000000s ]
INFO: [ app_begin ] --END-- [ RunTime:0.000000s ]
NOTIC: [8] Use of undefined constant CONTROILLER_NAME - assumed 'CONTROILLER_NAME' D:\wamp64\www\no.4\shop\tp\application\Home\Controller\CommonController.class.php 第 16 行.
SQL: SHOW COLUMNS FROM `cart` [ RunTime:0.0000s ]
SQL: SELECT * FROM `cart` WHERE ( user_id = '1' )  [ RunTime:0.0000s ]
NOTIC: [8] Undefined variable: count D:\wamp64\www\no.4\shop\tp\application\Home\Controller\CommonController.class.php 第 29 行.
SQL: SHOW COLUMNS FROM `region` [ RunTime:0.0000s ]
SQL: SELECT * FROM `region` WHERE ( parent_id = 0  )  [ RunTime:0.0000s ]
INFO: [ view_parse ] --START--
INFO: [ template_filter ] --START--
INFO: Run Behavior\ContentReplaceBehavior [ RunTime:0.000000s ]
INFO: [ template_filter ] --END-- [ RunTime:0.000000s ]
NOTIC: [8] Undefined variable: category D:\wamp64\www\no.4\shop\tp\application\Runtime\Cache\Home\b89911f7ee8592ca292a29be5dfef847.php 第 93 行.
INFO: Run Behavior\ParseTemplateBehavior [ RunTime:0.031200s ]
INFO: [ view_parse ] --END-- [ RunTime:0.031200s ]
INFO: [ view_filter ] --START--
INFO: Run Behavior\WriteHtmlCacheBehavior [ RunTime:0.000000s ]
INFO: [ view_filter ] --END-- [ RunTime:0.000000s ]
INFO: [ app_end ] --START--
INFO: Run Behavior\ShowPageTraceBehavior [ RunTime:0.000000s ]
INFO: [ app_end ] --END-- [ RunTime:0.000000s ]

[ 2018-06-09T00:13:44+08:00 ] 127.0.0.1 /shop/tp/index.php/Home/Order/get_region
INFO: [ app_init ] --START--
INFO: Run Behavior\BuildLiteBehavior [ RunTime:0.000000s ]
INFO: [ app_init ] --END-- [ RunTime:0.000000s ]
INFO: [ app_begin ] --START--
INFO: Run Behavior\ReadHtmlCacheBehavior [ RunTime:0.000000s ]
INFO: [ app_begin ] --END-- [ RunTime:0.000000s ]
NOTIC: [8] Use of undefined constant CONTROILLER_NAME - assumed 'CONTROILLER_NAME' D:\wamp64\www\no.4\shop\tp\application\Home\Controller\CommonController.class.php 第 16 行.
SQL: SHOW COLUMNS FROM `cart` [ RunTime:0.0000s ]
SQL: SELECT * FROM `cart` WHERE ( user_id = '1' )  [ RunTime:0.0000s ]
NOTIC: [8] Undefined variable: count D:\wamp64\www\no.4\shop\tp\application\Home\Controller\CommonController.class.php 第 29 行.
SQL: SHOW COLUMNS FROM `region` [ RunTime:0.0000s ]
SQL: SELECT * FROM `region` WHERE ( parent_id = '1'  )  [ RunTime:0.0000s ]

[ 2018-06-09T00:13:47+08:00 ] 127.0.0.1 /shop/tp/index.php/Home/Order/get_region
INFO: [ app_init ] --START--
INFO: Run Behavior\BuildLiteBehavior [ RunTime:0.000000s ]
INFO: [ app_init ] --END-- [ RunTime:0.000000s ]
INFO: [ app_begin ] --START--
INFO: Run Behavior\ReadHtmlCacheBehavior [ RunTime:0.015600s ]
INFO: [ app_begin ] --END-- [ RunTime:0.015600s ]
NOTIC: [8] Use of undefined constant CONTROILLER_NAME - assumed 'CONTROILLER_NAME' D:\wamp64\www\no.4\shop\tp\application\Home\Controller\CommonController.class.php 第 16 行.
SQL: SHOW COLUMNS FROM `cart` [ RunTime:0.0000s ]
SQL: SELECT * FROM `cart` WHERE ( user_id = '1' )  [ RunTime:0.0000s ]
NOTIC: [8] Undefined variable: count D:\wamp64\www\no.4\shop\tp\application\Home\Controller\CommonController.class.php 第 29 行.
SQL: SHOW COLUMNS FROM `region` [ RunTime:0.0000s ]
SQL: SELECT * FROM `region` WHERE ( parent_id = '4'  )  [ RunTime:0.0000s ]

[ 2018-06-09T00:13:57+08:00 ] 127.0.0.1 /shop/tp/index.php/Home/Order/is_order.html
INFO: [ app_init ] --START--
INFO: Run Behavior\BuildLiteBehavior [ RunTime:0.000000s ]
INFO: [ app_init ] --END-- [ RunTime:0.000000s ]
INFO: [ app_begin ] --START--
INFO: Run Behavior\ReadHtmlCacheBehavior [ RunTime:0.000000s ]
INFO: [ app_begin ] --END-- [ RunTime:0.000000s ]
NOTIC: [8] Use of undefined constant CONTROILLER_NAME - assumed 'CONTROILLER_NAME' D:\wamp64\www\no.4\shop\tp\application\Home\Controller\CommonController.class.php 第 16 行.
SQL: SHOW COLUMNS FROM `cart` [ RunTime:0.0000s ]
SQL: SELECT * FROM `cart` WHERE ( user_id = '1' )  [ RunTime:0.0000s ]
NOTIC: [8] Undefined variable: count D:\wamp64\www\no.4\shop\tp\application\Home\Controller\CommonController.class.php 第 29 行.
SQL: SHOW COLUMNS FROM `region` [ RunTime:0.0000s ]
SQL: SELECT * FROM `region` WHERE ( parent_id = 0  )  [ RunTime:0.0000s ]
INFO: [ view_parse ] --START--
INFO: [ template_filter ] --START--
INFO: Run Behavior\ContentReplaceBehavior [ RunTime:0.015600s ]
INFO: [ template_filter ] --END-- [ RunTime:0.015600s ]
NOTIC: [8] Undefined variable: category D:\wamp64\www\no.4\shop\tp\application\Runtime\Cache\Home\b89911f7ee8592ca292a29be5dfef847.php 第 93 行.
INFO: Run Behavior\ParseTemplateBehavior [ RunTime:0.031200s ]
INFO: [ view_parse ] --END-- [ RunTime:0.031200s ]
INFO: [ view_filter ] --START--
INFO: Run Behavior\WriteHtmlCacheBehavior [ RunTime:0.015600s ]
INFO: [ view_filter ] --END-- [ RunTime:0.015600s ]
INFO: [ app_end ] --START--
INFO: Run Behavior\ShowPageTraceBehavior [ RunTime:0.000000s ]
INFO: [ app_end ] --END-- [ RunTime:0.000000s ]

[ 2018-06-09T00:14:04+08:00 ] 127.0.0.1 /shop/tp/index.php/Home/Order/get_region
INFO: [ app_init ] --START--
INFO: Run Behavior\BuildLiteBehavior [ RunTime:0.000000s ]
INFO: [ app_init ] --END-- [ RunTime:0.000000s ]
INFO: [ app_begin ] --START--
INFO: Run Behavior\ReadHtmlCacheBehavior [ RunTime:0.000000s ]
INFO: [ app_begin ] --END-- [ RunTime:0.000000s ]
NOTIC: [8] Use of undefined constant CONTROILLER_NAME - assumed 'CONTROILLER_NAME' D:\wamp64\www\no.4\shop\tp\application\Home\Controller\CommonController.class.php 第 16 行.
SQL: SHOW COLUMNS FROM `cart` [ RunTime:0.0000s ]
SQL: SELECT * FROM `cart` WHERE ( user_id = '1' )  [ RunTime:0.0000s ]
NOTIC: [8] Undefined variable: count D:\wamp64\www\no.4\shop\tp\application\Home\Controller\CommonController.class.php 第 29 行.
SQL: SHOW COLUMNS FROM `region` [ RunTime:0.0000s ]
SQL: SELECT * FROM `region` WHERE ( parent_id = '1'  )  [ RunTime:0.0156s ]

[ 2018-06-09T00:14:16+08:00 ] 127.0.0.1 /shop/tp/index.php/Home/Order/is_order.html
INFO: [ app_init ] --START--
INFO: Run Behavior\BuildLiteBehavior [ RunTime:0.000000s ]
INFO: [ app_init ] --END-- [ RunTime:0.000000s ]
INFO: [ app_begin ] --START--
INFO: Run Behavior\ReadHtmlCacheBehavior [ RunTime:0.000000s ]
INFO: [ app_begin ] --END-- [ RunTime:0.000000s ]
NOTIC: [8] Use of undefined constant CONTROILLER_NAME - assumed 'CONTROILLER_NAME' D:\wamp64\www\no.4\shop\tp\application\Home\Controller\CommonController.class.php 第 16 行.
SQL: SHOW COLUMNS FROM `cart` [ RunTime:0.0000s ]
SQL: SELECT * FROM `cart` WHERE ( user_id = '1' )  [ RunTime:0.0000s ]
NOTIC: [8] Undefined variable: count D:\wamp64\www\no.4\shop\tp\application\Home\Controller\CommonController.class.php 第 29 行.
SQL: SHOW COLUMNS FROM `region` [ RunTime:0.0000s ]
SQL: SELECT * FROM `region` WHERE ( parent_id = 0  )  [ RunTime:0.0000s ]
INFO: [ view_parse ] --START--
INFO: [ template_filter ] --START--
INFO: Run Behavior\ContentReplaceBehavior [ RunTime:0.000000s ]
INFO: [ template_filter ] --END-- [ RunTime:0.000000s ]
NOTIC: [8] Undefined variable: category D:\wamp64\www\no.4\shop\tp\application\Runtime\Cache\Home\b89911f7ee8592ca292a29be5dfef847.php 第 93 行.
INFO: Run Behavior\ParseTemplateBehavior [ RunTime:0.031200s ]
INFO: [ view_parse ] --END-- [ RunTime:0.031200s ]
INFO: [ view_filter ] --START--
INFO: Run Behavior\WriteHtmlCacheBehavior [ RunTime:0.000000s ]
INFO: [ view_filter ] --END-- [ RunTime:0.000000s ]
INFO: [ app_end ] --START--
INFO: Run Behavior\ShowPageTraceBehavior [ RunTime:0.000000s ]
INFO: [ app_end ] --END-- [ RunTime:0.000000s ]

[ 2018-06-09T00:14:22+08:00 ] 127.0.0.1 /shop/tp/index.php/Home/Order/get_region
INFO: [ app_init ] --START--
INFO: Run Behavior\BuildLiteBehavior [ RunTime:0.000000s ]
INFO: [ app_init ] --END-- [ RunTime:0.000000s ]
INFO: [ app_begin ] --START--
INFO: Run Behavior\ReadHtmlCacheBehavior [ RunTime:0.000000s ]
INFO: [ app_begin ] --END-- [ RunTime:0.000000s ]
NOTIC: [8] Use of undefined constant CONTROILLER_NAME - assumed 'CONTROILLER_NAME' D:\wamp64\www\no.4\shop\tp\application\Home\Controller\CommonController.class.php 第 16 行.
SQL: SHOW COLUMNS FROM `cart` [ RunTime:0.0000s ]
SQL: SELECT * FROM `cart` WHERE ( user_id = '1' )  [ RunTime:0.0000s ]
NOTIC: [8] Undefined variable: count D:\wamp64\www\no.4\shop\tp\application\Home\Controller\CommonController.class.php 第 29 行.
SQL: SHOW COLUMNS FROM `region` [ RunTime:0.0000s ]
SQL: SELECT * FROM `region` WHERE ( parent_id = '1'  )  [ RunTime:0.0000s ]

[ 2018-06-09T00:22:17+08:00 ] 127.0.0.1 /shop/tp/index.php/Home/Order/is_order.html
INFO: [ app_init ] --START--
INFO: Run Behavior\BuildLiteBehavior [ RunTime:0.000000s ]
INFO: [ app_init ] --END-- [ RunTime:0.000000s ]
INFO: [ app_begin ] --START--
INFO: Run Behavior\ReadHtmlCacheBehavior [ RunTime:0.000000s ]
INFO: [ app_begin ] --END-- [ RunTime:0.000000s ]
NOTIC: [8] Use of undefined constant CONTROILLER_NAME - assumed 'CONTROILLER_NAME' D:\wamp64\www\no.4\shop\tp\application\Home\Controller\CommonController.class.php 第 16 行.
SQL: SHOW COLUMNS FROM `cart` [ RunTime:0.0000s ]
SQL: SELECT * FROM `cart` WHERE ( user_id = '1' )  [ RunTime:0.0000s ]
NOTIC: [8] Undefined variable: count D:\wamp64\www\no.4\shop\tp\application\Home\Controller\CommonController.class.php 第 29 行.
SQL: SHOW COLUMNS FROM `region` [ RunTime:0.0000s ]
SQL: SELECT * FROM `region` WHERE ( parent_id = 0  )  [ RunTime:0.0000s ]
INFO: [ view_parse ] --START--
INFO: [ template_filter ] --START--
INFO: Run Behavior\ContentReplaceBehavior [ RunTime:0.000000s ]
INFO: [ template_filter ] --END-- [ RunTime:0.000000s ]
NOTIC: [8] Undefined variable: category D:\wamp64\www\no.4\shop\tp\application\Runtime\Cache\Home\b89911f7ee8592ca292a29be5dfef847.php 第 93 行.
INFO: Run Behavior\ParseTemplateBehavior [ RunTime:0.031200s ]
INFO: [ view_parse ] --END-- [ RunTime:0.031200s ]
INFO: [ view_filter ] --START--
INFO: Run Behavior\WriteHtmlCacheBehavior [ RunTime:0.000000s ]
INFO: [ view_filter ] --END-- [ RunTime:0.000000s ]
INFO: [ app_end ] --START--
INFO: Run Behavior\ShowPageTraceBehavior [ RunTime:0.015600s ]
INFO: [ app_end ] --END-- [ RunTime:0.015600s ]

[ 2018-06-09T00:22:24+08:00 ] 127.0.0.1 /shop/tp/index.php/Home/Order/get_region
INFO: [ app_init ] --START--
INFO: Run Behavior\BuildLiteBehavior [ RunTime:0.000000s ]
INFO: [ app_init ] --END-- [ RunTime:0.000000s ]
INFO: [ app_begin ] --START--
INFO: Run Behavior\ReadHtmlCacheBehavior [ RunTime:0.000000s ]
INFO: [ app_begin ] --END-- [ RunTime:0.000000s ]
NOTIC: [8] Use of undefined constant CONTROILLER_NAME - assumed 'CONTROILLER_NAME' D:\wamp64\www\no.4\shop\tp\application\Home\Controller\CommonController.class.php 第 16 行.
SQL: SHOW COLUMNS FROM `cart` [ RunTime:0.0000s ]
SQL: SELECT * FROM `cart` WHERE ( user_id = '1' )  [ RunTime:0.0000s ]
NOTIC: [8] Undefined variable: count D:\wamp64\www\no.4\shop\tp\application\Home\Controller\CommonController.class.php 第 29 行.
SQL: SHOW COLUMNS FROM `region` [ RunTime:0.0000s ]
SQL: SELECT * FROM `region` WHERE ( parent_id = '1'  )  [ RunTime:0.0000s ]

[ 2018-06-09T00:26:32+08:00 ] 127.0.0.1 /shop/tp/index.php/Home/Order/is_order.html
INFO: [ app_init ] --START--
INFO: Run Behavior\BuildLiteBehavior [ RunTime:0.000000s ]
INFO: [ app_init ] --END-- [ RunTime:0.000000s ]
INFO: [ app_begin ] --START--
INFO: Run Behavior\ReadHtmlCacheBehavior [ RunTime:0.000000s ]
INFO: [ app_begin ] --END-- [ RunTime:0.000000s ]
NOTIC: [8] Use of undefined constant CONTROILLER_NAME - assumed 'CONTROILLER_NAME' D:\wamp64\www\no.4\shop\tp\application\Home\Controller\CommonController.class.php 第 16 行.
SQL: SHOW COLUMNS FROM `cart` [ RunTime:0.0000s ]
SQL: SELECT * FROM `cart` WHERE ( user_id = '1' )  [ RunTime:0.0000s ]
NOTIC: [8] Undefined variable: count D:\wamp64\www\no.4\shop\tp\application\Home\Controller\CommonController.class.php 第 29 行.
SQL: SHOW COLUMNS FROM `region` [ RunTime:0.0000s ]
SQL: SELECT * FROM `region` WHERE ( parent_id = 0  )  [ RunTime:0.0000s ]
INFO: [ view_parse ] --START--
INFO: [ template_filter ] --START--
INFO: Run Behavior\ContentReplaceBehavior [ RunTime:0.000000s ]
INFO: [ template_filter ] --END-- [ RunTime:0.000000s ]
NOTIC: [8] Undefined variable: category D:\wamp64\www\no.4\shop\tp\application\Runtime\Cache\Home\b89911f7ee8592ca292a29be5dfef847.php 第 93 行.
INFO: Run Behavior\ParseTemplateBehavior [ RunTime:0.046800s ]
INFO: [ view_parse ] --END-- [ RunTime:0.046800s ]
INFO: [ view_filter ] --START--
INFO: Run Behavior\WriteHtmlCacheBehavior [ RunTime:0.000000s ]
INFO: [ view_filter ] --END-- [ RunTime:0.000000s ]
INFO: [ app_end ] --START--
INFO: Run Behavior\ShowPageTraceBehavior [ RunTime:0.000000s ]
INFO: [ app_end ] --END-- [ RunTime:0.000000s ]

[ 2018-06-09T00:26:38+08:00 ] 127.0.0.1 /shop/tp/index.php/Home/Order/get_region
INFO: [ app_init ] --START--
INFO: Run Behavior\BuildLiteBehavior [ RunTime:0.000000s ]
INFO: [ app_init ] --END-- [ RunTime:0.000000s ]
INFO: [ app_begin ] --START--
INFO: Run Behavior\ReadHtmlCacheBehavior [ RunTime:0.000000s ]
INFO: [ app_begin ] --END-- [ RunTime:0.000000s ]
NOTIC: [8] Use of undefined constant CONTROILLER_NAME - assumed 'CONTROILLER_NAME' D:\wamp64\www\no.4\shop\tp\application\Home\Controller\CommonController.class.php 第 16 行.
SQL: SHOW COLUMNS FROM `cart` [ RunTime:0.0000s ]
SQL: SELECT * FROM `cart` WHERE ( user_id = '1' )  [ RunTime:0.0000s ]
NOTIC: [8] Undefined variable: count D:\wamp64\www\no.4\shop\tp\application\Home\Controller\CommonController.class.php 第 29 行.
SQL: SHOW COLUMNS FROM `region` [ RunTime:0.0000s ]
SQL: SELECT * FROM `region` WHERE ( parent_id = '1'  )  [ RunTime:0.0000s ]

[ 2018-06-09T00:26:51+08:00 ] 127.0.0.1 /shop/tp/index.php/Home/Order/is_order.html
INFO: [ app_init ] --START--
INFO: Run Behavior\BuildLiteBehavior [ RunTime:0.000000s ]
INFO: [ app_init ] --END-- [ RunTime:0.000000s ]
INFO: [ app_begin ] --START--
INFO: Run Behavior\ReadHtmlCacheBehavior [ RunTime:0.000000s ]
INFO: [ app_begin ] --END-- [ RunTime:0.000000s ]
NOTIC: [8] Use of undefined constant CONTROILLER_NAME - assumed 'CONTROILLER_NAME' D:\wamp64\www\no.4\shop\tp\application\Home\Controller\CommonController.class.php 第 16 行.
SQL: SHOW COLUMNS FROM `cart` [ RunTime:0.0000s ]
SQL: SELECT * FROM `cart` WHERE ( user_id = '1' )  [ RunTime:0.0000s ]
NOTIC: [8] Undefined variable: count D:\wamp64\www\no.4\shop\tp\application\Home\Controller\CommonController.class.php 第 29 行.
SQL: SHOW COLUMNS FROM `region` [ RunTime:0.0000s ]
SQL: SELECT * FROM `region` WHERE ( parent_id = 0  )  [ RunTime:0.0000s ]
INFO: [ view_parse ] --START--
INFO: [ template_filter ] --START--
INFO: Run Behavior\ContentReplaceBehavior [ RunTime:0.000000s ]
INFO: [ template_filter ] --END-- [ RunTime:0.000000s ]
NOTIC: [8] Undefined variable: category D:\wamp64\www\no.4\shop\tp\application\Runtime\Cache\Home\b89911f7ee8592ca292a29be5dfef847.php 第 93 行.
INFO: Run Behavior\ParseTemplateBehavior [ RunTime:0.031200s ]
INFO: [ view_parse ] --END-- [ RunTime:0.031200s ]
INFO: [ view_filter ] --START--
INFO: Run Behavior\WriteHtmlCacheBehavior [ RunTime:0.000000s ]
INFO: [ view_filter ] --END-- [ RunTime:0.000000s ]
INFO: [ app_end ] --START--
INFO: Run Behavior\ShowPageTraceBehavior [ RunTime:0.000000s ]
INFO: [ app_end ] --END-- [ RunTime:0.015600s ]

[ 2018-06-09T00:26:58+08:00 ] 127.0.0.1 /shop/tp/index.php/Home/Order/get_region
INFO: [ app_init ] --START--
INFO: Run Behavior\BuildLiteBehavior [ RunTime:0.000000s ]
INFO: [ app_init ] --END-- [ RunTime:0.000000s ]
INFO: [ app_begin ] --START--
INFO: Run Behavior\ReadHtmlCacheBehavior [ RunTime:0.000000s ]
INFO: [ app_begin ] --END-- [ RunTime:0.000000s ]
NOTIC: [8] Use of undefined constant CONTROILLER_NAME - assumed 'CONTROILLER_NAME' D:\wamp64\www\no.4\shop\tp\application\Home\Controller\CommonController.class.php 第 16 行.
SQL: SHOW COLUMNS FROM `cart` [ RunTime:0.0000s ]
SQL: SELECT * FROM `cart` WHERE ( user_id = '1' )  [ RunTime:0.0000s ]
NOTIC: [8] Undefined variable: count D:\wamp64\www\no.4\shop\tp\application\Home\Controller\CommonController.class.php 第 29 行.
SQL: SHOW COLUMNS FROM `region` [ RunTime:0.0000s ]
SQL: SELECT * FROM `region` WHERE ( parent_id = '1'  )  [ RunTime:0.0000s ]

