[ 2018-06-11T15:16:31+08:00 ] ::1 /no.4/shop/tp/Home
INFO: [ app_init ] --START--
INFO: Run Behavior\BuildLiteBehavior [ RunTime:0.000000s ]
INFO: [ app_init ] --END-- [ RunTime:0.000000s ]
INFO: [ app_begin ] --START--
INFO: Run Behavior\ReadHtmlCacheBehavior [ RunTime:0.000000s ]
INFO: [ app_begin ] --END-- [ RunTime:0.000000s ]
NOTIC: [8] Use of undefined constant CONTROILLER_NAME - assumed 'CONTROILLER_NAME' D:\wamp64\www\no.4\shop\tp\application\Home\Controller\CommonController.class.php 第 16 行.
SQL: SHOW COLUMNS FROM `category` [ RunTime:0.0000s ]
SQL: SELECT * FROM `category` WHERE ( is_show = 1 and is_nav = 1 )  [ RunTime:0.0000s ]
ERR: 1146:Table 'shop.goods' doesn't exist
 [ SQL语句 ] : SELECT * FROM `category` INNER JOIN goods on category.cate_id = goods.cate_id  
ERR: 1146:Table 'shop.goods' doesn't exist
 [ SQL语句 ] : SELECT * FROM `category` INNER JOIN goods on category.cate_id = goods.cate_id  

[ 2018-06-11T15:30:12+08:00 ] ::1 /no.4/shop/tp/index.php/Home
INFO: [ app_init ] --START--
INFO: Run Behavior\BuildLiteBehavior [ RunTime:0.000000s ]
INFO: [ app_init ] --END-- [ RunTime:0.000000s ]
INFO: [ app_begin ] --START--
INFO: Run Behavior\ReadHtmlCacheBehavior [ RunTime:0.000000s ]
INFO: [ app_begin ] --END-- [ RunTime:0.001000s ]
NOTIC: [8] Use of undefined constant CONTROILLER_NAME - assumed 'CONTROILLER_NAME' D:\wamp64\www\no.4\shop\tp\application\Home\Controller\CommonController.class.php 第 16 行.
SQL: SHOW COLUMNS FROM `category` [ RunTime:0.0010s ]
SQL: SELECT * FROM `category` WHERE ( is_show = 1 and is_nav = 1 )  [ RunTime:0.0000s ]
ERR: 1054:Unknown column 'goods.cate_id' in 'on clause'
 [ SQL语句 ] : SELECT * FROM `category` INNER JOIN goods on category.cate_id = goods.cate_id  
ERR: 1054:Unknown column 'goods.cate_id' in 'on clause'
 [ SQL语句 ] : SELECT * FROM `category` INNER JOIN goods on category.cate_id = goods.cate_id  

[ 2018-06-11T15:31:51+08:00 ] ::1 /no.4/shop/tp/Home
INFO: [ app_init ] --START--
INFO: Run Behavior\BuildLiteBehavior [ RunTime:0.000000s ]
INFO: [ app_init ] --END-- [ RunTime:0.000000s ]
INFO: [ app_begin ] --START--
INFO: Run Behavior\ReadHtmlCacheBehavior [ RunTime:0.001000s ]
INFO: [ app_begin ] --END-- [ RunTime:0.001000s ]
NOTIC: [8] Use of undefined constant CONTROILLER_NAME - assumed 'CONTROILLER_NAME' D:\wamp64\www\no.4\shop\tp\application\Home\Controller\CommonController.class.php 第 16 行.
SQL: SHOW COLUMNS FROM `category` [ RunTime:0.0010s ]
SQL: SELECT * FROM `category` WHERE ( is_show = 1 and is_nav = 1 )  [ RunTime:0.0000s ]
SQL: SELECT * FROM `category` INNER JOIN goods on category.cate_id = goods.cate_id   [ RunTime:0.0000s ]
INFO: [ view_parse ] --START--
INFO: [ template_filter ] --START--
INFO: Run Behavior\ContentReplaceBehavior [ RunTime:0.000000s ]
INFO: [ template_filter ] --END-- [ RunTime:0.001000s ]
NOTIC: [8] Undefined index: user D:\wamp64\www\no.4\shop\tp\application\Runtime\Cache\Home\857cb80a7adc4d7e94f6a53f7fcbfd38.php 第 220 行.
NOTIC: [8] Undefined index: user D:\wamp64\www\no.4\shop\tp\application\Runtime\Cache\Home\857cb80a7adc4d7e94f6a53f7fcbfd38.php 第 787 行.
NOTIC: [8] Undefined index: user D:\wamp64\www\no.4\shop\tp\application\Runtime\Cache\Home\857cb80a7adc4d7e94f6a53f7fcbfd38.php 第 800 行.
INFO: Run Behavior\ParseTemplateBehavior [ RunTime:0.028001s ]
INFO: [ view_parse ] --END-- [ RunTime:0.028001s ]
INFO: [ view_filter ] --START--
INFO: Run Behavior\WriteHtmlCacheBehavior [ RunTime:0.000000s ]
INFO: [ view_filter ] --END-- [ RunTime:0.000000s ]
INFO: [ app_end ] --START--
INFO: Run Behavior\ShowPageTraceBehavior [ RunTime:0.000000s ]
INFO: [ app_end ] --END-- [ RunTime:0.000000s ]

