[ 2018-06-19T16:11:46+08:00 ] ::1 /no.4/shop/tp/Home/
INFO: [ app_init ] --START--
INFO: Run Behavior\BuildLiteBehavior [ RunTime:0.000000s ]
INFO: [ app_init ] --END-- [ RunTime:0.001000s ]
INFO: [ app_begin ] --START--
INFO: Run Behavior\ReadHtmlCacheBehavior [ RunTime:0.001000s ]
INFO: [ app_begin ] --END-- [ RunTime:0.001000s ]
NOTIC: [8] Use of undefined constant CONTROILLER_NAME - assumed 'CONTROILLER_NAME' F:\wamp64\www\no.4\shop\tp\application\Home\Controller\CommonController.class.php 第 16 行.
SQL: SHOW COLUMNS FROM `category` [ RunTime:0.0250s ]
SQL: SELECT * FROM `category` WHERE ( is_show = 1 and is_nav = 1 )  [ RunTime:0.0010s ]
SQL: SELECT * FROM `category` INNER JOIN goods on category.cate_id = goods.cate_id   [ RunTime:0.0100s ]
INFO: [ view_parse ] --START--
INFO: [ template_filter ] --START--
INFO: Run Behavior\ContentReplaceBehavior [ RunTime:0.001000s ]
INFO: [ template_filter ] --END-- [ RunTime:0.001000s ]
NOTIC: [8] Undefined index: user F:\wamp64\www\no.4\shop\tp\application\Runtime\Cache\Home\857cb80a7adc4d7e94f6a53f7fcbfd38.php 第 220 行.
NOTIC: [8] Undefined index: user F:\wamp64\www\no.4\shop\tp\application\Runtime\Cache\Home\857cb80a7adc4d7e94f6a53f7fcbfd38.php 第 787 行.
NOTIC: [8] Undefined index: user F:\wamp64\www\no.4\shop\tp\application\Runtime\Cache\Home\857cb80a7adc4d7e94f6a53f7fcbfd38.php 第 800 行.
INFO: Run Behavior\ParseTemplateBehavior [ RunTime:0.046003s ]
INFO: [ view_parse ] --END-- [ RunTime:0.046003s ]
INFO: [ view_filter ] --START--
INFO: Run Behavior\WriteHtmlCacheBehavior [ RunTime:0.000000s ]
INFO: [ view_filter ] --END-- [ RunTime:0.001000s ]
INFO: [ app_end ] --START--
INFO: Run Behavior\ShowPageTraceBehavior [ RunTime:0.000000s ]
INFO: [ app_end ] --END-- [ RunTime:0.002000s ]

[ 2018-06-19T16:11:46+08:00 ] ::1 /no.4/shop/tp/Home/basic/js/quick_links.js
INFO: [ app_init ] --START--
INFO: Run Behavior\BuildLiteBehavior [ RunTime:0.000000s ]
INFO: [ app_init ] --END-- [ RunTime:0.001000s ]
INFO: [ app_begin ] --START--
INFO: Run Behavior\ReadHtmlCacheBehavior [ RunTime:0.001000s ]
INFO: [ app_begin ] --END-- [ RunTime:0.001000s ]
ERR: 无法加载控制器:Basic

