[ 2018-08-19T21:13:52+08:00 ] 127.0.0.1 /shop/tp/Home
INFO: [ app_init ] --START--
INFO: Run Behavior\BuildLiteBehavior [ RunTime:0.001000s ]
INFO: [ app_init ] --END-- [ RunTime:0.001000s ]
INFO: [ app_begin ] --START--
INFO: Run Behavior\ReadHtmlCacheBehavior [ RunTime:0.000000s ]
INFO: [ app_begin ] --END-- [ RunTime:0.001000s ]
NOTIC: [8] Use of undefined constant CONTROILLER_NAME - assumed 'CONTROILLER_NAME' F:\wamp64\www\no.4\shop\tp\application\Home\Controller\CommonController.class.php 第 16 行.
SQL: SHOW COLUMNS FROM `category` [ RunTime:0.0140s ]
SQL: SELECT * FROM `category` WHERE ( is_show = 1 and is_nav = 1 )  [ RunTime:0.0000s ]
SQL: SELECT * FROM `category` INNER JOIN goods on category.cate_id = goods.cate_id   [ RunTime:0.0410s ]
INFO: [ view_parse ] --START--
INFO: [ template_filter ] --START--
INFO: Run Behavior\ContentReplaceBehavior [ RunTime:0.000000s ]
INFO: [ template_filter ] --END-- [ RunTime:0.000000s ]
NOTIC: [8] Undefined index: user F:\wamp64\www\no.4\shop\tp\application\Runtime\Cache\Home\857cb80a7adc4d7e94f6a53f7fcbfd38.php 第 220 行.
NOTIC: [8] Undefined index: user F:\wamp64\www\no.4\shop\tp\application\Runtime\Cache\Home\857cb80a7adc4d7e94f6a53f7fcbfd38.php 第 787 行.
NOTIC: [8] Undefined index: user F:\wamp64\www\no.4\shop\tp\application\Runtime\Cache\Home\857cb80a7adc4d7e94f6a53f7fcbfd38.php 第 800 行.
INFO: Run Behavior\ParseTemplateBehavior [ RunTime:0.069004s ]
INFO: [ view_parse ] --END-- [ RunTime:0.070004s ]
INFO: [ view_filter ] --START--
INFO: Run Behavior\WriteHtmlCacheBehavior [ RunTime:0.000000s ]
INFO: [ view_filter ] --END-- [ RunTime:0.001000s ]
INFO: [ app_end ] --START--
INFO: Run Behavior\ShowPageTraceBehavior [ RunTime:0.001000s ]
INFO: [ app_end ] --END-- [ RunTime:0.001000s ]

[ 2018-08-19T21:14:09+08:00 ] 127.0.0.1 /shop/tp/index.php/Home/Goods/goods_info/goods_id/5.html
INFO: [ app_init ] --START--
INFO: Run Behavior\BuildLiteBehavior [ RunTime:0.000000s ]
INFO: [ app_init ] --END-- [ RunTime:0.000000s ]
INFO: [ app_begin ] --START--
INFO: Run Behavior\ReadHtmlCacheBehavior [ RunTime:0.001000s ]
INFO: [ app_begin ] --END-- [ RunTime:0.002000s ]
NOTIC: [8] Use of undefined constant CONTROILLER_NAME - assumed 'CONTROILLER_NAME' F:\wamp64\www\no.4\shop\tp\application\Home\Controller\CommonController.class.php 第 16 行.
SQL: SHOW COLUMNS FROM `goods` [ RunTime:0.0030s ]
SQL: SELECT * FROM `goods` WHERE ( goods_id = '5' ) LIMIT 1   [ RunTime:0.0010s ]
SQL: SHOW COLUMNS FROM `goods_attr` [ RunTime:0.0340s ]
SQL: SELECT * FROM `goods_attr` INNER JOIN attribute on goods_attr.attr_id=attribute.attr_id  WHERE ( goods_attr.goods_id ='5' )  [ RunTime:0.0150s ]
SQL: SHOW COLUMNS FROM `goods_gallery` [ RunTime:0.0110s ]
SQL: SELECT * FROM `goods_gallery` WHERE ( goods_id = '5' )  [ RunTime:0.0000s ]
INFO: [ view_parse ] --START--
INFO: [ template_filter ] --START--
INFO: Run Behavior\ContentReplaceBehavior [ RunTime:0.001000s ]
INFO: [ template_filter ] --END-- [ RunTime:0.001000s ]
NOTIC: [8] Undefined variable: category F:\wamp64\www\no.4\shop\tp\application\Runtime\Cache\Home\375ed1816059603326d80e06b71bb1ed.php 第 93 行.
NOTIC: [8] Undefined index: user F:\wamp64\www\no.4\shop\tp\application\Runtime\Cache\Home\375ed1816059603326d80e06b71bb1ed.php 第 1285 行.
NOTIC: [8] Undefined index: user F:\wamp64\www\no.4\shop\tp\application\Runtime\Cache\Home\375ed1816059603326d80e06b71bb1ed.php 第 1298 行.
INFO: Run Behavior\ParseTemplateBehavior [ RunTime:0.062004s ]
INFO: [ view_parse ] --END-- [ RunTime:0.062004s ]
INFO: [ view_filter ] --START--
INFO: Run Behavior\WriteHtmlCacheBehavior [ RunTime:0.001000s ]
INFO: [ view_filter ] --END-- [ RunTime:0.001000s ]
INFO: [ app_end ] --START--
INFO: Run Behavior\ShowPageTraceBehavior [ RunTime:0.004000s ]
INFO: [ app_end ] --END-- [ RunTime:0.004000s ]

[ 2018-08-19T21:14:12+08:00 ] 127.0.0.1 /shop/tp/index.php/Home/Goods/get_sku
INFO: [ app_init ] --START--
INFO: Run Behavior\BuildLiteBehavior [ RunTime:0.000000s ]
INFO: [ app_init ] --END-- [ RunTime:0.000000s ]
INFO: [ app_begin ] --START--
INFO: Run Behavior\ReadHtmlCacheBehavior [ RunTime:0.001000s ]
INFO: [ app_begin ] --END-- [ RunTime:0.001000s ]
NOTIC: [8] Use of undefined constant CONTROILLER_NAME - assumed 'CONTROILLER_NAME' F:\wamp64\www\no.4\shop\tp\application\Home\Controller\CommonController.class.php 第 16 行.
SQL: SHOW COLUMNS FROM `products` [ RunTime:0.0710s ]
SQL: SELECT * FROM `products` WHERE ( attr_list ='' ) LIMIT 1   [ RunTime:0.0000s ]

[ 2018-08-19T21:14:12+08:00 ] 127.0.0.1 /shop/tp/index.php/Home/Goods/get_sku
INFO: [ app_init ] --START--
INFO: Run Behavior\BuildLiteBehavior [ RunTime:0.000000s ]
INFO: [ app_init ] --END-- [ RunTime:0.000000s ]
INFO: [ app_begin ] --START--
INFO: Run Behavior\ReadHtmlCacheBehavior [ RunTime:0.001000s ]
INFO: [ app_begin ] --END-- [ RunTime:0.001000s ]
NOTIC: [8] Use of undefined constant CONTROILLER_NAME - assumed 'CONTROILLER_NAME' F:\wamp64\www\no.4\shop\tp\application\Home\Controller\CommonController.class.php 第 16 行.
SQL: SHOW COLUMNS FROM `products` [ RunTime:0.0010s ]
SQL: SELECT * FROM `products` WHERE ( attr_list ='' ) LIMIT 1   [ RunTime:0.0010s ]

[ 2018-08-19T21:14:16+08:00 ] 127.0.0.1 /shop/tp/index.php/Home/Goods/goods_info/goods_id/1.html
INFO: [ app_init ] --START--
INFO: Run Behavior\BuildLiteBehavior [ RunTime:0.000000s ]
INFO: [ app_init ] --END-- [ RunTime:0.001000s ]
INFO: [ app_begin ] --START--
INFO: Run Behavior\ReadHtmlCacheBehavior [ RunTime:0.001000s ]
INFO: [ app_begin ] --END-- [ RunTime:0.001000s ]
NOTIC: [8] Use of undefined constant CONTROILLER_NAME - assumed 'CONTROILLER_NAME' F:\wamp64\www\no.4\shop\tp\application\Home\Controller\CommonController.class.php 第 16 行.
SQL: SHOW COLUMNS FROM `goods` [ RunTime:0.0020s ]
SQL: SELECT * FROM `goods` WHERE ( goods_id = '1' ) LIMIT 1   [ RunTime:0.0010s ]
SQL: SHOW COLUMNS FROM `goods_attr` [ RunTime:0.0010s ]
SQL: SELECT * FROM `goods_attr` INNER JOIN attribute on goods_attr.attr_id=attribute.attr_id  WHERE ( goods_attr.goods_id ='1' )  [ RunTime:0.0010s ]
SQL: SHOW COLUMNS FROM `goods_gallery` [ RunTime:0.0010s ]
SQL: SELECT * FROM `goods_gallery` WHERE ( goods_id = '1' )  [ RunTime:0.0000s ]
INFO: [ view_parse ] --START--
INFO: [ template_filter ] --START--
INFO: Run Behavior\ContentReplaceBehavior [ RunTime:0.001000s ]
INFO: [ template_filter ] --END-- [ RunTime:0.001000s ]
NOTIC: [8] Undefined variable: category F:\wamp64\www\no.4\shop\tp\application\Runtime\Cache\Home\375ed1816059603326d80e06b71bb1ed.php 第 93 行.
NOTIC: [8] Undefined index: user F:\wamp64\www\no.4\shop\tp\application\Runtime\Cache\Home\375ed1816059603326d80e06b71bb1ed.php 第 1285 行.
NOTIC: [8] Undefined index: user F:\wamp64\www\no.4\shop\tp\application\Runtime\Cache\Home\375ed1816059603326d80e06b71bb1ed.php 第 1298 行.
INFO: Run Behavior\ParseTemplateBehavior [ RunTime:0.035002s ]
INFO: [ view_parse ] --END-- [ RunTime:0.035002s ]
INFO: [ view_filter ] --START--
INFO: Run Behavior\WriteHtmlCacheBehavior [ RunTime:0.001000s ]
INFO: [ view_filter ] --END-- [ RunTime:0.001000s ]
INFO: [ app_end ] --START--
INFO: Run Behavior\ShowPageTraceBehavior [ RunTime:0.002000s ]
INFO: [ app_end ] --END-- [ RunTime:0.002000s ]

[ 2018-08-19T21:14:19+08:00 ] 127.0.0.1 /shop/tp/index.php/Home/Goods/get_sku
INFO: [ app_init ] --START--
INFO: Run Behavior\BuildLiteBehavior [ RunTime:0.000000s ]
INFO: [ app_init ] --END-- [ RunTime:0.001000s ]
INFO: [ app_begin ] --START--
INFO: Run Behavior\ReadHtmlCacheBehavior [ RunTime:0.000000s ]
INFO: [ app_begin ] --END-- [ RunTime:0.001000s ]
NOTIC: [8] Use of undefined constant CONTROILLER_NAME - assumed 'CONTROILLER_NAME' F:\wamp64\www\no.4\shop\tp\application\Home\Controller\CommonController.class.php 第 16 行.
SQL: SHOW COLUMNS FROM `products` [ RunTime:0.0010s ]
SQL: SELECT * FROM `products` WHERE ( attr_list ='1,4' ) LIMIT 1   [ RunTime:0.0010s ]

[ 2018-08-19T21:14:21+08:00 ] 127.0.0.1 /shop/tp/index.php/Home/Goods/get_sku
INFO: [ app_init ] --START--
INFO: Run Behavior\BuildLiteBehavior [ RunTime:0.000000s ]
INFO: [ app_init ] --END-- [ RunTime:0.000000s ]
INFO: [ app_begin ] --START--
INFO: Run Behavior\ReadHtmlCacheBehavior [ RunTime:0.001001s ]
INFO: [ app_begin ] --END-- [ RunTime:0.001001s ]
NOTIC: [8] Use of undefined constant CONTROILLER_NAME - assumed 'CONTROILLER_NAME' F:\wamp64\www\no.4\shop\tp\application\Home\Controller\CommonController.class.php 第 16 行.
SQL: SHOW COLUMNS FROM `products` [ RunTime:0.0010s ]
SQL: SELECT * FROM `products` WHERE ( attr_list ='2,5' ) LIMIT 1   [ RunTime:0.0010s ]

[ 2018-08-19T21:14:22+08:00 ] 127.0.0.1 /shop/tp/index.php/Home/Goods/get_sku
INFO: [ app_init ] --START--
INFO: Run Behavior\BuildLiteBehavior [ RunTime:0.000000s ]
INFO: [ app_init ] --END-- [ RunTime:0.001000s ]
INFO: [ app_begin ] --START--
INFO: Run Behavior\ReadHtmlCacheBehavior [ RunTime:0.000000s ]
INFO: [ app_begin ] --END-- [ RunTime:0.001000s ]
NOTIC: [8] Use of undefined constant CONTROILLER_NAME - assumed 'CONTROILLER_NAME' F:\wamp64\www\no.4\shop\tp\application\Home\Controller\CommonController.class.php 第 16 行.
SQL: SHOW COLUMNS FROM `products` [ RunTime:0.0010s ]
SQL: SELECT * FROM `products` WHERE ( attr_list ='2,5' ) LIMIT 1   [ RunTime:0.0000s ]

[ 2018-08-19T21:14:23+08:00 ] 127.0.0.1 /shop/tp/index.php/Home/Goods/get_sku
INFO: [ app_init ] --START--
INFO: Run Behavior\BuildLiteBehavior [ RunTime:0.000000s ]
INFO: [ app_init ] --END-- [ RunTime:0.001000s ]
INFO: [ app_begin ] --START--
INFO: Run Behavior\ReadHtmlCacheBehavior [ RunTime:0.001000s ]
INFO: [ app_begin ] --END-- [ RunTime:0.002000s ]
NOTIC: [8] Use of undefined constant CONTROILLER_NAME - assumed 'CONTROILLER_NAME' F:\wamp64\www\no.4\shop\tp\application\Home\Controller\CommonController.class.php 第 16 行.
SQL: SHOW COLUMNS FROM `products` [ RunTime:0.0000s ]
SQL: SELECT * FROM `products` WHERE ( attr_list ='2,5' ) LIMIT 1   [ RunTime:0.0010s ]

[ 2018-08-19T21:14:24+08:00 ] 127.0.0.1 /shop/tp/index.php/Home/Goods/get_sku
INFO: [ app_init ] --START--
INFO: Run Behavior\BuildLiteBehavior [ RunTime:0.000000s ]
INFO: [ app_init ] --END-- [ RunTime:0.001000s ]
INFO: [ app_begin ] --START--
INFO: Run Behavior\ReadHtmlCacheBehavior [ RunTime:0.001000s ]
INFO: [ app_begin ] --END-- [ RunTime:0.001000s ]
NOTIC: [8] Use of undefined constant CONTROILLER_NAME - assumed 'CONTROILLER_NAME' F:\wamp64\www\no.4\shop\tp\application\Home\Controller\CommonController.class.php 第 16 行.
SQL: SHOW COLUMNS FROM `products` [ RunTime:0.0010s ]
SQL: SELECT * FROM `products` WHERE ( attr_list ='2,5' ) LIMIT 1   [ RunTime:0.0010s ]

[ 2018-08-19T21:14:24+08:00 ] 127.0.0.1 /shop/tp/index.php/Home/Goods/get_sku
INFO: [ app_init ] --START--
INFO: Run Behavior\BuildLiteBehavior [ RunTime:0.000000s ]
INFO: [ app_init ] --END-- [ RunTime:0.001000s ]
INFO: [ app_begin ] --START--
INFO: Run Behavior\ReadHtmlCacheBehavior [ RunTime:0.001000s ]
INFO: [ app_begin ] --END-- [ RunTime:0.001000s ]
NOTIC: [8] Use of undefined constant CONTROILLER_NAME - assumed 'CONTROILLER_NAME' F:\wamp64\www\no.4\shop\tp\application\Home\Controller\CommonController.class.php 第 16 行.
SQL: SHOW COLUMNS FROM `products` [ RunTime:0.0010s ]
SQL: SELECT * FROM `products` WHERE ( attr_list ='2,5' ) LIMIT 1   [ RunTime:0.0010s ]

[ 2018-08-19T21:14:25+08:00 ] 127.0.0.1 /shop/tp/index.php/Home/Goods/get_sku
INFO: [ app_init ] --START--
INFO: Run Behavior\BuildLiteBehavior [ RunTime:0.000000s ]
INFO: [ app_init ] --END-- [ RunTime:0.001000s ]
INFO: [ app_begin ] --START--
INFO: Run Behavior\ReadHtmlCacheBehavior [ RunTime:0.001000s ]
INFO: [ app_begin ] --END-- [ RunTime:0.001000s ]
NOTIC: [8] Use of undefined constant CONTROILLER_NAME - assumed 'CONTROILLER_NAME' F:\wamp64\www\no.4\shop\tp\application\Home\Controller\CommonController.class.php 第 16 行.
SQL: SHOW COLUMNS FROM `products` [ RunTime:0.0000s ]
SQL: SELECT * FROM `products` WHERE ( attr_list ='2,5' ) LIMIT 1   [ RunTime:0.0000s ]

[ 2018-08-19T21:14:25+08:00 ] 127.0.0.1 /shop/tp/index.php/Home/Goods/get_sku
INFO: [ app_init ] --START--
INFO: Run Behavior\BuildLiteBehavior [ RunTime:0.000000s ]
INFO: [ app_init ] --END-- [ RunTime:0.001000s ]
INFO: [ app_begin ] --START--
INFO: Run Behavior\ReadHtmlCacheBehavior [ RunTime:0.001000s ]
INFO: [ app_begin ] --END-- [ RunTime:0.001000s ]
NOTIC: [8] Use of undefined constant CONTROILLER_NAME - assumed 'CONTROILLER_NAME' F:\wamp64\www\no.4\shop\tp\application\Home\Controller\CommonController.class.php 第 16 行.
SQL: SHOW COLUMNS FROM `products` [ RunTime:0.0010s ]
SQL: SELECT * FROM `products` WHERE ( attr_list ='2,5' ) LIMIT 1   [ RunTime:0.0010s ]

[ 2018-08-19T21:14:25+08:00 ] 127.0.0.1 /shop/tp/index.php/Home/Goods/get_sku
INFO: [ app_init ] --START--
INFO: Run Behavior\BuildLiteBehavior [ RunTime:0.000000s ]
INFO: [ app_init ] --END-- [ RunTime:0.001000s ]
INFO: [ app_begin ] --START--
INFO: Run Behavior\ReadHtmlCacheBehavior [ RunTime:0.001000s ]
INFO: [ app_begin ] --END-- [ RunTime:0.001000s ]
NOTIC: [8] Use of undefined constant CONTROILLER_NAME - assumed 'CONTROILLER_NAME' F:\wamp64\www\no.4\shop\tp\application\Home\Controller\CommonController.class.php 第 16 行.
SQL: SHOW COLUMNS FROM `products` [ RunTime:0.0010s ]
SQL: SELECT * FROM `products` WHERE ( attr_list ='2,5' ) LIMIT 1   [ RunTime:0.0000s ]

[ 2018-08-19T21:14:25+08:00 ] 127.0.0.1 /shop/tp/index.php/Home/Goods/get_sku
INFO: [ app_init ] --START--
INFO: Run Behavior\BuildLiteBehavior [ RunTime:0.000000s ]
INFO: [ app_init ] --END-- [ RunTime:0.001001s ]
INFO: [ app_begin ] --START--
INFO: Run Behavior\ReadHtmlCacheBehavior [ RunTime:0.001000s ]
INFO: [ app_begin ] --END-- [ RunTime:0.001000s ]
NOTIC: [8] Use of undefined constant CONTROILLER_NAME - assumed 'CONTROILLER_NAME' F:\wamp64\www\no.4\shop\tp\application\Home\Controller\CommonController.class.php 第 16 行.
SQL: SHOW COLUMNS FROM `products` [ RunTime:0.0000s ]
SQL: SELECT * FROM `products` WHERE ( attr_list ='2,5' ) LIMIT 1   [ RunTime:0.0000s ]

[ 2018-08-19T21:14:25+08:00 ] 127.0.0.1 /shop/tp/index.php/Home/Goods/get_sku
INFO: [ app_init ] --START--
INFO: Run Behavior\BuildLiteBehavior [ RunTime:0.000000s ]
INFO: [ app_init ] --END-- [ RunTime:0.001000s ]
INFO: [ app_begin ] --START--
INFO: Run Behavior\ReadHtmlCacheBehavior [ RunTime:0.001000s ]
INFO: [ app_begin ] --END-- [ RunTime:0.001000s ]
NOTIC: [8] Use of undefined constant CONTROILLER_NAME - assumed 'CONTROILLER_NAME' F:\wamp64\www\no.4\shop\tp\application\Home\Controller\CommonController.class.php 第 16 行.
SQL: SHOW COLUMNS FROM `products` [ RunTime:0.0010s ]
SQL: SELECT * FROM `products` WHERE ( attr_list ='2,5' ) LIMIT 1   [ RunTime:0.0000s ]

[ 2018-08-19T21:14:25+08:00 ] 127.0.0.1 /shop/tp/index.php/Home/Goods/get_sku
INFO: [ app_init ] --START--
INFO: Run Behavior\BuildLiteBehavior [ RunTime:0.000000s ]
INFO: [ app_init ] --END-- [ RunTime:0.001000s ]
INFO: [ app_begin ] --START--
INFO: Run Behavior\ReadHtmlCacheBehavior [ RunTime:0.001000s ]
INFO: [ app_begin ] --END-- [ RunTime:0.001000s ]
NOTIC: [8] Use of undefined constant CONTROILLER_NAME - assumed 'CONTROILLER_NAME' F:\wamp64\www\no.4\shop\tp\application\Home\Controller\CommonController.class.php 第 16 行.
SQL: SHOW COLUMNS FROM `products` [ RunTime:0.0010s ]
SQL: SELECT * FROM `products` WHERE ( attr_list ='2,5' ) LIMIT 1   [ RunTime:0.0000s ]

[ 2018-08-19T21:14:27+08:00 ] 127.0.0.1 /shop/tp/index.php/Home/Goods/get_sku
INFO: [ app_init ] --START--
INFO: Run Behavior\BuildLiteBehavior [ RunTime:0.000000s ]
INFO: [ app_init ] --END-- [ RunTime:0.001000s ]
INFO: [ app_begin ] --START--
INFO: Run Behavior\ReadHtmlCacheBehavior [ RunTime:0.000000s ]
INFO: [ app_begin ] --END-- [ RunTime:0.002001s ]
NOTIC: [8] Use of undefined constant CONTROILLER_NAME - assumed 'CONTROILLER_NAME' F:\wamp64\www\no.4\shop\tp\application\Home\Controller\CommonController.class.php 第 16 行.
SQL: SHOW COLUMNS FROM `products` [ RunTime:0.0010s ]
SQL: SELECT * FROM `products` WHERE ( attr_list ='2,6' ) LIMIT 1   [ RunTime:0.0010s ]

[ 2018-08-19T21:14:28+08:00 ] 127.0.0.1 /shop/tp/index.php/Home/Goods/get_sku
INFO: [ app_init ] --START--
INFO: Run Behavior\BuildLiteBehavior [ RunTime:0.000000s ]
INFO: [ app_init ] --END-- [ RunTime:0.001000s ]
INFO: [ app_begin ] --START--
INFO: Run Behavior\ReadHtmlCacheBehavior [ RunTime:0.001000s ]
INFO: [ app_begin ] --END-- [ RunTime:0.002000s ]
NOTIC: [8] Use of undefined constant CONTROILLER_NAME - assumed 'CONTROILLER_NAME' F:\wamp64\www\no.4\shop\tp\application\Home\Controller\CommonController.class.php 第 16 行.
SQL: SHOW COLUMNS FROM `products` [ RunTime:0.0010s ]
SQL: SELECT * FROM `products` WHERE ( attr_list ='3,6' ) LIMIT 1   [ RunTime:0.0000s ]

[ 2018-08-19T21:14:29+08:00 ] 127.0.0.1 /shop/tp/index.php/Home/Goods/get_sku
INFO: [ app_init ] --START--
INFO: Run Behavior\BuildLiteBehavior [ RunTime:0.000000s ]
INFO: [ app_init ] --END-- [ RunTime:0.001000s ]
INFO: [ app_begin ] --START--
INFO: Run Behavior\ReadHtmlCacheBehavior [ RunTime:0.001000s ]
INFO: [ app_begin ] --END-- [ RunTime:0.002000s ]
NOTIC: [8] Use of undefined constant CONTROILLER_NAME - assumed 'CONTROILLER_NAME' F:\wamp64\www\no.4\shop\tp\application\Home\Controller\CommonController.class.php 第 16 行.
SQL: SHOW COLUMNS FROM `products` [ RunTime:0.0000s ]
SQL: SELECT * FROM `products` WHERE ( attr_list ='2,6' ) LIMIT 1   [ RunTime:0.0000s ]

[ 2018-08-19T21:14:29+08:00 ] 127.0.0.1 /shop/tp/index.php/Home/Goods/get_sku
INFO: [ app_init ] --START--
INFO: Run Behavior\BuildLiteBehavior [ RunTime:0.000000s ]
INFO: [ app_init ] --END-- [ RunTime:0.001001s ]
INFO: [ app_begin ] --START--
INFO: Run Behavior\ReadHtmlCacheBehavior [ RunTime:0.001000s ]
INFO: [ app_begin ] --END-- [ RunTime:0.001000s ]
NOTIC: [8] Use of undefined constant CONTROILLER_NAME - assumed 'CONTROILLER_NAME' F:\wamp64\www\no.4\shop\tp\application\Home\Controller\CommonController.class.php 第 16 行.
SQL: SHOW COLUMNS FROM `products` [ RunTime:0.0010s ]
SQL: SELECT * FROM `products` WHERE ( attr_list ='2,5' ) LIMIT 1   [ RunTime:0.0000s ]

[ 2018-08-19T21:14:30+08:00 ] 127.0.0.1 /shop/tp/index.php/Home/Goods/get_sku
INFO: [ app_init ] --START--
INFO: Run Behavior\BuildLiteBehavior [ RunTime:0.000000s ]
INFO: [ app_init ] --END-- [ RunTime:0.001000s ]
INFO: [ app_begin ] --START--
INFO: Run Behavior\ReadHtmlCacheBehavior [ RunTime:0.001000s ]
INFO: [ app_begin ] --END-- [ RunTime:0.001000s ]
NOTIC: [8] Use of undefined constant CONTROILLER_NAME - assumed 'CONTROILLER_NAME' F:\wamp64\www\no.4\shop\tp\application\Home\Controller\CommonController.class.php 第 16 行.
SQL: SHOW COLUMNS FROM `products` [ RunTime:0.0010s ]
SQL: SELECT * FROM `products` WHERE ( attr_list ='2,5' ) LIMIT 1   [ RunTime:0.0000s ]

[ 2018-08-19T21:14:30+08:00 ] 127.0.0.1 /shop/tp/index.php/Home/Goods/get_sku
INFO: [ app_init ] --START--
INFO: Run Behavior\BuildLiteBehavior [ RunTime:0.000000s ]
INFO: [ app_init ] --END-- [ RunTime:0.001000s ]
INFO: [ app_begin ] --START--
INFO: Run Behavior\ReadHtmlCacheBehavior [ RunTime:0.001000s ]
INFO: [ app_begin ] --END-- [ RunTime:0.001000s ]
NOTIC: [8] Use of undefined constant CONTROILLER_NAME - assumed 'CONTROILLER_NAME' F:\wamp64\www\no.4\shop\tp\application\Home\Controller\CommonController.class.php 第 16 行.
SQL: SHOW COLUMNS FROM `products` [ RunTime:0.0000s ]
SQL: SELECT * FROM `products` WHERE ( attr_list ='2,5' ) LIMIT 1   [ RunTime:0.0000s ]

[ 2018-08-19T21:14:31+08:00 ] 127.0.0.1 /shop/tp/index.php/Home/Goods/get_sku
INFO: [ app_init ] --START--
INFO: Run Behavior\BuildLiteBehavior [ RunTime:0.000000s ]
INFO: [ app_init ] --END-- [ RunTime:0.000000s ]
INFO: [ app_begin ] --START--
INFO: Run Behavior\ReadHtmlCacheBehavior [ RunTime:0.001000s ]
INFO: [ app_begin ] --END-- [ RunTime:0.001000s ]
NOTIC: [8] Use of undefined constant CONTROILLER_NAME - assumed 'CONTROILLER_NAME' F:\wamp64\www\no.4\shop\tp\application\Home\Controller\CommonController.class.php 第 16 行.
SQL: SHOW COLUMNS FROM `products` [ RunTime:0.0010s ]
SQL: SELECT * FROM `products` WHERE ( attr_list ='2,5' ) LIMIT 1   [ RunTime:0.0000s ]

[ 2018-08-19T21:14:31+08:00 ] 127.0.0.1 /shop/tp/index.php/Home/Goods/get_sku
INFO: [ app_init ] --START--
INFO: Run Behavior\BuildLiteBehavior [ RunTime:0.000000s ]
INFO: [ app_init ] --END-- [ RunTime:0.001000s ]
INFO: [ app_begin ] --START--
INFO: Run Behavior\ReadHtmlCacheBehavior [ RunTime:0.001000s ]
INFO: [ app_begin ] --END-- [ RunTime:0.001000s ]
NOTIC: [8] Use of undefined constant CONTROILLER_NAME - assumed 'CONTROILLER_NAME' F:\wamp64\www\no.4\shop\tp\application\Home\Controller\CommonController.class.php 第 16 行.
SQL: SHOW COLUMNS FROM `products` [ RunTime:0.0010s ]
SQL: SELECT * FROM `products` WHERE ( attr_list ='2,5' ) LIMIT 1   [ RunTime:0.0010s ]

[ 2018-08-19T21:14:31+08:00 ] 127.0.0.1 /shop/tp/index.php/Home/Goods/get_sku
INFO: [ app_init ] --START--
INFO: Run Behavior\BuildLiteBehavior [ RunTime:0.000000s ]
INFO: [ app_init ] --END-- [ RunTime:0.001000s ]
INFO: [ app_begin ] --START--
INFO: Run Behavior\ReadHtmlCacheBehavior [ RunTime:0.001000s ]
INFO: [ app_begin ] --END-- [ RunTime:0.001000s ]
NOTIC: [8] Use of undefined constant CONTROILLER_NAME - assumed 'CONTROILLER_NAME' F:\wamp64\www\no.4\shop\tp\application\Home\Controller\CommonController.class.php 第 16 行.
SQL: SHOW COLUMNS FROM `products` [ RunTime:0.0000s ]
SQL: SELECT * FROM `products` WHERE ( attr_list ='2,5' ) LIMIT 1   [ RunTime:0.0000s ]

[ 2018-08-19T21:14:31+08:00 ] 127.0.0.1 /shop/tp/index.php/Home/Goods/get_sku
INFO: [ app_init ] --START--
INFO: Run Behavior\BuildLiteBehavior [ RunTime:0.000000s ]
INFO: [ app_init ] --END-- [ RunTime:0.001000s ]
INFO: [ app_begin ] --START--
INFO: Run Behavior\ReadHtmlCacheBehavior [ RunTime:0.000000s ]
INFO: [ app_begin ] --END-- [ RunTime:0.001000s ]
NOTIC: [8] Use of undefined constant CONTROILLER_NAME - assumed 'CONTROILLER_NAME' F:\wamp64\www\no.4\shop\tp\application\Home\Controller\CommonController.class.php 第 16 行.
SQL: SHOW COLUMNS FROM `products` [ RunTime:0.0000s ]
SQL: SELECT * FROM `products` WHERE ( attr_list ='2,5' ) LIMIT 1   [ RunTime:0.0000s ]

[ 2018-08-19T21:14:32+08:00 ] 127.0.0.1 /shop/tp/index.php/Home/Goods/get_sku
INFO: [ app_init ] --START--
INFO: Run Behavior\BuildLiteBehavior [ RunTime:0.000000s ]
INFO: [ app_init ] --END-- [ RunTime:0.000000s ]
INFO: [ app_begin ] --START--
INFO: Run Behavior\ReadHtmlCacheBehavior [ RunTime:0.001000s ]
INFO: [ app_begin ] --END-- [ RunTime:0.002001s ]
NOTIC: [8] Use of undefined constant CONTROILLER_NAME - assumed 'CONTROILLER_NAME' F:\wamp64\www\no.4\shop\tp\application\Home\Controller\CommonController.class.php 第 16 行.
SQL: SHOW COLUMNS FROM `products` [ RunTime:0.0000s ]
SQL: SELECT * FROM `products` WHERE ( attr_list ='2,5' ) LIMIT 1   [ RunTime:0.0000s ]

[ 2018-08-19T21:14:32+08:00 ] 127.0.0.1 /shop/tp/index.php/Home/Goods/get_sku
INFO: [ app_init ] --START--
INFO: Run Behavior\BuildLiteBehavior [ RunTime:0.000000s ]
INFO: [ app_init ] --END-- [ RunTime:0.001000s ]
INFO: [ app_begin ] --START--
INFO: Run Behavior\ReadHtmlCacheBehavior [ RunTime:0.001000s ]
INFO: [ app_begin ] --END-- [ RunTime:0.001000s ]
NOTIC: [8] Use of undefined constant CONTROILLER_NAME - assumed 'CONTROILLER_NAME' F:\wamp64\www\no.4\shop\tp\application\Home\Controller\CommonController.class.php 第 16 行.
SQL: SHOW COLUMNS FROM `products` [ RunTime:0.0010s ]
SQL: SELECT * FROM `products` WHERE ( attr_list ='2,5' ) LIMIT 1   [ RunTime:0.0010s ]

[ 2018-08-19T21:14:32+08:00 ] 127.0.0.1 /shop/tp/index.php/Home/Goods/get_sku
INFO: [ app_init ] --START--
INFO: Run Behavior\BuildLiteBehavior [ RunTime:0.000000s ]
INFO: [ app_init ] --END-- [ RunTime:0.001000s ]
INFO: [ app_begin ] --START--
INFO: Run Behavior\ReadHtmlCacheBehavior [ RunTime:0.001000s ]
INFO: [ app_begin ] --END-- [ RunTime:0.001000s ]
NOTIC: [8] Use of undefined constant CONTROILLER_NAME - assumed 'CONTROILLER_NAME' F:\wamp64\www\no.4\shop\tp\application\Home\Controller\CommonController.class.php 第 16 行.
SQL: SHOW COLUMNS FROM `products` [ RunTime:0.0010s ]
SQL: SELECT * FROM `products` WHERE ( attr_list ='2,5' ) LIMIT 1   [ RunTime:0.0010s ]

[ 2018-08-19T21:14:32+08:00 ] 127.0.0.1 /shop/tp/index.php/Home/Goods/get_sku
INFO: [ app_init ] --START--
INFO: Run Behavior\BuildLiteBehavior [ RunTime:0.000000s ]
INFO: [ app_init ] --END-- [ RunTime:0.001000s ]
INFO: [ app_begin ] --START--
INFO: Run Behavior\ReadHtmlCacheBehavior [ RunTime:0.001000s ]
INFO: [ app_begin ] --END-- [ RunTime:0.001000s ]
NOTIC: [8] Use of undefined constant CONTROILLER_NAME - assumed 'CONTROILLER_NAME' F:\wamp64\www\no.4\shop\tp\application\Home\Controller\CommonController.class.php 第 16 行.
SQL: SHOW COLUMNS FROM `products` [ RunTime:0.0010s ]
SQL: SELECT * FROM `products` WHERE ( attr_list ='2,5' ) LIMIT 1   [ RunTime:0.0010s ]

[ 2018-08-19T21:14:32+08:00 ] 127.0.0.1 /shop/tp/index.php/Home/Goods/get_sku
INFO: [ app_init ] --START--
INFO: Run Behavior\BuildLiteBehavior [ RunTime:0.000000s ]
INFO: [ app_init ] --END-- [ RunTime:0.001000s ]
INFO: [ app_begin ] --START--
INFO: Run Behavior\ReadHtmlCacheBehavior [ RunTime:0.001000s ]
INFO: [ app_begin ] --END-- [ RunTime:0.001000s ]
NOTIC: [8] Use of undefined constant CONTROILLER_NAME - assumed 'CONTROILLER_NAME' F:\wamp64\www\no.4\shop\tp\application\Home\Controller\CommonController.class.php 第 16 行.
SQL: SHOW COLUMNS FROM `products` [ RunTime:0.0010s ]
SQL: SELECT * FROM `products` WHERE ( attr_list ='2,5' ) LIMIT 1   [ RunTime:0.0010s ]

[ 2018-08-19T21:14:32+08:00 ] 127.0.0.1 /shop/tp/index.php/Home/Goods/get_sku
INFO: [ app_init ] --START--
INFO: Run Behavior\BuildLiteBehavior [ RunTime:0.000000s ]
INFO: [ app_init ] --END-- [ RunTime:0.001000s ]
INFO: [ app_begin ] --START--
INFO: Run Behavior\ReadHtmlCacheBehavior [ RunTime:0.002000s ]
INFO: [ app_begin ] --END-- [ RunTime:0.002000s ]
NOTIC: [8] Use of undefined constant CONTROILLER_NAME - assumed 'CONTROILLER_NAME' F:\wamp64\www\no.4\shop\tp\application\Home\Controller\CommonController.class.php 第 16 行.
SQL: SHOW COLUMNS FROM `products` [ RunTime:0.0010s ]
SQL: SELECT * FROM `products` WHERE ( attr_list ='2,5' ) LIMIT 1   [ RunTime:0.0010s ]

[ 2018-08-19T21:14:33+08:00 ] 127.0.0.1 /shop/tp/index.php/Home/Goods/get_sku
INFO: [ app_init ] --START--
INFO: Run Behavior\BuildLiteBehavior [ RunTime:0.000000s ]
INFO: [ app_init ] --END-- [ RunTime:0.001001s ]
INFO: [ app_begin ] --START--
INFO: Run Behavior\ReadHtmlCacheBehavior [ RunTime:0.001000s ]
INFO: [ app_begin ] --END-- [ RunTime:0.001000s ]
NOTIC: [8] Use of undefined constant CONTROILLER_NAME - assumed 'CONTROILLER_NAME' F:\wamp64\www\no.4\shop\tp\application\Home\Controller\CommonController.class.php 第 16 行.
SQL: SHOW COLUMNS FROM `products` [ RunTime:0.0010s ]
SQL: SELECT * FROM `products` WHERE ( attr_list ='2,5' ) LIMIT 1   [ RunTime:0.0010s ]

[ 2018-08-19T21:14:33+08:00 ] 127.0.0.1 /shop/tp/index.php/Home/Goods/get_sku
INFO: [ app_init ] --START--
INFO: Run Behavior\BuildLiteBehavior [ RunTime:0.000000s ]
INFO: [ app_init ] --END-- [ RunTime:0.000000s ]
INFO: [ app_begin ] --START--
INFO: Run Behavior\ReadHtmlCacheBehavior [ RunTime:0.001000s ]
INFO: [ app_begin ] --END-- [ RunTime:0.001000s ]
NOTIC: [8] Use of undefined constant CONTROILLER_NAME - assumed 'CONTROILLER_NAME' F:\wamp64\www\no.4\shop\tp\application\Home\Controller\CommonController.class.php 第 16 行.
SQL: SHOW COLUMNS FROM `products` [ RunTime:0.0010s ]
SQL: SELECT * FROM `products` WHERE ( attr_list ='2,5' ) LIMIT 1   [ RunTime:0.0010s ]

[ 2018-08-19T21:14:33+08:00 ] 127.0.0.1 /shop/tp/index.php/Home/Goods/get_sku
INFO: [ app_init ] --START--
INFO: Run Behavior\BuildLiteBehavior [ RunTime:0.000000s ]
INFO: [ app_init ] --END-- [ RunTime:0.000000s ]
INFO: [ app_begin ] --START--
INFO: Run Behavior\ReadHtmlCacheBehavior [ RunTime:0.001000s ]
INFO: [ app_begin ] --END-- [ RunTime:0.001000s ]
NOTIC: [8] Use of undefined constant CONTROILLER_NAME - assumed 'CONTROILLER_NAME' F:\wamp64\www\no.4\shop\tp\application\Home\Controller\CommonController.class.php 第 16 行.
SQL: SHOW COLUMNS FROM `products` [ RunTime:0.0010s ]
SQL: SELECT * FROM `products` WHERE ( attr_list ='2,5' ) LIMIT 1   [ RunTime:0.0000s ]

[ 2018-08-19T21:14:33+08:00 ] 127.0.0.1 /shop/tp/index.php/Home/Goods/get_sku
INFO: [ app_init ] --START--
INFO: Run Behavior\BuildLiteBehavior [ RunTime:0.000000s ]
INFO: [ app_init ] --END-- [ RunTime:0.000000s ]
INFO: [ app_begin ] --START--
INFO: Run Behavior\ReadHtmlCacheBehavior [ RunTime:0.001000s ]
INFO: [ app_begin ] --END-- [ RunTime:0.001000s ]
NOTIC: [8] Use of undefined constant CONTROILLER_NAME - assumed 'CONTROILLER_NAME' F:\wamp64\www\no.4\shop\tp\application\Home\Controller\CommonController.class.php 第 16 行.
SQL: SHOW COLUMNS FROM `products` [ RunTime:0.0010s ]
SQL: SELECT * FROM `products` WHERE ( attr_list ='2,5' ) LIMIT 1   [ RunTime:0.0000s ]

[ 2018-08-19T21:14:34+08:00 ] 127.0.0.1 /shop/tp/index.php/Home/Goods/get_sku
INFO: [ app_init ] --START--
INFO: Run Behavior\BuildLiteBehavior [ RunTime:0.000000s ]
INFO: [ app_init ] --END-- [ RunTime:0.001000s ]
INFO: [ app_begin ] --START--
INFO: Run Behavior\ReadHtmlCacheBehavior [ RunTime:0.002000s ]
INFO: [ app_begin ] --END-- [ RunTime:0.002000s ]
NOTIC: [8] Use of undefined constant CONTROILLER_NAME - assumed 'CONTROILLER_NAME' F:\wamp64\www\no.4\shop\tp\application\Home\Controller\CommonController.class.php 第 16 行.
SQL: SHOW COLUMNS FROM `products` [ RunTime:0.0000s ]
SQL: SELECT * FROM `products` WHERE ( attr_list ='2,5' ) LIMIT 1   [ RunTime:0.0000s ]

[ 2018-08-19T21:14:34+08:00 ] 127.0.0.1 /shop/tp/index.php/Home/Goods/get_sku
INFO: [ app_init ] --START--
INFO: Run Behavior\BuildLiteBehavior [ RunTime:0.000000s ]
INFO: [ app_init ] --END-- [ RunTime:0.001000s ]
INFO: [ app_begin ] --START--
INFO: Run Behavior\ReadHtmlCacheBehavior [ RunTime:0.001000s ]
INFO: [ app_begin ] --END-- [ RunTime:0.001000s ]
NOTIC: [8] Use of undefined constant CONTROILLER_NAME - assumed 'CONTROILLER_NAME' F:\wamp64\www\no.4\shop\tp\application\Home\Controller\CommonController.class.php 第 16 行.
SQL: SHOW COLUMNS FROM `products` [ RunTime:0.0000s ]
SQL: SELECT * FROM `products` WHERE ( attr_list ='2,5' ) LIMIT 1   [ RunTime:0.0000s ]

[ 2018-08-19T21:14:34+08:00 ] 127.0.0.1 /shop/tp/index.php/Home/Goods/get_sku
INFO: [ app_init ] --START--
INFO: Run Behavior\BuildLiteBehavior [ RunTime:0.000000s ]
INFO: [ app_init ] --END-- [ RunTime:0.001000s ]
INFO: [ app_begin ] --START--
INFO: Run Behavior\ReadHtmlCacheBehavior [ RunTime:0.001000s ]
INFO: [ app_begin ] --END-- [ RunTime:0.001000s ]
NOTIC: [8] Use of undefined constant CONTROILLER_NAME - assumed 'CONTROILLER_NAME' F:\wamp64\www\no.4\shop\tp\application\Home\Controller\CommonController.class.php 第 16 行.
SQL: SHOW COLUMNS FROM `products` [ RunTime:0.0010s ]
SQL: SELECT * FROM `products` WHERE ( attr_list ='2,5' ) LIMIT 1   [ RunTime:0.0000s ]

[ 2018-08-19T21:14:34+08:00 ] 127.0.0.1 /shop/tp/index.php/Home/Goods/get_sku
INFO: [ app_init ] --START--
INFO: Run Behavior\BuildLiteBehavior [ RunTime:0.000000s ]
INFO: [ app_init ] --END-- [ RunTime:0.001000s ]
INFO: [ app_begin ] --START--
INFO: Run Behavior\ReadHtmlCacheBehavior [ RunTime:0.001000s ]
INFO: [ app_begin ] --END-- [ RunTime:0.001000s ]
NOTIC: [8] Use of undefined constant CONTROILLER_NAME - assumed 'CONTROILLER_NAME' F:\wamp64\www\no.4\shop\tp\application\Home\Controller\CommonController.class.php 第 16 行.
SQL: SHOW COLUMNS FROM `products` [ RunTime:0.0010s ]
SQL: SELECT * FROM `products` WHERE ( attr_list ='2,5' ) LIMIT 1   [ RunTime:0.0000s ]

[ 2018-08-19T21:14:34+08:00 ] 127.0.0.1 /shop/tp/index.php/Home/Goods/get_sku
INFO: [ app_init ] --START--
INFO: Run Behavior\BuildLiteBehavior [ RunTime:0.000000s ]
INFO: [ app_init ] --END-- [ RunTime:0.001000s ]
INFO: [ app_begin ] --START--
INFO: Run Behavior\ReadHtmlCacheBehavior [ RunTime:0.001000s ]
INFO: [ app_begin ] --END-- [ RunTime:0.001000s ]
NOTIC: [8] Use of undefined constant CONTROILLER_NAME - assumed 'CONTROILLER_NAME' F:\wamp64\www\no.4\shop\tp\application\Home\Controller\CommonController.class.php 第 16 行.
SQL: SHOW COLUMNS FROM `products` [ RunTime:0.0000s ]
SQL: SELECT * FROM `products` WHERE ( attr_list ='2,5' ) LIMIT 1   [ RunTime:0.0000s ]

[ 2018-08-19T21:14:34+08:00 ] 127.0.0.1 /shop/tp/index.php/Home/Goods/get_sku
INFO: [ app_init ] --START--
INFO: Run Behavior\BuildLiteBehavior [ RunTime:0.000000s ]
INFO: [ app_init ] --END-- [ RunTime:0.001000s ]
INFO: [ app_begin ] --START--
INFO: Run Behavior\ReadHtmlCacheBehavior [ RunTime:0.001000s ]
INFO: [ app_begin ] --END-- [ RunTime:0.001000s ]
NOTIC: [8] Use of undefined constant CONTROILLER_NAME - assumed 'CONTROILLER_NAME' F:\wamp64\www\no.4\shop\tp\application\Home\Controller\CommonController.class.php 第 16 行.
SQL: SHOW COLUMNS FROM `products` [ RunTime:0.0010s ]
SQL: SELECT * FROM `products` WHERE ( attr_list ='2,5' ) LIMIT 1   [ RunTime:0.0010s ]

[ 2018-08-19T21:14:34+08:00 ] 127.0.0.1 /shop/tp/index.php/Home/Goods/get_sku
INFO: [ app_init ] --START--
INFO: Run Behavior\BuildLiteBehavior [ RunTime:0.000000s ]
INFO: [ app_init ] --END-- [ RunTime:0.001000s ]
INFO: [ app_begin ] --START--
INFO: Run Behavior\ReadHtmlCacheBehavior [ RunTime:0.001000s ]
INFO: [ app_begin ] --END-- [ RunTime:0.001000s ]
NOTIC: [8] Use of undefined constant CONTROILLER_NAME - assumed 'CONTROILLER_NAME' F:\wamp64\www\no.4\shop\tp\application\Home\Controller\CommonController.class.php 第 16 行.
SQL: SHOW COLUMNS FROM `products` [ RunTime:0.0010s ]
SQL: SELECT * FROM `products` WHERE ( attr_list ='2,5' ) LIMIT 1   [ RunTime:0.0000s ]

[ 2018-08-19T21:14:35+08:00 ] 127.0.0.1 /shop/tp/index.php/Home/Goods/get_sku
INFO: [ app_init ] --START--
INFO: Run Behavior\BuildLiteBehavior [ RunTime:0.000000s ]
INFO: [ app_init ] --END-- [ RunTime:0.001000s ]
INFO: [ app_begin ] --START--
INFO: Run Behavior\ReadHtmlCacheBehavior [ RunTime:0.001000s ]
INFO: [ app_begin ] --END-- [ RunTime:0.001000s ]
NOTIC: [8] Use of undefined constant CONTROILLER_NAME - assumed 'CONTROILLER_NAME' F:\wamp64\www\no.4\shop\tp\application\Home\Controller\CommonController.class.php 第 16 行.
SQL: SHOW COLUMNS FROM `products` [ RunTime:0.0010s ]
SQL: SELECT * FROM `products` WHERE ( attr_list ='2,5' ) LIMIT 1   [ RunTime:0.0000s ]

[ 2018-08-19T21:14:35+08:00 ] 127.0.0.1 /shop/tp/index.php/Home/Goods/get_sku
INFO: [ app_init ] --START--
INFO: Run Behavior\BuildLiteBehavior [ RunTime:0.000000s ]
INFO: [ app_init ] --END-- [ RunTime:0.000000s ]
INFO: [ app_begin ] --START--
INFO: Run Behavior\ReadHtmlCacheBehavior [ RunTime:0.001000s ]
INFO: [ app_begin ] --END-- [ RunTime:0.001000s ]
NOTIC: [8] Use of undefined constant CONTROILLER_NAME - assumed 'CONTROILLER_NAME' F:\wamp64\www\no.4\shop\tp\application\Home\Controller\CommonController.class.php 第 16 行.
SQL: SHOW COLUMNS FROM `products` [ RunTime:0.0010s ]
SQL: SELECT * FROM `products` WHERE ( attr_list ='2,5' ) LIMIT 1   [ RunTime:0.0010s ]

[ 2018-08-19T21:14:35+08:00 ] 127.0.0.1 /shop/tp/index.php/Home/Goods/get_sku
INFO: [ app_init ] --START--
INFO: Run Behavior\BuildLiteBehavior [ RunTime:0.000000s ]
INFO: [ app_init ] --END-- [ RunTime:0.001000s ]
INFO: [ app_begin ] --START--
INFO: Run Behavior\ReadHtmlCacheBehavior [ RunTime:0.001000s ]
INFO: [ app_begin ] --END-- [ RunTime:0.002000s ]
NOTIC: [8] Use of undefined constant CONTROILLER_NAME - assumed 'CONTROILLER_NAME' F:\wamp64\www\no.4\shop\tp\application\Home\Controller\CommonController.class.php 第 16 行.
SQL: SHOW COLUMNS FROM `products` [ RunTime:0.0010s ]
SQL: SELECT * FROM `products` WHERE ( attr_list ='2,5' ) LIMIT 1   [ RunTime:0.0000s ]

[ 2018-08-19T21:14:35+08:00 ] 127.0.0.1 /shop/tp/index.php/Home/Goods/get_sku
INFO: [ app_init ] --START--
INFO: Run Behavior\BuildLiteBehavior [ RunTime:0.000000s ]
INFO: [ app_init ] --END-- [ RunTime:0.001000s ]
INFO: [ app_begin ] --START--
INFO: Run Behavior\ReadHtmlCacheBehavior [ RunTime:0.001000s ]
INFO: [ app_begin ] --END-- [ RunTime:0.001000s ]
NOTIC: [8] Use of undefined constant CONTROILLER_NAME - assumed 'CONTROILLER_NAME' F:\wamp64\www\no.4\shop\tp\application\Home\Controller\CommonController.class.php 第 16 行.
SQL: SHOW COLUMNS FROM `products` [ RunTime:0.0010s ]
SQL: SELECT * FROM `products` WHERE ( attr_list ='2,5' ) LIMIT 1   [ RunTime:0.0000s ]

[ 2018-08-19T21:14:35+08:00 ] 127.0.0.1 /shop/tp/index.php/Home/Goods/get_sku
INFO: [ app_init ] --START--
INFO: Run Behavior\BuildLiteBehavior [ RunTime:0.000000s ]
INFO: [ app_init ] --END-- [ RunTime:0.000000s ]
INFO: [ app_begin ] --START--
INFO: Run Behavior\ReadHtmlCacheBehavior [ RunTime:0.001000s ]
INFO: [ app_begin ] --END-- [ RunTime:0.001000s ]
NOTIC: [8] Use of undefined constant CONTROILLER_NAME - assumed 'CONTROILLER_NAME' F:\wamp64\www\no.4\shop\tp\application\Home\Controller\CommonController.class.php 第 16 行.
SQL: SHOW COLUMNS FROM `products` [ RunTime:0.0010s ]
SQL: SELECT * FROM `products` WHERE ( attr_list ='2,5' ) LIMIT 1   [ RunTime:0.0000s ]

[ 2018-08-19T21:14:36+08:00 ] 127.0.0.1 /shop/tp/index.php/Home/Goods/get_sku
INFO: [ app_init ] --START--
INFO: Run Behavior\BuildLiteBehavior [ RunTime:0.000000s ]
INFO: [ app_init ] --END-- [ RunTime:0.000000s ]
INFO: [ app_begin ] --START--
INFO: Run Behavior\ReadHtmlCacheBehavior [ RunTime:0.001000s ]
INFO: [ app_begin ] --END-- [ RunTime:0.002000s ]
NOTIC: [8] Use of undefined constant CONTROILLER_NAME - assumed 'CONTROILLER_NAME' F:\wamp64\www\no.4\shop\tp\application\Home\Controller\CommonController.class.php 第 16 行.
SQL: SHOW COLUMNS FROM `products` [ RunTime:0.0010s ]
SQL: SELECT * FROM `products` WHERE ( attr_list ='2,5' ) LIMIT 1   [ RunTime:0.0000s ]

[ 2018-08-19T21:14:36+08:00 ] 127.0.0.1 /shop/tp/index.php/Home/Goods/get_sku
INFO: [ app_init ] --START--
INFO: Run Behavior\BuildLiteBehavior [ RunTime:0.000000s ]
INFO: [ app_init ] --END-- [ RunTime:0.001000s ]
INFO: [ app_begin ] --START--
INFO: Run Behavior\ReadHtmlCacheBehavior [ RunTime:0.001000s ]
INFO: [ app_begin ] --END-- [ RunTime:0.001000s ]
NOTIC: [8] Use of undefined constant CONTROILLER_NAME - assumed 'CONTROILLER_NAME' F:\wamp64\www\no.4\shop\tp\application\Home\Controller\CommonController.class.php 第 16 行.
SQL: SHOW COLUMNS FROM `products` [ RunTime:0.0010s ]
SQL: SELECT * FROM `products` WHERE ( attr_list ='2,5' ) LIMIT 1   [ RunTime:0.0000s ]

[ 2018-08-19T21:14:36+08:00 ] 127.0.0.1 /shop/tp/index.php/Home/Goods/get_sku
INFO: [ app_init ] --START--
INFO: Run Behavior\BuildLiteBehavior [ RunTime:0.000000s ]
INFO: [ app_init ] --END-- [ RunTime:0.000000s ]
INFO: [ app_begin ] --START--
INFO: Run Behavior\ReadHtmlCacheBehavior [ RunTime:0.001000s ]
INFO: [ app_begin ] --END-- [ RunTime:0.001000s ]
NOTIC: [8] Use of undefined constant CONTROILLER_NAME - assumed 'CONTROILLER_NAME' F:\wamp64\www\no.4\shop\tp\application\Home\Controller\CommonController.class.php 第 16 行.
SQL: SHOW COLUMNS FROM `products` [ RunTime:0.0010s ]
SQL: SELECT * FROM `products` WHERE ( attr_list ='2,5' ) LIMIT 1   [ RunTime:0.0000s ]

[ 2018-08-19T21:14:36+08:00 ] 127.0.0.1 /shop/tp/index.php/Home/Goods/get_sku
INFO: [ app_init ] --START--
INFO: Run Behavior\BuildLiteBehavior [ RunTime:0.000000s ]
INFO: [ app_init ] --END-- [ RunTime:0.000000s ]
INFO: [ app_begin ] --START--
INFO: Run Behavior\ReadHtmlCacheBehavior [ RunTime:0.001000s ]
INFO: [ app_begin ] --END-- [ RunTime:0.001000s ]
NOTIC: [8] Use of undefined constant CONTROILLER_NAME - assumed 'CONTROILLER_NAME' F:\wamp64\www\no.4\shop\tp\application\Home\Controller\CommonController.class.php 第 16 行.
SQL: SHOW COLUMNS FROM `products` [ RunTime:0.0010s ]
SQL: SELECT * FROM `products` WHERE ( attr_list ='2,5' ) LIMIT 1   [ RunTime:0.0000s ]

[ 2018-08-19T21:14:36+08:00 ] 127.0.0.1 /shop/tp/index.php/Home/Goods/get_sku
INFO: [ app_init ] --START--
INFO: Run Behavior\BuildLiteBehavior [ RunTime:0.000000s ]
INFO: [ app_init ] --END-- [ RunTime:0.001000s ]
INFO: [ app_begin ] --START--
INFO: Run Behavior\ReadHtmlCacheBehavior [ RunTime:0.001000s ]
INFO: [ app_begin ] --END-- [ RunTime:0.001000s ]
NOTIC: [8] Use of undefined constant CONTROILLER_NAME - assumed 'CONTROILLER_NAME' F:\wamp64\www\no.4\shop\tp\application\Home\Controller\CommonController.class.php 第 16 行.
SQL: SHOW COLUMNS FROM `products` [ RunTime:0.0010s ]
SQL: SELECT * FROM `products` WHERE ( attr_list ='2,5' ) LIMIT 1   [ RunTime:0.0000s ]

[ 2018-08-19T21:14:39+08:00 ] 127.0.0.1 /shop/tp/index.php/Home/Cart/add_cart.html
INFO: [ app_init ] --START--
INFO: Run Behavior\BuildLiteBehavior [ RunTime:0.000000s ]
INFO: [ app_init ] --END-- [ RunTime:0.000000s ]
INFO: [ app_begin ] --START--
INFO: Run Behavior\ReadHtmlCacheBehavior [ RunTime:0.001000s ]
INFO: [ app_begin ] --END-- [ RunTime:0.001000s ]
NOTIC: [8] Use of undefined constant CONTROILLER_NAME - assumed 'CONTROILLER_NAME' F:\wamp64\www\no.4\shop\tp\application\Home\Controller\CommonController.class.php 第 16 行.
SQL: SHOW COLUMNS FROM `goods` [ RunTime:0.0030s ]
SQL: SELECT * FROM `goods` WHERE ( goods_id='1' ) LIMIT 1   [ RunTime:0.0010s ]
SQL: SHOW COLUMNS FROM `products` [ RunTime:0.0010s ]
SQL: SELECT * FROM `products` WHERE ( attr_list='2,5' ) LIMIT 1   [ RunTime:0.0010s ]
NOTIC: [8] Undefined variable: count F:\wamp64\www\no.4\shop\tp\application\Home\Controller\CartController.class.php 第 95 行.

[ 2018-08-19T21:14:44+08:00 ] 127.0.0.1 /shop/tp/index.php/Home/Goods/get_sku
INFO: [ app_init ] --START--
INFO: Run Behavior\BuildLiteBehavior [ RunTime:0.000000s ]
INFO: [ app_init ] --END-- [ RunTime:0.001000s ]
INFO: [ app_begin ] --START--
INFO: Run Behavior\ReadHtmlCacheBehavior [ RunTime:0.001000s ]
INFO: [ app_begin ] --END-- [ RunTime:0.001000s ]
NOTIC: [8] Use of undefined constant CONTROILLER_NAME - assumed 'CONTROILLER_NAME' F:\wamp64\www\no.4\shop\tp\application\Home\Controller\CommonController.class.php 第 16 行.
SQL: SHOW COLUMNS FROM `products` [ RunTime:0.0000s ]
SQL: SELECT * FROM `products` WHERE ( attr_list ='2,5' ) LIMIT 1   [ RunTime:0.0000s ]

[ 2018-08-19T21:14:44+08:00 ] 127.0.0.1 /shop/tp/index.php/Home/Goods/get_sku
INFO: [ app_init ] --START--
INFO: Run Behavior\BuildLiteBehavior [ RunTime:0.000000s ]
INFO: [ app_init ] --END-- [ RunTime:0.001000s ]
INFO: [ app_begin ] --START--
INFO: Run Behavior\ReadHtmlCacheBehavior [ RunTime:0.001000s ]
INFO: [ app_begin ] --END-- [ RunTime:0.001000s ]
NOTIC: [8] Use of undefined constant CONTROILLER_NAME - assumed 'CONTROILLER_NAME' F:\wamp64\www\no.4\shop\tp\application\Home\Controller\CommonController.class.php 第 16 行.
SQL: SHOW COLUMNS FROM `products` [ RunTime:0.0010s ]
SQL: SELECT * FROM `products` WHERE ( attr_list ='2,5' ) LIMIT 1   [ RunTime:0.0010s ]

[ 2018-08-19T21:14:44+08:00 ] 127.0.0.1 /shop/tp/index.php/Home/Goods/get_sku
INFO: [ app_init ] --START--
INFO: Run Behavior\BuildLiteBehavior [ RunTime:0.000000s ]
INFO: [ app_init ] --END-- [ RunTime:0.001000s ]
INFO: [ app_begin ] --START--
INFO: Run Behavior\ReadHtmlCacheBehavior [ RunTime:0.002000s ]
INFO: [ app_begin ] --END-- [ RunTime:0.002000s ]
NOTIC: [8] Use of undefined constant CONTROILLER_NAME - assumed 'CONTROILLER_NAME' F:\wamp64\www\no.4\shop\tp\application\Home\Controller\CommonController.class.php 第 16 行.
SQL: SHOW COLUMNS FROM `products` [ RunTime:0.0000s ]
SQL: SELECT * FROM `products` WHERE ( attr_list ='2,5' ) LIMIT 1   [ RunTime:0.0010s ]

[ 2018-08-19T21:14:44+08:00 ] 127.0.0.1 /shop/tp/index.php/Home/Goods/get_sku
INFO: [ app_init ] --START--
INFO: Run Behavior\BuildLiteBehavior [ RunTime:0.000000s ]
INFO: [ app_init ] --END-- [ RunTime:0.001000s ]
INFO: [ app_begin ] --START--
INFO: Run Behavior\ReadHtmlCacheBehavior [ RunTime:0.002000s ]
INFO: [ app_begin ] --END-- [ RunTime:0.002000s ]
NOTIC: [8] Use of undefined constant CONTROILLER_NAME - assumed 'CONTROILLER_NAME' F:\wamp64\www\no.4\shop\tp\application\Home\Controller\CommonController.class.php 第 16 行.
SQL: SHOW COLUMNS FROM `products` [ RunTime:0.0010s ]
SQL: SELECT * FROM `products` WHERE ( attr_list ='2,5' ) LIMIT 1   [ RunTime:0.0000s ]

[ 2018-08-19T21:14:45+08:00 ] 127.0.0.1 /shop/tp/index.php/Home/Goods/get_sku
INFO: [ app_init ] --START--
INFO: Run Behavior\BuildLiteBehavior [ RunTime:0.000000s ]
INFO: [ app_init ] --END-- [ RunTime:0.001000s ]
INFO: [ app_begin ] --START--
INFO: Run Behavior\ReadHtmlCacheBehavior [ RunTime:0.001000s ]
INFO: [ app_begin ] --END-- [ RunTime:0.001000s ]
NOTIC: [8] Use of undefined constant CONTROILLER_NAME - assumed 'CONTROILLER_NAME' F:\wamp64\www\no.4\shop\tp\application\Home\Controller\CommonController.class.php 第 16 行.
SQL: SHOW COLUMNS FROM `products` [ RunTime:0.0010s ]
SQL: SELECT * FROM `products` WHERE ( attr_list ='2,5' ) LIMIT 1   [ RunTime:0.0000s ]

[ 2018-08-19T21:14:45+08:00 ] 127.0.0.1 /shop/tp/index.php/Home/Goods/get_sku
INFO: [ app_init ] --START--
INFO: Run Behavior\BuildLiteBehavior [ RunTime:0.000000s ]
INFO: [ app_init ] --END-- [ RunTime:0.000000s ]
INFO: [ app_begin ] --START--
INFO: Run Behavior\ReadHtmlCacheBehavior [ RunTime:0.001000s ]
INFO: [ app_begin ] --END-- [ RunTime:0.002000s ]
NOTIC: [8] Use of undefined constant CONTROILLER_NAME - assumed 'CONTROILLER_NAME' F:\wamp64\www\no.4\shop\tp\application\Home\Controller\CommonController.class.php 第 16 行.
SQL: SHOW COLUMNS FROM `products` [ RunTime:0.0000s ]
SQL: SELECT * FROM `products` WHERE ( attr_list ='2,5' ) LIMIT 1   [ RunTime:0.0000s ]

[ 2018-08-19T21:14:45+08:00 ] 127.0.0.1 /shop/tp/index.php/Home/Goods/get_sku
INFO: [ app_init ] --START--
INFO: Run Behavior\BuildLiteBehavior [ RunTime:0.000000s ]
INFO: [ app_init ] --END-- [ RunTime:0.000000s ]
INFO: [ app_begin ] --START--
INFO: Run Behavior\ReadHtmlCacheBehavior [ RunTime:0.001000s ]
INFO: [ app_begin ] --END-- [ RunTime:0.002000s ]
NOTIC: [8] Use of undefined constant CONTROILLER_NAME - assumed 'CONTROILLER_NAME' F:\wamp64\www\no.4\shop\tp\application\Home\Controller\CommonController.class.php 第 16 行.
SQL: SHOW COLUMNS FROM `products` [ RunTime:0.0010s ]
SQL: SELECT * FROM `products` WHERE ( attr_list ='2,5' ) LIMIT 1   [ RunTime:0.0000s ]

[ 2018-08-19T21:14:45+08:00 ] 127.0.0.1 /shop/tp/index.php/Home/Goods/get_sku
INFO: [ app_init ] --START--
INFO: Run Behavior\BuildLiteBehavior [ RunTime:0.001000s ]
INFO: [ app_init ] --END-- [ RunTime:0.001000s ]
INFO: [ app_begin ] --START--
INFO: Run Behavior\ReadHtmlCacheBehavior [ RunTime:0.001000s ]
INFO: [ app_begin ] --END-- [ RunTime:0.001000s ]
NOTIC: [8] Use of undefined constant CONTROILLER_NAME - assumed 'CONTROILLER_NAME' F:\wamp64\www\no.4\shop\tp\application\Home\Controller\CommonController.class.php 第 16 行.
SQL: SHOW COLUMNS FROM `products` [ RunTime:0.0000s ]
SQL: SELECT * FROM `products` WHERE ( attr_list ='2,5' ) LIMIT 1   [ RunTime:0.0010s ]

[ 2018-08-19T21:14:47+08:00 ] 127.0.0.1 /shop/tp/index.php/Home/Cart/cart_list.html
INFO: [ app_init ] --START--
INFO: Run Behavior\BuildLiteBehavior [ RunTime:0.000000s ]
INFO: [ app_init ] --END-- [ RunTime:0.000000s ]
INFO: [ app_begin ] --START--
INFO: Run Behavior\ReadHtmlCacheBehavior [ RunTime:0.001000s ]
INFO: [ app_begin ] --END-- [ RunTime:0.001000s ]
NOTIC: [8] Use of undefined constant CONTROILLER_NAME - assumed 'CONTROILLER_NAME' F:\wamp64\www\no.4\shop\tp\application\Home\Controller\CommonController.class.php 第 16 行.
INFO: [ view_parse ] --START--
INFO: [ template_filter ] --START--
INFO: Run Behavior\ContentReplaceBehavior [ RunTime:0.000000s ]
INFO: [ template_filter ] --END-- [ RunTime:0.000000s ]
INFO: Run Behavior\ParseTemplateBehavior [ RunTime:0.016001s ]
INFO: [ view_parse ] --END-- [ RunTime:0.016001s ]
INFO: [ view_filter ] --START--
INFO: Run Behavior\WriteHtmlCacheBehavior [ RunTime:0.000000s ]
INFO: [ view_filter ] --END-- [ RunTime:0.000000s ]
SQL: SHOW COLUMNS FROM `cart` [ RunTime:0.0400s ]
SQL: SELECT * FROM `cart` WHERE ( user_id = '' )  [ RunTime:0.0010s ]
NOTIC: [8] Undefined variable: t_price F:\wamp64\www\no.4\shop\tp\application\Home\Controller\CartController.class.php 第 145 行.
NOTIC: [8] Undefined variable: t_num F:\wamp64\www\no.4\shop\tp\application\Home\Controller\CartController.class.php 第 146 行.
INFO: [ view_parse ] --START--
INFO: [ template_filter ] --START--
INFO: Run Behavior\ContentReplaceBehavior [ RunTime:0.000000s ]
INFO: [ template_filter ] --END-- [ RunTime:-0.084005s ]
NOTIC: [8] Undefined variable: category F:\wamp64\www\no.4\shop\tp\application\Runtime\Cache\Home\7d74ac59af393c8a989eeee296a22068.php 第 93 行.
NOTIC: [8] Undefined index: user F:\wamp64\www\no.4\shop\tp\application\Runtime\Cache\Home\7d74ac59af393c8a989eeee296a22068.php 第 316 行.
NOTIC: [8] Undefined index: user F:\wamp64\www\no.4\shop\tp\application\Runtime\Cache\Home\7d74ac59af393c8a989eeee296a22068.php 第 329 行.
INFO: Run Behavior\ParseTemplateBehavior [ RunTime:0.027002s ]
INFO: [ view_parse ] --END-- [ RunTime:-0.060003s ]
INFO: [ view_filter ] --START--
INFO: Run Behavior\WriteHtmlCacheBehavior [ RunTime:0.000000s ]
INFO: [ view_filter ] --END-- [ RunTime:-0.087005s ]
INFO: [ app_end ] --START--
INFO: Run Behavior\ShowPageTraceBehavior [ RunTime:0.001000s ]
INFO: [ app_end ] --END-- [ RunTime:0.001000s ]

[ 2018-08-19T21:14:48+08:00 ] 127.0.0.1 /shop/tp/index.php/Home/Login/index.html
INFO: [ app_init ] --START--
INFO: Run Behavior\BuildLiteBehavior [ RunTime:0.000000s ]
INFO: [ app_init ] --END-- [ RunTime:0.000000s ]
INFO: [ app_begin ] --START--
INFO: Run Behavior\ReadHtmlCacheBehavior [ RunTime:0.001000s ]
INFO: [ app_begin ] --END-- [ RunTime:0.001000s ]
INFO: [ view_parse ] --START--
INFO: [ template_filter ] --START--
INFO: Run Behavior\ContentReplaceBehavior [ RunTime:0.000000s ]
INFO: [ template_filter ] --END-- [ RunTime:0.001000s ]
INFO: Run Behavior\ParseTemplateBehavior [ RunTime:0.007000s ]
INFO: [ view_parse ] --END-- [ RunTime:0.007000s ]
INFO: [ view_filter ] --START--
INFO: Run Behavior\WriteHtmlCacheBehavior [ RunTime:0.000000s ]
INFO: [ view_filter ] --END-- [ RunTime:0.000000s ]
INFO: [ app_end ] --START--
INFO: Run Behavior\ShowPageTraceBehavior [ RunTime:0.000000s ]
INFO: [ app_end ] --END-- [ RunTime:0.000000s ]

[ 2018-08-19T21:14:53+08:00 ] 127.0.0.1 /shop/tp/index.php/Home/Login/index.html
INFO: [ app_init ] --START--
INFO: Run Behavior\BuildLiteBehavior [ RunTime:0.000000s ]
INFO: [ app_init ] --END-- [ RunTime:0.002000s ]
INFO: [ app_begin ] --START--
INFO: Run Behavior\ReadHtmlCacheBehavior [ RunTime:0.000000s ]
INFO: [ app_begin ] --END-- [ RunTime:0.000000s ]
INFO: [ view_parse ] --START--
INFO: [ template_filter ] --START--
INFO: Run Behavior\ContentReplaceBehavior [ RunTime:0.001000s ]
INFO: [ template_filter ] --END-- [ RunTime:0.001000s ]
INFO: Run Behavior\ParseTemplateBehavior [ RunTime:0.011001s ]
INFO: [ view_parse ] --END-- [ RunTime:0.011001s ]
INFO: [ view_filter ] --START--
INFO: Run Behavior\WriteHtmlCacheBehavior [ RunTime:0.001000s ]
INFO: [ view_filter ] --END-- [ RunTime:0.001000s ]
INFO: [ app_end ] --START--
INFO: Run Behavior\ShowPageTraceBehavior [ RunTime:0.001000s ]
INFO: [ app_end ] --END-- [ RunTime:0.001000s ]

