[ 2018-06-06T10:42:15+08:00 ] 127.0.0.1 /shop/tp/index.php/basic/js/quick_links.js
INFO: [ app_init ] --START--
INFO: Run Behavior\BuildLiteBehavior [ RunTime:0.000000s ]
INFO: [ app_init ] --END-- [ RunTime:0.000000s ]
ERR: 无法加载模块:Basic

[ 2018-06-06T10:43:04+08:00 ] 127.0.0.1 /shop/tp/index.php/introduction.html
INFO: [ app_init ] --START--
INFO: Run Behavior\BuildLiteBehavior [ RunTime:0.000000s ]
INFO: [ app_init ] --END-- [ RunTime:0.000000s ]
ERR: 无法加载模块:Introduction

[ 2018-06-06T14:01:24+08:00 ] 127.0.0.1 /shop/tp/index.php/basic/js/quick_links.js
INFO: [ app_init ] --START--
INFO: Run Behavior\BuildLiteBehavior [ RunTime:0.000000s ]
INFO: [ app_init ] --END-- [ RunTime:0.000000s ]
ERR: 无法加载模块:Basic

[ 2018-06-06T16:08:46+08:00 ] 127.0.0.1 /shop/tp/index.php/basic/js/quick_links.js
INFO: [ app_init ] --START--
INFO: Run Behavior\BuildLiteBehavior [ RunTime:0.000000s ]
INFO: [ app_init ] --END-- [ RunTime:0.001000s ]
ERR: 无法加载模块:Basic

[ 2018-06-06T16:53:49+08:00 ] 127.0.0.1 /shop/tp/Uploads./uploads/goods_thumb/9d097208f5594b7edcc3aa98fa38601a.jpg
INFO: [ app_init ] --START--
INFO: Run Behavior\BuildLiteBehavior [ RunTime:0.000000s ]
INFO: [ app_init ] --END-- [ RunTime:0.002000s ]
ERR: 无法加载模块:Uploads

[ 2018-06-06T16:53:50+08:00 ] 127.0.0.1 /shop/tp/Uploads./uploads/goods_thumb/9d097208f5594b7edcc3aa98fa38601a.jpg
INFO: [ app_init ] --START--
INFO: Run Behavior\BuildLiteBehavior [ RunTime:0.000000s ]
INFO: [ app_init ] --END-- [ RunTime:0.004000s ]
ERR: 无法加载模块:Uploads

[ 2018-06-06T16:58:39+08:00 ] 127.0.0.1 /shop/tp./goods_thumb/2018-06-04/5b1559fbb086b.jpg
INFO: [ app_init ] --START--
INFO: Run Behavior\BuildLiteBehavior [ RunTime:0.000000s ]
INFO: [ app_init ] --END-- [ RunTime:0.002000s ]
ERR: 无法加载模块:Goods_thumb

[ 2018-06-06T16:58:41+08:00 ] 127.0.0.1 /shop/tp./goods_thumb/2018-06-04/5b1559fbb086b.jpg
INFO: [ app_init ] --START--
INFO: Run Behavior\BuildLiteBehavior [ RunTime:0.000000s ]
INFO: [ app_init ] --END-- [ RunTime:0.001000s ]
ERR: 无法加载模块:Goods_thumb

[ 2018-06-06T17:03:24+08:00 ] 127.0.0.1 /shop/tp/Uploads1
INFO: [ app_init ] --START--
INFO: Run Behavior\BuildLiteBehavior [ RunTime:0.000000s ]
INFO: [ app_init ] --END-- [ RunTime:0.002000s ]
ERR: 无法加载模块:Uploads1

[ 2018-06-06T17:03:25+08:00 ] 127.0.0.1 /shop/tp/Uploads1
INFO: [ app_init ] --START--
INFO: Run Behavior\BuildLiteBehavior [ RunTime:0.000000s ]
INFO: [ app_init ] --END-- [ RunTime:0.001000s ]
ERR: 无法加载模块:Uploads1

[ 2018-06-06T17:05:37+08:00 ] 127.0.0.1 /shop/tp/Uploads1
INFO: [ app_init ] --START--
INFO: Run Behavior\BuildLiteBehavior [ RunTime:0.000000s ]
INFO: [ app_init ] --END-- [ RunTime:0.002000s ]
ERR: 无法加载模块:Uploads1

[ 2018-06-06T17:05:39+08:00 ] 127.0.0.1 /shop/tp/Uploads1
INFO: [ app_init ] --START--
INFO: Run Behavior\BuildLiteBehavior [ RunTime:0.001000s ]
INFO: [ app_init ] --END-- [ RunTime:0.002000s ]
ERR: 无法加载模块:Uploads1

[ 2018-06-06T17:06:27+08:00 ] 127.0.0.1 /shop/tp/Uploads1
INFO: [ app_init ] --START--
INFO: Run Behavior\BuildLiteBehavior [ RunTime:0.000000s ]
INFO: [ app_init ] --END-- [ RunTime:0.002000s ]
ERR: 无法加载模块:Uploads1

[ 2018-06-06T17:06:28+08:00 ] 127.0.0.1 /shop/tp/Uploads1
INFO: [ app_init ] --START--
INFO: Run Behavior\BuildLiteBehavior [ RunTime:0.000000s ]
INFO: [ app_init ] --END-- [ RunTime:0.002000s ]
ERR: 无法加载模块:Uploads1

[ 2018-06-06T17:08:08+08:00 ] 127.0.0.1 /shop/tp./goods_thumb/2018-06-04/5b1559fbb856d.jpg
INFO: [ app_init ] --START--
INFO: Run Behavior\BuildLiteBehavior [ RunTime:0.001000s ]
INFO: [ app_init ] --END-- [ RunTime:0.002000s ]
ERR: 无法加载模块:Goods_thumb

[ 2018-06-06T17:08:08+08:00 ] 127.0.0.1 /shop/tp./goods_thumb/2018-06-04/5b1559fbb086b.jpg
INFO: [ app_init ] --START--
INFO: Run Behavior\BuildLiteBehavior [ RunTime:0.000000s ]
INFO: [ app_init ] --END-- [ RunTime:0.004000s ]
ERR: 无法加载模块:Goods_thumb

[ 2018-06-06T17:08:09+08:00 ] 127.0.0.1 /shop/tp./goods_thumb/2018-06-04/5b1559fbb086b.jpg
INFO: [ app_init ] --START--
INFO: Run Behavior\BuildLiteBehavior [ RunTime:0.001000s ]
INFO: [ app_init ] --END-- [ RunTime:0.002000s ]
ERR: 无法加载模块:Goods_thumb

[ 2018-06-06T17:08:09+08:00 ] 127.0.0.1 /shop/tp./goods_thumb/2018-06-04/5b1559fbb856d.jpg
INFO: [ app_init ] --START--
INFO: Run Behavior\BuildLiteBehavior [ RunTime:0.001000s ]
INFO: [ app_init ] --END-- [ RunTime:0.002000s ]
ERR: 无法加载模块:Goods_thumb

[ 2018-06-06T17:08:51+08:00 ] 127.0.0.1 /shop/tp/Uplodas./goods_thumb/2018-06-04/5b1559fbb086b.jpg
INFO: [ app_init ] --START--
INFO: Run Behavior\BuildLiteBehavior [ RunTime:0.000000s ]
INFO: [ app_init ] --END-- [ RunTime:0.002000s ]
ERR: 无法加载模块:Uplodas

[ 2018-06-06T17:08:51+08:00 ] 127.0.0.1 /shop/tp/Uplodas./goods_thumb/2018-06-04/5b1559fbb856d.jpg
INFO: [ app_init ] --START--
INFO: Run Behavior\BuildLiteBehavior [ RunTime:0.000000s ]
INFO: [ app_init ] --END-- [ RunTime:0.002001s ]
ERR: 无法加载模块:Uplodas

[ 2018-06-06T17:08:52+08:00 ] 127.0.0.1 /shop/tp/Uplodas./goods_thumb/2018-06-04/5b1559fbb856d.jpg
INFO: [ app_init ] --START--
INFO: Run Behavior\BuildLiteBehavior [ RunTime:0.000000s ]
INFO: [ app_init ] --END-- [ RunTime:0.002000s ]
ERR: 无法加载模块:Uplodas

[ 2018-06-06T17:08:52+08:00 ] 127.0.0.1 /shop/tp/Uplodas./goods_thumb/2018-06-04/5b1559fbb086b.jpg
INFO: [ app_init ] --START--
INFO: Run Behavior\BuildLiteBehavior [ RunTime:0.000000s ]
INFO: [ app_init ] --END-- [ RunTime:0.003000s ]
ERR: 无法加载模块:Uplodas

[ 2018-06-06T22:24:52+08:00 ] 127.0.0.1 /shop/tp/basic/js/quick_links.js
INFO: [ app_init ] --START--
INFO: Run Behavior\BuildLiteBehavior [ RunTime:0.000000s ]
INFO: [ app_init ] --END-- [ RunTime:0.000000s ]
ERR: 无法加载模块:Basic

[ 2018-06-06T22:24:53+08:00 ] 127.0.0.1 /shop/tp/basic/js/quick_links.js
INFO: [ app_init ] --START--
INFO: Run Behavior\BuildLiteBehavior [ RunTime:0.000000s ]
INFO: [ app_init ] --END-- [ RunTime:0.000000s ]
ERR: 无法加载模块:Basic

