[ 2018-05-28T22:57:00+08:00 ] 127.0.0.1 /shop/tp/PublicAdmin/js/jquery-1.8.3.min.js
INFO: [ app_init ] --START--
INFO: Run Behavior\BuildLiteBehavior [ RunTime:0.000000s ]
INFO: [ app_init ] --END-- [ RunTime:0.009000s ]
ERR: 无法加载模块:PublicAdmin

[ 2018-05-28T22:57:45+08:00 ] 127.0.0.1 /shop/tp/PublicAdmin/js/jquery-1.8.3.min.js
INFO: [ app_init ] --START--
INFO: Run Behavior\BuildLiteBehavior [ RunTime:0.000000s ]
INFO: [ app_init ] --END-- [ RunTime:0.002000s ]
ERR: 无法加载模块:PublicAdmin

[ 2018-05-28T22:57:46+08:00 ] 127.0.0.1 /shop/tp/PublicAdmin/js/jquery-1.8.3.min.js
INFO: [ app_init ] --START--
INFO: Run Behavior\BuildLiteBehavior [ RunTime:0.000000s ]
INFO: [ app_init ] --END-- [ RunTime:0.002000s ]
ERR: 无法加载模块:PublicAdmin

[ 2018-05-28T22:58:13+08:00 ] 127.0.0.1 /shop/tp/PublicAdmin/js/jquery-1.8.3.min.js
INFO: [ app_init ] --START--
INFO: Run Behavior\BuildLiteBehavior [ RunTime:0.000000s ]
INFO: [ app_init ] --END-- [ RunTime:0.002000s ]
ERR: 无法加载模块:PublicAdmin

[ 2018-05-28T22:58:50+08:00 ] 127.0.0.1 /shop/tp/PublicAdmin/js/jquery-1.8.3.min.js
INFO: [ app_init ] --START--
INFO: Run Behavior\BuildLiteBehavior [ RunTime:0.000000s ]
INFO: [ app_init ] --END-- [ RunTime:0.002001s ]
ERR: 无法加载模块:PublicAdmin

[ 2018-05-28T22:59:54+08:00 ] 127.0.0.1 /shop/tp/PublicAdmin/js/jquery-1.8.3.min.js
INFO: [ app_init ] --START--
INFO: Run Behavior\BuildLiteBehavior [ RunTime:0.001000s ]
INFO: [ app_init ] --END-- [ RunTime:0.003000s ]
ERR: 无法加载模块:PublicAdmin

[ 2018-05-28T22:59:54+08:00 ] 127.0.0.1 /shop/tp/PublicAdmin/js/jquery-1.8.3.min.js
INFO: [ app_init ] --START--
INFO: Run Behavior\BuildLiteBehavior [ RunTime:0.000000s ]
INFO: [ app_init ] --END-- [ RunTime:0.002000s ]
ERR: 无法加载模块:PublicAdmin

[ 2018-05-28T23:00:23+08:00 ] 127.0.0.1 /shop/tp/PublicAdmin/js/jquery-1.8.3.min.js
INFO: [ app_init ] --START--
INFO: Run Behavior\BuildLiteBehavior [ RunTime:0.000000s ]
INFO: [ app_init ] --END-- [ RunTime:0.002000s ]
ERR: 无法加载模块:PublicAdmin

[ 2018-05-28T23:00:23+08:00 ] 127.0.0.1 /shop/tp/PublicAdmin/js/jquery-1.8.3.min.js
INFO: [ app_init ] --START--
INFO: Run Behavior\BuildLiteBehavior [ RunTime:0.000000s ]
INFO: [ app_init ] --END-- [ RunTime:0.002001s ]
ERR: 无法加载模块:PublicAdmin

[ 2018-05-28T23:01:57+08:00 ] 127.0.0.1 /shop/tp/PublicAdmin/js/jquery-1.8.3.min.js
INFO: [ app_init ] --START--
INFO: Run Behavior\BuildLiteBehavior [ RunTime:0.023002s ]
INFO: [ app_init ] --END-- [ RunTime:0.026002s ]
ERR: 无法加载模块:PublicAdmin

[ 2018-05-28T23:03:51+08:00 ] 127.0.0.1 /shop/tp/PublicAdmin/js/jquery-1.8.3.min.js
INFO: [ app_init ] --START--
INFO: Run Behavior\BuildLiteBehavior [ RunTime:0.000000s ]
INFO: [ app_init ] --END-- [ RunTime:0.002000s ]
ERR: 无法加载模块:PublicAdmin

[ 2018-05-28T23:03:51+08:00 ] 127.0.0.1 /shop/tp/PublicAdmin/js/jquery-1.8.3.min.js
INFO: [ app_init ] --START--
INFO: Run Behavior\BuildLiteBehavior [ RunTime:0.000000s ]
INFO: [ app_init ] --END-- [ RunTime:0.002000s ]
ERR: 无法加载模块:PublicAdmin

[ 2018-05-28T23:04:37+08:00 ] 127.0.0.1 /shop/tp/PublicAdmin/js/jquery-1.8.3.min.js
INFO: [ app_init ] --START--
INFO: Run Behavior\BuildLiteBehavior [ RunTime:0.000000s ]
INFO: [ app_init ] --END-- [ RunTime:0.002000s ]
ERR: 无法加载模块:PublicAdmin

[ 2018-05-28T23:04:37+08:00 ] 127.0.0.1 /shop/tp/PublicAdmin/js/jquery-1.8.3.min.js
INFO: [ app_init ] --START--
INFO: Run Behavior\BuildLiteBehavior [ RunTime:0.000000s ]
INFO: [ app_init ] --END-- [ RunTime:0.002000s ]
ERR: 无法加载模块:PublicAdmin

[ 2018-05-28T23:05:26+08:00 ] 127.0.0.1 /shop/tp/PublicAdmin/js/jquery-1.8.3.min.js
INFO: [ app_init ] --START--
INFO: Run Behavior\BuildLiteBehavior [ RunTime:0.000000s ]
INFO: [ app_init ] --END-- [ RunTime:0.002000s ]
ERR: 无法加载模块:PublicAdmin

[ 2018-05-28T23:06:17+08:00 ] 127.0.0.1 /shop/tp/PublicAdmin/js/jquery-1.8.3.min.js
INFO: [ app_init ] --START--
INFO: Run Behavior\BuildLiteBehavior [ RunTime:0.000000s ]
INFO: [ app_init ] --END-- [ RunTime:0.019001s ]
ERR: 无法加载模块:PublicAdmin

[ 2018-05-28T23:30:46+08:00 ] 127.0.0.1 /shop/tp/PublicAdmin/js/jquery-1.8.3.min.js
INFO: [ app_init ] --START--
INFO: Run Behavior\BuildLiteBehavior [ RunTime:0.001000s ]
INFO: [ app_init ] --END-- [ RunTime:0.003001s ]
ERR: 无法加载模块:PublicAdmin

[ 2018-05-28T23:30:47+08:00 ] 127.0.0.1 /shop/tp/PublicAdmin/js/jquery-1.8.3.min.js
INFO: [ app_init ] --START--
INFO: Run Behavior\BuildLiteBehavior [ RunTime:0.000000s ]
INFO: [ app_init ] --END-- [ RunTime:0.002000s ]
ERR: 无法加载模块:PublicAdmin

[ 2018-05-28T23:31:16+08:00 ] 127.0.0.1 /shop/tp/PublicAdmin/js/jquery-1.8.3.min.js
INFO: [ app_init ] --START--
INFO: Run Behavior\BuildLiteBehavior [ RunTime:0.000000s ]
INFO: [ app_init ] --END-- [ RunTime:0.002001s ]
ERR: 无法加载模块:PublicAdmin

[ 2018-05-28T23:31:16+08:00 ] 127.0.0.1 /shop/tp/PublicAdmin/js/jquery-1.8.3.min.js
INFO: [ app_init ] --START--
INFO: Run Behavior\BuildLiteBehavior [ RunTime:0.000000s ]
INFO: [ app_init ] --END-- [ RunTime:0.003000s ]
ERR: 无法加载模块:PublicAdmin

[ 2018-05-28T23:31:48+08:00 ] 127.0.0.1 /shop/tp/PublicAdmin/js/jquery-1.8.3.min.js
INFO: [ app_init ] --START--
INFO: Run Behavior\BuildLiteBehavior [ RunTime:0.000000s ]
INFO: [ app_init ] --END-- [ RunTime:0.066004s ]
ERR: 无法加载模块:PublicAdmin

[ 2018-05-28T23:32:23+08:00 ] 127.0.0.1 /shop/tp/PublicAdmin/js/jquery-1.8.3.min.js
INFO: [ app_init ] --START--
INFO: Run Behavior\BuildLiteBehavior [ RunTime:0.000000s ]
INFO: [ app_init ] --END-- [ RunTime:0.002000s ]
ERR: 无法加载模块:PublicAdmin

[ 2018-05-28T23:32:42+08:00 ] 127.0.0.1 /shop/tp/PublicAdmin/js/jquery-1.8.3.min.js
INFO: [ app_init ] --START--
INFO: Run Behavior\BuildLiteBehavior [ RunTime:0.000000s ]
INFO: [ app_init ] --END-- [ RunTime:0.001000s ]
ERR: 无法加载模块:PublicAdmin

[ 2018-05-28T23:32:42+08:00 ] 127.0.0.1 /shop/tp/PublicAdmin/js/jquery-1.8.3.min.js
INFO: [ app_init ] --START--
INFO: Run Behavior\BuildLiteBehavior [ RunTime:0.000000s ]
INFO: [ app_init ] --END-- [ RunTime:0.003001s ]
ERR: 无法加载模块:PublicAdmin

[ 2018-05-28T23:32:55+08:00 ] 127.0.0.1 /shop/tp/PublicAdmin/js/jquery-1.8.3.min.js
INFO: [ app_init ] --START--
INFO: Run Behavior\BuildLiteBehavior [ RunTime:0.000000s ]
INFO: [ app_init ] --END-- [ RunTime:0.002000s ]
ERR: 无法加载模块:PublicAdmin

[ 2018-05-28T23:32:56+08:00 ] 127.0.0.1 /shop/tp/PublicAdmin/js/jquery-1.8.3.min.js
INFO: [ app_init ] --START--
INFO: Run Behavior\BuildLiteBehavior [ RunTime:0.000000s ]
INFO: [ app_init ] --END-- [ RunTime:0.003000s ]
ERR: 无法加载模块:PublicAdmin

[ 2018-05-28T23:34:55+08:00 ] 127.0.0.1 /shop/tp/PublicAdmin/js/jquery-1.8.3.min.js
INFO: [ app_init ] --START--
INFO: Run Behavior\BuildLiteBehavior [ RunTime:0.000000s ]
INFO: [ app_init ] --END-- [ RunTime:0.002000s ]
ERR: 无法加载模块:PublicAdmin

[ 2018-05-28T23:34:56+08:00 ] 127.0.0.1 /shop/tp/PublicAdmin/js/jquery-1.8.3.min.js
INFO: [ app_init ] --START--
INFO: Run Behavior\BuildLiteBehavior [ RunTime:0.000000s ]
INFO: [ app_init ] --END-- [ RunTime:0.002000s ]
ERR: 无法加载模块:PublicAdmin

[ 2018-05-28T23:36:10+08:00 ] 127.0.0.1 /shop/tp/PublicAdmin/js/jquery-1.8.3.min.js
INFO: [ app_init ] --START--
INFO: Run Behavior\BuildLiteBehavior [ RunTime:0.000000s ]
INFO: [ app_init ] --END-- [ RunTime:0.003000s ]
ERR: 无法加载模块:PublicAdmin

[ 2018-05-28T23:36:11+08:00 ] 127.0.0.1 /shop/tp/PublicAdmin/js/jquery-1.8.3.min.js
INFO: [ app_init ] --START--
INFO: Run Behavior\BuildLiteBehavior [ RunTime:0.000000s ]
INFO: [ app_init ] --END-- [ RunTime:0.015001s ]
ERR: 无法加载模块:PublicAdmin

[ 2018-05-28T23:36:29+08:00 ] 127.0.0.1 /shop/tp/PublicAdmin/js/jquery-1.8.3.min.js
INFO: [ app_init ] --START--
INFO: Run Behavior\BuildLiteBehavior [ RunTime:0.000000s ]
INFO: [ app_init ] --END-- [ RunTime:0.006000s ]
ERR: 无法加载模块:PublicAdmin

[ 2018-05-28T23:36:29+08:00 ] 127.0.0.1 /shop/tp/PublicAdmin/js/jquery-1.8.3.min.js
INFO: [ app_init ] --START--
INFO: Run Behavior\BuildLiteBehavior [ RunTime:0.001000s ]
INFO: [ app_init ] --END-- [ RunTime:0.016001s ]
ERR: 无法加载模块:PublicAdmin

[ 2018-05-28T23:36:48+08:00 ] 127.0.0.1 /shop/tp/PublicAdmin/js/jquery-1.8.3.min.js
INFO: [ app_init ] --START--
INFO: Run Behavior\BuildLiteBehavior [ RunTime:0.000000s ]
INFO: [ app_init ] --END-- [ RunTime:0.001000s ]
ERR: 无法加载模块:PublicAdmin

[ 2018-05-28T23:37:02+08:00 ] 127.0.0.1 /shop/tp/PublicAdmin/js/jquery-1.8.3.min.js
INFO: [ app_init ] --START--
INFO: Run Behavior\BuildLiteBehavior [ RunTime:0.001000s ]
INFO: [ app_init ] --END-- [ RunTime:0.002000s ]
ERR: 无法加载模块:PublicAdmin

[ 2018-05-28T23:37:02+08:00 ] 127.0.0.1 /shop/tp/PublicAdmin/js/jquery-1.8.3.min.js
INFO: [ app_init ] --START--
INFO: Run Behavior\BuildLiteBehavior [ RunTime:0.000000s ]
INFO: [ app_init ] --END-- [ RunTime:0.015001s ]
ERR: 无法加载模块:PublicAdmin

[ 2018-05-28T23:37:50+08:00 ] 127.0.0.1 /shop/tp/PublicAdmin/js/jquery-1.8.3.min.js
INFO: [ app_init ] --START--
INFO: Run Behavior\BuildLiteBehavior [ RunTime:0.000000s ]
INFO: [ app_init ] --END-- [ RunTime:0.001000s ]
ERR: 无法加载模块:PublicAdmin

[ 2018-05-28T23:38:14+08:00 ] 127.0.0.1 /shop/tp/PublicAdmin/js/jquery-1.8.3.min.js
INFO: [ app_init ] --START--
INFO: Run Behavior\BuildLiteBehavior [ RunTime:0.000000s ]
INFO: [ app_init ] --END-- [ RunTime:0.002000s ]
ERR: 无法加载模块:PublicAdmin

[ 2018-05-28T23:40:01+08:00 ] 127.0.0.1 /shop/tp/PublicAdmin/js/jquery-1.8.3.min.js
INFO: [ app_init ] --START--
INFO: Run Behavior\BuildLiteBehavior [ RunTime:0.001000s ]
INFO: [ app_init ] --END-- [ RunTime:0.002000s ]
ERR: 无法加载模块:PublicAdmin

[ 2018-05-28T23:40:31+08:00 ] 127.0.0.1 /shop/tp/PublicAdmin/js/jquery-1.8.3.min.js
INFO: [ app_init ] --START--
INFO: Run Behavior\BuildLiteBehavior [ RunTime:0.000000s ]
INFO: [ app_init ] --END-- [ RunTime:0.002000s ]
ERR: 无法加载模块:PublicAdmin

